Log file open, 05/25/21 23:18:25
LogPakFile: Display: Found Pak file ../../../Insurgency/Content/Paks/pakchunk21-WindowsServer_0_P.pak attempting to mount.
LogPakFile: Display: Mounting pak file ../../../Insurgency/Content/Paks/pakchunk21-WindowsServer_0_P.pak.
LogPakFile: Display: Found Pak file ../../../Insurgency/Content/Paks/pakchunk21-WindowsServer.pak attempting to mount.
LogPakFile: Display: Mounting pak file ../../../Insurgency/Content/Paks/pakchunk21-WindowsServer.pak.
LogPakFile: Display: Found Pak file ../../../Insurgency/Content/Paks/pakchunk20-WindowsServer_0_P.pak attempting to mount.
LogPakFile: Display: Mounting pak file ../../../Insurgency/Content/Paks/pakchunk20-WindowsServer_0_P.pak.
LogPakFile: Display: Found Pak file ../../../Insurgency/Content/Paks/pakchunk20-WindowsServer.pak attempting to mount.
LogPakFile: Display: Mounting pak file ../../../Insurgency/Content/Paks/pakchunk20-WindowsServer.pak.
LogPakFile: Display: Found Pak file ../../../Insurgency/Content/Paks/pakchunk19-WindowsServer_0_P.pak attempting to mount.
LogPakFile: Display: Mounting pak file ../../../Insurgency/Content/Paks/pakchunk19-WindowsServer_0_P.pak.
LogPakFile: Display: Found Pak file ../../../Insurgency/Content/Paks/pakchunk19-WindowsServer.pak attempting to mount.
LogPakFile: Display: Mounting pak file ../../../Insurgency/Content/Paks/pakchunk19-WindowsServer.pak.
LogPakFile: Display: Found Pak file ../../../Insurgency/Content/Paks/pakchunk18-WindowsServer_0_P.pak attempting to mount.
LogPakFile: Display: Mounting pak file ../../../Insurgency/Content/Paks/pakchunk18-WindowsServer_0_P.pak.
LogPakFile: Display: Found Pak file ../../../Insurgency/Content/Paks/pakchunk18-WindowsServer.pak attempting to mount.
LogPakFile: Display: Mounting pak file ../../../Insurgency/Content/Paks/pakchunk18-WindowsServer.pak.
LogPakFile: Display: Found Pak file ../../../Insurgency/Content/Paks/pakchunk17-WindowsServer_0_P.pak attempting to mount.
LogPakFile: Display: Mounting pak file ../../../Insurgency/Content/Paks/pakchunk17-WindowsServer_0_P.pak.
LogPakFile: Display: Found Pak file ../../../Insurgency/Content/Paks/pakchunk17-WindowsServer.pak attempting to mount.
LogPakFile: Display: Mounting pak file ../../../Insurgency/Content/Paks/pakchunk17-WindowsServer.pak.
LogPakFile: Display: Found Pak file ../../../Insurgency/Content/Paks/pakchunk16-WindowsServer_0_P.pak attempting to mount.
LogPakFile: Display: Mounting pak file ../../../Insurgency/Content/Paks/pakchunk16-WindowsServer_0_P.pak.
LogPakFile: Display: Found Pak file ../../../Insurgency/Content/Paks/pakchunk16-WindowsServer.pak attempting to mount.
LogPakFile: Display: Mounting pak file ../../../Insurgency/Content/Paks/pakchunk16-WindowsServer.pak.
LogPakFile: Display: Found Pak file ../../../Insurgency/Content/Paks/pakchunk15-WindowsServer_0_P.pak attempting to mount.
LogPakFile: Display: Mounting pak file ../../../Insurgency/Content/Paks/pakchunk15-WindowsServer_0_P.pak.
LogPakFile: Display: Found Pak file ../../../Insurgency/Content/Paks/pakchunk15-WindowsServer.pak attempting to mount.
LogPakFile: Display: Mounting pak file ../../../Insurgency/Content/Paks/pakchunk15-WindowsServer.pak.
LogPakFile: Display: Found Pak file ../../../Insurgency/Content/Paks/pakchunk14-WindowsServer_0_P.pak attempting to mount.
LogPakFile: Display: Mounting pak file ../../../Insurgency/Content/Paks/pakchunk14-WindowsServer_0_P.pak.
LogPakFile: Display: Found Pak file ../../../Insurgency/Content/Paks/pakchunk14-WindowsServer.pak attempting to mount.
LogPakFile: Display: Mounting pak file ../../../Insurgency/Content/Paks/pakchunk14-WindowsServer.pak.
LogPakFile: Display: Found Pak file ../../../Insurgency/Content/Paks/pakchunk13-WindowsServer_0_P.pak attempting to mount.
LogPakFile: Display: Mounting pak file ../../../Insurgency/Content/Paks/pakchunk13-WindowsServer_0_P.pak.
LogPakFile: Display: Found Pak file ../../../Insurgency/Content/Paks/pakchunk13-WindowsServer.pak attempting to mount.
LogPakFile: Display: Mounting pak file ../../../Insurgency/Content/Paks/pakchunk13-WindowsServer.pak.
LogPakFile: Display: Found Pak file ../../../Insurgency/Content/Paks/pakchunk12-WindowsServer_0_P.pak attempting to mount.
LogPakFile: Display: Mounting pak file ../../../Insurgency/Content/Paks/pakchunk12-WindowsServer_0_P.pak.
LogPakFile: Display: Found Pak file ../../../Insurgency/Content/Paks/pakchunk12-WindowsServer.pak attempting to mount.
LogPakFile: Display: Mounting pak file ../../../Insurgency/Content/Paks/pakchunk12-WindowsServer.pak.
LogPakFile: Display: Found Pak file ../../../Insurgency/Content/Paks/pakchunk11-WindowsServer_0_P.pak attempting to mount.
LogPakFile: Display: Mounting pak file ../../../Insurgency/Content/Paks/pakchunk11-WindowsServer_0_P.pak.
LogPakFile: Display: Found Pak file ../../../Insurgency/Content/Paks/pakchunk11-WindowsServer.pak attempting to mount.
LogPakFile: Display: Mounting pak file ../../../Insurgency/Content/Paks/pakchunk11-WindowsServer.pak.
LogPakFile: Display: Found Pak file ../../../Insurgency/Content/Paks/pakchunk10-WindowsServer_0_P.pak attempting to mount.
LogPakFile: Display: Mounting pak file ../../../Insurgency/Content/Paks/pakchunk10-WindowsServer_0_P.pak.
LogPakFile: Display: Found Pak file ../../../Insurgency/Content/Paks/pakchunk10-WindowsServer.pak attempting to mount.
LogPakFile: Display: Mounting pak file ../../../Insurgency/Content/Paks/pakchunk10-WindowsServer.pak.
LogPakFile: Display: Found Pak file ../../../Insurgency/Content/Paks/pakchunk0-WindowsServer_0_P.pak attempting to mount.
LogPakFile: Display: Mounting pak file ../../../Insurgency/Content/Paks/pakchunk0-WindowsServer_0_P.pak.
LogPakFile: Display: Found Pak file ../../../Insurgency/Content/Paks/pakchunk0-WindowsServer.pak attempting to mount.
LogPakFile: Display: Mounting pak file ../../../Insurgency/Content/Paks/pakchunk0-WindowsServer.pak.
LogPlatformFile: Not using cached read wrapper
LogTaskGraph: Started task graph with 4 named threads and 8 total threads with 1 sets of task threads.
LogModuleManager: Warning: ModuleManager: Module 'D3D11RHI' not found - its StaticallyLinkedModuleInitializers function is null.
LogICUInternationalization: ICU TimeZone Detection - Raw Offset: -5:00, Platform Override: ''
LogPluginManager: Mounting plugin Wwise
LogPluginManager: Mounting plugin MatineeToLevelSequence
LogPluginManager: Mounting plugin TemplateSequence
LogPluginManager: Mounting plugin LevelSequenceEditor
LogPluginManager: Mounting plugin OnlineSubsystemSteamNWI
LogPluginManager: Mounting plugin OnlineSubsystem
LogPluginManager: Mounting plugin OnlineSubsystemUtils
LogPluginManager: Mounting plugin SteamShared
LogPluginManager: Mounting plugin Ansel
LogPluginManager: Mounting plugin NVIDIAGfeSDK
LogPluginManager: Mounting plugin OnlineFramework
LogPluginManager: Mounting plugin MediaPlayerEditor
LogPluginManager: Mounting plugin WmfMedia
LogPluginManager: Mounting plugin OnlineSubsystemNWI
LogPluginManager: Mounting plugin SignificanceManager
LogPluginManager: Mounting plugin Niagara
LogPluginManager: Mounting plugin ReplicationGraph
LogPluginManager: Mounting plugin EditorScriptingUtilities
LogPluginManager: Mounting plugin Gauntlet
LogPluginManager: Mounting plugin BlueprintStats
LogPluginManager: Mounting plugin InsurgencyEditor
LogPluginManager: Mounting plugin PluginBrowser
LogPluginManager: Mounting plugin ModKit
LogPluginManager: Mounting plugin HttpExtensions
LogPluginManager: Mounting plugin ZipUtilities
LogPluginManager: Mounting plugin AnimationBudgetAllocator
LogPluginManager: Mounting plugin InsurgencyUnitTests
LogPluginManager: Mounting plugin DataValidation
LogPluginManager: Mounting plugin RenderDocPlugin
LogPluginManager: Mounting plugin TraceDataFilters
LogPluginManager: Mounting plugin TraceSourceFilters
LogPluginManager: Mounting plugin GameplayInsights
LogPluginManager: Mounting plugin TcpMessaging
LogPluginManager: Mounting plugin StatsCollector
LogPluginManager: Mounting plugin OnlineSubsystemEOS
LogPluginManager: Mounting plugin VivoxCore
LogPluginManager: Mounting plugin MfMedia
LogPluginManager: Mounting plugin PythonScriptPlugin
LogPluginManager: Mounting plugin ControlRig
LogPluginManager: Mounting plugin NativizedAssets
LogPluginManager: Mounting plugin PhysXVehicles
LogPluginManager: Mounting plugin GameStats
LogPluginManager: Mounting plugin SlackFeedback
LogPluginManager: Mounting plugin InsurgencyGameplayDebugger
LogPluginManager: Mounting plugin ConsoleCertificationRequirements
LogPluginManager: Mounting plugin DiscordRpc
LogPluginManager: Mounting plugin EasyAntiCheat
LogPluginManager: Mounting plugin CryptoUtilities
LogPluginManager: Mounting plugin Holidays
LogPluginManager: Mounting plugin UMGExtensions
LogPluginManager: Mounting plugin RconSandstorm
LogPluginManager: Mounting plugin Rcon
LogPluginManager: Mounting plugin AISupport
LogPluginManager: Mounting plugin LightPropagationVolume
LogPluginManager: Mounting plugin AnimationSharing
LogPluginManager: Mounting plugin AssetManagerEditor
LogPluginManager: Mounting plugin FacialAnimation
LogPluginManager: Mounting plugin GeometryMode
LogPluginManager: Mounting plugin VariantManagerContent
LogPluginManager: Mounting plugin AutomationUtils
LogPluginManager: Mounting plugin ScreenshotTools
LogPluginManager: Mounting plugin ChaosClothEditor
LogPluginManager: Mounting plugin ChaosCloth
LogPluginManager: Mounting plugin ChaosEditor
LogPluginManager: Mounting plugin PlanarCut
LogPluginManager: Mounting plugin GeometryProcessing
LogPluginManager: Mounting plugin EditableMesh
LogPluginManager: Mounting plugin GeometryCollectionPlugin
LogPluginManager: Mounting plugin ProceduralMeshComponent
LogPluginManager: Mounting plugin ChaosSolverPlugin
LogPluginManager: Mounting plugin ChaosNiagara
LogPluginManager: Mounting plugin CharacterAI
LogPluginManager: Mounting plugin PlatformCrypto
LogPluginManager: Mounting plugin MagicLeapPassableWorld
LogPluginManager: Mounting plugin MeshPainting
LogPluginManager: Mounting plugin UdpMessaging
LogPluginManager: Mounting plugin ActorSequence
LogPluginManager: Mounting plugin MovieRenderPipeline
LogPluginManager: Mounting plugin NetcodeUnitTest
LogPluginManager: Mounting plugin OnlineSubsystemNull
LogPluginManager: Mounting plugin AssetTags
LogPluginManager: Mounting plugin GooglePAD
LogPluginManager: Mounting plugin RuntimePhysXCooking
LogPluginManager: Mounting plugin SoundFields
LogPluginManager: Mounting plugin Synthesis
LogPluginManager: Mounting plugin WindowsMoviePlayer
LogPluginManager: Mounting plugin ExampleContent
LogPluginManager: Mounting plugin NWI_Infected
LogInit: Using libcurl 7.55.1-DEV
LogInit:  - built for x86_64-pc-win32
LogInit:  - supports SSL with OpenSSL/1.1.1
LogInit:  - supports HTTP deflate (compression) using libz 1.2.8
LogInit:  - other features:
LogInit:      CURL_VERSION_SSL
LogInit:      CURL_VERSION_LIBZ
LogInit:      CURL_VERSION_IPV6
LogInit:      CURL_VERSION_ASYNCHDNS
LogInit:      CURL_VERSION_LARGEFILE
LogInit:      CURL_VERSION_IDN
LogInit:  CurlRequestOptions (configurable via config and command line):
LogInit:  - bVerifyPeer = true  - Libcurl will verify peer certificate
LogInit:  - bUseHttpProxy = false  - Libcurl will NOT use HTTP proxy
LogInit:  - bDontReuseConnections = false  - Libcurl will reuse connections
LogInit:  - MaxHostConnections = 16  - Libcurl will limit the number of connections to a host
LogInit:  - LocalHostAddr = Default
LogInit:  - BufferSize = 65536
LogSteamShared: Display: Loading Steam SDK 1.47
LogSteamShared: Steam SDK Loaded!
LogOnline: OSS: Creating online subsystem instance for: SteamNWI
LogOnline: Display: STEAM (NWI): Steam: Starting SteamWorks. Client [0] Server [1]
LogOnline: STEAM (NWI): [AppId: 581320] Game Server API initialized 1
LogOnline: STEAM (NWI): Missing P2PCleanupTimeout key in OnlineSubsystemSteam of DefaultEngine.ini, using default
LogInit: WinSock: version 1.1 (2.2), MaxSocks=32767, MaxUdp=65467
LogOnline: STEAM (NWI): AUTH: Steam Auth Enabled
LogOnline: STEAM (NWI): Initializing voice subsystem.
LogOnline: OSS: TryLoadSubsystemAndSetDefault: Loaded subsystem for module [SteamNWI]
LogAnsel: Tried to load ../../../Engine/Plugins/Runtime/Nvidia/Ansel/Binaries/ThirdParty/AnselSDK64.dll : success=1
LogTemp: Using NVIDIAGfeSDKPlugin version 1.0.0
LogOnline: Error: OSS: FOnlineSubsystemEOS::DeferredInit() failed to find artifact settings object for artifact ()
LogInit: Build: ++sandstorm+release-1.10.0-CL-152892
LogInit: Engine Version: 4.25.4-152892+++sandstorm+release-1.10.0
LogInit: Compatible Engine Version: 4.25.4-152892+++sandstorm+release-1.10.0
LogInit: Net CL: 152892
LogInit: OS: Windows 10 (Release 2004) (), CPU: Intel(R) Core(TM) i7-8550U CPU @ 1.80GHz, GPU: Intel(R) UHD Graphics 620
LogInit: Compiled (64-bit): May 20 2021 00:59:20
LogInit: Compiled with Visual C++: 19.27.29112.00
LogInit: Build Configuration: Shipping
LogInit: Branch Name: ++sandstorm+release-1.10.0
LogInit: Command Line:  Oilfield?Scenario=Scenario_Refinery_Push_Security?MaxPlayers=32 -Port=27102 -QueryPort=27131 -log -hostname="GrumTest -MapCycle=MapCycle.txt"
LogInit: Base Directory: C:/Users/Matt/Downloads/steamcmd/steamapps/common/sandstorm_server/Insurgency/Binaries/Win64/
LogInit: Allocator: binned2
LogInit: Installed Engine Build: 0
LogInit: Presizing for max 2097152 objects, including 130000 objects not considered by GC, pre-allocating 32000000 bytes for permanent pool.
LogConfig: Applying CVar settings from Section [/Script/Engine.StreamingSettings] File [../../../Insurgency/Saved/Config/WindowsServer/Engine.ini]
LogConfig: Setting CVar [[s.MinBulkDataSizeForAsyncLoading:131072]]
LogConfig: Setting CVar [[s.AsyncLoadingThreadEnabled:1]]
LogConfig: Setting CVar [[s.EventDrivenLoaderEnabled:1]]
LogConfig: Setting CVar [[s.WarnIfTimeLimitExceeded:0]]
LogConfig: Setting CVar [[s.TimeLimitExceededMultiplier:1.5]]
LogConfig: Setting CVar [[s.TimeLimitExceededMinTime:0.005]]
LogConfig: Setting CVar [[s.UseBackgroundLevelStreaming:1]]
LogConfig: Setting CVar [[s.PriorityAsyncLoadingExtraTime:15.0]]
LogConfig: Setting CVar [[s.LevelStreamingActorsUpdateTimeLimit:5.0]]
LogConfig: Setting CVar [[s.PriorityLevelStreamingActorsUpdateExtraTime:5.0]]
LogConfig: Setting CVar [[s.LevelStreamingComponentsRegistrationGranularity:10]]
LogConfig: Setting CVar [[s.UnregisterComponentsTimeLimit:1.0]]
LogConfig: Setting CVar [[s.LevelStreamingComponentsUnregistrationGranularity:5]]
LogConfig: Setting CVar [[s.FlushStreamingOnExit:1]]
LogStreaming: Display: Async Loading initialized: Event Driven Loader: true, Async Loading Thread: false, Async Post Load: false
LogInit: Object subsystem initialized
LogConfig: Setting CVar [[net.PingExcludeFrameTime:1]]
LogConfig: Setting CVar [[net.UseAdaptiveNetUpdateFrequency:0]]
LogConfig: Setting CVar [[demo.RecordHz:20]]
LogConfig: Setting CVar [[r.HZBOcclusion:0]]
LogConfig: Setting CVar [[r.RenderTargetPoolMin:450]]
LogConfig: Setting CVar [[r.EyeAdaptation.BlackHistogramBucketInfluence:1]]
LogConfig: Setting CVar [[net.AllowAsyncLoading:1]]
LogConfig: Setting CVar [[net.AllowEncryption:1]]
LogConfig: Setting CVar [[t.FPSChart.ExcludeIdleTime:1]]
LogConfig: Setting CVar [[r.setres:1280x720]]
LogConfig: Setting CVar [[fx.NiagaraAllowRuntimeScalabilityChanges:1]]
[2021.05.26-03.18.25:900][  0]LogConfig: Setting CVar [[net.PingExcludeFrameTime:1]]
[2021.05.26-03.18.25:900][  0]LogConfig: Setting CVar [[net.UseAdaptiveNetUpdateFrequency:0]]
[2021.05.26-03.18.25:900][  0]LogConfig: Setting CVar [[demo.RecordHz:20]]
[2021.05.26-03.18.25:901][  0]LogConfig: Setting CVar [[r.HZBOcclusion:0]]
[2021.05.26-03.18.25:901][  0]LogConfig: Setting CVar [[r.RenderTargetPoolMin:450]]
[2021.05.26-03.18.25:902][  0]LogConfig: Setting CVar [[r.EyeAdaptation.BlackHistogramBucketInfluence:1]]
[2021.05.26-03.18.25:906][  0]LogConfig: Setting CVar [[net.AllowAsyncLoading:1]]
[2021.05.26-03.18.25:908][  0]LogConfig: Setting CVar [[net.AllowEncryption:1]]
[2021.05.26-03.18.25:909][  0]LogConfig: Setting CVar [[t.FPSChart.ExcludeIdleTime:1]]
[2021.05.26-03.18.25:909][  0]LogConfig: Setting CVar [[r.setres:1280x720]]
[2021.05.26-03.18.25:910][  0]LogConfig: Setting CVar [[fx.NiagaraAllowRuntimeScalabilityChanges:1]]
[2021.05.26-03.18.25:914][  0]LogConfig: Applying CVar settings from Section [/Script/Engine.RendererSettings] File [../../../Insurgency/Saved/Config/WindowsServer/Engine.ini]
[2021.05.26-03.18.25:914][  0]LogConfig: Setting CVar [[r.GPUCrashDebugging:0]]
[2021.05.26-03.18.25:915][  0]LogConfig: Setting CVar [[r.MobileHDR:0]]
[2021.05.26-03.18.25:915][  0]LogConfig: Setting CVar [[r.MobileNumDynamicPointLights:4]]
[2021.05.26-03.18.25:915][  0]LogConfig: Setting CVar [[r.MobileDynamicPointLightsUseStaticBranch:1]]
[2021.05.26-03.18.25:916][  0]LogConfig: Setting CVar [[r.AllowOcclusionQueries:1]]
[2021.05.26-03.18.25:916][  0]LogConfig: Setting CVar [[r.MinScreenRadiusForLights:0.030000]]
[2021.05.26-03.18.25:916][  0]LogConfig: Setting CVar [[r.MinScreenRadiusForDepthPrepass:0.030000]]
[2021.05.26-03.18.25:916][  0]LogConfig: Setting CVar [[r.PrecomputedVisibilityWarning:0]]
[2021.05.26-03.18.25:917][  0]LogConfig: Setting CVar [[r.TextureStreaming:1]]
[2021.05.26-03.18.25:919][  0]LogConfig: Setting CVar [[Compat.UseDXT5NormalMaps:0]]
[2021.05.26-03.18.25:919][  0]LogConfig: Setting CVar [[r.AllowStaticLighting:1]]
[2021.05.26-03.18.25:920][  0]LogConfig: Setting CVar [[r.NormalMapsForStaticLighting:0]]
[2021.05.26-03.18.25:920][  0]LogConfig: Setting CVar [[r.GenerateMeshDistanceFields:0]]
[2021.05.26-03.18.25:921][  0]LogConfig: Setting CVar [[r.GenerateLandscapeGIData:1]]
[2021.05.26-03.18.25:921][  0]LogConfig: Setting CVar [[r.SeparateTranslucency:1]]
[2021.05.26-03.18.25:922][  0]LogConfig: Setting CVar [[r.TranslucentSortPolicy:0]]
[2021.05.26-03.18.25:923][  0]LogConfig: Setting CVar [[r.CustomDepth:3]]
[2021.05.26-03.18.25:925][  0]LogConfig: Setting CVar [[r.DefaultFeature.Bloom:1]]
[2021.05.26-03.18.25:926][  0]LogConfig: Setting CVar [[r.DefaultFeature.AmbientOcclusion:1]]
[2021.05.26-03.18.25:927][  0]LogConfig: Setting CVar [[r.DefaultFeature.AmbientOcclusionStaticFraction:1]]
[2021.05.26-03.18.25:928][  0]LogConfig: Setting CVar [[r.DefaultFeature.AutoExposure:1]]
[2021.05.26-03.18.25:928][  0]LogConfig: Setting CVar [[r.DefaultFeature.MotionBlur:0]]
[2021.05.26-03.18.25:928][  0]LogConfig: Setting CVar [[r.DefaultFeature.LensFlare:0]]
[2021.05.26-03.18.25:929][  0]LogConfig: Setting CVar [[r.DefaultFeature.AntiAliasing:2]]
[2021.05.26-03.18.25:929][  0]LogConfig: Setting CVar [[r.EarlyZPass:2]]
[2021.05.26-03.18.25:930][  0]LogConfig: Setting CVar [[r.DBuffer:1]]
[2021.05.26-03.18.25:930][  0]LogConfig: Setting CVar [[r.ClearSceneMethod:1]]
[2021.05.26-03.18.25:930][  0]LogConfig: Setting CVar [[r.BasePassOutputsVelocity:1]]
[2021.05.26-03.18.25:931][  0]LogConfig: Setting CVar [[r.WireframeCullThreshold:5.000000]]
[2021.05.26-03.18.25:931][  0]LogConfig: Setting CVar [[r.SupportLowQualityLightmaps:0]]
[2021.05.26-03.18.25:931][  0]LogConfig: Setting CVar [[r.Shadow.UnbuiltPreviewInGame:0]]
[2021.05.26-03.18.25:932][  0]LogConfig: Setting CVar [[r.EarlyZPassOnlyMaterialMasking:1]]
[2021.05.26-03.18.25:932][  0]LogConfig: Setting CVar [[r.DefaultFeature.LightUnits:0]]
[2021.05.26-03.18.25:933][  0]LogConfig: Setting CVar [[r.DefaultFeature.AutoExposure.Bias:0.000000]]
[2021.05.26-03.18.25:936][  0]LogConfig: Setting CVar [[r.DefaultFeature.AutoExposure.ExtendDefaultLuminanceRange:0]]
[2021.05.26-03.18.25:936][  0]LogConfig: Applying CVar settings from Section [/Script/Engine.RendererOverrideSettings] File [../../../Insurgency/Saved/Config/WindowsServer/Engine.ini]
[2021.05.26-03.18.25:937][  0]LogConfig: Applying CVar settings from Section [/Script/Engine.StreamingSettings] File [../../../Insurgency/Saved/Config/WindowsServer/Engine.ini]
[2021.05.26-03.18.25:938][  0]LogConfig: Setting CVar [[s.MinBulkDataSizeForAsyncLoading:131072]]
[2021.05.26-03.18.25:938][  0]LogConfig: Setting CVar [[s.AsyncLoadingThreadEnabled:1]]
[2021.05.26-03.18.25:939][  0]LogConfig: Setting CVar [[s.EventDrivenLoaderEnabled:1]]
[2021.05.26-03.18.25:940][  0]LogConfig: Setting CVar [[s.WarnIfTimeLimitExceeded:0]]
[2021.05.26-03.18.25:941][  0]LogConfig: Setting CVar [[s.TimeLimitExceededMultiplier:1.5]]
[2021.05.26-03.18.25:942][  0]LogConfig: Setting CVar [[s.TimeLimitExceededMinTime:0.005]]
[2021.05.26-03.18.25:944][  0]LogConfig: Setting CVar [[s.UseBackgroundLevelStreaming:1]]
[2021.05.26-03.18.25:944][  0]LogConfig: Setting CVar [[s.PriorityAsyncLoadingExtraTime:15.0]]
[2021.05.26-03.18.25:945][  0]LogConfig: Setting CVar [[s.LevelStreamingActorsUpdateTimeLimit:5.0]]
[2021.05.26-03.18.25:945][  0]LogConfig: Setting CVar [[s.PriorityLevelStreamingActorsUpdateExtraTime:5.0]]
[2021.05.26-03.18.25:946][  0]LogConfig: Setting CVar [[s.LevelStreamingComponentsRegistrationGranularity:10]]
[2021.05.26-03.18.25:946][  0]LogConfig: Setting CVar [[s.UnregisterComponentsTimeLimit:1.0]]
[2021.05.26-03.18.25:946][  0]LogConfig: Setting CVar [[s.LevelStreamingComponentsUnregistrationGranularity:5]]
[2021.05.26-03.18.25:947][  0]LogConfig: Setting CVar [[s.FlushStreamingOnExit:1]]
[2021.05.26-03.18.25:947][  0]LogConfig: Applying CVar settings from Section [/Script/Engine.GarbageCollectionSettings] File [../../../Insurgency/Saved/Config/WindowsServer/Engine.ini]
[2021.05.26-03.18.25:948][  0]LogConfig: Setting CVar [[gc.MaxObjectsNotConsideredByGC:130000]]
[2021.05.26-03.18.25:948][  0]LogConfig: Setting CVar [[gc.SizeOfPermanentObjectPool:32000000]]
[2021.05.26-03.18.25:948][  0]LogConfig: Setting CVar [[gc.FlushStreamingOnGC:0]]
[2021.05.26-03.18.25:949][  0]LogConfig: Setting CVar [[gc.NumRetriesBeforeForcingGC:10]]
[2021.05.26-03.18.25:951][  0]LogConfig: Setting CVar [[gc.AllowParallelGC:1]]
[2021.05.26-03.18.25:952][  0]LogConfig: Setting CVar [[gc.TimeBetweenPurgingPendingKillObjects:61.1]]
[2021.05.26-03.18.25:952][  0]LogConfig: Setting CVar [[gc.MaxObjectsInEditor:25165824]]
[2021.05.26-03.18.25:952][  0]LogConfig: Setting CVar [[gc.IncrementalBeginDestroyEnabled:1]]
[2021.05.26-03.18.25:953][  0]LogConfig: Setting CVar [[gc.CreateGCClusters:1]]
[2021.05.26-03.18.25:953][  0]LogConfig: Setting CVar [[gc.MinGCClusterSize:5]]
[2021.05.26-03.18.25:953][  0]LogConfig: Setting CVar [[gc.ActorClusteringEnabled:1]]
[2021.05.26-03.18.25:955][  0]LogConfig: Setting CVar [[gc.BlueprintClusteringEnabled:1]]
[2021.05.26-03.18.25:956][  0]LogConfig: Setting CVar [[gc.UseDisregardForGCOnDedicatedServers:0]]
[2021.05.26-03.18.25:959][  0]LogConfig: Applying CVar settings from Section [/Script/Engine.NetworkSettings] File [../../../Insurgency/Saved/Config/WindowsServer/Engine.ini]
[2021.05.26-03.18.25:961][  0]LogConfig: Applying CVar settings from Section [ViewDistanceQuality@3] File [../../../Insurgency/Saved/Config/WindowsServer/Scalability.ini]
[2021.05.26-03.18.25:962][  0]LogConfig: Setting CVar [[r.SkeletalMeshLODBias:0]]
[2021.05.26-03.18.25:962][  0]LogConfig: Setting CVar [[r.ViewDistanceScale:1.0]]
[2021.05.26-03.18.25:962][  0]LogConfig: Setting CVar [[r.SkeletalMeshLODRadiusScale:1]]
[2021.05.26-03.18.25:963][  0]LogConfig: Setting CVar [[r.LandscapeLODBias:0]]
[2021.05.26-03.18.25:963][  0]LogConfig: Setting CVar [[r.ViewDistanceScale.FieldOfViewAffectsHLOD:1]]
[2021.05.26-03.18.25:964][  0]LogConfig: Setting CVar [[r.ViewDistanceScale.FieldOfViewMinAngleScale:5]]
[2021.05.26-03.18.25:964][  0]LogConfig: Setting CVar [[r.ViewDistanceScale.FieldOfViewMinAngle:15]]
[2021.05.26-03.18.25:964][  0]LogConfig: Setting CVar [[r.ViewDistanceScale.FieldOfViewMaxAngleScale:1]]
[2021.05.26-03.18.25:967][  0]LogConfig: Setting CVar [[r.ViewDistanceScale.FieldOfViewMaxAngle:65]]
[2021.05.26-03.18.25:968][  0]LogConfig: Applying CVar settings from Section [AntiAliasingQuality@5] File [../../../Insurgency/Saved/Config/WindowsServer/Scalability.ini]
[2021.05.26-03.18.25:968][  0]LogConfig: Setting CVar [[r.PostProcessAAQuality:5]]
[2021.05.26-03.18.25:968][  0]LogConfig: Setting CVar [[r.SMAA.Temporal:0]]
[2021.05.26-03.18.25:969][  0]LogConfig: Applying CVar settings from Section [ShadowQuality@3] File [../../../Insurgency/Saved/Config/WindowsServer/Scalability.ini]
[2021.05.26-03.18.25:969][  0]LogConfig: Setting CVar [[r.LightFunctionQuality:1]]
[2021.05.26-03.18.25:969][  0]LogConfig: Setting CVar [[r.ShadowQuality:5]]
[2021.05.26-03.18.25:970][  0]LogConfig: Setting CVar [[r.Shadow.CSM.MaxCascades:2]]
[2021.05.26-03.18.25:971][  0]LogConfig: Setting CVar [[r.Shadow.MaxResolution:2048]]
[2021.05.26-03.18.25:973][  0]LogConfig: Setting CVar [[r.Shadow.MaxCSMResolution:2048]]
[2021.05.26-03.18.25:974][  0]LogConfig: Setting CVar [[r.Shadow.RadiusThreshold:0.01]]
[2021.05.26-03.18.25:978][  0]LogConfig: Setting CVar [[r.Shadow.DistanceScale:1.0]]
[2021.05.26-03.18.25:979][  0]LogConfig: Setting CVar [[r.Shadow.CSM.TransitionScale:1.0]]
[2021.05.26-03.18.25:980][  0]LogConfig: Setting CVar [[r.Shadow.PreShadowResolutionFactor:1.0]]
[2021.05.26-03.18.25:983][  0]LogConfig: Setting CVar [[r.DistanceFieldShadowing:0]]
[2021.05.26-03.18.25:983][  0]LogConfig: Setting CVar [[r.DistanceFieldAO:0]]
[2021.05.26-03.18.25:983][  0]LogConfig: Setting CVar [[r.AOQuality:2]]
[2021.05.26-03.18.25:984][  0]LogConfig: Setting CVar [[r.VolumetricFog:1]]
[2021.05.26-03.18.25:984][  0]LogConfig: Setting CVar [[r.VolumetricFog.GridPixelSize:8]]
[2021.05.26-03.18.25:985][  0]LogConfig: Setting CVar [[r.VolumetricFog.GridSizeZ:128]]
[2021.05.26-03.18.25:985][  0]LogConfig: Setting CVar [[r.VolumetricFog.HistoryMissSupersampleCount:4]]
[2021.05.26-03.18.25:986][  0]LogConfig: Setting CVar [[r.LightMaxDrawDistanceScale:1]]
[2021.05.26-03.18.25:986][  0]LogConfig: Setting CVar [[r.CapsuleShadows:1]]
[2021.05.26-03.18.25:986][  0]LogConfig: Setting CVar [[r.Shadow.ForceSingleSampleShadowingFromStationary:1]]
[2021.05.26-03.18.25:987][  0]LogConfig: Setting CVar [[r.CapsuleShadowsCharacter:1]]
[2021.05.26-03.18.25:987][  0]LogConfig: Setting CVar [[r.ContactShadows:1]]
[2021.05.26-03.18.25:988][  0]LogConfig: Applying CVar settings from Section [PostProcessQuality@3] File [../../../Insurgency/Saved/Config/WindowsServer/Scalability.ini]
[2021.05.26-03.18.25:989][  0]LogConfig: Setting CVar [[r.MotionBlurQuality:4]]
[2021.05.26-03.18.25:990][  0]LogConfig: Setting CVar [[r.AmbientOcclusionMipLevelFactor:0.4]]
[2021.05.26-03.18.25:991][  0]LogConfig: Setting CVar [[r.AmbientOcclusionMaxQuality:100]]
[2021.05.26-03.18.25:992][  0]LogConfig: Setting CVar [[r.AmbientOcclusionLevels:-1]]
[2021.05.26-03.18.25:993][  0]LogConfig: Setting CVar [[r.AmbientOcclusionRadiusScale:1.0]]
[2021.05.26-03.18.25:994][  0]LogConfig: Setting CVar [[r.DepthOfFieldQuality:2]]
[2021.05.26-03.18.25:994][  0]LogConfig: Setting CVar [[r.RenderTargetPoolMin:400]]
[2021.05.26-03.18.25:994][  0]LogConfig: Setting CVar [[r.LensFlareQuality:2]]
[2021.05.26-03.18.25:995][  0]LogConfig: Setting CVar [[r.SceneColorFringeQuality:1]]
[2021.05.26-03.18.25:998][  0]LogConfig: Setting CVar [[r.EyeAdaptationQuality:2]]
[2021.05.26-03.18.25:998][  0]LogConfig: Setting CVar [[r.BloomQuality:5]]
[2021.05.26-03.18.25:999][  0]LogConfig: Setting CVar [[r.FastBlurThreshold:100]]
[2021.05.26-03.18.25:999][  0]LogConfig: Setting CVar [[r.Upscale.Quality:3]]
[2021.05.26-03.18.26:000][  0]LogConfig: Setting CVar [[r.Tonemapper.GrainQuantization:1]]
[2021.05.26-03.18.26:000][  0]LogConfig: Setting CVar [[r.LightShaftQuality:1]]
[2021.05.26-03.18.26:000][  0]LogConfig: Setting CVar [[r.Filter.SizeScale:1]]
[2021.05.26-03.18.26:001][  0]LogConfig: Setting CVar [[r.Tonemapper.Quality:5]]
[2021.05.26-03.18.26:001][  0]LogConfig: Setting CVar [[r.DOF.Gather.AccumulatorQuality:1        ; higher gathering accumulator quality]]
[2021.05.26-03.18.26:001][  0]LogConfig: Setting CVar [[r.DOF.Gather.PostfilterMethod:1          ; Median3x3 postfilering method]]
[2021.05.26-03.18.26:001][  0]LogConfig: Setting CVar [[r.DOF.Gather.EnableBokehSettings:0       ; no bokeh simulation when gathering]]
[2021.05.26-03.18.26:002][  0]LogConfig: Setting CVar [[r.DOF.Gather.RingCount:4                 ; medium number of samples when gathering]]
[2021.05.26-03.18.26:002][  0]LogConfig: Setting CVar [[r.DOF.Scatter.ForegroundCompositing:1    ; additive foreground scattering]]
[2021.05.26-03.18.26:003][  0]LogConfig: Setting CVar [[r.DOF.Scatter.BackgroundCompositing:2    ; additive background scattering]]
[2021.05.26-03.18.26:004][  0]LogConfig: Setting CVar [[r.DOF.Scatter.EnableBokehSettings:1      ; bokeh simulation when scattering]]
[2021.05.26-03.18.26:005][  0]LogConfig: Setting CVar [[r.DOF.Scatter.MaxSpriteRatio:0.1         ; only a maximum of 10% of scattered bokeh]]
[2021.05.26-03.18.26:008][  0]LogConfig: Setting CVar [[r.DOF.Recombine.Quality:1                ; cheap slight out of focus]]
[2021.05.26-03.18.26:009][  0]LogConfig: Setting CVar [[r.DOF.Recombine.EnableBokehSettings:0    ; no bokeh simulation on slight out of focus]]
[2021.05.26-03.18.26:010][  0]LogConfig: Setting CVar [[r.DOF.TemporalAAQuality:1                ; more stable temporal accumulation]]
[2021.05.26-03.18.26:011][  0]LogConfig: Setting CVar [[r.DOF.Kernel.MaxForegroundRadius:0.025]]
[2021.05.26-03.18.26:014][  0]LogConfig: Setting CVar [[r.DOF.Kernel.MaxBackgroundRadius:0.025]]
[2021.05.26-03.18.26:015][  0]LogConfig: Applying CVar settings from Section [TextureQuality@3] File [../../../Insurgency/Saved/Config/WindowsServer/Scalability.ini]
[2021.05.26-03.18.26:015][  0]LogConfig: Setting CVar [[r.Streaming.MipBias:0]]
[2021.05.26-03.18.26:016][  0]LogConfig: Setting CVar [[r.Streaming.AmortizeCPUToGPUCopy:0]]
[2021.05.26-03.18.26:016][  0]LogConfig: Setting CVar [[r.Streaming.MaxNumTexturesToStreamPerFrame:0]]
[2021.05.26-03.18.26:016][  0]LogConfig: Setting CVar [[r.Streaming.Boost:1.0]]
[2021.05.26-03.18.26:017][  0]LogConfig: Setting CVar [[r.MaxAnisotropy:16]]
[2021.05.26-03.18.26:017][  0]LogConfig: Setting CVar [[r.VT.MaxAnisotropy:8]]
[2021.05.26-03.18.26:017][  0]LogConfig: Setting CVar [[r.Streaming.LimitPoolSizeToVRAM:1]]
[2021.05.26-03.18.26:018][  0]LogConfig: Setting CVar [[r.Streaming.PoolSize:1000]]
[2021.05.26-03.18.26:018][  0]LogConfig: Setting CVar [[r.Streaming.MaxEffectiveScreenSize:0]]
[2021.05.26-03.18.26:018][  0]LogConfig: Setting CVar [[r.SlavePlayerCamera:1]]
[2021.05.26-03.18.26:019][  0]LogConfig: Setting CVar [[r.SlavePlayerCameraSpectator:0]]
[2021.05.26-03.18.26:019][  0]LogConfig: Applying CVar settings from Section [EffectsQuality@3] File [../../../Insurgency/Saved/Config/WindowsServer/Scalability.ini]
[2021.05.26-03.18.26:020][  0]LogConfig: Setting CVar [[r.TranslucencyLightingVolumeDim:64]]
[2021.05.26-03.18.26:020][  0]LogConfig: Setting CVar [[r.RefractionQuality:2]]
[2021.05.26-03.18.26:020][  0]LogConfig: Setting CVar [[r.SSR.Quality:3]]
[2021.05.26-03.18.26:021][  0]LogConfig: Setting CVar [[r.SSR.HalfResSceneColor:0]]
[2021.05.26-03.18.26:026][  0]LogConfig: Setting CVar [[r.SceneColorFormat:4]]
[2021.05.26-03.18.26:027][  0]LogConfig: Setting CVar [[r.DetailMode:2]]
[2021.05.26-03.18.26:031][  0]LogConfig: Setting CVar [[r.TranslucencyVolumeBlur:1]]
[2021.05.26-03.18.26:031][  0]LogConfig: Setting CVar [[r.MaterialQualityLevel:1 ; High quality]]
[2021.05.26-03.18.26:032][  0]LogConfig: Setting CVar [[r.SSS.Scale:1]]
[2021.05.26-03.18.26:033][  0]LogConfig: Setting CVar [[r.SSS.SampleSet:2]]
[2021.05.26-03.18.26:033][  0]LogConfig: Setting CVar [[r.SSS.Quality:1]]
[2021.05.26-03.18.26:033][  0]LogConfig: Setting CVar [[r.SSS.HalfRes:0]]
[2021.05.26-03.18.26:034][  0]LogConfig: Setting CVar [[r.SSGI.Quality:3]]
[2021.05.26-03.18.26:034][  0]LogConfig: Setting CVar [[r.EmitterSpawnRateScale:1.0]]
[2021.05.26-03.18.26:034][  0]LogConfig: Setting CVar [[r.ParticleLightQuality:2]]
[2021.05.26-03.18.26:035][  0]LogConfig: Setting CVar [[r.SkyAtmosphere.AerialPerspectiveLUT.FastApplyOnOpaque:1 ; Always have FastSkyLUT 1 in this case to avoid wrong sky]]
[2021.05.26-03.18.26:035][  0]LogConfig: Setting CVar [[r.SkyAtmosphere.AerialPerspectiveLUT.SampleCountPerSlice:1]]
[2021.05.26-03.18.26:036][  0]LogConfig: Setting CVar [[r.SkyAtmosphere.AerialPerspectiveLUT.DepthResolution:16.0]]
[2021.05.26-03.18.26:036][  0]LogConfig: Setting CVar [[r.SkyAtmosphere.FastSkyLUT:1]]
[2021.05.26-03.18.26:036][  0]LogConfig: Setting CVar [[r.SkyAtmosphere.FastSkyLUT.SampleCountMin:4.0]]
[2021.05.26-03.18.26:037][  0]LogConfig: Setting CVar [[r.SkyAtmosphere.FastSkyLUT.SampleCountMax:32.0]]
[2021.05.26-03.18.26:038][  0]LogConfig: Setting CVar [[r.SkyAtmosphere.SampleCountMin:4.0]]
[2021.05.26-03.18.26:038][  0]LogConfig: Setting CVar [[r.SkyAtmosphere.SampleCountMax:32.0]]
[2021.05.26-03.18.26:039][  0]LogConfig: Setting CVar [[r.SkyAtmosphere.TransmittanceLUT.UseSmallFormat:0]]
[2021.05.26-03.18.26:041][  0]LogConfig: Setting CVar [[r.SkyAtmosphere.TransmittanceLUT.SampleCount:10.0]]
[2021.05.26-03.18.26:042][  0]LogConfig: Setting CVar [[r.SkyAtmosphere.MultiScatteringLUT.SampleCount:15.0]]
[2021.05.26-03.18.26:043][  0]LogConfig: Setting CVar [[fx.Niagara.QualityLevel:3]]
[2021.05.26-03.18.26:046][  0]LogConfig: Setting CVar [[r.RenderTargetViewportSize:1.0]]
[2021.05.26-03.18.26:047][  0]LogConfig: Setting CVar [[r.TessellationAdaptivePixelsPerTriangle:9999999]]
[2021.05.26-03.18.26:047][  0]LogConfig: Setting CVar [[r.SurfReac.Particles.PoolSize:80]]
[2021.05.26-03.18.26:047][  0]LogConfig: Setting CVar [[r.ScopeRenderMode:0]]
[2021.05.26-03.18.26:048][  0]LogConfig: Setting CVar [[r.SeparateTranslucencyScreenPercentage:100]]
[2021.05.26-03.18.26:048][  0]LogConfig: Setting CVar [[r.RagdollMaximum:8]]
[2021.05.26-03.18.26:049][  0]LogConfig: Setting CVar [[r.Dismemberment:1]]
[2021.05.26-03.18.26:049][  0]LogConfig: Applying CVar settings from Section [FoliageQuality@3] File [../../../Insurgency/Saved/Config/WindowsServer/Scalability.ini]
[2021.05.26-03.18.26:049][  0]LogConfig: Setting CVar [[foliage.DensityScale:1.0]]
[2021.05.26-03.18.26:050][  0]LogConfig: Setting CVar [[grass.DensityScale:1.0]]
[2021.05.26-03.18.26:050][  0]LogConfig: Setting CVar [[r.FoliageInteractionQuality:1]]
[2021.05.26-03.18.26:050][  0]LogConfig: Applying CVar settings from Section [ShadingQuality@3] File [../../../Insurgency/Saved/Config/WindowsServer/Scalability.ini]
[2021.05.26-03.18.26:051][  0]LogConfig: Setting CVar [[r.HairStrands.SkyLighting.SampleCount:16]]
[2021.05.26-03.18.26:051][  0]LogConfig: Setting CVar [[r.HairStrands.SkyLighting.JitterIntegration:0]]
[2021.05.26-03.18.26:051][  0]LogConfig: Setting CVar [[r.HairStrands.SkyAO.SampleCount:16]]
[2021.05.26-03.18.26:052][  0]LogConfig: Setting CVar [[r.HairStrands.DeepShadow.SuperSampling:0]]
[2021.05.26-03.18.26:052][  0]LogConfig: Setting CVar [[r.HairStrands.VisibilityPPLL:0]]
[2021.05.26-03.18.26:052][  0]LogConfig: Setting CVar [[r.HairStrands.RasterizationScale:0.5]]
[2021.05.26-03.18.26:053][  0]LogConfig: Setting CVar [[r.HairStrands.VelocityRasterizationScale:1]]
[2021.05.26-03.18.26:053][  0]LogModuleManager: Warning: ModuleManager: Module 'ExampleDeviceProfileSelector' not found - its StaticallyLinkedModuleInitializers function is null.
[2021.05.26-03.18.26:054][  0]LogInit: Applying CVar settings loaded from the selected device profile: [WindowsServer]
[2021.05.26-03.18.26:054][  0]LogHAL: Display: Platform has ~ 8 GB [8482799616 / 8589934592 / 8], which maps to Default [LargestMinGB=32, LargerMinGB=12, DefaultMinGB=8, SmallerMinGB=6, SmallestMinGB=0)
[2021.05.26-03.18.26:055][  0]LogInit: Going up to parent DeviceProfile [Windows]
[2021.05.26-03.18.26:056][  0]LogInit: Going up to parent DeviceProfile []
[2021.05.26-03.18.26:057][  0]LogConfig: Applying CVar settings from Section [ViewDistanceQuality@1] File [../../../Insurgency/Saved/Config/WindowsServer/Scalability.ini]
[2021.05.26-03.18.26:058][  0]LogConfig: Setting CVar [[r.SkeletalMeshLODBias:0]]
[2021.05.26-03.18.26:060][  0]LogConfig: Setting CVar [[r.ViewDistanceScale:1.0]]
[2021.05.26-03.18.26:066][  0]LogConfig: Setting CVar [[r.SkeletalMeshLODRadiusScale:0.75]]
[2021.05.26-03.18.26:066][  0]LogConfig: Setting CVar [[r.LandscapeLODBias:0]]
[2021.05.26-03.18.26:066][  0]LogConfig: Setting CVar [[r.ViewDistanceScale.FieldOfViewAffectsHLOD:0]]
[2021.05.26-03.18.26:067][  0]LogConfig: Applying CVar settings from Section [AntiAliasingQuality@1] File [../../../Insurgency/Saved/Config/WindowsServer/Scalability.ini]
[2021.05.26-03.18.26:067][  0]LogConfig: Setting CVar [[r.PostProcessAAQuality:1]]
[2021.05.26-03.18.26:067][  0]LogConfig: Setting CVar [[r.SMAA.Temporal:0]]
[2021.05.26-03.18.26:068][  0]LogConfig: Applying CVar settings from Section [ShadowQuality@1] File [../../../Insurgency/Saved/Config/WindowsServer/Scalability.ini]
[2021.05.26-03.18.26:068][  0]LogConfig: Setting CVar [[r.LightFunctionQuality:1]]
[2021.05.26-03.18.26:069][  0]LogConfig: Setting CVar [[r.ShadowQuality:3]]
[2021.05.26-03.18.26:069][  0]LogConfig: Setting CVar [[r.Shadow.CSM.MaxCascades:0]]
[2021.05.26-03.18.26:069][  0]LogConfig: Setting CVar [[r.Shadow.MaxResolution:512]]
[2021.05.26-03.18.26:070][  0]LogConfig: Setting CVar [[r.Shadow.MaxCSMResolution:512]]
[2021.05.26-03.18.26:070][  0]LogConfig: Setting CVar [[r.Shadow.RadiusThreshold:0.05]]
[2021.05.26-03.18.26:070][  0]LogConfig: Setting CVar [[r.Shadow.DistanceScale:0.7]]
[2021.05.26-03.18.26:071][  0]LogConfig: Setting CVar [[r.Shadow.CSM.TransitionScale:0.25]]
[2021.05.26-03.18.26:071][  0]LogConfig: Setting CVar [[r.Shadow.PreShadowResolutionFactor:0.5]]
[2021.05.26-03.18.26:072][  0]LogConfig: Setting CVar [[r.DistanceFieldShadowing:0]]
[2021.05.26-03.18.26:073][  0]LogConfig: Setting CVar [[r.DistanceFieldAO:0]]
[2021.05.26-03.18.26:075][  0]LogConfig: Setting CVar [[r.VolumetricFog:0]]
[2021.05.26-03.18.26:076][  0]LogConfig: Setting CVar [[r.LightMaxDrawDistanceScale:.5]]
[2021.05.26-03.18.26:081][  0]LogConfig: Setting CVar [[r.CapsuleShadows:0]]
[2021.05.26-03.18.26:081][  0]LogConfig: Setting CVar [[r.Shadow.ForceSingleSampleShadowingFromStationary:0]]
[2021.05.26-03.18.26:082][  0]LogConfig: Setting CVar [[r.CapsuleShadowsCharacter:0]]
[2021.05.26-03.18.26:082][  0]LogConfig: Setting CVar [[r.ContactShadows:0]]
[2021.05.26-03.18.26:083][  0]LogConfig: Applying CVar settings from Section [PostProcessQuality@1] File [../../../Insurgency/Saved/Config/WindowsServer/Scalability.ini]
[2021.05.26-03.18.26:083][  0]LogConfig: Setting CVar [[r.MotionBlurQuality:3]]
[2021.05.26-03.18.26:083][  0]LogConfig: Setting CVar [[r.AmbientOcclusionMipLevelFactor:1.0]]
[2021.05.26-03.18.26:084][  0]LogConfig: Setting CVar [[r.AmbientOcclusionMaxQuality:60]]
[2021.05.26-03.18.26:084][  0]LogConfig: Setting CVar [[r.AmbientOcclusionLevels:-1]]
[2021.05.26-03.18.26:084][  0]LogConfig: Setting CVar [[r.AmbientOcclusionRadiusScale:1.5]]
[2021.05.26-03.18.26:085][  0]LogConfig: Setting CVar [[r.DepthOfFieldQuality:1]]
[2021.05.26-03.18.26:085][  0]LogConfig: Setting CVar [[r.RenderTargetPoolMin:350]]
[2021.05.26-03.18.26:085][  0]LogConfig: Setting CVar [[r.LensFlareQuality:0]]
[2021.05.26-03.18.26:086][  0]LogConfig: Setting CVar [[r.SceneColorFringeQuality:0]]
[2021.05.26-03.18.26:086][  0]LogConfig: Setting CVar [[r.EyeAdaptationQuality:2]]
[2021.05.26-03.18.26:086][  0]LogConfig: Setting CVar [[r.BloomQuality:4]]
[2021.05.26-03.18.26:087][  0]LogConfig: Setting CVar [[r.FastBlurThreshold:2]]
[2021.05.26-03.18.26:089][  0]LogConfig: Setting CVar [[r.Upscale.Quality:2]]
[2021.05.26-03.18.26:091][  0]LogConfig: Setting CVar [[r.Tonemapper.GrainQuantization:0]]
[2021.05.26-03.18.26:097][  0]LogConfig: Setting CVar [[r.LightShaftQuality:0]]
[2021.05.26-03.18.26:097][  0]LogConfig: Setting CVar [[r.Filter.SizeScale:0.7]]
[2021.05.26-03.18.26:097][  0]LogConfig: Setting CVar [[r.Tonemapper.Quality:2]]
[2021.05.26-03.18.26:098][  0]LogConfig: Setting CVar [[r.DOF.Gather.AccumulatorQuality:0        ; lower gathering accumulator quality]]
[2021.05.26-03.18.26:098][  0]LogConfig: Setting CVar [[r.DOF.Gather.PostfilterMethod:2          ; Max3x3 postfilering method]]
[2021.05.26-03.18.26:099][  0]LogConfig: Setting CVar [[r.DOF.Gather.EnableBokehSettings:0       ; no bokeh simulation when gathering]]
[2021.05.26-03.18.26:099][  0]LogConfig: Setting CVar [[r.DOF.Gather.RingCount:3                 ; low number of samples when gathering]]
[2021.05.26-03.18.26:099][  0]LogConfig: Setting CVar [[r.DOF.Scatter.ForegroundCompositing:0    ; no foreground scattering]]
[2021.05.26-03.18.26:100][  0]LogConfig: Setting CVar [[r.DOF.Scatter.BackgroundCompositing:0    ; no foreground scattering]]
[2021.05.26-03.18.26:100][  0]LogConfig: Setting CVar [[r.DOF.Recombine.Quality:0                ; no slight out of focus]]
[2021.05.26-03.18.26:100][  0]LogConfig: Setting CVar [[r.DOF.TemporalAAQuality:0                ; faster temporal accumulation]]
[2021.05.26-03.18.26:101][  0]LogConfig: Setting CVar [[r.DOF.Kernel.MaxForegroundRadius:0.006   ; required because low gathering and no scattering and not looking great at 1080p]]
[2021.05.26-03.18.26:101][  0]LogConfig: Setting CVar [[r.DOF.Kernel.MaxBackgroundRadius:0.006   ; required because low gathering and no scattering and not looking great at 1080p]]
[2021.05.26-03.18.26:102][  0]LogConfig: Applying CVar settings from Section [TextureQuality@1] File [../../../Insurgency/Saved/Config/WindowsServer/Scalability.ini]
[2021.05.26-03.18.26:102][  0]LogConfig: Setting CVar [[r.Streaming.MipBias:2]]
[2021.05.26-03.18.26:102][  0]LogConfig: Setting CVar [[r.Streaming.AmortizeCPUToGPUCopy:0]]
[2021.05.26-03.18.26:103][  0]LogConfig: Setting CVar [[r.Streaming.MaxNumTexturesToStreamPerFrame:0]]
[2021.05.26-03.18.26:103][  0]LogConfig: Setting CVar [[r.Streaming.Boost:1.0]]
[2021.05.26-03.18.26:103][  0]LogConfig: Setting CVar [[r.MaxAnisotropy:4]]
[2021.05.26-03.18.26:103][  0]LogConfig: Setting CVar [[r.VT.MaxAnisotropy:4]]
[2021.05.26-03.18.26:104][  0]LogConfig: Setting CVar [[r.Streaming.LimitPoolSizeToVRAM:1]]
[2021.05.26-03.18.26:105][  0]LogConfig: Setting CVar [[r.Streaming.PoolSize:1000]]
[2021.05.26-03.18.26:105][  0]LogConfig: Setting CVar [[r.Streaming.MaxEffectiveScreenSize:0]]
[2021.05.26-03.18.26:106][  0]LogConfig: Setting CVar [[r.SlavePlayerCamera:1]]
[2021.05.26-03.18.26:107][  0]LogConfig: Setting CVar [[r.SlavePlayerCameraSpectator:0]]
[2021.05.26-03.18.26:113][  0]LogConfig: Applying CVar settings from Section [EffectsQuality@1] File [../../../Insurgency/Saved/Config/WindowsServer/Scalability.ini]
[2021.05.26-03.18.26:114][  0]LogConfig: Setting CVar [[r.TranslucencyLightingVolumeDim:32]]
[2021.05.26-03.18.26:114][  0]LogConfig: Setting CVar [[r.RefractionQuality:0]]
[2021.05.26-03.18.26:114][  0]LogConfig: Setting CVar [[r.SSR.Quality:0]]
[2021.05.26-03.18.26:115][  0]LogConfig: Setting CVar [[r.SSR.HalfResSceneColor:1]]
[2021.05.26-03.18.26:115][  0]LogConfig: Setting CVar [[r.SceneColorFormat:3]]
[2021.05.26-03.18.26:115][  0]LogConfig: Setting CVar [[r.DetailMode:1]]
[2021.05.26-03.18.26:116][  0]LogConfig: Setting CVar [[r.TranslucencyVolumeBlur:0]]
[2021.05.26-03.18.26:116][  0]LogConfig: Setting CVar [[r.MaterialQualityLevel:2 ; Medium quality]]
[2021.05.26-03.18.26:116][  0]LogConfig: Setting CVar [[r.SSS.Scale:0.75]]
[2021.05.26-03.18.26:117][  0]LogConfig: Setting CVar [[r.SSS.SampleSet:0]]
[2021.05.26-03.18.26:117][  0]LogConfig: Setting CVar [[r.SSS.Quality:0]]
[2021.05.26-03.18.26:117][  0]LogConfig: Setting CVar [[r.SSS.HalfRes:1]]
[2021.05.26-03.18.26:117][  0]LogConfig: Setting CVar [[r.SSGI.Quality:1]]
[2021.05.26-03.18.26:118][  0]LogConfig: Setting CVar [[r.EmitterSpawnRateScale:0.6]]
[2021.05.26-03.18.26:118][  0]LogConfig: Setting CVar [[r.ParticleLightQuality:0]]
[2021.05.26-03.18.26:118][  0]LogConfig: Setting CVar [[r.SkyAtmosphere.AerialPerspectiveLUT.FastApplyOnOpaque:1 ; Always have FastSkyLUT 1 in this case to avoid wrong sky]]
[2021.05.26-03.18.26:119][  0]LogConfig: Setting CVar [[r.SkyAtmosphere.AerialPerspectiveLUT.SampleCountPerSlice:1]]
[2021.05.26-03.18.26:119][  0]LogConfig: Setting CVar [[r.SkyAtmosphere.AerialPerspectiveLUT.DepthResolution:16.0]]
[2021.05.26-03.18.26:119][  0]LogConfig: Setting CVar [[r.SkyAtmosphere.FastSkyLUT:1]]
[2021.05.26-03.18.26:120][  0]LogConfig: Setting CVar [[r.SkyAtmosphere.FastSkyLUT.SampleCountMin:4.0]]
[2021.05.26-03.18.26:120][  0]LogConfig: Setting CVar [[r.SkyAtmosphere.FastSkyLUT.SampleCountMax:32.0]]
[2021.05.26-03.18.26:120][  0]LogConfig: Setting CVar [[r.SkyAtmosphere.SampleCountMin:4.0]]
[2021.05.26-03.18.26:121][  0]LogConfig: Setting CVar [[r.SkyAtmosphere.SampleCountMax:32.0]]
[2021.05.26-03.18.26:122][  0]LogConfig: Setting CVar [[r.SkyAtmosphere.TransmittanceLUT.UseSmallFormat:0]]
[2021.05.26-03.18.26:130][  0]LogConfig: Setting CVar [[r.SkyAtmosphere.TransmittanceLUT.SampleCount:10.0]]
[2021.05.26-03.18.26:130][  0]LogConfig: Setting CVar [[r.SkyAtmosphere.MultiScatteringLUT.SampleCount:15.0]]
[2021.05.26-03.18.26:131][  0]LogConfig: Setting CVar [[fx.Niagara.QualityLevel:1]]
[2021.05.26-03.18.26:131][  0]LogConfig: Setting CVar [[r.RenderTargetViewportSize:1.0]]
[2021.05.26-03.18.26:132][  0]LogConfig: Setting CVar [[r.TessellationAdaptivePixelsPerTriangle:9999999]]
[2021.05.26-03.18.26:132][  0]LogConfig: Setting CVar [[r.SurfReac.Particles.PoolSize:40]]
[2021.05.26-03.18.26:133][  0]LogConfig: Setting CVar [[r.ScopeRenderMode:0]]
[2021.05.26-03.18.26:133][  0]LogConfig: Setting CVar [[r.SeparateTranslucencyScreenPercentage:100]]
[2021.05.26-03.18.26:133][  0]LogConfig: Setting CVar [[r.RagdollMaximum:8]]
[2021.05.26-03.18.26:134][  0]LogConfig: Setting CVar [[r.Dismemberment:1]]
[2021.05.26-03.18.26:134][  0]LogConfig: Applying CVar settings from Section [FoliageQuality@3] File [../../../Insurgency/Saved/Config/WindowsServer/Scalability.ini]
[2021.05.26-03.18.26:134][  0]LogConfig: Setting CVar [[foliage.DensityScale:1.0]]
[2021.05.26-03.18.26:135][  0]LogConfig: Setting CVar [[grass.DensityScale:1.0]]
[2021.05.26-03.18.26:135][  0]LogConfig: Setting CVar [[r.FoliageInteractionQuality:1]]
[2021.05.26-03.18.26:136][  0]LogConfig: Applying CVar settings from Section [ShadingQuality@3] File [../../../Insurgency/Saved/Config/WindowsServer/Scalability.ini]
[2021.05.26-03.18.26:137][  0]LogConfig: Setting CVar [[r.HairStrands.SkyLighting.SampleCount:16]]
[2021.05.26-03.18.26:137][  0]LogConfig: Setting CVar [[r.HairStrands.SkyLighting.JitterIntegration:0]]
[2021.05.26-03.18.26:138][  0]LogConfig: Setting CVar [[r.HairStrands.SkyAO.SampleCount:16]]
[2021.05.26-03.18.26:140][  0]LogConfig: Setting CVar [[r.HairStrands.DeepShadow.SuperSampling:0]]
[2021.05.26-03.18.26:141][  0]LogConfig: Setting CVar [[r.HairStrands.VisibilityPPLL:0]]
[2021.05.26-03.18.26:142][  0]LogConfig: Setting CVar [[r.HairStrands.RasterizationScale:0.5]]
[2021.05.26-03.18.26:143][  0]LogConfig: Setting CVar [[r.HairStrands.VelocityRasterizationScale:1]]
[2021.05.26-03.18.26:144][  0]LogConfig: Applying CVar settings from Section [ConsoleVariables] File [../../../Insurgency/Saved/Config/WindowsServer/Engine.ini]
[2021.05.26-03.18.26:144][  0]LogInit: Computer: DESKTOP-BJCMOMH
[2021.05.26-03.18.26:145][  0]LogInit: User: Matt
[2021.05.26-03.18.26:145][  0]LogInit: CPU Page size=4096, Cores=4
[2021.05.26-03.18.26:145][  0]LogInit: High frequency timer resolution =10.000000 MHz
[2021.05.26-03.18.26:145][  0]LogMemory: Memory total: Physical=7.9GB (8GB approx)
[2021.05.26-03.18.26:146][  0]LogMemory: Platform Memory Stats for WindowsServer
[2021.05.26-03.18.26:146][  0]LogMemory: Process Physical Memory: 101.59 MB used, 101.59 MB peak
[2021.05.26-03.18.26:147][  0]LogMemory: Process Virtual Memory: 132.33 MB used, 132.33 MB peak
[2021.05.26-03.18.26:147][  0]LogMemory: Physical Memory: 5949.92 MB used,  2139.91 MB free, 8089.83 MB total
[2021.05.26-03.18.26:147][  0]LogMemory: Virtual Memory: 4774.79 MB used,  134212952.00 MB free, 134217728.00 MB total
[2021.05.26-03.18.26:151][  0]LogWindows: WindowsPlatformFeatures disabled or dedicated server build
[2021.05.26-03.18.26:168][  0]LogInit: Physics initialised using underlying interface: PhysX
[2021.05.26-03.18.26:169][  0]LogInit: Using OS detected language (en-US).
[2021.05.26-03.18.26:170][  0]LogInit: Using OS detected locale (en-US).
[2021.05.26-03.18.26:177][  0]LogTextLocalizationManager: No specific localization for 'en-US' exists, so the 'en' localization will be used.
[2021.05.26-03.18.26:191][  0]LogInit: Setting process to per monitor DPI aware
[2021.05.26-03.18.26:195][  0]LogInit: Using OS detected language (en-US).
[2021.05.26-03.18.26:195][  0]LogInit: Using OS detected locale (en-US).
[2021.05.26-03.18.26:196][  0]LogTextLocalizationManager: No specific localization for 'en-US' exists, so the 'en' localization will be used.
[2021.05.26-03.18.26:203][  0]LogTextLocalizationManager: Compacting localization data took   0.85ms
[2021.05.26-03.18.26:392][  0]LogAssetRegistry: FAssetRegistry took 0.1878 seconds to start up
[2021.05.26-03.18.26:464][  0]LogStreaming: Display: Flushing async loaders.
[2021.05.26-03.18.26:464][  0]LogPakFile: New pak file ../../../Insurgency/Content/Paks/pakchunk0-WindowsServer.pak added to pak precacher.
[2021.05.26-03.18.26:467][  0]LogCollisionProfile: Warning: Profile (BlockAll) - Custom Channel Name = 'ClientsideDestructible' hasn't been found
[2021.05.26-03.18.26:468][  0]LogCollisionProfile: Warning: Profile (OverlapOnlyPawn) - Custom Channel Name = 'GameTraceChannel8' hasn't been found
[2021.05.26-03.18.26:469][  0]LogCollisionProfile: Warning: Profile (OverlapOnlyPawn) - Custom Channel Name = 'GameTraceChannel9' hasn't been found
[2021.05.26-03.18.26:469][  0]LogCollisionProfile: Warning: Profile (OverlapOnlyPawn) - Custom Channel Name = 'GameTraceChannel10' hasn't been found
[2021.05.26-03.18.26:475][  0]LogCollisionProfile: Warning: Profile (Pawn) - Custom Channel Name = 'None' hasn't been found
[2021.05.26-03.18.26:476][  0]LogCollisionProfile: Warning: Profile (Destructible) - Custom Channel Name = 'ClientsideDestructible' hasn't been found
[2021.05.26-03.18.26:478][  0]LogModuleManager: Warning: ModuleManager: Module 'ExampleDeviceProfileSelector' not found - its StaticallyLinkedModuleInitializers function is null.
[2021.05.26-03.18.26:489][  0]LogNetVersion: Insurgency 1.0.0, NetCL: 152892, EngineNetVer: 14, GameNetVer: 0 (Checksum: 107317553)
[2021.05.26-03.18.26:507][  0]LogStreaming: Error: Couldn't find file for package /StatsCollector/BP_DebugStatCollectorMenu requested by async loading code. NameToLoad: /StatsCollector/BP_DebugStatCollectorMenu
[2021.05.26-03.18.26:508][  0]LogStreaming: Error: Found 0 dependent packages...
[2021.05.26-03.18.26:509][  0]LogStreaming: Error: Couldn't find file for package /StatsCollector/FPSCounter requested by async loading code. NameToLoad: /StatsCollector/FPSCounter
[2021.05.26-03.18.26:509][  0]LogStreaming: Error: Found 0 dependent packages...
[2021.05.26-03.18.26:511][  0]LogGameStatsServer: Display: GameStatsServer INIT: No authentication provided, -GameStatsToken= required for statistics collection.
[2021.05.26-03.18.26:567][  0]LogStreaming: Error: Couldn't find file for package /Game/UI/Widgets/WelcomeScreen/BP_WelcomeScreen requested by async loading code. NameToLoad: /Game/UI/Widgets/WelcomeScreen/BP_WelcomeScreen
[2021.05.26-03.18.26:569][  0]LogStreaming: Error: Found 0 dependent packages...
[2021.05.26-03.18.26:584][  0]LogStreaming: Error: Couldn't find file for package /Game/UI/Fonts/Oswald requested by async loading code. NameToLoad: /Game/UI/Fonts/Oswald
[2021.05.26-03.18.26:585][  0]LogStreaming: Error: Found 0 dependent packages...
[2021.05.26-03.18.26:586][  0]LogStreaming: Error: Couldn't find file for package /Game/UI/Fonts/SourceSansPro requested by async loading code. NameToLoad: /Game/UI/Fonts/SourceSansPro
[2021.05.26-03.18.26:587][  0]LogStreaming: Error: Found 0 dependent packages...
[2021.05.26-03.18.26:625][  0]LogAISub: UAISubsystem::UAISubsystem AISubsystem (000001E12FF207F0), frame # 0
[2021.05.26-03.18.26:625][  0]LogAISub: UAISubsystem::UAISubsystem AIPerceptionSystem (000001E12FF20830), frame # 0
[2021.05.26-03.18.26:630][  0]LogAISub: UAISubsystem::UAISubsystem EnvQueryManager (000001E12FF25500), frame # 0
[2021.05.26-03.18.26:639][  0]LogUObjectArray: 22036 objects as part of root set at end of initial load.
[2021.05.26-03.18.26:639][  0]LogUObjectAllocator: 5331200 out of 32000000 bytes used by permanent object pool.
[2021.05.26-03.18.26:640][  0]LogUObjectArray: CloseDisregardForGC: 22036/0 objects in disregard for GC pool
[2021.05.26-03.18.26:650][  0]LogGauntlet: Display: Gauntlet Initialized
[2021.05.26-03.18.26:652][  0]LogOnline: FOnlineSubsystemNWIModule::StartupModule
[2021.05.26-03.18.26:661][  0]VivoxCore: FVivoxCoreModule::StartupModule
[2021.05.26-03.18.26:663][  0]VivoxCore: Loaded Library (../../../Insurgency/Plugins/VivoxCore/Source/ThirdParty/VivoxCoreLibrary/Windows/Release/x64/vivoxsdk.dll)
[2021.05.26-03.18.26:663][  0]LogEasyAntiCheatServer: Using path: (C:/Users/Matt/Downloads/steamcmd/steamapps/common/sandstorm_server/Insurgency/Binaries/ThirdParty/EasyAntiCheat/Server)
[2021.05.26-03.18.26:663][  0]LogEasyAntiCheatClient: Dedicated server, EAC client will not load
[2021.05.26-03.18.26:664][  0]LogEngine: Initializing Engine...
[2021.05.26-03.18.26:666][  0]LogStats: UGameplayTagsManager::InitializeManager -  0.001 s
[2021.05.26-03.18.26:682][  0]LogInit: Initializing FReadOnlyCVARCache
[2021.05.26-03.18.26:682][  0]LogNetVersion: Set ProjectVersion to 1.10.0. Version Checksum will be recalculated on next use.
[2021.05.26-03.18.26:682][  0]LogInit: Texture streaming: Disabled
[2021.05.26-03.18.26:865][  0]LogPakFile: New pak file ../../../Insurgency/Content/Paks/pakchunk10-WindowsServer.pak added to pak precacher.
[2021.05.26-03.18.27:529][  0]LogPakFile: Precache HighWater 16MB

[2021.05.26-03.18.27:529][  0]LogPakFile: Precache HighWater 32MB

[2021.05.26-03.18.27:530][  0]LogINSAssetManager: Display: Preloading 670 cosmetic assets
[2021.05.26-03.18.27:554][  0]LogStreaming: Error: Couldn't find file for package /Game/UI/Textures/Inventory/T_UI_Inventory_Cosmetic_Ox_HeadGear requested by async loading code. NameToLoad: /Game/UI/Textures/Inventory/T_UI_Inventory_Cosmetic_Ox_HeadGear
[2021.05.26-03.18.27:557][  0]LogStreaming: Error: This will hitch streaming because it ends up searching the disk instead of finding the file in the pak file.
[2021.05.26-03.18.27:558][  0]LogStreaming: Error: Found 0 dependent packages...
[2021.05.26-03.18.28:426][  0]LogPakFile: Precache HighWater 48MB

[2021.05.26-03.18.28:426][  0]LogAnimation: Warning: Additivie type (AnimSequence /Game/Animated/Weapons/Rifle/G36/Animations/AN_1P_G36_B_Reload_BoltRelease.AN_1P_G36_B_Reload_BoltRelease) does not match. Make sure you add same type of additive animation.
[2021.05.26-03.18.28:642][  0]LogGameStatsServer: Display: GameStatsServer INIT: No authentication provided, -GameStatsToken= required for statistics collection.
[2021.05.26-03.18.28:644][  0]LogOnline: Display: Printing active map cycle with 1 entries:
[2021.05.26-03.18.28:644][  0]LogOnline: Display: 	[0] Map: , Scenario: Scenario_Town_Checkpoint_Security, Mode: CheckpointHardcore, Lighting: , Options: None Specified
[2021.05.26-03.18.28:645][  0]LogOnline: OSS: Creating online subsystem instance for: NWI
[2021.05.26-03.18.28:646][  0]LogInit: Using OS detected language (en-US).
[2021.05.26-03.18.28:647][  0]LogInit: Using OS detected locale (en-US).
[2021.05.26-03.18.28:648][  0]LogInit: Valid culture detected: en in place of: (en-US).
[2021.05.26-03.18.28:658][  0]LogInit: Display: Game Engine Initialized.
[2021.05.26-03.18.28:659][  0]LogInit: Display: Starting Game.
[2021.05.26-03.18.28:659][  0]LogNet: Browse: /Game/Maps/OilField/Oilfield?Name=Player?Scenario=Scenario_Refinery_Push_Security?MaxPlayers=32
[2021.05.26-03.18.28:660][  0]LogLoad: UINSGameInstance::OnBeginLoadMap(/Game/Maps/OilField/Oilfield?Name=Player?Scenario=Scenario_Refinery_Push_Security?MaxPlayers=32)
[2021.05.26-03.18.28:660][  0]LogLoad: Warning: UINSGameInstance::OnPreLoadMap: Invalid NextURL, loading /Game/Maps/OilField/Oilfield
[2021.05.26-03.18.28:661][  0]LogStreaming: Error: Couldn't find file for package /NWI_Infected/ModData requested by async loading code. NameToLoad: /NWI_Infected/ModData
[2021.05.26-03.18.28:662][  0]LogStreaming: Error: Found 0 dependent packages...
[2021.05.26-03.18.28:663][  0]LogStreaming: Error: Couldn't find file for package /ExampleContent/ModData requested by async loading code. NameToLoad: /ExampleContent/ModData
[2021.05.26-03.18.28:663][  0]LogStreaming: Error: Found 0 dependent packages...
[2021.05.26-03.18.28:664][  0]LogStreaming: Error: Couldn't find file for package /ConsoleCertificationRequirements/ModData requested by async loading code. NameToLoad: /ConsoleCertificationRequirements/ModData
[2021.05.26-03.18.28:665][  0]LogStreaming: Error: Found 0 dependent packages...
[2021.05.26-03.18.28:667][  0]LogLoad: LoadMap: /Game/Maps/OilField/Oilfield?Name=Player?Scenario=Scenario_Refinery_Push_Security?MaxPlayers=32
[2021.05.26-03.18.28:667][  0]LogWorld: BeginTearingDown for /Temp/Untitled_26
[2021.05.26-03.18.28:669][  0]LogWorld: UWorld::CleanupWorld for Untitled, bSessionEnded=true, bCleanupResources=true
[2021.05.26-03.18.28:683][  0]LogUObjectHash: Compacting FUObjectHashTables data took   2.04ms
[2021.05.26-03.18.28:696][  0]LogPakFile: New pak file ../../../Insurgency/Content/Paks/pakchunk15-WindowsServer.pak added to pak precacher.
[2021.05.26-03.18.28:833][  0]LogAIModule: Creating AISystem for world Oilfield
[2021.05.26-03.18.28:833][  0]LogAISub: UAISubsystem::UAISubsystem EnvQueryManager (000001E148C7AD80), frame # 0
[2021.05.26-03.18.28:834][  0]LogAISub: UAISubsystem::UAISubsystem AIPerceptionSystem (000001E148C7AEC0), frame # 0
[2021.05.26-03.18.28:835][  0]LogLoad: Warning: Scenario 'Scenario_Refinery_Push_Security' is created for gamemode 'Class'/Script/Insurgency.INSPushGameMode''
[2021.05.26-03.18.28:836][  0]LogLoad: Game class is 'INSPushGameMode'
[2021.05.26-03.18.28:838][  0]LogNet: ReplicationDriverClass is null! Not using ReplicationDriver.
[2021.05.26-03.18.28:838][  0]LogNetCore: DDoS detection status: detection enabled: 0 analytics enabled: 0
[2021.05.26-03.18.28:838][  0]LogInit: WinSock: Socket queue. Rx: 131072 (config 131072) Tx: 131072 (config 131072)
[2021.05.26-03.18.28:838][  0]LogNet: Created socket for bind address: 0.0.0.0 on port 27102
[2021.05.26-03.18.28:839][  0]PacketHandlerLog: Loaded PacketHandler component: Engine.EngineHandlerComponentFactory (StatelessConnectHandlerComponent)
[2021.05.26-03.18.28:839][  0]LogNet: GameNetDriver IpNetDriver_2147482547 IpNetDriver listening on port 27102
[2021.05.26-03.18.28:840][  0]LogStreaming: Display: ULevelStreaming::RequestLevel(/Game/Maps/OilField/Oilfield_Cables_Merged) is flushing async loading
[2021.05.26-03.18.28:846][  0]LogStreaming: Display: ULevelStreaming::RequestLevel(/Game/Maps/OilField/Oilfield_Decals) is flushing async loading
[2021.05.26-03.18.28:873][  0]LogStreaming: Display: ULevelStreaming::RequestLevel(/Game/Maps/OilField/Oilfield_BlockingVolumes) is flushing async loading
[2021.05.26-03.18.28:884][  0]LogStreaming: Display: ULevelStreaming::RequestLevel(/Game/Maps/OilField/Oilfield_KitSelectionRoom_SEC) is flushing async loading
[2021.05.26-03.18.28:920][  0]LogStreaming: Display: ULevelStreaming::RequestLevel(/Game/Maps/OilField/Oilfield_KitSelectionRoom_INS) is flushing async loading
[2021.05.26-03.18.28:938][  0]LogStreaming: Display: ULevelStreaming::RequestLevel(/Game/Maps/OilField/Oilfield_Doors) is flushing async loading
[2021.05.26-03.18.28:951][  0]LogStreaming: Display: ULevelStreaming::RequestLevel(/Game/Maps/OilField/Oilfield_AI) is flushing async loading
[2021.05.26-03.18.28:958][  0]LogStreaming: Display: ULevelStreaming::RequestLevel(/Game/Maps/OilField/Oilfield_DynamicProps) is flushing async loading
[2021.05.26-03.18.29:028][  0]LogPakFile: New pak file ../../../Insurgency/Content/Paks/pakchunk15-WindowsServer_0_P.pak added to pak precacher.
[2021.05.26-03.18.29:071][  0]LogStreaming: Display: ULevelStreaming::RequestLevel(/Game/Maps/OilField/Oilfield_Particles) is flushing async loading
[2021.05.26-03.18.29:073][  0]LogStreaming: Display: ULevelStreaming::RequestLevel(/Game/Maps/OilField/Oilfield_Reflections) is flushing async loading
[2021.05.26-03.18.29:076][  0]LogStreaming: Display: ULevelStreaming::RequestLevel(/Game/Maps/OilField/Oilfield_Polish_Merged) is flushing async loading
[2021.05.26-03.18.29:285][  0]LogStreaming: Display: ULevelStreaming::RequestLevel(/Game/Maps/OilField/Oilfield_Trims_merged) is flushing async loading
[2021.05.26-03.18.29:298][  0]LogStreaming: Display: ULevelStreaming::RequestLevel(/Game/Maps/OilField/Oilfield_New_Merged_05_06_2019) is flushing async loading
[2021.05.26-03.18.29:769][  0]LogPakFile: Precache HighWater 64MB

[2021.05.26-03.18.29:770][  0]LogStreaming: Display: ULevelStreaming::RequestLevel(/Game/Maps/OilField/Oilfield_Backdrop_Merged) is flushing async loading
[2021.05.26-03.18.29:786][  0]LogStreaming: Display: ULevelStreaming::RequestLevel(/Game/Maps/OilField/Oilfield_DirtMounds_Merged) is flushing async loading
[2021.05.26-03.18.29:792][  0]LogStreaming: Display: ULevelStreaming::RequestLevel(/Game/Maps/OilField/Oilfield_Sound) is flushing async loading
[2021.05.26-03.18.29:803][  0]LogStreaming: Display: ULevelStreaming::RequestLevel(/Game/Maps/OilField/Oilfield_Landscape) is flushing async loading
[2021.05.26-03.18.29:830][  0]LogStreaming: Display: ULevelStreaming::RequestLevel(/Game/Maps/OilField/Oilfield_PerformanceCheck) is flushing async loading
[2021.05.26-03.18.29:902][  0]LogWorld: Bringing World /Game/Maps/OilField/Oilfield.Oilfield up for play (max tick rate 60) at 2021.05.25-23.18.29
[2021.05.26-03.18.29:952][  0]LogSession: ----- Register Server (SteamNWI) ----- 
[2021.05.26-03.18.29:963][  0]LogWorld: Bringing up level for play took: 0.073162
[2021.05.26-03.18.29:963][  0]LogGameMode: Display: State: EnteringMap -> LoadingAssets
[2021.05.26-03.18.29:963][  0]LogGameState: Match State Changed from EnteringMap to LoadingAssets
[2021.05.26-03.18.29:964][  0]LogScenario: Display: Loading scenario 'Scenario_Refinery_Push_Security' (Specified)...
[2021.05.26-03.18.29:965][  0]LogINSAssetManager: Display: Loading scenario asset 'Scenario_Refinery_Push_Security' (path: /Game/Game/Scenarios/Versus/Oilfield/Scenario_Refinery_Push_Security.Scenario_Refinery_Push_Security)...
[2021.05.26-03.18.29:965][  0]LogScenario: Display: CheckLoadingComplete - Pending, scenario assets not loaded.
[2021.05.26-03.18.29:966][  0]LogGameMode: Display: High priority async loading ENABLED
[2021.05.26-03.18.29:966][  0]LogAudioCues: Error: Unable to load banks at this time, deferring load.
[2021.05.26-03.18.29:968][  0]LogEasyAntiCheatServer: Loading native plugin from: C:/Users/Matt/Downloads/steamcmd/steamapps/common/sandstorm_server/Insurgency/Binaries/ThirdParty/EasyAntiCheat/Server
[2021.05.26-03.18.29:976][  0]LogEasyAntiCheatServer: [23:18:29:972][Windows][EAC Server] [Info][SetLogCallback] Procedure: 00007FF7E8A7F270 LogLevel: Info.
[2021.05.26-03.18.29:976][  0]LogEasyAntiCheatServer: [23:18:29:972][Windows][EAC Server] [Info][Initialize] ServerName: 'GameSession' RegisterTimeout: 150.
[2021.05.26-03.18.29:977][  0]LogEasyAntiCheatServer: [23:18:29:976][Windows][EAC Server] [Info][Cerberus] [RegisterEvent] EventID: 1h EventName: 'game_round_start' Parameters: { map_name (string) }.
[2021.05.26-03.18.29:977][  0]LogEasyAntiCheatServer: [23:18:29:976][Windows][EAC Server] [Info][Cerberus] [RegisterEvent] EventID: 2h EventName: 'game_round_end' Parameters: { winning_team_id (uint32) }.
[2021.05.26-03.18.29:978][  0]LogEasyAntiCheatServer: [23:18:29:976][Windows][EAC Server] [Info][Cerberus] [RegisterEvent] EventID: 3h EventName: 'player_spawn' Parameters: { player (client), team_id (uint32), character_id (uint32) }.
[2021.05.26-03.18.29:978][  0]LogEasyAntiCheatServer: [23:18:29:976][Windows][EAC Server] [Info][Cerberus] [RegisterEvent] EventID: 4h EventName: 'player_despawn' Parameters: { player (client), player_death (uint32), player_killer (client) }.
[2021.05.26-03.18.29:979][  0]LogEasyAntiCheatServer: [23:18:29:976][Windows][EAC Server] [Info][Cerberus] [RegisterEvent] EventID: 5h EventName: 'player_revive' Parameters: { player_revived (client), player_reviving (client) }.
[2021.05.26-03.18.29:979][  0]LogEasyAntiCheatServer: [23:18:29:976][Windows][EAC Server] [Info][Cerberus] [RegisterEvent] EventID: 6h EventName: 'player_tick' Parameters: { player (client), player_position (vec3f), player_viewrotation (quat), player_health (uint32), player_tickflags (uint32) }.
[2021.05.26-03.18.29:979][  0]LogEasyAntiCheatServer: [23:18:29:976][Windows][EAC Server] [Info][Cerberus] [RegisterEvent] EventID: 7h EventName: 'player_useweapon' Parameters: { player (client), player_position (vec3f), player_viewrotation (quat), player_fov (uint32), weapon_id (uint32), melee_attack (uint32) }.
[2021.05.26-03.18.29:980][  0]LogEasyAntiCheatServer: [23:18:29:976][Windows][EAC Server] [Info][Cerberus] [RegisterEvent] EventID: 8h EventName: 'player_takedamage' Parameters: { player_victim (client), player_victim_position (vec3f), player_victim_viewrotation (quat), player_attacker (client), player_attacker_position (vec3f), player_attacker_viewrotation (quat), player_attacker_fov (uint32), weapon_id (uint32), hitbone_id (uint32), damage_taken (uint32), damage_flags (uint32) }.
[2021.05.26-03.18.29:980][  0]LogEasyAntiCheatServer: [23:18:29:976][Windows][EAC Server] [Info][Cerberus] [RegisterEvent] EventID: 9h EventName: 'player_downed' Parameters: { player_victim (client), player_attacker (client) }.
[2021.05.26-03.18.29:980][  0]LogEasyAntiCheatServer: [23:18:29:976][Windows][EAC Server] [Info][Cerberus] [RegisterEvent] EventID: Ah EventName: 'player_death' Parameters: { victim (client), victim_shots_fired (uint64), victim_shots_landed (uint64), attacker (client), attacker_shots_fired (uint64), attacker_shots_landed (uint64) }.
[2021.05.26-03.18.29:981][  0]LogEasyAntiCheatServer: [23:18:29:976][Windows][EAC Server] [Info][Cerberus] [RegisterEvent] EventID: Bh EventName: 'game_round_start_v2' Parameters: { map_name (string), mode_name (string), round_time_seconds (uint32), start_frame_number (uint64), start_delta_seconds (uint32) }.
[2021.05.26-03.18.29:981][  0]LogEasyAntiCheatServer: Native plugin initialized successfully.
[2021.05.26-03.18.29:982][  0]LogEasyAntiCheatServer: FEasyAntiCheatServer::SetAntiCheatEnforcement - Enabled
[2021.05.26-03.18.29:982][  0]LogEasyAntiCheatServer: [23:18:29:982][Windows][EAC Server] [Info][Cerberus] [RegisterEvent] EventID: 10000001h EventName: 'player_tick_ex' Parameters: { player (client), extended_flags (uint32) }.
[2021.05.26-03.18.29:982][  0]LogLoad: Took 1.314329 seconds to LoadMap(/Game/Maps/OilField/Oilfield)
[2021.05.26-03.18.29:983][  0]LogLoad: (Engine Initialization) Total time: 4.74 seconds
[2021.05.26-03.18.30:020][  0]LogMod: Warning: [NWI_Infected] Failed to load mod data for plugin (path: /NWI_Infected/ModData.ModData)
[2021.05.26-03.18.30:021][  0]LogMod: Warning: [ExampleContent] Failed to load mod data for plugin (path: /ExampleContent/ModData.ModData)
[2021.05.26-03.18.30:023][  0]LogMod: Warning: [ConsoleCertificationRequirements] Failed to load mod data for plugin (path: /ConsoleCertificationRequirements/ModData.ModData)
[2021.05.26-03.18.30:051][  2]LogINSAssetManager: Display: Loading scenario factions...
[2021.05.26-03.18.30:063][  3]LogPakFile: New pak file ../../../Insurgency/Content/Paks/pakchunk0-WindowsServer_0_P.pak added to pak precacher.
[2021.05.26-03.18.30:087][  4]LogINSAssetManager: Display: Loading 452 scenario assets...
[2021.05.26-03.18.30:098][  5]LogStreaming: Error: Couldn't find file for package /Game/Game/Actors/Weapons/Upgrades/Underbarrel/BP_UG_Foregrip_IRLaser_Rail requested by async loading code. NameToLoad: /Game/Game/Actors/Weapons/Upgrades/Underbarrel/BP_UG_Foregrip_IRLaser_Rail
[2021.05.26-03.18.30:099][  5]LogStreaming: Error: This will hitch streaming because it ends up searching the disk instead of finding the file in the pak file.
[2021.05.26-03.18.30:100][  5]LogStreaming: Error: Found 0 dependent packages...
[2021.05.26-03.18.30:101][  5]LogStreaming: Error: Couldn't find file for package /Game/Game/Actors/Weapons/Upgrades/Underbarrel/BP_UG_Foregrip_IRLaser requested by async loading code. NameToLoad: /Game/Game/Actors/Weapons/Upgrades/Underbarrel/BP_UG_Foregrip_IRLaser
[2021.05.26-03.18.30:102][  5]LogStreaming: Error: This will hitch streaming because it ends up searching the disk instead of finding the file in the pak file.
[2021.05.26-03.18.30:103][  5]LogStreaming: Error: Found 0 dependent packages...
[2021.05.26-03.18.30:103][  5]LogStreaming: Error: Couldn't find file for package /Game/Game/Actors/Weapons/Upgrades/Underbarrel/BP_UG_Foregrip_IRFlashlight_Rail requested by async loading code. NameToLoad: /Game/Game/Actors/Weapons/Upgrades/Underbarrel/BP_UG_Foregrip_IRFlashlight_Rail
[2021.05.26-03.18.30:104][  5]LogStreaming: Error: This will hitch streaming because it ends up searching the disk instead of finding the file in the pak file.
[2021.05.26-03.18.30:104][  5]LogStreaming: Error: Found 0 dependent packages...
[2021.05.26-03.18.30:105][  5]LogStreaming: Error: Couldn't find file for package /Game/Game/Actors/Weapons/Upgrades/Underbarrel/BP_UG_Foregrip_IRFlashlight requested by async loading code. NameToLoad: /Game/Game/Actors/Weapons/Upgrades/Underbarrel/BP_UG_Foregrip_IRFlashlight
[2021.05.26-03.18.30:106][  5]LogStreaming: Error: This will hitch streaming because it ends up searching the disk instead of finding the file in the pak file.
[2021.05.26-03.18.30:106][  5]LogStreaming: Error: Found 0 dependent packages...
[2021.05.26-03.18.30:107][  5]LogStreaming: Error: Couldn't find file for package /Game/Game/Actors/Weapons/Upgrades/Underbarrel/BP_UG_Foregrip_Flashlight_Rail requested by async loading code. NameToLoad: /Game/Game/Actors/Weapons/Upgrades/Underbarrel/BP_UG_Foregrip_Flashlight_Rail
[2021.05.26-03.18.30:107][  5]LogStreaming: Error: This will hitch streaming because it ends up searching the disk instead of finding the file in the pak file.
[2021.05.26-03.18.30:108][  5]LogStreaming: Error: Found 0 dependent packages...
[2021.05.26-03.18.30:109][  5]LogStreaming: Error: Couldn't find file for package /Game/Game/Actors/Weapons/Upgrades/Underbarrel/BP_UG_Foregrip_Flashlight requested by async loading code. NameToLoad: /Game/Game/Actors/Weapons/Upgrades/Underbarrel/BP_UG_Foregrip_Flashlight
[2021.05.26-03.18.30:109][  5]LogStreaming: Error: This will hitch streaming because it ends up searching the disk instead of finding the file in the pak file.
[2021.05.26-03.18.30:110][  5]LogStreaming: Error: Found 0 dependent packages...
[2021.05.26-03.18.30:125][  6]LogINSAssetManager: Display: Scenario loading complete.
[2021.05.26-03.18.30:125][  6]LogScenario: Display: Successfully loaded scenario 'Scenario_Refinery_Push_Security' and 452 referenced assets.
[2021.05.26-03.18.30:126][  6]LogWorldSettings: Loading lighting scenario 'Oilfield_GlobalDay'...
[2021.05.26-03.18.30:126][  6]LogStreaming: Display: ULevelStreaming::RequestLevel(/Game/Maps/OilField/Oilfield_GlobalDay) is flushing async loading
[2021.05.26-03.18.30:278][  6]LogStreaming: Display: ULevelStreaming::RequestLevel(/Game/Maps/OilField/Refinery_Push_Security) is flushing async loading
[2021.05.26-03.18.30:307][  6]LogObjectives: Ownership of objective 'OCPush_A' changed from 255 to 1
[2021.05.26-03.18.30:307][  6]LogObjectives: Ownership of objective 'OCPush_B' changed from 255 to 1
[2021.05.26-03.18.30:307][  6]LogObjectives: Ownership of objective 'OCPush_C' changed from 255 to 1
[2021.05.26-03.18.30:307][  6]LogObjectives: Ownership of objective 'OCPush_D' changed from 255 to 1
[2021.05.26-03.18.30:308][  6]LogObjectives: Ownership of objective 'ODPush_E' changed from 255 to 1
[2021.05.26-03.18.30:329][  6]LogSoundscape: Registering pending soundscape emitters/components.
[2021.05.26-03.18.30:330][  6]LogSoundscape: Registered pending soundscape emitters/components.
[2021.05.26-03.18.30:330][  6]LogGameMode: Display: Spawned team 0 of faction Security
[2021.05.26-03.18.30:331][  6]LogGameMode: Display: Spawned team 1 of faction Insurgents
[2021.05.26-03.18.30:331][  6]LogSpawning: Spawnzone 'SZPushATeam1' disabled for team 0
[2021.05.26-03.18.30:331][  6]LogSpawning: Spawnzone 'SZPushATeam2' disabled for team 1
[2021.05.26-03.18.30:331][  6]LogSpawning: Spawnzone 'SZPushATeam2Start' disabled for team 1
[2021.05.26-03.18.30:334][  6]LogSpawning: Spawnzone 'SZPushBTeam1' disabled for team 0
[2021.05.26-03.18.30:334][  6]LogSpawning: Spawnzone 'SZPushBTeam2' disabled for team 1
[2021.05.26-03.18.30:337][  6]LogSpawning: Spawnzone 'SZPushCTeam1' disabled for team 0
[2021.05.26-03.18.30:337][  6]LogSpawning: Spawnzone 'SZPushCTeam2' disabled for team 1
[2021.05.26-03.18.30:337][  6]LogSpawning: Spawnzone 'SZPushDTeam1' disabled for team 0
[2021.05.26-03.18.30:338][  6]LogSpawning: Spawnzone 'SZPushDTeam2' disabled for team 1
[2021.05.26-03.18.30:338][  6]LogSpawning: Spawnzone 'SZPushVehicleTeam1' disabled for team 0
[2021.05.26-03.18.30:342][  6]LogGameMode: Display: Gamemode assets loaded, exiting LoadingAssets state, entering WaitingToStart
[2021.05.26-03.18.30:342][  6]LogGameMode: Display: State: LoadingAssets -> WaitingToStart
[2021.05.26-03.18.30:343][  6]LogGameState: Match State Changed from LoadingAssets to WaitingToStart
[2021.05.26-03.18.30:343][  6]LogSession: Display: AINSGameSession::HandleMatchIsWaitingToStart
[2021.05.26-03.18.30:344][  6]LogGameState: Round reset. Authority:3
[2021.05.26-03.18.30:379][  6]LogObjectives: Ownership of objective 'OCPush_A' changed from 1 to 1
[2021.05.26-03.18.30:379][  6]LogObjectives: Ownership of objective 'OCPush_B' changed from 1 to 1
[2021.05.26-03.18.30:380][  6]LogObjectives: Ownership of objective 'OCPush_C' changed from 1 to 1
[2021.05.26-03.18.30:381][  6]LogObjectives: Ownership of objective 'OCPush_D' changed from 1 to 1
[2021.05.26-03.18.30:381][  6]LogObjectives: Ownership of objective 'ODPush_E' changed from 1 to 1
[2021.05.26-03.18.30:382][  6]LogSpawning: Spawnzone 'SZPushATeam2Start' enabled for team 1
[2021.05.26-03.18.30:383][  6]LogSpawning: Spawnzone 'SZPushATeam1' enabled for team 0
[2021.05.26-03.18.30:383][  6]LogSpawning: Spawnzone 'SZPushVehicleTeam1' enabled for team 0
[2021.05.26-03.18.30:384][  6]LogGameMode: Display: Advancing spawns for faction 0 to obj 0: 2 zones enabled (21 player starts), 0 disabled
[2021.05.26-03.18.40:487][605]LogCore: Engine exit requested (reason: ConsoleCtrl RequestExit)
[2021.05.26-03.18.40:488][605]LogCore: Warning: *** INTERRUPTED *** : SHUTTING DOWN
[2021.05.26-03.18.40:489][605]LogCore: Warning: *** INTERRUPTED *** : CTRL-C TO FORCE QUIT
[2021.05.26-03.18.40:490][605]LogCore: Engine exit requested (reason: EngineExit() was called; note: exit was already requested)
[2021.05.26-03.18.40:491][605]LogInit: Display: PreExit Game.
[2021.05.26-03.18.40:516][605]LogWorld: BeginTearingDown for /Game/Maps/OilField/Oilfield
[2021.05.26-03.18.40:516][605]LogNet: World NetDriver shutdown IpNetDriver_2147482547 [GameNetDriver]
[2021.05.26-03.18.40:516][605]LogNet: DestroyNamedNetDriver IpNetDriver_2147482547 [GameNetDriver]
[2021.05.26-03.18.40:517][605]LogExit: GameNetDriver IpNetDriver_2147482547 shut down
[2021.05.26-03.18.40:523][605]LogWorld: UWorld::CleanupWorld for Oilfield, bSessionEnded=true, bCleanupResources=true
[2021.05.26-03.18.40:580][605]LogWorld: UWorld::CleanupWorld for Oilfield_Cables_Merged, bSessionEnded=true, bCleanupResources=true
[2021.05.26-03.18.40:580][605]LogWorld: UWorld::CleanupWorld for Oilfield_Decals, bSessionEnded=true, bCleanupResources=true
[2021.05.26-03.18.40:581][605]LogWorld: UWorld::CleanupWorld for Oilfield_BlockingVolumes, bSessionEnded=true, bCleanupResources=true
[2021.05.26-03.18.40:582][605]LogWorld: UWorld::CleanupWorld for Oilfield_KitSelectionRoom_SEC, bSessionEnded=true, bCleanupResources=true
[2021.05.26-03.18.40:582][605]LogWorld: UWorld::CleanupWorld for Oilfield_KitSelectionRoom_INS, bSessionEnded=true, bCleanupResources=true
[2021.05.26-03.18.40:583][605]LogWorld: UWorld::CleanupWorld for Oilfield_Doors, bSessionEnded=true, bCleanupResources=true
[2021.05.26-03.18.40:583][605]LogWorld: UWorld::CleanupWorld for Oilfield_AI, bSessionEnded=true, bCleanupResources=true
[2021.05.26-03.18.40:584][605]LogWorld: UWorld::CleanupWorld for Oilfield_DynamicProps, bSessionEnded=true, bCleanupResources=true
[2021.05.26-03.18.40:584][605]LogWorld: UWorld::CleanupWorld for Oilfield_Particles, bSessionEnded=true, bCleanupResources=true
[2021.05.26-03.18.40:585][605]LogWorld: UWorld::CleanupWorld for Oilfield_Reflections, bSessionEnded=true, bCleanupResources=true
[2021.05.26-03.18.40:585][605]LogWorld: UWorld::CleanupWorld for Oilfield_Polish_Merged, bSessionEnded=true, bCleanupResources=true
[2021.05.26-03.18.40:586][605]LogWorld: UWorld::CleanupWorld for Oilfield_Trims_merged, bSessionEnded=true, bCleanupResources=true
[2021.05.26-03.18.40:586][605]LogWorld: UWorld::CleanupWorld for Oilfield_New_Merged_05_06_2019, bSessionEnded=true, bCleanupResources=true
[2021.05.26-03.18.40:587][605]LogWorld: UWorld::CleanupWorld for Oilfield_Backdrop_Merged, bSessionEnded=true, bCleanupResources=true
[2021.05.26-03.18.40:587][605]LogWorld: UWorld::CleanupWorld for Oilfield_DirtMounds_Merged, bSessionEnded=true, bCleanupResources=true
[2021.05.26-03.18.40:588][605]LogWorld: UWorld::CleanupWorld for Oilfield_Sound, bSessionEnded=true, bCleanupResources=true
[2021.05.26-03.18.40:588][605]LogWorld: UWorld::CleanupWorld for Oilfield_Landscape, bSessionEnded=true, bCleanupResources=true
[2021.05.26-03.18.40:588][605]LogWorld: UWorld::CleanupWorld for Oilfield_PerformanceCheck, bSessionEnded=true, bCleanupResources=true
[2021.05.26-03.18.40:589][605]LogWorld: UWorld::CleanupWorld for Oilfield_GlobalDay, bSessionEnded=true, bCleanupResources=true
[2021.05.26-03.18.40:589][605]LogWorld: UWorld::CleanupWorld for Refinery_Push_Security, bSessionEnded=true, bCleanupResources=true
[2021.05.26-03.18.40:590][605]LogExit: Preparing to exit.
[2021.05.26-03.18.40:646][605]LogDemo: Cleaned up 0 splitscreen connections with owner deletion
[2021.05.26-03.18.40:647][605]LogDemo: Cleaned up 0 splitscreen connections with owner deletion
[2021.05.26-03.18.40:648][605]LogExit: Game engine shut down
[2021.05.26-03.18.40:695][605]LogAISub: UAISubsystem::~UAISubsystem AISubsystem (000001E12FF207F0), frame # 605
[2021.05.26-03.18.40:695][605]LogAISub: UAISubsystem::~UAISubsystem AIPerceptionSystem (000001E12FF20830), frame # 605
[2021.05.26-03.18.40:696][605]LogAISub: UAISubsystem::~UAISubsystem EnvQueryManager (000001E12FF25500), frame # 605
[2021.05.26-03.18.40:703][605]LogAISub: UAISubsystem::~UAISubsystem AIPerceptionSystem (000001E148C7AEC0), frame # 605
[2021.05.26-03.18.40:704][605]LogAISub: UAISubsystem::~UAISubsystem EnvQueryManager (000001E148C7AD80), frame # 605
[2021.05.26-03.18.40:794][605]LogExit: Object subsystem successfully closed.
[2021.05.26-03.18.40:800][605]LogModuleManager: Shutting down and abandoning module AIModule (248)
[2021.05.26-03.18.40:801][605]LogModuleManager: Shutting down and abandoning module NavigationSystem (247)
[2021.05.26-03.18.40:801][605]LogModuleManager: Shutting down and abandoning module CharacterAI (244)
[2021.05.26-03.18.40:801][605]LogModuleManager: Shutting down and abandoning module PlanarCut (242)
[2021.05.26-03.18.40:803][605]LogModuleManager: Shutting down and abandoning module MfMediaFactory (240)
[2021.05.26-03.18.40:804][605]LogModuleManager: Shutting down and abandoning module SessionServices (238)
[2021.05.26-03.18.40:804][605]LogModuleManager: Shutting down and abandoning module Analytics (236)
[2021.05.26-03.18.40:804][605]LogModuleManager: Shutting down and abandoning module AnalyticsET (234)
[2021.05.26-03.18.40:805][605]LogModuleManager: Shutting down and abandoning module MovieSceneTracks (232)
[2021.05.26-03.18.40:805][605]LogModuleManager: Shutting down and abandoning module MovieScene (230)
[2021.05.26-03.18.40:806][605]LogModuleManager: Shutting down and abandoning module StreamingPauseRendering (228)
[2021.05.26-03.18.40:807][605]LogModuleManager: Shutting down and abandoning module ImageWriteQueue (226)
[2021.05.26-03.18.40:809][605]LogModuleManager: Shutting down and abandoning module ImageWrapper (225)
[2021.05.26-03.18.40:810][605]LogModuleManager: Shutting down and abandoning module Synthesis (222)
[2021.05.26-03.18.40:810][605]LogModuleManager: Shutting down and abandoning module GooglePAD (220)
[2021.05.26-03.18.40:810][605]LogModuleManager: Shutting down and abandoning module AssetTags (218)
[2021.05.26-03.18.40:811][605]LogModuleManager: Shutting down and abandoning module MagicLeapSharedWorld (214)
[2021.05.26-03.18.40:811][605]LogModuleManager: Shutting down and abandoning module ChaosNiagara (212)
[2021.05.26-03.18.40:812][605]LogModuleManager: Shutting down and abandoning module ProceduralMeshComponent (210)
[2021.05.26-03.18.40:812][605]LogModuleManager: Shutting down and abandoning module GeometryCollectionTracks (208)
[2021.05.26-03.18.40:812][605]LogModuleManager: Shutting down and abandoning module EditableMesh (206)
[2021.05.26-03.18.40:813][605]LogModuleManager: Shutting down and abandoning module MeshSolverUtilities (204)
[2021.05.26-03.18.40:813][605]LogModuleManager: Shutting down and abandoning module MeshConversion (202)
[2021.05.26-03.18.40:813][605]LogModuleManager: Shutting down and abandoning module DynamicMesh (200)
[2021.05.26-03.18.40:814][605]LogModuleManager: Shutting down and abandoning module GeometryAlgorithms (198)
[2021.05.26-03.18.40:814][605]LogModuleManager: Shutting down and abandoning module GeometricObjects (196)
[2021.05.26-03.18.40:814][605]LogModuleManager: Shutting down and abandoning module ChaosCloth (194)
[2021.05.26-03.18.40:815][605]LogModuleManager: Shutting down and abandoning module AutomationUtils (192)
[2021.05.26-03.18.40:815][605]LogModuleManager: Shutting down and abandoning module RconSandstorm (190)
[2021.05.26-03.18.40:815][605]LogModuleManager: Shutting down and abandoning module Rcon (189)
[2021.05.26-03.18.40:816][605]LogModuleManager: Shutting down and abandoning module Holidays (186)
[2021.05.26-03.18.40:816][605]LogModuleManager: Shutting down and abandoning module CryptoUtilities (184)
[2021.05.26-03.18.40:816][605]LogModuleManager: Shutting down and abandoning module EasyAntiCheatCommon (182)
[2021.05.26-03.18.40:816][605]LogModuleManager: Shutting down and abandoning module EasyAntiCheatClient (180)
[2021.05.26-03.18.40:816][605]LogModuleManager: Shutting down and abandoning module EasyAntiCheatServer (178)
[2021.05.26-03.18.40:820][605]LogEasyAntiCheatServer: [23:18:40:817][Windows][EAC Server] [Info][Destroy] Called
[2021.05.26-03.18.40:820][605]LogModuleManager: Shutting down and abandoning module ConsoleCertificationRequirements (176)
[2021.05.26-03.18.40:820][605]LogModuleManager: Shutting down and abandoning module InsurgencyGameplayDebugger (174)
[2021.05.26-03.18.40:820][605]LogModuleManager: Shutting down and abandoning module SlackFeedback (172)
[2021.05.26-03.18.40:821][605]LogModuleManager: Shutting down and abandoning module GameStatsServer (170)
[2021.05.26-03.18.40:821][605]LogModuleManager: Shutting down and abandoning module NativizedAssets (168)
[2021.05.26-03.18.40:821][605]LogModuleManager: Shutting down and abandoning module VivoxCore (166)
[2021.05.26-03.18.40:822][605]VivoxCore: FVivoxCoreModule::ShutdownModule
[2021.05.26-03.18.40:827][605]LogModuleManager: Shutting down and abandoning module StatsCollector (164)
[2021.05.26-03.18.40:827][605]LogUObjectArray: Warning: Empty slot
[2021.05.26-03.18.40:829][605]LogModuleManager: Shutting down and abandoning module HttpExtensions (162)
[2021.05.26-03.18.40:829][605]LogModuleManager: Shutting down and abandoning module ModKit (160)
[2021.05.26-03.18.40:829][605]LogModuleManager: Shutting down and abandoning module WebSockets (157)
[2021.05.26-03.18.40:850][605]LogModuleManager: Shutting down and abandoning module PlayTimeLimit (154)
[2021.05.26-03.18.40:851][605]LogModuleManager: Shutting down and abandoning module Rejoin (152)
[2021.05.26-03.18.40:851][605]LogModuleManager: Shutting down and abandoning module Hotfix (150)
[2021.05.26-03.18.40:851][605]LogModuleManager: Shutting down and abandoning module Lobby (148)
[2021.05.26-03.18.40:852][605]LogModuleManager: Shutting down and abandoning module Party (146)
[2021.05.26-03.18.40:853][605]LogModuleManager: Shutting down and abandoning module Qos (144)
[2021.05.26-03.18.40:853][605]LogModuleManager: Shutting down and abandoning module TemplateSequence (142)
[2021.05.26-03.18.40:853][605]LogModuleManager: Shutting down and abandoning module InsurgencyServer (140)
[2021.05.26-03.18.40:854][605]LogModuleManager: Shutting down and abandoning module Insurgency (138)
[2021.05.26-03.18.40:856][605]LogModuleManager: Shutting down and abandoning module SoundFields (136)
[2021.05.26-03.18.40:857][605]LogModuleManager: Shutting down and abandoning module RuntimePhysXCooking (134)
[2021.05.26-03.18.40:857][605]LogModuleManager: Shutting down and abandoning module ActorSequence (132)
[2021.05.26-03.18.40:858][605]LogModuleManager: Shutting down and abandoning module UdpMessaging (130)
[2021.05.26-03.18.40:858][605]LogModuleManager: Shutting down and abandoning module MagicLeapARPin (128)
[2021.05.26-03.18.40:859][605]LogModuleManager: Shutting down and abandoning module FacialAnimation (126)
[2021.05.26-03.18.40:859][605]LogModuleManager: Shutting down and abandoning module AnimationSharing (124)
[2021.05.26-03.18.40:860][605]LogModuleManager: Shutting down and abandoning module LightPropagationVolumeRuntime (122)
[2021.05.26-03.18.40:860][605]LogModuleManager: Shutting down and abandoning module UMGExtensions (120)
[2021.05.26-03.18.40:861][605]LogModuleManager: Shutting down and abandoning module DiscordRpc (118)
[2021.05.26-03.18.40:861][605]LogModuleManager: Shutting down and abandoning module ControlRig (114)
[2021.05.26-03.18.40:861][605]LogModuleManager: Shutting down and abandoning module LevelSequence (113)
[2021.05.26-03.18.40:862][605]LogModuleManager: Shutting down and abandoning module TcpMessaging (110)
[2021.05.26-03.18.40:862][605]LogModuleManager: Shutting down and abandoning module AnimationBudgetAllocator (108)
[2021.05.26-03.18.40:862][605]LogModuleManager: Shutting down and abandoning module Gauntlet (106)
[2021.05.26-03.18.40:863][605]LogGauntlet: Display: Gauntlet Shutdown
[2021.05.26-03.18.40:863][605]LogModuleManager: Shutting down and abandoning module ReplicationGraph (104)
[2021.05.26-03.18.40:864][605]LogModuleManager: Shutting down and abandoning module NiagaraAnimNotifies (102)
[2021.05.26-03.18.40:864][605]LogModuleManager: Shutting down and abandoning module Niagara (100)
[2021.05.26-03.18.40:864][605]LogModuleManager: Shutting down and abandoning module SignalProcessing (99)
[2021.05.26-03.18.40:865][605]LogModuleManager: Shutting down and abandoning module NiagaraCore (96)
[2021.05.26-03.18.40:865][605]LogModuleManager: Shutting down and abandoning module SignificanceManager (94)
[2021.05.26-03.18.40:865][605]LogModuleManager: Shutting down and abandoning module AkAudio (92)
[2021.05.26-03.18.40:865][605]LogModuleManager: Shutting down and abandoning module WindowsMoviePlayer (90)
[2021.05.26-03.18.40:866][605]LogModuleManager: Shutting down and abandoning module InsurgencyLoadingScreen (88)
[2021.05.26-03.18.40:866][605]LogModuleManager: Shutting down and abandoning module NetworkReplayStreaming (86)
[2021.05.26-03.18.40:867][605]LogModuleManager: Shutting down and abandoning module PacketHandler (84)
[2021.05.26-03.18.40:867][605]LogModuleManager: Shutting down and abandoning module ClothingSystemRuntimeNv (82)
[2021.05.26-03.18.40:867][605]LogModuleManager: Shutting down and abandoning module MediaAssets (80)
[2021.05.26-03.18.40:867][605]LogModuleManager: Shutting down and abandoning module Messaging (78)
[2021.05.26-03.18.40:868][605]LogModuleManager: Shutting down and abandoning module Networking (76)
[2021.05.26-03.18.40:868][605]LogModuleManager: Shutting down and abandoning module Core (74)
[2021.05.26-03.18.40:868][605]LogModuleManager: Shutting down and abandoning module Media (72)
[2021.05.26-03.18.40:869][605]LogModuleManager: Shutting down and abandoning module NullDrv (68)
[2021.05.26-03.18.40:869][605]LogModuleManager: Shutting down and abandoning module PhysXCooking (66)
[2021.05.26-03.18.40:869][605]LogModuleManager: Shutting down and abandoning module ChaosSolvers (64)
[2021.05.26-03.18.40:870][605]LogModuleManager: Shutting down and abandoning module FieldSystemEngine (63)
[2021.05.26-03.18.40:873][605]LogModuleManager: Shutting down and abandoning module Chaos (60)
[2021.05.26-03.18.40:874][605]LogModuleManager: Shutting down and abandoning module VariantManagerContent (57)
[2021.05.26-03.18.40:874][605]LogModuleManager: Shutting down and abandoning module AISupportModule (55)
[2021.05.26-03.18.40:874][605]LogModuleManager: Shutting down and abandoning module NiagaraVertexFactories (51)
[2021.05.26-03.18.40:875][605]LogModuleManager: Shutting down and abandoning module NiagaraShader (49)
[2021.05.26-03.18.40:876][605]LogModuleManager: Shutting down and abandoning module NVIDIAGfeSDK (47)
[2021.05.26-03.18.40:876][605]LogModuleManager: Shutting down and abandoning module Ansel (45)
[2021.05.26-03.18.40:877][605]LogModuleManager: Shutting down and abandoning module OnlineSubsystem (41)
[2021.05.26-03.18.40:877][605]LogOnline: Display: STEAM (NWI): OnlineSubsystemSteam::Shutdown()
[2021.05.26-03.18.40:878][605]LogOnline: STEAM (NWI): AUTH: Revoking all tickets.
[2021.05.26-03.18.40:985][605]LogOnline: Display: FOnlineSubsystemNWI::Shutdown()
[2021.05.26-03.18.40:985][605]LogOnline: Display: STEAM (NWI): OnlineSubsystemSteam::Shutdown()
[2021.05.26-03.18.40:986][605]LogOnline: FOnlineSubsystemNWIModule::ShutdownModule
[2021.05.26-03.18.40:987][605]LogOnline: Display: FOnlineSubsystemNWI::Shutdown()
[2021.05.26-03.18.40:988][605]LogModuleManager: Shutting down and abandoning module SteamShared (37)
[2021.05.26-03.18.40:988][605]LogSteamShared: Freeing the Steam Loaded Modules...
[2021.05.26-03.18.40:988][605]LogModuleManager: Shutting down and abandoning module HTTP (34)
[2021.05.26-03.18.41:005][605]LogModuleManager: Shutting down and abandoning module SSL (33)
[2021.05.26-03.18.41:005][605]LogModuleManager: Shutting down and abandoning module PlatformCryptoOpenSSL (29)
[2021.05.26-03.18.41:005][605]LogModuleManager: Shutting down and abandoning module PlatformCryptoTypes (27)
[2021.05.26-03.18.41:006][605]LogModuleManager: Shutting down and abandoning module PlatformCrypto (25)
[2021.05.26-03.18.41:006][605]LogModuleManager: Shutting down and abandoning module PythonScriptPluginPreload (23)
[2021.05.26-03.18.41:007][605]LogModuleManager: Shutting down and abandoning module RenderCore (21)
[2021.05.26-03.18.41:007][605]LogModuleManager: Shutting down and abandoning module Landscape (19)
[2021.05.26-03.18.41:008][605]LogModuleManager: Shutting down and abandoning module OpenGLDrv (17)
[2021.05.26-03.18.41:008][605]LogModuleManager: Shutting down and abandoning module AnimGraphRuntime (14)
[2021.05.26-03.18.41:008][605]LogModuleManager: Shutting down and abandoning module Renderer (12)
[2021.05.26-03.18.41:009][605]LogModuleManager: Shutting down and abandoning module Engine (10)
[2021.05.26-03.18.41:010][605]LogModuleManager: Shutting down and abandoning module CoreUObject (8)
[2021.05.26-03.18.41:010][605]LogModuleManager: Shutting down and abandoning module SandboxFile (6)
[2021.05.26-03.18.41:011][605]LogModuleManager: Shutting down and abandoning module PakFile (4)
[2021.05.26-03.18.41:018][605]LogModuleManager: Shutting down and abandoning module RSA (3)
[2021.05.26-03.18.41:019][605]LogExit: Exiting.
[2021.05.26-03.18.41:038][605]Log file closed, 05/25/21 23:18:41
