Log file open, 05/25/21 23:36:00
LogPakFile: Display: Found Pak file ../../../Insurgency/Content/Paks/pakchunk21-WindowsServer_0_P.pak attempting to mount.
LogPakFile: Display: Mounting pak file ../../../Insurgency/Content/Paks/pakchunk21-WindowsServer_0_P.pak.
LogPakFile: Display: Found Pak file ../../../Insurgency/Content/Paks/pakchunk21-WindowsServer.pak attempting to mount.
LogPakFile: Display: Mounting pak file ../../../Insurgency/Content/Paks/pakchunk21-WindowsServer.pak.
LogPakFile: Display: Found Pak file ../../../Insurgency/Content/Paks/pakchunk20-WindowsServer_0_P.pak attempting to mount.
LogPakFile: Display: Mounting pak file ../../../Insurgency/Content/Paks/pakchunk20-WindowsServer_0_P.pak.
LogPakFile: Display: Found Pak file ../../../Insurgency/Content/Paks/pakchunk20-WindowsServer.pak attempting to mount.
LogPakFile: Display: Mounting pak file ../../../Insurgency/Content/Paks/pakchunk20-WindowsServer.pak.
LogPakFile: Display: Found Pak file ../../../Insurgency/Content/Paks/pakchunk19-WindowsServer_0_P.pak attempting to mount.
LogPakFile: Display: Mounting pak file ../../../Insurgency/Content/Paks/pakchunk19-WindowsServer_0_P.pak.
LogPakFile: Display: Found Pak file ../../../Insurgency/Content/Paks/pakchunk19-WindowsServer.pak attempting to mount.
LogPakFile: Display: Mounting pak file ../../../Insurgency/Content/Paks/pakchunk19-WindowsServer.pak.
LogPakFile: Display: Found Pak file ../../../Insurgency/Content/Paks/pakchunk18-WindowsServer_0_P.pak attempting to mount.
LogPakFile: Display: Mounting pak file ../../../Insurgency/Content/Paks/pakchunk18-WindowsServer_0_P.pak.
LogPakFile: Display: Found Pak file ../../../Insurgency/Content/Paks/pakchunk18-WindowsServer.pak attempting to mount.
LogPakFile: Display: Mounting pak file ../../../Insurgency/Content/Paks/pakchunk18-WindowsServer.pak.
LogPakFile: Display: Found Pak file ../../../Insurgency/Content/Paks/pakchunk17-WindowsServer_0_P.pak attempting to mount.
LogPakFile: Display: Mounting pak file ../../../Insurgency/Content/Paks/pakchunk17-WindowsServer_0_P.pak.
LogPakFile: Display: Found Pak file ../../../Insurgency/Content/Paks/pakchunk17-WindowsServer.pak attempting to mount.
LogPakFile: Display: Mounting pak file ../../../Insurgency/Content/Paks/pakchunk17-WindowsServer.pak.
LogPakFile: Display: Found Pak file ../../../Insurgency/Content/Paks/pakchunk16-WindowsServer_0_P.pak attempting to mount.
LogPakFile: Display: Mounting pak file ../../../Insurgency/Content/Paks/pakchunk16-WindowsServer_0_P.pak.
LogPakFile: Display: Found Pak file ../../../Insurgency/Content/Paks/pakchunk16-WindowsServer.pak attempting to mount.
LogPakFile: Display: Mounting pak file ../../../Insurgency/Content/Paks/pakchunk16-WindowsServer.pak.
LogPakFile: Display: Found Pak file ../../../Insurgency/Content/Paks/pakchunk15-WindowsServer_0_P.pak attempting to mount.
LogPakFile: Display: Mounting pak file ../../../Insurgency/Content/Paks/pakchunk15-WindowsServer_0_P.pak.
LogPakFile: Display: Found Pak file ../../../Insurgency/Content/Paks/pakchunk15-WindowsServer.pak attempting to mount.
LogPakFile: Display: Mounting pak file ../../../Insurgency/Content/Paks/pakchunk15-WindowsServer.pak.
LogPakFile: Display: Found Pak file ../../../Insurgency/Content/Paks/pakchunk14-WindowsServer_0_P.pak attempting to mount.
LogPakFile: Display: Mounting pak file ../../../Insurgency/Content/Paks/pakchunk14-WindowsServer_0_P.pak.
LogPakFile: Display: Found Pak file ../../../Insurgency/Content/Paks/pakchunk14-WindowsServer.pak attempting to mount.
LogPakFile: Display: Mounting pak file ../../../Insurgency/Content/Paks/pakchunk14-WindowsServer.pak.
LogPakFile: Display: Found Pak file ../../../Insurgency/Content/Paks/pakchunk13-WindowsServer_0_P.pak attempting to mount.
LogPakFile: Display: Mounting pak file ../../../Insurgency/Content/Paks/pakchunk13-WindowsServer_0_P.pak.
LogPakFile: Display: Found Pak file ../../../Insurgency/Content/Paks/pakchunk13-WindowsServer.pak attempting to mount.
LogPakFile: Display: Mounting pak file ../../../Insurgency/Content/Paks/pakchunk13-WindowsServer.pak.
LogPakFile: Display: Found Pak file ../../../Insurgency/Content/Paks/pakchunk12-WindowsServer_0_P.pak attempting to mount.
LogPakFile: Display: Mounting pak file ../../../Insurgency/Content/Paks/pakchunk12-WindowsServer_0_P.pak.
LogPakFile: Display: Found Pak file ../../../Insurgency/Content/Paks/pakchunk12-WindowsServer.pak attempting to mount.
LogPakFile: Display: Mounting pak file ../../../Insurgency/Content/Paks/pakchunk12-WindowsServer.pak.
LogPakFile: Display: Found Pak file ../../../Insurgency/Content/Paks/pakchunk11-WindowsServer_0_P.pak attempting to mount.
LogPakFile: Display: Mounting pak file ../../../Insurgency/Content/Paks/pakchunk11-WindowsServer_0_P.pak.
LogPakFile: Display: Found Pak file ../../../Insurgency/Content/Paks/pakchunk11-WindowsServer.pak attempting to mount.
LogPakFile: Display: Mounting pak file ../../../Insurgency/Content/Paks/pakchunk11-WindowsServer.pak.
LogPakFile: Display: Found Pak file ../../../Insurgency/Content/Paks/pakchunk10-WindowsServer_0_P.pak attempting to mount.
LogPakFile: Display: Mounting pak file ../../../Insurgency/Content/Paks/pakchunk10-WindowsServer_0_P.pak.
LogPakFile: Display: Found Pak file ../../../Insurgency/Content/Paks/pakchunk10-WindowsServer.pak attempting to mount.
LogPakFile: Display: Mounting pak file ../../../Insurgency/Content/Paks/pakchunk10-WindowsServer.pak.
LogPakFile: Display: Found Pak file ../../../Insurgency/Content/Paks/pakchunk0-WindowsServer_0_P.pak attempting to mount.
LogPakFile: Display: Mounting pak file ../../../Insurgency/Content/Paks/pakchunk0-WindowsServer_0_P.pak.
LogPakFile: Display: Found Pak file ../../../Insurgency/Content/Paks/pakchunk0-WindowsServer.pak attempting to mount.
LogPakFile: Display: Mounting pak file ../../../Insurgency/Content/Paks/pakchunk0-WindowsServer.pak.
LogPlatformFile: Not using cached read wrapper
LogTaskGraph: Started task graph with 4 named threads and 8 total threads with 1 sets of task threads.
LogModuleManager: Warning: ModuleManager: Module 'D3D11RHI' not found - its StaticallyLinkedModuleInitializers function is null.
LogICUInternationalization: ICU TimeZone Detection - Raw Offset: -5:00, Platform Override: ''
LogPluginManager: Mounting plugin Wwise
LogPluginManager: Mounting plugin MatineeToLevelSequence
LogPluginManager: Mounting plugin TemplateSequence
LogPluginManager: Mounting plugin LevelSequenceEditor
LogPluginManager: Mounting plugin OnlineSubsystemSteamNWI
LogPluginManager: Mounting plugin OnlineSubsystem
LogPluginManager: Mounting plugin OnlineSubsystemUtils
LogPluginManager: Mounting plugin SteamShared
LogPluginManager: Mounting plugin Ansel
LogPluginManager: Mounting plugin NVIDIAGfeSDK
LogPluginManager: Mounting plugin OnlineFramework
LogPluginManager: Mounting plugin MediaPlayerEditor
LogPluginManager: Mounting plugin WmfMedia
LogPluginManager: Mounting plugin OnlineSubsystemNWI
LogPluginManager: Mounting plugin SignificanceManager
LogPluginManager: Mounting plugin Niagara
LogPluginManager: Mounting plugin ReplicationGraph
LogPluginManager: Mounting plugin EditorScriptingUtilities
LogPluginManager: Mounting plugin Gauntlet
LogPluginManager: Mounting plugin BlueprintStats
LogPluginManager: Mounting plugin InsurgencyEditor
LogPluginManager: Mounting plugin PluginBrowser
LogPluginManager: Mounting plugin ModKit
LogPluginManager: Mounting plugin HttpExtensions
LogPluginManager: Mounting plugin ZipUtilities
LogPluginManager: Mounting plugin AnimationBudgetAllocator
LogPluginManager: Mounting plugin InsurgencyUnitTests
LogPluginManager: Mounting plugin DataValidation
LogPluginManager: Mounting plugin RenderDocPlugin
LogPluginManager: Mounting plugin TraceDataFilters
LogPluginManager: Mounting plugin TraceSourceFilters
LogPluginManager: Mounting plugin GameplayInsights
LogPluginManager: Mounting plugin TcpMessaging
LogPluginManager: Mounting plugin StatsCollector
LogPluginManager: Mounting plugin OnlineSubsystemEOS
LogPluginManager: Mounting plugin VivoxCore
LogPluginManager: Mounting plugin MfMedia
LogPluginManager: Mounting plugin PythonScriptPlugin
LogPluginManager: Mounting plugin ControlRig
LogPluginManager: Mounting plugin NativizedAssets
LogPluginManager: Mounting plugin PhysXVehicles
LogPluginManager: Mounting plugin GameStats
LogPluginManager: Mounting plugin SlackFeedback
LogPluginManager: Mounting plugin InsurgencyGameplayDebugger
LogPluginManager: Mounting plugin ConsoleCertificationRequirements
LogPluginManager: Mounting plugin DiscordRpc
LogPluginManager: Mounting plugin EasyAntiCheat
LogPluginManager: Mounting plugin CryptoUtilities
LogPluginManager: Mounting plugin Holidays
LogPluginManager: Mounting plugin UMGExtensions
LogPluginManager: Mounting plugin RconSandstorm
LogPluginManager: Mounting plugin Rcon
LogPluginManager: Mounting plugin AISupport
LogPluginManager: Mounting plugin LightPropagationVolume
LogPluginManager: Mounting plugin AnimationSharing
LogPluginManager: Mounting plugin AssetManagerEditor
LogPluginManager: Mounting plugin FacialAnimation
LogPluginManager: Mounting plugin GeometryMode
LogPluginManager: Mounting plugin VariantManagerContent
LogPluginManager: Mounting plugin AutomationUtils
LogPluginManager: Mounting plugin ScreenshotTools
LogPluginManager: Mounting plugin ChaosClothEditor
LogPluginManager: Mounting plugin ChaosCloth
LogPluginManager: Mounting plugin ChaosEditor
LogPluginManager: Mounting plugin PlanarCut
LogPluginManager: Mounting plugin GeometryProcessing
LogPluginManager: Mounting plugin EditableMesh
LogPluginManager: Mounting plugin GeometryCollectionPlugin
LogPluginManager: Mounting plugin ProceduralMeshComponent
LogPluginManager: Mounting plugin ChaosSolverPlugin
LogPluginManager: Mounting plugin ChaosNiagara
LogPluginManager: Mounting plugin CharacterAI
LogPluginManager: Mounting plugin PlatformCrypto
LogPluginManager: Mounting plugin MagicLeapPassableWorld
LogPluginManager: Mounting plugin MeshPainting
LogPluginManager: Mounting plugin UdpMessaging
LogPluginManager: Mounting plugin ActorSequence
LogPluginManager: Mounting plugin MovieRenderPipeline
LogPluginManager: Mounting plugin NetcodeUnitTest
LogPluginManager: Mounting plugin OnlineSubsystemNull
LogPluginManager: Mounting plugin AssetTags
LogPluginManager: Mounting plugin GooglePAD
LogPluginManager: Mounting plugin RuntimePhysXCooking
LogPluginManager: Mounting plugin SoundFields
LogPluginManager: Mounting plugin Synthesis
LogPluginManager: Mounting plugin WindowsMoviePlayer
LogPluginManager: Mounting plugin ExampleContent
LogPluginManager: Mounting plugin NWI_Infected
LogInit: Using libcurl 7.55.1-DEV
LogInit:  - built for x86_64-pc-win32
LogInit:  - supports SSL with OpenSSL/1.1.1
LogInit:  - supports HTTP deflate (compression) using libz 1.2.8
LogInit:  - other features:
LogInit:      CURL_VERSION_SSL
LogInit:      CURL_VERSION_LIBZ
LogInit:      CURL_VERSION_IPV6
LogInit:      CURL_VERSION_ASYNCHDNS
LogInit:      CURL_VERSION_LARGEFILE
LogInit:      CURL_VERSION_IDN
LogInit:  CurlRequestOptions (configurable via config and command line):
LogInit:  - bVerifyPeer = true  - Libcurl will verify peer certificate
LogInit:  - bUseHttpProxy = false  - Libcurl will NOT use HTTP proxy
LogInit:  - bDontReuseConnections = false  - Libcurl will reuse connections
LogInit:  - MaxHostConnections = 16  - Libcurl will limit the number of connections to a host
LogInit:  - LocalHostAddr = Default
LogInit:  - BufferSize = 65536
LogSteamShared: Display: Loading Steam SDK 1.47
LogSteamShared: Steam SDK Loaded!
LogOnline: OSS: Creating online subsystem instance for: SteamNWI
LogOnline: Display: STEAM (NWI): Steam: Starting SteamWorks. Client [0] Server [1]
LogOnline: STEAM (NWI): [AppId: 581320] Game Server API initialized 1
LogOnline: STEAM (NWI): Missing P2PCleanupTimeout key in OnlineSubsystemSteam of DefaultEngine.ini, using default
LogInit: WinSock: version 1.1 (2.2), MaxSocks=32767, MaxUdp=65467
LogOnline: STEAM (NWI): AUTH: Steam Auth Enabled
LogOnline: STEAM (NWI): Initializing voice subsystem.
LogOnline: OSS: TryLoadSubsystemAndSetDefault: Loaded subsystem for module [SteamNWI]
LogAnsel: Tried to load ../../../Engine/Plugins/Runtime/Nvidia/Ansel/Binaries/ThirdParty/AnselSDK64.dll : success=1
LogTemp: Using NVIDIAGfeSDKPlugin version 1.0.0
LogOnline: Error: OSS: FOnlineSubsystemEOS::DeferredInit() failed to find artifact settings object for artifact ()
LogInit: Build: ++sandstorm+release-1.10.0-CL-152892
LogInit: Engine Version: 4.25.4-152892+++sandstorm+release-1.10.0
LogInit: Compatible Engine Version: 4.25.4-152892+++sandstorm+release-1.10.0
LogInit: Net CL: 152892
LogInit: OS: Windows 10 (Release 2004) (), CPU: Intel(R) Core(TM) i7-8550U CPU @ 1.80GHz, GPU: Intel(R) UHD Graphics 620
LogInit: Compiled (64-bit): May 20 2021 00:59:20
LogInit: Compiled with Visual C++: 19.27.29112.00
LogInit: Build Configuration: Shipping
LogInit: Branch Name: ++sandstorm+release-1.10.0
LogInit: Command Line:  Oilfield?Scenario=Scenario_Refinery_Checkpoint_Security?MaxPlayers=2 -Port=27102 -QueryPort=27131 -log -hostname=GrumTestΓÇ¥
LogInit: Base Directory: C:/Users/Matt/Downloads/steamcmd/steamapps/common/sandstorm_server/Insurgency/Binaries/Win64/
LogInit: Allocator: binned2
LogInit: Installed Engine Build: 0
LogInit: Presizing for max 2097152 objects, including 130000 objects not considered by GC, pre-allocating 32000000 bytes for permanent pool.
LogConfig: Applying CVar settings from Section [/Script/Engine.StreamingSettings] File [../../../Insurgency/Saved/Config/WindowsServer/Engine.ini]
LogConfig: Setting CVar [[s.MinBulkDataSizeForAsyncLoading:131072]]
LogConfig: Setting CVar [[s.AsyncLoadingThreadEnabled:1]]
LogConfig: Setting CVar [[s.EventDrivenLoaderEnabled:1]]
LogConfig: Setting CVar [[s.WarnIfTimeLimitExceeded:0]]
LogConfig: Setting CVar [[s.TimeLimitExceededMultiplier:1.5]]
LogConfig: Setting CVar [[s.TimeLimitExceededMinTime:0.005]]
LogConfig: Setting CVar [[s.UseBackgroundLevelStreaming:1]]
LogConfig: Setting CVar [[s.PriorityAsyncLoadingExtraTime:15.0]]
LogConfig: Setting CVar [[s.LevelStreamingActorsUpdateTimeLimit:5.0]]
LogConfig: Setting CVar [[s.PriorityLevelStreamingActorsUpdateExtraTime:5.0]]
LogConfig: Setting CVar [[s.LevelStreamingComponentsRegistrationGranularity:10]]
LogConfig: Setting CVar [[s.UnregisterComponentsTimeLimit:1.0]]
LogConfig: Setting CVar [[s.LevelStreamingComponentsUnregistrationGranularity:5]]
LogConfig: Setting CVar [[s.FlushStreamingOnExit:1]]
LogStreaming: Display: Async Loading initialized: Event Driven Loader: true, Async Loading Thread: false, Async Post Load: false
LogInit: Object subsystem initialized
LogConfig: Setting CVar [[net.PingExcludeFrameTime:1]]
LogConfig: Setting CVar [[net.UseAdaptiveNetUpdateFrequency:0]]
LogConfig: Setting CVar [[demo.RecordHz:20]]
LogConfig: Setting CVar [[r.HZBOcclusion:0]]
LogConfig: Setting CVar [[r.RenderTargetPoolMin:450]]
LogConfig: Setting CVar [[r.EyeAdaptation.BlackHistogramBucketInfluence:1]]
LogConfig: Setting CVar [[net.AllowAsyncLoading:1]]
LogConfig: Setting CVar [[net.AllowEncryption:1]]
LogConfig: Setting CVar [[t.FPSChart.ExcludeIdleTime:1]]
LogConfig: Setting CVar [[r.setres:1280x720]]
LogConfig: Setting CVar [[fx.NiagaraAllowRuntimeScalabilityChanges:1]]
[2021.05.26-03.36.01:084][  0]LogConfig: Setting CVar [[net.PingExcludeFrameTime:1]]
[2021.05.26-03.36.01:084][  0]LogConfig: Setting CVar [[net.UseAdaptiveNetUpdateFrequency:0]]
[2021.05.26-03.36.01:085][  0]LogConfig: Setting CVar [[demo.RecordHz:20]]
[2021.05.26-03.36.01:085][  0]LogConfig: Setting CVar [[r.HZBOcclusion:0]]
[2021.05.26-03.36.01:086][  0]LogConfig: Setting CVar [[r.RenderTargetPoolMin:450]]
[2021.05.26-03.36.01:087][  0]LogConfig: Setting CVar [[r.EyeAdaptation.BlackHistogramBucketInfluence:1]]
[2021.05.26-03.36.01:087][  0]LogConfig: Setting CVar [[net.AllowAsyncLoading:1]]
[2021.05.26-03.36.01:087][  0]LogConfig: Setting CVar [[net.AllowEncryption:1]]
[2021.05.26-03.36.01:094][  0]LogConfig: Setting CVar [[t.FPSChart.ExcludeIdleTime:1]]
[2021.05.26-03.36.01:097][  0]LogConfig: Setting CVar [[r.setres:1280x720]]
[2021.05.26-03.36.01:099][  0]LogConfig: Setting CVar [[fx.NiagaraAllowRuntimeScalabilityChanges:1]]
[2021.05.26-03.36.01:100][  0]LogConfig: Applying CVar settings from Section [/Script/Engine.RendererSettings] File [../../../Insurgency/Saved/Config/WindowsServer/Engine.ini]
[2021.05.26-03.36.01:100][  0]LogConfig: Setting CVar [[r.GPUCrashDebugging:0]]
[2021.05.26-03.36.01:100][  0]LogConfig: Setting CVar [[r.MobileHDR:0]]
[2021.05.26-03.36.01:101][  0]LogConfig: Setting CVar [[r.MobileNumDynamicPointLights:4]]
[2021.05.26-03.36.01:102][  0]LogConfig: Setting CVar [[r.MobileDynamicPointLightsUseStaticBranch:1]]
[2021.05.26-03.36.01:103][  0]LogConfig: Setting CVar [[r.AllowOcclusionQueries:1]]
[2021.05.26-03.36.01:104][  0]LogConfig: Setting CVar [[r.MinScreenRadiusForLights:0.030000]]
[2021.05.26-03.36.01:105][  0]LogConfig: Setting CVar [[r.MinScreenRadiusForDepthPrepass:0.030000]]
[2021.05.26-03.36.01:107][  0]LogConfig: Setting CVar [[r.PrecomputedVisibilityWarning:0]]
[2021.05.26-03.36.01:107][  0]LogConfig: Setting CVar [[r.TextureStreaming:1]]
[2021.05.26-03.36.01:107][  0]LogConfig: Setting CVar [[Compat.UseDXT5NormalMaps:0]]
[2021.05.26-03.36.01:108][  0]LogConfig: Setting CVar [[r.AllowStaticLighting:1]]
[2021.05.26-03.36.01:108][  0]LogConfig: Setting CVar [[r.NormalMapsForStaticLighting:0]]
[2021.05.26-03.36.01:108][  0]LogConfig: Setting CVar [[r.GenerateMeshDistanceFields:0]]
[2021.05.26-03.36.01:109][  0]LogConfig: Setting CVar [[r.GenerateLandscapeGIData:1]]
[2021.05.26-03.36.01:111][  0]LogConfig: Setting CVar [[r.SeparateTranslucency:1]]
[2021.05.26-03.36.01:112][  0]LogConfig: Setting CVar [[r.TranslucentSortPolicy:0]]
[2021.05.26-03.36.01:112][  0]LogConfig: Setting CVar [[r.CustomDepth:3]]
[2021.05.26-03.36.01:112][  0]LogConfig: Setting CVar [[r.DefaultFeature.Bloom:1]]
[2021.05.26-03.36.01:113][  0]LogConfig: Setting CVar [[r.DefaultFeature.AmbientOcclusion:1]]
[2021.05.26-03.36.01:113][  0]LogConfig: Setting CVar [[r.DefaultFeature.AmbientOcclusionStaticFraction:1]]
[2021.05.26-03.36.01:114][  0]LogConfig: Setting CVar [[r.DefaultFeature.AutoExposure:1]]
[2021.05.26-03.36.01:114][  0]LogConfig: Setting CVar [[r.DefaultFeature.MotionBlur:0]]
[2021.05.26-03.36.01:114][  0]LogConfig: Setting CVar [[r.DefaultFeature.LensFlare:0]]
[2021.05.26-03.36.01:115][  0]LogConfig: Setting CVar [[r.DefaultFeature.AntiAliasing:2]]
[2021.05.26-03.36.01:115][  0]LogConfig: Setting CVar [[r.EarlyZPass:2]]
[2021.05.26-03.36.01:115][  0]LogConfig: Setting CVar [[r.DBuffer:1]]
[2021.05.26-03.36.01:116][  0]LogConfig: Setting CVar [[r.ClearSceneMethod:1]]
[2021.05.26-03.36.01:116][  0]LogConfig: Setting CVar [[r.BasePassOutputsVelocity:1]]
[2021.05.26-03.36.01:116][  0]LogConfig: Setting CVar [[r.WireframeCullThreshold:5.000000]]
[2021.05.26-03.36.01:117][  0]LogConfig: Setting CVar [[r.SupportLowQualityLightmaps:0]]
[2021.05.26-03.36.01:117][  0]LogConfig: Setting CVar [[r.Shadow.UnbuiltPreviewInGame:0]]
[2021.05.26-03.36.01:117][  0]LogConfig: Setting CVar [[r.EarlyZPassOnlyMaterialMasking:1]]
[2021.05.26-03.36.01:118][  0]LogConfig: Setting CVar [[r.DefaultFeature.LightUnits:0]]
[2021.05.26-03.36.01:119][  0]LogConfig: Setting CVar [[r.DefaultFeature.AutoExposure.Bias:0.000000]]
[2021.05.26-03.36.01:121][  0]LogConfig: Setting CVar [[r.DefaultFeature.AutoExposure.ExtendDefaultLuminanceRange:0]]
[2021.05.26-03.36.01:122][  0]LogConfig: Applying CVar settings from Section [/Script/Engine.RendererOverrideSettings] File [../../../Insurgency/Saved/Config/WindowsServer/Engine.ini]
[2021.05.26-03.36.01:123][  0]LogConfig: Applying CVar settings from Section [/Script/Engine.StreamingSettings] File [../../../Insurgency/Saved/Config/WindowsServer/Engine.ini]
[2021.05.26-03.36.01:124][  0]LogConfig: Setting CVar [[s.MinBulkDataSizeForAsyncLoading:131072]]
[2021.05.26-03.36.01:125][  0]LogConfig: Setting CVar [[s.AsyncLoadingThreadEnabled:1]]
[2021.05.26-03.36.01:130][  0]LogConfig: Setting CVar [[s.EventDrivenLoaderEnabled:1]]
[2021.05.26-03.36.01:131][  0]LogConfig: Setting CVar [[s.WarnIfTimeLimitExceeded:0]]
[2021.05.26-03.36.01:132][  0]LogConfig: Setting CVar [[s.TimeLimitExceededMultiplier:1.5]]
[2021.05.26-03.36.01:132][  0]LogConfig: Setting CVar [[s.TimeLimitExceededMinTime:0.005]]
[2021.05.26-03.36.01:133][  0]LogConfig: Setting CVar [[s.UseBackgroundLevelStreaming:1]]
[2021.05.26-03.36.01:133][  0]LogConfig: Setting CVar [[s.PriorityAsyncLoadingExtraTime:15.0]]
[2021.05.26-03.36.01:133][  0]LogConfig: Setting CVar [[s.LevelStreamingActorsUpdateTimeLimit:5.0]]
[2021.05.26-03.36.01:134][  0]LogConfig: Setting CVar [[s.PriorityLevelStreamingActorsUpdateExtraTime:5.0]]
[2021.05.26-03.36.01:134][  0]LogConfig: Setting CVar [[s.LevelStreamingComponentsRegistrationGranularity:10]]
[2021.05.26-03.36.01:134][  0]LogConfig: Setting CVar [[s.UnregisterComponentsTimeLimit:1.0]]
[2021.05.26-03.36.01:136][  0]LogConfig: Setting CVar [[s.LevelStreamingComponentsUnregistrationGranularity:5]]
[2021.05.26-03.36.01:138][  0]LogConfig: Setting CVar [[s.FlushStreamingOnExit:1]]
[2021.05.26-03.36.01:139][  0]LogConfig: Applying CVar settings from Section [/Script/Engine.GarbageCollectionSettings] File [../../../Insurgency/Saved/Config/WindowsServer/Engine.ini]
[2021.05.26-03.36.01:140][  0]LogConfig: Setting CVar [[gc.MaxObjectsNotConsideredByGC:130000]]
[2021.05.26-03.36.01:142][  0]LogConfig: Setting CVar [[gc.SizeOfPermanentObjectPool:32000000]]
[2021.05.26-03.36.01:143][  0]LogConfig: Setting CVar [[gc.FlushStreamingOnGC:0]]
[2021.05.26-03.36.01:143][  0]LogConfig: Setting CVar [[gc.NumRetriesBeforeForcingGC:10]]
[2021.05.26-03.36.01:145][  0]LogConfig: Setting CVar [[gc.AllowParallelGC:1]]
[2021.05.26-03.36.01:145][  0]LogConfig: Setting CVar [[gc.TimeBetweenPurgingPendingKillObjects:61.1]]
[2021.05.26-03.36.01:145][  0]LogConfig: Setting CVar [[gc.MaxObjectsInEditor:25165824]]
[2021.05.26-03.36.01:146][  0]LogConfig: Setting CVar [[gc.IncrementalBeginDestroyEnabled:1]]
[2021.05.26-03.36.01:146][  0]LogConfig: Setting CVar [[gc.CreateGCClusters:1]]
[2021.05.26-03.36.01:147][  0]LogConfig: Setting CVar [[gc.MinGCClusterSize:5]]
[2021.05.26-03.36.01:147][  0]LogConfig: Setting CVar [[gc.ActorClusteringEnabled:1]]
[2021.05.26-03.36.01:147][  0]LogConfig: Setting CVar [[gc.BlueprintClusteringEnabled:1]]
[2021.05.26-03.36.01:148][  0]LogConfig: Setting CVar [[gc.UseDisregardForGCOnDedicatedServers:0]]
[2021.05.26-03.36.01:148][  0]LogConfig: Applying CVar settings from Section [/Script/Engine.NetworkSettings] File [../../../Insurgency/Saved/Config/WindowsServer/Engine.ini]
[2021.05.26-03.36.01:148][  0]LogConfig: Applying CVar settings from Section [ViewDistanceQuality@3] File [../../../Insurgency/Saved/Config/WindowsServer/Scalability.ini]
[2021.05.26-03.36.01:148][  0]LogConfig: Setting CVar [[r.SkeletalMeshLODBias:0]]
[2021.05.26-03.36.01:149][  0]LogConfig: Setting CVar [[r.ViewDistanceScale:1.0]]
[2021.05.26-03.36.01:149][  0]LogConfig: Setting CVar [[r.SkeletalMeshLODRadiusScale:1]]
[2021.05.26-03.36.01:149][  0]LogConfig: Setting CVar [[r.LandscapeLODBias:0]]
[2021.05.26-03.36.01:149][  0]LogConfig: Setting CVar [[r.ViewDistanceScale.FieldOfViewAffectsHLOD:1]]
[2021.05.26-03.36.01:150][  0]LogConfig: Setting CVar [[r.ViewDistanceScale.FieldOfViewMinAngleScale:5]]
[2021.05.26-03.36.01:150][  0]LogConfig: Setting CVar [[r.ViewDistanceScale.FieldOfViewMinAngle:15]]
[2021.05.26-03.36.01:151][  0]LogConfig: Setting CVar [[r.ViewDistanceScale.FieldOfViewMaxAngleScale:1]]
[2021.05.26-03.36.01:152][  0]LogConfig: Setting CVar [[r.ViewDistanceScale.FieldOfViewMaxAngle:65]]
[2021.05.26-03.36.01:153][  0]LogConfig: Applying CVar settings from Section [AntiAliasingQuality@5] File [../../../Insurgency/Saved/Config/WindowsServer/Scalability.ini]
[2021.05.26-03.36.01:154][  0]LogConfig: Setting CVar [[r.PostProcessAAQuality:5]]
[2021.05.26-03.36.01:156][  0]LogConfig: Setting CVar [[r.SMAA.Temporal:0]]
[2021.05.26-03.36.01:159][  0]LogConfig: Applying CVar settings from Section [ShadowQuality@3] File [../../../Insurgency/Saved/Config/WindowsServer/Scalability.ini]
[2021.05.26-03.36.01:160][  0]LogConfig: Setting CVar [[r.LightFunctionQuality:1]]
[2021.05.26-03.36.01:160][  0]LogConfig: Setting CVar [[r.ShadowQuality:5]]
[2021.05.26-03.36.01:161][  0]LogConfig: Setting CVar [[r.Shadow.CSM.MaxCascades:2]]
[2021.05.26-03.36.01:163][  0]LogConfig: Setting CVar [[r.Shadow.MaxResolution:2048]]
[2021.05.26-03.36.01:163][  0]LogConfig: Setting CVar [[r.Shadow.MaxCSMResolution:2048]]
[2021.05.26-03.36.01:164][  0]LogConfig: Setting CVar [[r.Shadow.RadiusThreshold:0.01]]
[2021.05.26-03.36.01:164][  0]LogConfig: Setting CVar [[r.Shadow.DistanceScale:1.0]]
[2021.05.26-03.36.01:164][  0]LogConfig: Setting CVar [[r.Shadow.CSM.TransitionScale:1.0]]
[2021.05.26-03.36.01:164][  0]LogConfig: Setting CVar [[r.Shadow.PreShadowResolutionFactor:1.0]]
[2021.05.26-03.36.01:165][  0]LogConfig: Setting CVar [[r.DistanceFieldShadowing:0]]
[2021.05.26-03.36.01:165][  0]LogConfig: Setting CVar [[r.DistanceFieldAO:0]]
[2021.05.26-03.36.01:166][  0]LogConfig: Setting CVar [[r.AOQuality:2]]
[2021.05.26-03.36.01:169][  0]LogConfig: Setting CVar [[r.VolumetricFog:1]]
[2021.05.26-03.36.01:170][  0]LogConfig: Setting CVar [[r.VolumetricFog.GridPixelSize:8]]
[2021.05.26-03.36.01:172][  0]LogConfig: Setting CVar [[r.VolumetricFog.GridSizeZ:128]]
[2021.05.26-03.36.01:176][  0]LogConfig: Setting CVar [[r.VolumetricFog.HistoryMissSupersampleCount:4]]
[2021.05.26-03.36.01:177][  0]LogConfig: Setting CVar [[r.LightMaxDrawDistanceScale:1]]
[2021.05.26-03.36.01:177][  0]LogConfig: Setting CVar [[r.CapsuleShadows:1]]
[2021.05.26-03.36.01:178][  0]LogConfig: Setting CVar [[r.Shadow.ForceSingleSampleShadowingFromStationary:1]]
[2021.05.26-03.36.01:178][  0]LogConfig: Setting CVar [[r.CapsuleShadowsCharacter:1]]
[2021.05.26-03.36.01:179][  0]LogConfig: Setting CVar [[r.ContactShadows:1]]
[2021.05.26-03.36.01:179][  0]LogConfig: Applying CVar settings from Section [PostProcessQuality@3] File [../../../Insurgency/Saved/Config/WindowsServer/Scalability.ini]
[2021.05.26-03.36.01:180][  0]LogConfig: Setting CVar [[r.MotionBlurQuality:4]]
[2021.05.26-03.36.01:180][  0]LogConfig: Setting CVar [[r.AmbientOcclusionMipLevelFactor:0.4]]
[2021.05.26-03.36.01:180][  0]LogConfig: Setting CVar [[r.AmbientOcclusionMaxQuality:100]]
[2021.05.26-03.36.01:181][  0]LogConfig: Setting CVar [[r.AmbientOcclusionLevels:-1]]
[2021.05.26-03.36.01:181][  0]LogConfig: Setting CVar [[r.AmbientOcclusionRadiusScale:1.0]]
[2021.05.26-03.36.01:181][  0]LogConfig: Setting CVar [[r.DepthOfFieldQuality:2]]
[2021.05.26-03.36.01:182][  0]LogConfig: Setting CVar [[r.RenderTargetPoolMin:400]]
[2021.05.26-03.36.01:182][  0]LogConfig: Setting CVar [[r.LensFlareQuality:2]]
[2021.05.26-03.36.01:182][  0]LogConfig: Setting CVar [[r.SceneColorFringeQuality:1]]
[2021.05.26-03.36.01:182][  0]LogConfig: Setting CVar [[r.EyeAdaptationQuality:2]]
[2021.05.26-03.36.01:183][  0]LogConfig: Setting CVar [[r.BloomQuality:5]]
[2021.05.26-03.36.01:183][  0]LogConfig: Setting CVar [[r.FastBlurThreshold:100]]
[2021.05.26-03.36.01:184][  0]LogConfig: Setting CVar [[r.Upscale.Quality:3]]
[2021.05.26-03.36.01:185][  0]LogConfig: Setting CVar [[r.Tonemapper.GrainQuantization:1]]
[2021.05.26-03.36.01:192][  0]LogConfig: Setting CVar [[r.LightShaftQuality:1]]
[2021.05.26-03.36.01:192][  0]LogConfig: Setting CVar [[r.Filter.SizeScale:1]]
[2021.05.26-03.36.01:192][  0]LogConfig: Setting CVar [[r.Tonemapper.Quality:5]]
[2021.05.26-03.36.01:193][  0]LogConfig: Setting CVar [[r.DOF.Gather.AccumulatorQuality:1        ; higher gathering accumulator quality]]
[2021.05.26-03.36.01:193][  0]LogConfig: Setting CVar [[r.DOF.Gather.PostfilterMethod:1          ; Median3x3 postfilering method]]
[2021.05.26-03.36.01:196][  0]LogConfig: Setting CVar [[r.DOF.Gather.EnableBokehSettings:0       ; no bokeh simulation when gathering]]
[2021.05.26-03.36.01:196][  0]LogConfig: Setting CVar [[r.DOF.Gather.RingCount:4                 ; medium number of samples when gathering]]
[2021.05.26-03.36.01:196][  0]LogConfig: Setting CVar [[r.DOF.Scatter.ForegroundCompositing:1    ; additive foreground scattering]]
[2021.05.26-03.36.01:197][  0]LogConfig: Setting CVar [[r.DOF.Scatter.BackgroundCompositing:2    ; additive background scattering]]
[2021.05.26-03.36.01:197][  0]LogConfig: Setting CVar [[r.DOF.Scatter.EnableBokehSettings:1      ; bokeh simulation when scattering]]
[2021.05.26-03.36.01:197][  0]LogConfig: Setting CVar [[r.DOF.Scatter.MaxSpriteRatio:0.1         ; only a maximum of 10% of scattered bokeh]]
[2021.05.26-03.36.01:197][  0]LogConfig: Setting CVar [[r.DOF.Recombine.Quality:1                ; cheap slight out of focus]]
[2021.05.26-03.36.01:198][  0]LogConfig: Setting CVar [[r.DOF.Recombine.EnableBokehSettings:0    ; no bokeh simulation on slight out of focus]]
[2021.05.26-03.36.01:198][  0]LogConfig: Setting CVar [[r.DOF.TemporalAAQuality:1                ; more stable temporal accumulation]]
[2021.05.26-03.36.01:198][  0]LogConfig: Setting CVar [[r.DOF.Kernel.MaxForegroundRadius:0.025]]
[2021.05.26-03.36.01:199][  0]LogConfig: Setting CVar [[r.DOF.Kernel.MaxBackgroundRadius:0.025]]
[2021.05.26-03.36.01:199][  0]LogConfig: Applying CVar settings from Section [TextureQuality@3] File [../../../Insurgency/Saved/Config/WindowsServer/Scalability.ini]
[2021.05.26-03.36.01:199][  0]LogConfig: Setting CVar [[r.Streaming.MipBias:0]]
[2021.05.26-03.36.01:199][  0]LogConfig: Setting CVar [[r.Streaming.AmortizeCPUToGPUCopy:0]]
[2021.05.26-03.36.01:200][  0]LogConfig: Setting CVar [[r.Streaming.MaxNumTexturesToStreamPerFrame:0]]
[2021.05.26-03.36.01:200][  0]LogConfig: Setting CVar [[r.Streaming.Boost:1.0]]
[2021.05.26-03.36.01:200][  0]LogConfig: Setting CVar [[r.MaxAnisotropy:16]]
[2021.05.26-03.36.01:200][  0]LogConfig: Setting CVar [[r.VT.MaxAnisotropy:8]]
[2021.05.26-03.36.01:201][  0]LogConfig: Setting CVar [[r.Streaming.LimitPoolSizeToVRAM:1]]
[2021.05.26-03.36.01:201][  0]LogConfig: Setting CVar [[r.Streaming.PoolSize:1000]]
[2021.05.26-03.36.01:202][  0]LogConfig: Setting CVar [[r.Streaming.MaxEffectiveScreenSize:0]]
[2021.05.26-03.36.01:210][  0]LogConfig: Setting CVar [[r.SlavePlayerCamera:1]]
[2021.05.26-03.36.01:210][  0]LogConfig: Setting CVar [[r.SlavePlayerCameraSpectator:0]]
[2021.05.26-03.36.01:210][  0]LogConfig: Applying CVar settings from Section [EffectsQuality@3] File [../../../Insurgency/Saved/Config/WindowsServer/Scalability.ini]
[2021.05.26-03.36.01:211][  0]LogConfig: Setting CVar [[r.TranslucencyLightingVolumeDim:64]]
[2021.05.26-03.36.01:211][  0]LogConfig: Setting CVar [[r.RefractionQuality:2]]
[2021.05.26-03.36.01:212][  0]LogConfig: Setting CVar [[r.SSR.Quality:3]]
[2021.05.26-03.36.01:212][  0]LogConfig: Setting CVar [[r.SSR.HalfResSceneColor:0]]
[2021.05.26-03.36.01:214][  0]LogConfig: Setting CVar [[r.SceneColorFormat:4]]
[2021.05.26-03.36.01:215][  0]LogConfig: Setting CVar [[r.DetailMode:2]]
[2021.05.26-03.36.01:215][  0]LogConfig: Setting CVar [[r.TranslucencyVolumeBlur:1]]
[2021.05.26-03.36.01:215][  0]LogConfig: Setting CVar [[r.MaterialQualityLevel:1 ; High quality]]
[2021.05.26-03.36.01:216][  0]LogConfig: Setting CVar [[r.SSS.Scale:1]]
[2021.05.26-03.36.01:216][  0]LogConfig: Setting CVar [[r.SSS.SampleSet:2]]
[2021.05.26-03.36.01:216][  0]LogConfig: Setting CVar [[r.SSS.Quality:1]]
[2021.05.26-03.36.01:217][  0]LogConfig: Setting CVar [[r.SSS.HalfRes:0]]
[2021.05.26-03.36.01:217][  0]LogConfig: Setting CVar [[r.SSGI.Quality:3]]
[2021.05.26-03.36.01:218][  0]LogConfig: Setting CVar [[r.EmitterSpawnRateScale:1.0]]
[2021.05.26-03.36.01:219][  0]LogConfig: Setting CVar [[r.ParticleLightQuality:2]]
[2021.05.26-03.36.01:221][  0]LogConfig: Setting CVar [[r.SkyAtmosphere.AerialPerspectiveLUT.FastApplyOnOpaque:1 ; Always have FastSkyLUT 1 in this case to avoid wrong sky]]
[2021.05.26-03.36.01:222][  0]LogConfig: Setting CVar [[r.SkyAtmosphere.AerialPerspectiveLUT.SampleCountPerSlice:1]]
[2021.05.26-03.36.01:223][  0]LogConfig: Setting CVar [[r.SkyAtmosphere.AerialPerspectiveLUT.DepthResolution:16.0]]
[2021.05.26-03.36.01:224][  0]LogConfig: Setting CVar [[r.SkyAtmosphere.FastSkyLUT:1]]
[2021.05.26-03.36.01:225][  0]LogConfig: Setting CVar [[r.SkyAtmosphere.FastSkyLUT.SampleCountMin:4.0]]
[2021.05.26-03.36.01:225][  0]LogConfig: Setting CVar [[r.SkyAtmosphere.FastSkyLUT.SampleCountMax:32.0]]
[2021.05.26-03.36.01:226][  0]LogConfig: Setting CVar [[r.SkyAtmosphere.SampleCountMin:4.0]]
[2021.05.26-03.36.01:226][  0]LogConfig: Setting CVar [[r.SkyAtmosphere.SampleCountMax:32.0]]
[2021.05.26-03.36.01:226][  0]LogConfig: Setting CVar [[r.SkyAtmosphere.TransmittanceLUT.UseSmallFormat:0]]
[2021.05.26-03.36.01:227][  0]LogConfig: Setting CVar [[r.SkyAtmosphere.TransmittanceLUT.SampleCount:10.0]]
[2021.05.26-03.36.01:227][  0]LogConfig: Setting CVar [[r.SkyAtmosphere.MultiScatteringLUT.SampleCount:15.0]]
[2021.05.26-03.36.01:228][  0]LogConfig: Setting CVar [[fx.Niagara.QualityLevel:3]]
[2021.05.26-03.36.01:228][  0]LogConfig: Setting CVar [[r.RenderTargetViewportSize:1.0]]
[2021.05.26-03.36.01:229][  0]LogConfig: Setting CVar [[r.TessellationAdaptivePixelsPerTriangle:9999999]]
[2021.05.26-03.36.01:229][  0]LogConfig: Setting CVar [[r.SurfReac.Particles.PoolSize:80]]
[2021.05.26-03.36.01:229][  0]LogConfig: Setting CVar [[r.ScopeRenderMode:0]]
[2021.05.26-03.36.01:230][  0]LogConfig: Setting CVar [[r.SeparateTranslucencyScreenPercentage:100]]
[2021.05.26-03.36.01:230][  0]LogConfig: Setting CVar [[r.RagdollMaximum:8]]
[2021.05.26-03.36.01:231][  0]LogConfig: Setting CVar [[r.Dismemberment:1]]
[2021.05.26-03.36.01:231][  0]LogConfig: Applying CVar settings from Section [FoliageQuality@3] File [../../../Insurgency/Saved/Config/WindowsServer/Scalability.ini]
[2021.05.26-03.36.01:231][  0]LogConfig: Setting CVar [[foliage.DensityScale:1.0]]
[2021.05.26-03.36.01:232][  0]LogConfig: Setting CVar [[grass.DensityScale:1.0]]
[2021.05.26-03.36.01:232][  0]LogConfig: Setting CVar [[r.FoliageInteractionQuality:1]]
[2021.05.26-03.36.01:233][  0]LogConfig: Applying CVar settings from Section [ShadingQuality@3] File [../../../Insurgency/Saved/Config/WindowsServer/Scalability.ini]
[2021.05.26-03.36.01:240][  0]LogConfig: Setting CVar [[r.HairStrands.SkyLighting.SampleCount:16]]
[2021.05.26-03.36.01:241][  0]LogConfig: Setting CVar [[r.HairStrands.SkyLighting.JitterIntegration:0]]
[2021.05.26-03.36.01:242][  0]LogConfig: Setting CVar [[r.HairStrands.SkyAO.SampleCount:16]]
[2021.05.26-03.36.01:242][  0]LogConfig: Setting CVar [[r.HairStrands.DeepShadow.SuperSampling:0]]
[2021.05.26-03.36.01:242][  0]LogConfig: Setting CVar [[r.HairStrands.VisibilityPPLL:0]]
[2021.05.26-03.36.01:243][  0]LogConfig: Setting CVar [[r.HairStrands.RasterizationScale:0.5]]
[2021.05.26-03.36.01:243][  0]LogConfig: Setting CVar [[r.HairStrands.VelocityRasterizationScale:1]]
[2021.05.26-03.36.01:244][  0]LogModuleManager: Warning: ModuleManager: Module 'ExampleDeviceProfileSelector' not found - its StaticallyLinkedModuleInitializers function is null.
[2021.05.26-03.36.01:244][  0]LogInit: Applying CVar settings loaded from the selected device profile: [WindowsServer]
[2021.05.26-03.36.01:245][  0]LogHAL: Display: Platform has ~ 8 GB [8482799616 / 8589934592 / 8], which maps to Default [LargestMinGB=32, LargerMinGB=12, DefaultMinGB=8, SmallerMinGB=6, SmallestMinGB=0)
[2021.05.26-03.36.01:246][  0]LogInit: Going up to parent DeviceProfile [Windows]
[2021.05.26-03.36.01:247][  0]LogInit: Going up to parent DeviceProfile []
[2021.05.26-03.36.01:247][  0]LogConfig: Applying CVar settings from Section [ViewDistanceQuality@1] File [../../../Insurgency/Saved/Config/WindowsServer/Scalability.ini]
[2021.05.26-03.36.01:247][  0]LogConfig: Setting CVar [[r.SkeletalMeshLODBias:0]]
[2021.05.26-03.36.01:248][  0]LogConfig: Setting CVar [[r.ViewDistanceScale:1.0]]
[2021.05.26-03.36.01:248][  0]LogConfig: Setting CVar [[r.SkeletalMeshLODRadiusScale:0.75]]
[2021.05.26-03.36.01:248][  0]LogConfig: Setting CVar [[r.LandscapeLODBias:0]]
[2021.05.26-03.36.01:248][  0]LogConfig: Setting CVar [[r.ViewDistanceScale.FieldOfViewAffectsHLOD:0]]
[2021.05.26-03.36.01:249][  0]LogConfig: Applying CVar settings from Section [AntiAliasingQuality@1] File [../../../Insurgency/Saved/Config/WindowsServer/Scalability.ini]
[2021.05.26-03.36.01:254][  0]LogConfig: Setting CVar [[r.PostProcessAAQuality:1]]
[2021.05.26-03.36.01:256][  0]LogConfig: Setting CVar [[r.SMAA.Temporal:0]]
[2021.05.26-03.36.01:257][  0]LogConfig: Applying CVar settings from Section [ShadowQuality@1] File [../../../Insurgency/Saved/Config/WindowsServer/Scalability.ini]
[2021.05.26-03.36.01:258][  0]LogConfig: Setting CVar [[r.LightFunctionQuality:1]]
[2021.05.26-03.36.01:259][  0]LogConfig: Setting CVar [[r.ShadowQuality:3]]
[2021.05.26-03.36.01:259][  0]LogConfig: Setting CVar [[r.Shadow.CSM.MaxCascades:0]]
[2021.05.26-03.36.01:259][  0]LogConfig: Setting CVar [[r.Shadow.MaxResolution:512]]
[2021.05.26-03.36.01:260][  0]LogConfig: Setting CVar [[r.Shadow.MaxCSMResolution:512]]
[2021.05.26-03.36.01:260][  0]LogConfig: Setting CVar [[r.Shadow.RadiusThreshold:0.05]]
[2021.05.26-03.36.01:261][  0]LogConfig: Setting CVar [[r.Shadow.DistanceScale:0.7]]
[2021.05.26-03.36.01:261][  0]LogConfig: Setting CVar [[r.Shadow.CSM.TransitionScale:0.25]]
[2021.05.26-03.36.01:261][  0]LogConfig: Setting CVar [[r.Shadow.PreShadowResolutionFactor:0.5]]
[2021.05.26-03.36.01:262][  0]LogConfig: Setting CVar [[r.DistanceFieldShadowing:0]]
[2021.05.26-03.36.01:262][  0]LogConfig: Setting CVar [[r.DistanceFieldAO:0]]
[2021.05.26-03.36.01:263][  0]LogConfig: Setting CVar [[r.VolumetricFog:0]]
[2021.05.26-03.36.01:263][  0]LogConfig: Setting CVar [[r.LightMaxDrawDistanceScale:.5]]
[2021.05.26-03.36.01:263][  0]LogConfig: Setting CVar [[r.CapsuleShadows:0]]
[2021.05.26-03.36.01:264][  0]LogConfig: Setting CVar [[r.Shadow.ForceSingleSampleShadowingFromStationary:0]]
[2021.05.26-03.36.01:264][  0]LogConfig: Setting CVar [[r.CapsuleShadowsCharacter:0]]
[2021.05.26-03.36.01:265][  0]LogConfig: Setting CVar [[r.ContactShadows:0]]
[2021.05.26-03.36.01:268][  0]LogConfig: Applying CVar settings from Section [PostProcessQuality@1] File [../../../Insurgency/Saved/Config/WindowsServer/Scalability.ini]
[2021.05.26-03.36.01:270][  0]LogConfig: Setting CVar [[r.MotionBlurQuality:3]]
[2021.05.26-03.36.01:271][  0]LogConfig: Setting CVar [[r.AmbientOcclusionMipLevelFactor:1.0]]
[2021.05.26-03.36.01:272][  0]LogConfig: Setting CVar [[r.AmbientOcclusionMaxQuality:60]]
[2021.05.26-03.36.01:273][  0]LogConfig: Setting CVar [[r.AmbientOcclusionLevels:-1]]
[2021.05.26-03.36.01:274][  0]LogConfig: Setting CVar [[r.AmbientOcclusionRadiusScale:1.5]]
[2021.05.26-03.36.01:275][  0]LogConfig: Setting CVar [[r.DepthOfFieldQuality:1]]
[2021.05.26-03.36.01:275][  0]LogConfig: Setting CVar [[r.RenderTargetPoolMin:350]]
[2021.05.26-03.36.01:276][  0]LogConfig: Setting CVar [[r.LensFlareQuality:0]]
[2021.05.26-03.36.01:276][  0]LogConfig: Setting CVar [[r.SceneColorFringeQuality:0]]
[2021.05.26-03.36.01:277][  0]LogConfig: Setting CVar [[r.EyeAdaptationQuality:2]]
[2021.05.26-03.36.01:277][  0]LogConfig: Setting CVar [[r.BloomQuality:4]]
[2021.05.26-03.36.01:277][  0]LogConfig: Setting CVar [[r.FastBlurThreshold:2]]
[2021.05.26-03.36.01:278][  0]LogConfig: Setting CVar [[r.Upscale.Quality:2]]
[2021.05.26-03.36.01:278][  0]LogConfig: Setting CVar [[r.Tonemapper.GrainQuantization:0]]
[2021.05.26-03.36.01:279][  0]LogConfig: Setting CVar [[r.LightShaftQuality:0]]
[2021.05.26-03.36.01:279][  0]LogConfig: Setting CVar [[r.Filter.SizeScale:0.7]]
[2021.05.26-03.36.01:280][  0]LogConfig: Setting CVar [[r.Tonemapper.Quality:2]]
[2021.05.26-03.36.01:280][  0]LogConfig: Setting CVar [[r.DOF.Gather.AccumulatorQuality:0        ; lower gathering accumulator quality]]
[2021.05.26-03.36.01:280][  0]LogConfig: Setting CVar [[r.DOF.Gather.PostfilterMethod:2          ; Max3x3 postfilering method]]
[2021.05.26-03.36.01:281][  0]LogConfig: Setting CVar [[r.DOF.Gather.EnableBokehSettings:0       ; no bokeh simulation when gathering]]
[2021.05.26-03.36.01:284][  0]LogConfig: Setting CVar [[r.DOF.Gather.RingCount:3                 ; low number of samples when gathering]]
[2021.05.26-03.36.01:285][  0]LogConfig: Setting CVar [[r.DOF.Scatter.ForegroundCompositing:0    ; no foreground scattering]]
[2021.05.26-03.36.01:286][  0]LogConfig: Setting CVar [[r.DOF.Scatter.BackgroundCompositing:0    ; no foreground scattering]]
[2021.05.26-03.36.01:287][  0]LogConfig: Setting CVar [[r.DOF.Recombine.Quality:0                ; no slight out of focus]]
[2021.05.26-03.36.01:288][  0]LogConfig: Setting CVar [[r.DOF.TemporalAAQuality:0                ; faster temporal accumulation]]
[2021.05.26-03.36.01:289][  0]LogConfig: Setting CVar [[r.DOF.Kernel.MaxForegroundRadius:0.006   ; required because low gathering and no scattering and not looking great at 1080p]]
[2021.05.26-03.36.01:291][  0]LogConfig: Setting CVar [[r.DOF.Kernel.MaxBackgroundRadius:0.006   ; required because low gathering and no scattering and not looking great at 1080p]]
[2021.05.26-03.36.01:291][  0]LogConfig: Applying CVar settings from Section [TextureQuality@1] File [../../../Insurgency/Saved/Config/WindowsServer/Scalability.ini]
[2021.05.26-03.36.01:292][  0]LogConfig: Setting CVar [[r.Streaming.MipBias:2]]
[2021.05.26-03.36.01:292][  0]LogConfig: Setting CVar [[r.Streaming.AmortizeCPUToGPUCopy:0]]
[2021.05.26-03.36.01:293][  0]LogConfig: Setting CVar [[r.Streaming.MaxNumTexturesToStreamPerFrame:0]]
[2021.05.26-03.36.01:293][  0]LogConfig: Setting CVar [[r.Streaming.Boost:1.0]]
[2021.05.26-03.36.01:293][  0]LogConfig: Setting CVar [[r.MaxAnisotropy:4]]
[2021.05.26-03.36.01:294][  0]LogConfig: Setting CVar [[r.VT.MaxAnisotropy:4]]
[2021.05.26-03.36.01:294][  0]LogConfig: Setting CVar [[r.Streaming.LimitPoolSizeToVRAM:1]]
[2021.05.26-03.36.01:294][  0]LogConfig: Setting CVar [[r.Streaming.PoolSize:1000]]
[2021.05.26-03.36.01:295][  0]LogConfig: Setting CVar [[r.Streaming.MaxEffectiveScreenSize:0]]
[2021.05.26-03.36.01:295][  0]LogConfig: Setting CVar [[r.SlavePlayerCamera:1]]
[2021.05.26-03.36.01:295][  0]LogConfig: Setting CVar [[r.SlavePlayerCameraSpectator:0]]
[2021.05.26-03.36.01:296][  0]LogConfig: Applying CVar settings from Section [EffectsQuality@1] File [../../../Insurgency/Saved/Config/WindowsServer/Scalability.ini]
[2021.05.26-03.36.01:296][  0]LogConfig: Setting CVar [[r.TranslucencyLightingVolumeDim:32]]
[2021.05.26-03.36.01:296][  0]LogConfig: Setting CVar [[r.RefractionQuality:0]]
[2021.05.26-03.36.01:297][  0]LogConfig: Setting CVar [[r.SSR.Quality:0]]
[2021.05.26-03.36.01:300][  0]LogConfig: Setting CVar [[r.SSR.HalfResSceneColor:1]]
[2021.05.26-03.36.01:301][  0]LogConfig: Setting CVar [[r.SceneColorFormat:3]]
[2021.05.26-03.36.01:302][  0]LogConfig: Setting CVar [[r.DetailMode:1]]
[2021.05.26-03.36.01:304][  0]LogConfig: Setting CVar [[r.TranslucencyVolumeBlur:0]]
[2021.05.26-03.36.01:305][  0]LogConfig: Setting CVar [[r.MaterialQualityLevel:2 ; Medium quality]]
[2021.05.26-03.36.01:306][  0]LogConfig: Setting CVar [[r.SSS.Scale:0.75]]
[2021.05.26-03.36.01:307][  0]LogConfig: Setting CVar [[r.SSS.SampleSet:0]]
[2021.05.26-03.36.01:307][  0]LogConfig: Setting CVar [[r.SSS.Quality:0]]
[2021.05.26-03.36.01:308][  0]LogConfig: Setting CVar [[r.SSS.HalfRes:1]]
[2021.05.26-03.36.01:308][  0]LogConfig: Setting CVar [[r.SSGI.Quality:1]]
[2021.05.26-03.36.01:308][  0]LogConfig: Setting CVar [[r.EmitterSpawnRateScale:0.6]]
[2021.05.26-03.36.01:309][  0]LogConfig: Setting CVar [[r.ParticleLightQuality:0]]
[2021.05.26-03.36.01:309][  0]LogConfig: Setting CVar [[r.SkyAtmosphere.AerialPerspectiveLUT.FastApplyOnOpaque:1 ; Always have FastSkyLUT 1 in this case to avoid wrong sky]]
[2021.05.26-03.36.01:310][  0]LogConfig: Setting CVar [[r.SkyAtmosphere.AerialPerspectiveLUT.SampleCountPerSlice:1]]
[2021.05.26-03.36.01:310][  0]LogConfig: Setting CVar [[r.SkyAtmosphere.AerialPerspectiveLUT.DepthResolution:16.0]]
[2021.05.26-03.36.01:310][  0]LogConfig: Setting CVar [[r.SkyAtmosphere.FastSkyLUT:1]]
[2021.05.26-03.36.01:310][  0]LogConfig: Setting CVar [[r.SkyAtmosphere.FastSkyLUT.SampleCountMin:4.0]]
[2021.05.26-03.36.01:311][  0]LogConfig: Setting CVar [[r.SkyAtmosphere.FastSkyLUT.SampleCountMax:32.0]]
[2021.05.26-03.36.01:311][  0]LogConfig: Setting CVar [[r.SkyAtmosphere.SampleCountMin:4.0]]
[2021.05.26-03.36.01:311][  0]LogConfig: Setting CVar [[r.SkyAtmosphere.SampleCountMax:32.0]]
[2021.05.26-03.36.01:312][  0]LogConfig: Setting CVar [[r.SkyAtmosphere.TransmittanceLUT.UseSmallFormat:0]]
[2021.05.26-03.36.01:314][  0]LogConfig: Setting CVar [[r.SkyAtmosphere.TransmittanceLUT.SampleCount:10.0]]
[2021.05.26-03.36.01:314][  0]LogConfig: Setting CVar [[r.SkyAtmosphere.MultiScatteringLUT.SampleCount:15.0]]
[2021.05.26-03.36.01:315][  0]LogConfig: Setting CVar [[fx.Niagara.QualityLevel:1]]
[2021.05.26-03.36.01:315][  0]LogConfig: Setting CVar [[r.RenderTargetViewportSize:1.0]]
[2021.05.26-03.36.01:316][  0]LogConfig: Setting CVar [[r.TessellationAdaptivePixelsPerTriangle:9999999]]
[2021.05.26-03.36.01:316][  0]LogConfig: Setting CVar [[r.SurfReac.Particles.PoolSize:40]]
[2021.05.26-03.36.01:317][  0]LogConfig: Setting CVar [[r.ScopeRenderMode:0]]
[2021.05.26-03.36.01:317][  0]LogConfig: Setting CVar [[r.SeparateTranslucencyScreenPercentage:100]]
[2021.05.26-03.36.01:318][  0]LogConfig: Setting CVar [[r.RagdollMaximum:8]]
[2021.05.26-03.36.01:318][  0]LogConfig: Setting CVar [[r.Dismemberment:1]]
[2021.05.26-03.36.01:319][  0]LogConfig: Applying CVar settings from Section [FoliageQuality@3] File [../../../Insurgency/Saved/Config/WindowsServer/Scalability.ini]
[2021.05.26-03.36.01:320][  0]LogConfig: Setting CVar [[foliage.DensityScale:1.0]]
[2021.05.26-03.36.01:321][  0]LogConfig: Setting CVar [[grass.DensityScale:1.0]]
[2021.05.26-03.36.01:322][  0]LogConfig: Setting CVar [[r.FoliageInteractionQuality:1]]
[2021.05.26-03.36.01:324][  0]LogConfig: Applying CVar settings from Section [ShadingQuality@3] File [../../../Insurgency/Saved/Config/WindowsServer/Scalability.ini]
[2021.05.26-03.36.01:325][  0]LogConfig: Setting CVar [[r.HairStrands.SkyLighting.SampleCount:16]]
[2021.05.26-03.36.01:325][  0]LogConfig: Setting CVar [[r.HairStrands.SkyLighting.JitterIntegration:0]]
[2021.05.26-03.36.01:325][  0]LogConfig: Setting CVar [[r.HairStrands.SkyAO.SampleCount:16]]
[2021.05.26-03.36.01:326][  0]LogConfig: Setting CVar [[r.HairStrands.DeepShadow.SuperSampling:0]]
[2021.05.26-03.36.01:326][  0]LogConfig: Setting CVar [[r.HairStrands.VisibilityPPLL:0]]
[2021.05.26-03.36.01:327][  0]LogConfig: Setting CVar [[r.HairStrands.RasterizationScale:0.5]]
[2021.05.26-03.36.01:327][  0]LogConfig: Setting CVar [[r.HairStrands.VelocityRasterizationScale:1]]
[2021.05.26-03.36.01:327][  0]LogConfig: Applying CVar settings from Section [ConsoleVariables] File [../../../Insurgency/Saved/Config/WindowsServer/Engine.ini]
[2021.05.26-03.36.01:328][  0]LogInit: Computer: DESKTOP-BJCMOMH
[2021.05.26-03.36.01:332][  0]LogInit: User: Matt
[2021.05.26-03.36.01:333][  0]LogInit: CPU Page size=4096, Cores=4
[2021.05.26-03.36.01:333][  0]LogInit: High frequency timer resolution =10.000000 MHz
[2021.05.26-03.36.01:333][  0]LogMemory: Memory total: Physical=7.9GB (8GB approx)
[2021.05.26-03.36.01:334][  0]LogMemory: Platform Memory Stats for WindowsServer
[2021.05.26-03.36.01:335][  0]LogMemory: Process Physical Memory: 101.12 MB used, 101.13 MB peak
[2021.05.26-03.36.01:335][  0]LogMemory: Process Virtual Memory: 132.43 MB used, 132.43 MB peak
[2021.05.26-03.36.01:337][  0]LogMemory: Physical Memory: 5650.52 MB used,  2439.30 MB free, 8089.83 MB total
[2021.05.26-03.36.01:338][  0]LogMemory: Virtual Memory: 4765.58 MB used,  134212960.00 MB free, 134217728.00 MB total
[2021.05.26-03.36.01:343][  0]LogWindows: WindowsPlatformFeatures disabled or dedicated server build
[2021.05.26-03.36.01:360][  0]LogInit: Physics initialised using underlying interface: PhysX
[2021.05.26-03.36.01:361][  0]LogInit: Using OS detected language (en-US).
[2021.05.26-03.36.01:361][  0]LogInit: Using OS detected locale (en-US).
[2021.05.26-03.36.01:365][  0]LogTextLocalizationManager: No specific localization for 'en-US' exists, so the 'en' localization will be used.
[2021.05.26-03.36.01:378][  0]LogInit: Setting process to per monitor DPI aware
[2021.05.26-03.36.01:382][  0]LogInit: Using OS detected language (en-US).
[2021.05.26-03.36.01:382][  0]LogInit: Using OS detected locale (en-US).
[2021.05.26-03.36.01:384][  0]LogTextLocalizationManager: No specific localization for 'en-US' exists, so the 'en' localization will be used.
[2021.05.26-03.36.01:391][  0]LogTextLocalizationManager: Compacting localization data took   0.51ms
[2021.05.26-03.36.01:572][  0]LogAssetRegistry: FAssetRegistry took 0.1809 seconds to start up
[2021.05.26-03.36.01:645][  0]LogStreaming: Display: Flushing async loaders.
[2021.05.26-03.36.01:645][  0]LogPakFile: New pak file ../../../Insurgency/Content/Paks/pakchunk0-WindowsServer.pak added to pak precacher.
[2021.05.26-03.36.01:648][  0]LogCollisionProfile: Warning: Profile (BlockAll) - Custom Channel Name = 'ClientsideDestructible' hasn't been found
[2021.05.26-03.36.01:649][  0]LogCollisionProfile: Warning: Profile (OverlapOnlyPawn) - Custom Channel Name = 'GameTraceChannel8' hasn't been found
[2021.05.26-03.36.01:650][  0]LogCollisionProfile: Warning: Profile (OverlapOnlyPawn) - Custom Channel Name = 'GameTraceChannel9' hasn't been found
[2021.05.26-03.36.01:651][  0]LogCollisionProfile: Warning: Profile (OverlapOnlyPawn) - Custom Channel Name = 'GameTraceChannel10' hasn't been found
[2021.05.26-03.36.01:652][  0]LogCollisionProfile: Warning: Profile (Pawn) - Custom Channel Name = 'None' hasn't been found
[2021.05.26-03.36.01:652][  0]LogCollisionProfile: Warning: Profile (Destructible) - Custom Channel Name = 'ClientsideDestructible' hasn't been found
[2021.05.26-03.36.01:655][  0]LogModuleManager: Warning: ModuleManager: Module 'ExampleDeviceProfileSelector' not found - its StaticallyLinkedModuleInitializers function is null.
[2021.05.26-03.36.01:666][  0]LogNetVersion: Insurgency 1.0.0, NetCL: 152892, EngineNetVer: 14, GameNetVer: 0 (Checksum: 107317553)
[2021.05.26-03.36.01:683][  0]LogStreaming: Error: Couldn't find file for package /StatsCollector/BP_DebugStatCollectorMenu requested by async loading code. NameToLoad: /StatsCollector/BP_DebugStatCollectorMenu
[2021.05.26-03.36.01:685][  0]LogStreaming: Error: Found 0 dependent packages...
[2021.05.26-03.36.01:688][  0]LogStreaming: Error: Couldn't find file for package /StatsCollector/FPSCounter requested by async loading code. NameToLoad: /StatsCollector/FPSCounter
[2021.05.26-03.36.01:689][  0]LogStreaming: Error: Found 0 dependent packages...
[2021.05.26-03.36.01:691][  0]LogGameStatsServer: Display: GameStatsServer INIT: No authentication provided, -GameStatsToken= required for statistics collection.
[2021.05.26-03.36.01:748][  0]LogStreaming: Error: Couldn't find file for package /Game/UI/Widgets/WelcomeScreen/BP_WelcomeScreen requested by async loading code. NameToLoad: /Game/UI/Widgets/WelcomeScreen/BP_WelcomeScreen
[2021.05.26-03.36.01:750][  0]LogStreaming: Error: Found 0 dependent packages...
[2021.05.26-03.36.01:768][  0]LogStreaming: Error: Couldn't find file for package /Game/UI/Fonts/Oswald requested by async loading code. NameToLoad: /Game/UI/Fonts/Oswald
[2021.05.26-03.36.01:770][  0]LogStreaming: Error: Found 0 dependent packages...
[2021.05.26-03.36.01:771][  0]LogStreaming: Error: Couldn't find file for package /Game/UI/Fonts/SourceSansPro requested by async loading code. NameToLoad: /Game/UI/Fonts/SourceSansPro
[2021.05.26-03.36.01:772][  0]LogStreaming: Error: Found 0 dependent packages...
[2021.05.26-03.36.01:809][  0]LogAISub: UAISubsystem::UAISubsystem AISubsystem (00000212B3BE07F0), frame # 0
[2021.05.26-03.36.01:809][  0]LogAISub: UAISubsystem::UAISubsystem AIPerceptionSystem (00000212B3BE0830), frame # 0
[2021.05.26-03.36.01:815][  0]LogAISub: UAISubsystem::UAISubsystem EnvQueryManager (00000212B3BE5500), frame # 0
[2021.05.26-03.36.01:825][  0]LogUObjectArray: 22036 objects as part of root set at end of initial load.
[2021.05.26-03.36.01:825][  0]LogUObjectAllocator: 5331200 out of 32000000 bytes used by permanent object pool.
[2021.05.26-03.36.01:825][  0]LogUObjectArray: CloseDisregardForGC: 22036/0 objects in disregard for GC pool
[2021.05.26-03.36.01:838][  0]LogGauntlet: Display: Gauntlet Initialized
[2021.05.26-03.36.01:839][  0]LogOnline: FOnlineSubsystemNWIModule::StartupModule
[2021.05.26-03.36.01:847][  0]VivoxCore: FVivoxCoreModule::StartupModule
[2021.05.26-03.36.01:849][  0]VivoxCore: Loaded Library (../../../Insurgency/Plugins/VivoxCore/Source/ThirdParty/VivoxCoreLibrary/Windows/Release/x64/vivoxsdk.dll)
[2021.05.26-03.36.01:849][  0]LogEasyAntiCheatServer: Using path: (C:/Users/Matt/Downloads/steamcmd/steamapps/common/sandstorm_server/Insurgency/Binaries/ThirdParty/EasyAntiCheat/Server)
[2021.05.26-03.36.01:852][  0]LogEasyAntiCheatClient: Dedicated server, EAC client will not load
[2021.05.26-03.36.01:853][  0]LogEngine: Initializing Engine...
[2021.05.26-03.36.01:854][  0]LogStats: UGameplayTagsManager::InitializeManager -  0.001 s
[2021.05.26-03.36.01:870][  0]LogInit: Initializing FReadOnlyCVARCache
[2021.05.26-03.36.01:870][  0]LogNetVersion: Set ProjectVersion to 1.10.0. Version Checksum will be recalculated on next use.
[2021.05.26-03.36.01:871][  0]LogInit: Texture streaming: Disabled
[2021.05.26-03.36.01:928][  0]LogPakFile: New pak file ../../../Insurgency/Content/Paks/pakchunk10-WindowsServer.pak added to pak precacher.
[2021.05.26-03.36.02:722][  0]LogPakFile: Precache HighWater 16MB

[2021.05.26-03.36.02:723][  0]LogPakFile: Precache HighWater 32MB

[2021.05.26-03.36.02:724][  0]LogINSAssetManager: Display: Preloading 670 cosmetic assets
[2021.05.26-03.36.02:746][  0]LogStreaming: Error: Couldn't find file for package /Game/UI/Textures/Inventory/T_UI_Inventory_Cosmetic_Ox_HeadGear requested by async loading code. NameToLoad: /Game/UI/Textures/Inventory/T_UI_Inventory_Cosmetic_Ox_HeadGear
[2021.05.26-03.36.02:748][  0]LogStreaming: Error: This will hitch streaming because it ends up searching the disk instead of finding the file in the pak file.
[2021.05.26-03.36.02:748][  0]LogStreaming: Error: Found 0 dependent packages...
[2021.05.26-03.36.03:613][  0]LogPakFile: Precache HighWater 48MB

[2021.05.26-03.36.03:613][  0]LogAnimation: Warning: Additivie type (AnimSequence /Game/Animated/Weapons/Rifle/G36/Animations/AN_1P_G36_B_Reload_BoltRelease.AN_1P_G36_B_Reload_BoltRelease) does not match. Make sure you add same type of additive animation.
[2021.05.26-03.36.03:827][  0]LogGameStatsServer: Display: GameStatsServer INIT: No authentication provided, -GameStatsToken= required for statistics collection.
[2021.05.26-03.36.03:829][  0]LogOnline: Display: Printing active map cycle with 1 entries:
[2021.05.26-03.36.03:829][  0]LogOnline: Display: 	[0] Map: , Scenario: Scenario_Town_Checkpoint_Security, Mode: CheckpointHardcore, Lighting: , Options: None Specified
[2021.05.26-03.36.03:830][  0]LogOnline: OSS: Creating online subsystem instance for: NWI
[2021.05.26-03.36.03:830][  0]LogInit: Using OS detected language (en-US).
[2021.05.26-03.36.03:831][  0]LogInit: Using OS detected locale (en-US).
[2021.05.26-03.36.03:832][  0]LogInit: Valid culture detected: en in place of: (en-US).
[2021.05.26-03.36.03:841][  0]LogInit: Display: Game Engine Initialized.
[2021.05.26-03.36.03:842][  0]LogInit: Display: Starting Game.
[2021.05.26-03.36.03:843][  0]LogNet: Browse: /Game/Maps/OilField/Oilfield?Name=Player?Scenario=Scenario_Refinery_Checkpoint_Security?MaxPlayers=2
[2021.05.26-03.36.03:843][  0]LogLoad: UINSGameInstance::OnBeginLoadMap(/Game/Maps/OilField/Oilfield?Name=Player?Scenario=Scenario_Refinery_Checkpoint_Security?MaxPlayers=2)
[2021.05.26-03.36.03:843][  0]LogLoad: Warning: UINSGameInstance::OnPreLoadMap: Invalid NextURL, loading /Game/Maps/OilField/Oilfield
[2021.05.26-03.36.03:847][  0]LogStreaming: Error: Couldn't find file for package /NWI_Infected/ModData requested by async loading code. NameToLoad: /NWI_Infected/ModData
[2021.05.26-03.36.03:848][  0]LogStreaming: Error: Found 0 dependent packages...
[2021.05.26-03.36.03:852][  0]LogStreaming: Error: Couldn't find file for package /ExampleContent/ModData requested by async loading code. NameToLoad: /ExampleContent/ModData
[2021.05.26-03.36.03:852][  0]LogStreaming: Error: Found 0 dependent packages...
[2021.05.26-03.36.03:853][  0]LogStreaming: Error: Couldn't find file for package /ConsoleCertificationRequirements/ModData requested by async loading code. NameToLoad: /ConsoleCertificationRequirements/ModData
[2021.05.26-03.36.03:854][  0]LogStreaming: Error: Found 0 dependent packages...
[2021.05.26-03.36.03:854][  0]LogLoad: LoadMap: /Game/Maps/OilField/Oilfield?Name=Player?Scenario=Scenario_Refinery_Checkpoint_Security?MaxPlayers=2
[2021.05.26-03.36.03:854][  0]LogWorld: BeginTearingDown for /Temp/Untitled_26
[2021.05.26-03.36.03:855][  0]LogWorld: UWorld::CleanupWorld for Untitled, bSessionEnded=true, bCleanupResources=true
[2021.05.26-03.36.03:871][  0]LogUObjectHash: Compacting FUObjectHashTables data took   1.96ms
[2021.05.26-03.36.03:885][  0]LogPakFile: New pak file ../../../Insurgency/Content/Paks/pakchunk15-WindowsServer.pak added to pak precacher.
[2021.05.26-03.36.04:020][  0]LogAIModule: Creating AISystem for world Oilfield
[2021.05.26-03.36.04:020][  0]LogAISub: UAISubsystem::UAISubsystem EnvQueryManager (00000212CC50AD80), frame # 0
[2021.05.26-03.36.04:021][  0]LogAISub: UAISubsystem::UAISubsystem AIPerceptionSystem (00000212CC50AEC0), frame # 0
[2021.05.26-03.36.04:022][  0]LogLoad: Warning: Scenario 'Scenario_Refinery_Checkpoint_Security' is created for gamemode 'Class'/Script/Insurgency.INSCheckpointGameMode''
[2021.05.26-03.36.04:023][  0]LogLoad: Game class is 'INSCheckpointGameMode'
[2021.05.26-03.36.04:023][  0]LogNet: ReplicationDriverClass is null! Not using ReplicationDriver.
[2021.05.26-03.36.04:024][  0]LogNetCore: DDoS detection status: detection enabled: 0 analytics enabled: 0
[2021.05.26-03.36.04:024][  0]LogInit: WinSock: Socket queue. Rx: 131072 (config 131072) Tx: 131072 (config 131072)
[2021.05.26-03.36.04:025][  0]LogNet: Created socket for bind address: 0.0.0.0 on port 27102
[2021.05.26-03.36.04:025][  0]PacketHandlerLog: Loaded PacketHandler component: Engine.EngineHandlerComponentFactory (StatelessConnectHandlerComponent)
[2021.05.26-03.36.04:025][  0]LogNet: GameNetDriver IpNetDriver_2147482547 IpNetDriver listening on port 27102
[2021.05.26-03.36.04:026][  0]LogStreaming: Display: ULevelStreaming::RequestLevel(/Game/Maps/OilField/Oilfield_Particles) is flushing async loading
[2021.05.26-03.36.04:027][  0]LogStreaming: Display: ULevelStreaming::RequestLevel(/Game/Maps/OilField/Oilfield_Reflections) is flushing async loading
[2021.05.26-03.36.04:030][  0]LogStreaming: Display: ULevelStreaming::RequestLevel(/Game/Maps/OilField/Oilfield_Polish_Merged) is flushing async loading
[2021.05.26-03.36.04:270][  0]LogStreaming: Display: ULevelStreaming::RequestLevel(/Game/Maps/OilField/Oilfield_Trims_merged) is flushing async loading
[2021.05.26-03.36.04:284][  0]LogStreaming: Display: ULevelStreaming::RequestLevel(/Game/Maps/OilField/Oilfield_New_Merged_05_06_2019) is flushing async loading
[2021.05.26-03.36.04:775][  0]LogPakFile: Precache HighWater 64MB

[2021.05.26-03.36.04:775][  0]LogStreaming: Display: ULevelStreaming::RequestLevel(/Game/Maps/OilField/Oilfield_KitSelectionRoom_SEC) is flushing async loading
[2021.05.26-03.36.04:788][  0]LogStreaming: Display: ULevelStreaming::RequestLevel(/Game/Maps/OilField/Oilfield_KitSelectionRoom_INS) is flushing async loading
[2021.05.26-03.36.04:796][  0]LogStreaming: Display: ULevelStreaming::RequestLevel(/Game/Maps/OilField/Oilfield_Doors) is flushing async loading
[2021.05.26-03.36.04:806][  0]LogStreaming: Display: ULevelStreaming::RequestLevel(/Game/Maps/OilField/Oilfield_AI) is flushing async loading
[2021.05.26-03.36.04:813][  0]LogStreaming: Display: ULevelStreaming::RequestLevel(/Game/Maps/OilField/Oilfield_DynamicProps) is flushing async loading
[2021.05.26-03.36.04:866][  0]LogPakFile: New pak file ../../../Insurgency/Content/Paks/pakchunk15-WindowsServer_0_P.pak added to pak precacher.
[2021.05.26-03.36.04:906][  0]LogStreaming: Display: ULevelStreaming::RequestLevel(/Game/Maps/OilField/Oilfield_DirtMounds_Merged) is flushing async loading
[2021.05.26-03.36.04:913][  0]LogStreaming: Display: ULevelStreaming::RequestLevel(/Game/Maps/OilField/Oilfield_Cables_Merged) is flushing async loading
[2021.05.26-03.36.04:919][  0]LogStreaming: Display: ULevelStreaming::RequestLevel(/Game/Maps/OilField/Oilfield_Backdrop_Merged) is flushing async loading
[2021.05.26-03.36.04:933][  0]LogStreaming: Display: ULevelStreaming::RequestLevel(/Game/Maps/OilField/Oilfield_Decals) is flushing async loading
[2021.05.26-03.36.04:957][  0]LogStreaming: Display: ULevelStreaming::RequestLevel(/Game/Maps/OilField/Oilfield_BlockingVolumes) is flushing async loading
[2021.05.26-03.36.04:969][  0]LogStreaming: Display: ULevelStreaming::RequestLevel(/Game/Maps/OilField/Oilfield_PerformanceCheck) is flushing async loading
[2021.05.26-03.36.04:973][  0]LogStreaming: Display: ULevelStreaming::RequestLevel(/Game/Maps/OilField/Oilfield_Sound) is flushing async loading
[2021.05.26-03.36.04:985][  0]LogStreaming: Display: ULevelStreaming::RequestLevel(/Game/Maps/OilField/Oilfield_Landscape) is flushing async loading
[2021.05.26-03.36.05:079][  0]LogWorld: Bringing World /Game/Maps/OilField/Oilfield.Oilfield up for play (max tick rate 60) at 2021.05.25-23.36.05
[2021.05.26-03.36.05:131][  0]LogSession: ----- Register Server (SteamNWI) ----- 
[2021.05.26-03.36.05:131][  0]LogAI: Warning: AI difficulty set to 0.5
[2021.05.26-03.36.05:142][  0]LogWorld: Bringing up level for play took: 0.075897
[2021.05.26-03.36.05:143][  0]LogGameMode: Display: State: EnteringMap -> LoadingAssets
[2021.05.26-03.36.05:143][  0]LogGameState: Match State Changed from EnteringMap to LoadingAssets
[2021.05.26-03.36.05:143][  0]LogScenario: Display: Loading scenario 'Scenario_Refinery_Checkpoint_Security' (Specified)...
[2021.05.26-03.36.05:144][  0]LogINSAssetManager: Display: Loading scenario asset 'Scenario_Refinery_Checkpoint_Security' (path: /Game/Game/Scenarios/Coop/Oilfield/Scenario_Refinery_Checkpoint_Security.Scenario_Refinery_Checkpoint_Security)...
[2021.05.26-03.36.05:145][  0]LogScenario: Display: CheckLoadingComplete - Pending, scenario assets not loaded.
[2021.05.26-03.36.05:145][  0]LogGameMode: Display: High priority async loading ENABLED
[2021.05.26-03.36.05:145][  0]LogAudioCues: Error: Unable to load banks at this time, deferring load.
[2021.05.26-03.36.05:147][  0]LogEasyAntiCheatServer: Loading native plugin from: C:/Users/Matt/Downloads/steamcmd/steamapps/common/sandstorm_server/Insurgency/Binaries/ThirdParty/EasyAntiCheat/Server
[2021.05.26-03.36.05:153][  0]LogEasyAntiCheatServer: [23:36:05:149][Windows][EAC Server] [Info][SetLogCallback] Procedure: 00007FF7E8A7F270 LogLevel: Info.
[2021.05.26-03.36.05:154][  0]LogEasyAntiCheatServer: [23:36:05:149][Windows][EAC Server] [Info][Initialize] ServerName: 'GameSession' RegisterTimeout: 150.
[2021.05.26-03.36.05:154][  0]LogEasyAntiCheatServer: [23:36:05:153][Windows][EAC Server] [Info][Cerberus] [RegisterEvent] EventID: 1h EventName: 'game_round_start' Parameters: { map_name (string) }.
[2021.05.26-03.36.05:155][  0]LogEasyAntiCheatServer: [23:36:05:153][Windows][EAC Server] [Info][Cerberus] [RegisterEvent] EventID: 2h EventName: 'game_round_end' Parameters: { winning_team_id (uint32) }.
[2021.05.26-03.36.05:155][  0]LogEasyAntiCheatServer: [23:36:05:153][Windows][EAC Server] [Info][Cerberus] [RegisterEvent] EventID: 3h EventName: 'player_spawn' Parameters: { player (client), team_id (uint32), character_id (uint32) }.
[2021.05.26-03.36.05:156][  0]LogEasyAntiCheatServer: [23:36:05:153][Windows][EAC Server] [Info][Cerberus] [RegisterEvent] EventID: 4h EventName: 'player_despawn' Parameters: { player (client), player_death (uint32), player_killer (client) }.
[2021.05.26-03.36.05:156][  0]LogEasyAntiCheatServer: [23:36:05:153][Windows][EAC Server] [Info][Cerberus] [RegisterEvent] EventID: 5h EventName: 'player_revive' Parameters: { player_revived (client), player_reviving (client) }.
[2021.05.26-03.36.05:157][  0]LogEasyAntiCheatServer: [23:36:05:153][Windows][EAC Server] [Info][Cerberus] [RegisterEvent] EventID: 6h EventName: 'player_tick' Parameters: { player (client), player_position (vec3f), player_viewrotation (quat), player_health (uint32), player_tickflags (uint32) }.
[2021.05.26-03.36.05:157][  0]LogEasyAntiCheatServer: [23:36:05:153][Windows][EAC Server] [Info][Cerberus] [RegisterEvent] EventID: 7h EventName: 'player_useweapon' Parameters: { player (client), player_position (vec3f), player_viewrotation (quat), player_fov (uint32), weapon_id (uint32), melee_attack (uint32) }.
[2021.05.26-03.36.05:158][  0]LogEasyAntiCheatServer: [23:36:05:153][Windows][EAC Server] [Info][Cerberus] [RegisterEvent] EventID: 8h EventName: 'player_takedamage' Parameters: { player_victim (client), player_victim_position (vec3f), player_victim_viewrotation (quat), player_attacker (client), player_attacker_position (vec3f), player_attacker_viewrotation (quat), player_attacker_fov (uint32), weapon_id (uint32), hitbone_id (uint32), damage_taken (uint32), damage_flags (uint32) }.
[2021.05.26-03.36.05:158][  0]LogEasyAntiCheatServer: [23:36:05:153][Windows][EAC Server] [Info][Cerberus] [RegisterEvent] EventID: 9h EventName: 'player_downed' Parameters: { player_victim (client), player_attacker (client) }.
[2021.05.26-03.36.05:158][  0]LogEasyAntiCheatServer: [23:36:05:153][Windows][EAC Server] [Info][Cerberus] [RegisterEvent] EventID: Ah EventName: 'player_death' Parameters: { victim (client), victim_shots_fired (uint64), victim_shots_landed (uint64), attacker (client), attacker_shots_fired (uint64), attacker_shots_landed (uint64) }.
[2021.05.26-03.36.05:159][  0]LogEasyAntiCheatServer: [23:36:05:153][Windows][EAC Server] [Info][Cerberus] [RegisterEvent] EventID: Bh EventName: 'game_round_start_v2' Parameters: { map_name (string), mode_name (string), round_time_seconds (uint32), start_frame_number (uint64), start_delta_seconds (uint32) }.
[2021.05.26-03.36.05:159][  0]LogEasyAntiCheatServer: Native plugin initialized successfully.
[2021.05.26-03.36.05:160][  0]LogEasyAntiCheatServer: FEasyAntiCheatServer::SetAntiCheatEnforcement - Enabled
[2021.05.26-03.36.05:160][  0]LogLoad: Took 1.306062 seconds to LoadMap(/Game/Maps/OilField/Oilfield)
[2021.05.26-03.36.05:160][  0]LogEasyAntiCheatServer: [23:36:05:160][Windows][EAC Server] [Info][Cerberus] [RegisterEvent] EventID: 10000001h EventName: 'player_tick_ex' Parameters: { player (client), extended_flags (uint32) }.
[2021.05.26-03.36.05:161][  0]LogLoad: (Engine Initialization) Total time: 4.72 seconds
[2021.05.26-03.36.05:199][  0]LogMod: Warning: [NWI_Infected] Failed to load mod data for plugin (path: /NWI_Infected/ModData.ModData)
[2021.05.26-03.36.05:202][  0]LogMod: Warning: [ExampleContent] Failed to load mod data for plugin (path: /ExampleContent/ModData.ModData)
[2021.05.26-03.36.05:204][  0]LogMod: Warning: [ConsoleCertificationRequirements] Failed to load mod data for plugin (path: /ConsoleCertificationRequirements/ModData.ModData)
[2021.05.26-03.36.05:236][  2]LogINSAssetManager: Display: Loading scenario factions...
[2021.05.26-03.36.05:246][  3]LogPakFile: New pak file ../../../Insurgency/Content/Paks/pakchunk0-WindowsServer_0_P.pak added to pak precacher.
[2021.05.26-03.36.05:271][  4]LogINSAssetManager: Display: Loading 454 scenario assets...
[2021.05.26-03.36.05:280][  5]LogStreaming: Error: Couldn't find file for package /Game/Game/Actors/Weapons/Upgrades/Underbarrel/BP_UG_Foregrip_IRLaser_Rail requested by async loading code. NameToLoad: /Game/Game/Actors/Weapons/Upgrades/Underbarrel/BP_UG_Foregrip_IRLaser_Rail
[2021.05.26-03.36.05:281][  5]LogStreaming: Error: This will hitch streaming because it ends up searching the disk instead of finding the file in the pak file.
[2021.05.26-03.36.05:283][  5]LogStreaming: Error: Found 0 dependent packages...
[2021.05.26-03.36.05:284][  5]LogStreaming: Error: Couldn't find file for package /Game/Game/Actors/Weapons/Upgrades/Underbarrel/BP_UG_Foregrip_IRLaser requested by async loading code. NameToLoad: /Game/Game/Actors/Weapons/Upgrades/Underbarrel/BP_UG_Foregrip_IRLaser
[2021.05.26-03.36.05:285][  5]LogStreaming: Error: This will hitch streaming because it ends up searching the disk instead of finding the file in the pak file.
[2021.05.26-03.36.05:285][  5]LogStreaming: Error: Found 0 dependent packages...
[2021.05.26-03.36.05:286][  5]LogStreaming: Error: Couldn't find file for package /Game/Game/Actors/Weapons/Upgrades/Underbarrel/BP_UG_Foregrip_IRFlashlight_Rail requested by async loading code. NameToLoad: /Game/Game/Actors/Weapons/Upgrades/Underbarrel/BP_UG_Foregrip_IRFlashlight_Rail
[2021.05.26-03.36.05:287][  5]LogStreaming: Error: This will hitch streaming because it ends up searching the disk instead of finding the file in the pak file.
[2021.05.26-03.36.05:287][  5]LogStreaming: Error: Found 0 dependent packages...
[2021.05.26-03.36.05:288][  5]LogStreaming: Error: Couldn't find file for package /Game/Game/Actors/Weapons/Upgrades/Underbarrel/BP_UG_Foregrip_IRFlashlight requested by async loading code. NameToLoad: /Game/Game/Actors/Weapons/Upgrades/Underbarrel/BP_UG_Foregrip_IRFlashlight
[2021.05.26-03.36.05:288][  5]LogStreaming: Error: This will hitch streaming because it ends up searching the disk instead of finding the file in the pak file.
[2021.05.26-03.36.05:289][  5]LogStreaming: Error: Found 0 dependent packages...
[2021.05.26-03.36.05:290][  5]LogStreaming: Error: Couldn't find file for package /Game/Game/Actors/Weapons/Upgrades/Underbarrel/BP_UG_Foregrip_Flashlight_Rail requested by async loading code. NameToLoad: /Game/Game/Actors/Weapons/Upgrades/Underbarrel/BP_UG_Foregrip_Flashlight_Rail
[2021.05.26-03.36.05:290][  5]LogStreaming: Error: This will hitch streaming because it ends up searching the disk instead of finding the file in the pak file.
[2021.05.26-03.36.05:291][  5]LogStreaming: Error: Found 0 dependent packages...
[2021.05.26-03.36.05:292][  5]LogStreaming: Error: Couldn't find file for package /Game/Game/Actors/Weapons/Upgrades/Underbarrel/BP_UG_Foregrip_Flashlight requested by async loading code. NameToLoad: /Game/Game/Actors/Weapons/Upgrades/Underbarrel/BP_UG_Foregrip_Flashlight
[2021.05.26-03.36.05:295][  5]LogStreaming: Error: This will hitch streaming because it ends up searching the disk instead of finding the file in the pak file.
[2021.05.26-03.36.05:296][  5]LogStreaming: Error: Found 0 dependent packages...
[2021.05.26-03.36.05:309][  6]LogINSAssetManager: Display: Scenario loading complete.
[2021.05.26-03.36.05:309][  6]LogScenario: Display: Successfully loaded scenario 'Scenario_Refinery_Checkpoint_Security' and 454 referenced assets.
[2021.05.26-03.36.05:310][  6]LogWorldSettings: Loading lighting scenario 'Oilfield_GlobalDay'...
[2021.05.26-03.36.05:310][  6]LogStreaming: Display: ULevelStreaming::RequestLevel(/Game/Maps/OilField/Oilfield_GlobalDay) is flushing async loading
[2021.05.26-03.36.05:413][  6]LogScenario: Warning: Skipping sublevel 'Refinery_CheckpointHardcore_Security' as it is not linked to a child gamemode of 'INSCheckpointGameMode_2147482548'
[2021.05.26-03.36.05:415][  6]LogStreaming: Display: ULevelStreaming::RequestLevel(/Game/Maps/OilField/Refinery_Checkpoint_Security) is flushing async loading
[2021.05.26-03.36.05:444][  6]LogObjectives: Ownership of objective 'OCCheckpoint_A' changed from 255 to 1
[2021.05.26-03.36.05:444][  6]LogObjectives: Ownership of objective 'ODCheckpoint_B_3' changed from 255 to 1
[2021.05.26-03.36.05:445][  6]LogObjectives: Ownership of objective 'OCCheckpoint_C' changed from 255 to 1
[2021.05.26-03.36.05:445][  6]LogObjectives: Ownership of objective 'OCCheckpoint_D' changed from 255 to 1
[2021.05.26-03.36.05:446][  6]LogObjectives: Ownership of objective 'ODCheckpoint_E' changed from 255 to 1
[2021.05.26-03.36.05:446][  6]LogObjectives: Ownership of objective 'ODCheckpoint_F' changed from 255 to 1
[2021.05.26-03.36.05:446][  6]LogObjectives: Ownership of objective 'OCCheckpoint_G' changed from 255 to 1
[2021.05.26-03.36.05:447][  6]LogGameMode: Warning: Trying to enable spawn zone 'SZCheckpoint_A' but it has no player starts!
[2021.05.26-03.36.05:450][  6]LogGameMode: Warning: Trying to enable spawn zone 'SZCheckpointA_RA' but it has no player starts!
[2021.05.26-03.36.05:451][  6]LogGameMode: Warning: Trying to enable spawn zone 'SZCheckpoint_A1_Team2' but it has no player starts!
[2021.05.26-03.36.05:452][  6]LogGameMode: Warning: Trying to enable spawn zone 'SZCheckpoint_A2_Team2' but it has no player starts!
[2021.05.26-03.36.05:453][  6]LogGameMode: Warning: Trying to enable spawn zone 'SZCheckpoint_A3_Team2' but it has no player starts!
[2021.05.26-03.36.05:454][  6]LogGameMode: Display: Advancing spawns for faction 255 to obj 0: 0 zones enabled (0 player starts), 0 disabled
[2021.05.26-03.36.05:455][  6]LogTemp: Warning: Generated 108 spawn points for objective 'OCCheckpoint_A'
[2021.05.26-03.36.05:458][  6]LogGameMode: Warning: Checkpoint: Generated 97 spawn points for counter-attack spawn 'SZCheckpoint_A1_Team2'
[2021.05.26-03.36.05:467][  6]LogGameMode: Warning: Checkpoint: Generated 72 spawn points for counter-attack spawn 'SZCheckpoint_A2_Team2'
[2021.05.26-03.36.05:474][  6]LogGameMode: Warning: Checkpoint: Generated 71 spawn points for counter-attack spawn 'SZCheckpoint_A3_Team2'
[2021.05.26-03.36.05:478][  6]LogTemp: Warning: Generated 91 spawn points for objective 'ODCheckpoint_B_3'
[2021.05.26-03.36.05:486][  6]LogTemp: Warning: Generated 83 spawn points for objective 'OCCheckpoint_C'
[2021.05.26-03.36.05:506][  6]LogGameMode: Warning: Checkpoint: Generated 65 spawn points for counter-attack spawn 'SZCheckpoint_C1_Team2'
[2021.05.26-03.36.05:513][  6]LogGameMode: Warning: Checkpoint: Generated 84 spawn points for counter-attack spawn 'SZCheckpoint_C2_Team2'
[2021.05.26-03.36.05:518][  6]LogGameMode: Warning: Checkpoint: Generated 91 spawn points for counter-attack spawn 'SZCheckpoint_C3_Team2'
[2021.05.26-03.36.05:524][  6]LogTemp: Warning: Generated 89 spawn points for objective 'OCCheckpoint_D'
[2021.05.26-03.36.05:528][  6]LogGameMode: Warning: Checkpoint: Generated 95 spawn points for counter-attack spawn 'SZCheckpoint_D1_Team2'
[2021.05.26-03.36.05:532][  6]LogGameMode: Warning: Checkpoint: Generated 96 spawn points for counter-attack spawn 'SZCheckpoint_D2_Team2'
[2021.05.26-03.36.05:545][  6]LogGameMode: Warning: Checkpoint: Generated 59 spawn points for counter-attack spawn 'SZCheckpoint_D3_Team2'
[2021.05.26-03.36.05:550][  6]LogTemp: Warning: Generated 89 spawn points for objective 'ODCheckpoint_E'
[2021.05.26-03.36.05:560][  6]LogTemp: Warning: Generated 45 spawn points for objective 'ODCheckpoint_F'
[2021.05.26-03.36.05:561][  6]LogTemp: Warning: Generated 96 spawn points for objective 'OCCheckpoint_G'
[2021.05.26-03.36.05:567][  6]LogGameMode: Warning: Checkpoint: Generated 105 spawn points for counter-attack spawn 'SZCheckpoint_G1_Team2'
[2021.05.26-03.36.05:570][  6]LogGameMode: Warning: Checkpoint: Generated 90 spawn points for counter-attack spawn 'SZCheckpoint_G2_Team2'
[2021.05.26-03.36.05:577][  6]LogGameMode: Warning: Checkpoint: Generated 85 spawn points for counter-attack spawn 'SZCheckpoint_G3_Team2'
[2021.05.26-03.36.05:597][  6]LogSoundscape: Registering pending soundscape emitters/components.
[2021.05.26-03.36.05:597][  6]LogSoundscape: Registered pending soundscape emitters/components.
[2021.05.26-03.36.05:598][  6]LogGameMode: Display: Spawned team 0 of faction Security
[2021.05.26-03.36.05:599][  6]LogGameMode: Display: Spawned team 1 of faction Insurgents
[2021.05.26-03.36.05:599][  6]LogSpawning: Spawnzone 'SZCheckpoint_A' disabled for team 0
[2021.05.26-03.36.05:600][  6]LogSpawning: Spawnzone 'SZCheckpoint_B' disabled for team 0
[2021.05.26-03.36.05:600][  6]LogSpawning: Spawnzone 'SZCheckpoint_C' disabled for team 0
[2021.05.26-03.36.05:600][  6]LogSpawning: Spawnzone 'SZCheckpoint_D' disabled for team 0
[2021.05.26-03.36.05:601][  6]LogSpawning: Spawnzone 'SZCheckpoint_E' disabled for team 0
[2021.05.26-03.36.05:601][  6]LogSpawning: Spawnzone 'SZCheckpoint_F' disabled for team 0
[2021.05.26-03.36.05:601][  6]LogSpawning: Spawnzone 'SZCheckpoint_G' disabled for team 0
[2021.05.26-03.36.05:602][  6]LogSpawning: Spawnzone 'SZCheckpointA_RA' disabled for team 1
[2021.05.26-03.36.05:602][  6]LogSpawning: Spawnzone 'SZCheckpointB_RA' disabled for team 1
[2021.05.26-03.36.05:603][  6]LogSpawning: Spawnzone 'SZCheckpointC_RA' disabled for team 1
[2021.05.26-03.36.05:604][  6]LogSpawning: Spawnzone 'SZCheckpointD_RA' disabled for team 1
[2021.05.26-03.36.05:604][  6]LogSpawning: Spawnzone 'SZCheckpointE_RA' disabled for team 1
[2021.05.26-03.36.05:604][  6]LogSpawning: Spawnzone 'SZCheckpointF_RA' disabled for team 1
[2021.05.26-03.36.05:605][  6]LogSpawning: Spawnzone 'SZCheckpointG_RA' disabled for team 1
[2021.05.26-03.36.05:605][  6]LogSpawning: Spawnzone 'SZCheckpoint_A1_Team2' disabled for team 1
[2021.05.26-03.36.05:605][  6]LogSpawning: Spawnzone 'SZCheckpoint_A2_Team2' disabled for team 1
[2021.05.26-03.36.05:606][  6]LogSpawning: Spawnzone 'SZCheckpoint_A3_Team2' disabled for team 1
[2021.05.26-03.36.05:608][  6]LogSpawning: Spawnzone 'SZCheckpoint_C1_Team2' disabled for team 1
[2021.05.26-03.36.05:608][  6]LogSpawning: Spawnzone 'SZCheckpoint_C2_Team2' disabled for team 1
[2021.05.26-03.36.05:609][  6]LogSpawning: Spawnzone 'SZCheckpoint_C3_Team2' disabled for team 1
[2021.05.26-03.36.05:609][  6]LogSpawning: Spawnzone 'SZCheckpoint_D1_Team2' disabled for team 1
[2021.05.26-03.36.05:609][  6]LogSpawning: Spawnzone 'SZCheckpoint_D2_Team2' disabled for team 1
[2021.05.26-03.36.05:610][  6]LogSpawning: Spawnzone 'SZCheckpoint_D3_Team2' disabled for team 1
[2021.05.26-03.36.05:610][  6]LogSpawning: Spawnzone 'SZCheckpoint_G1_Team2' disabled for team 1
[2021.05.26-03.36.05:610][  6]LogSpawning: Spawnzone 'SZCheckpoint_G2_Team2' disabled for team 1
[2021.05.26-03.36.05:611][  6]LogSpawning: Spawnzone 'SZCheckpoint_G3_Team2' disabled for team 1
[2021.05.26-03.36.05:611][  6]LogGameMode: Error: Reinforcement system for invalid faction 255, ignoring
[2021.05.26-03.36.05:616][  6]LogGameMode: Display: Gamemode assets loaded, exiting LoadingAssets state, entering WaitingToStart
[2021.05.26-03.36.05:616][  6]LogGameMode: Display: State: LoadingAssets -> WaitingToStart
[2021.05.26-03.36.05:616][  6]LogGameState: Match State Changed from LoadingAssets to WaitingToStart
[2021.05.26-03.36.05:617][  6]LogSession: Display: AINSGameSession::HandleMatchIsWaitingToStart
[2021.05.26-03.36.05:617][  6]LogAI: Warning: AI difficulty set to 0.5
[2021.05.26-03.36.05:618][  6]LogGameState: Round reset. Authority:3
[2021.05.26-03.36.05:656][  6]LogObjectives: Ownership of objective 'OCCheckpoint_A' changed from 1 to 1
[2021.05.26-03.36.05:657][  6]LogObjectives: Ownership of objective 'ODCheckpoint_B_3' changed from 1 to 1
[2021.05.26-03.36.05:658][  6]LogObjectives: Ownership of objective 'OCCheckpoint_C' changed from 1 to 1
[2021.05.26-03.36.05:658][  6]LogObjectives: Ownership of objective 'OCCheckpoint_D' changed from 1 to 1
[2021.05.26-03.36.05:659][  6]LogObjectives: Ownership of objective 'ODCheckpoint_E' changed from 1 to 1
[2021.05.26-03.36.05:660][  6]LogObjectives: Ownership of objective 'ODCheckpoint_F' changed from 1 to 1
[2021.05.26-03.36.05:660][  6]LogObjectives: Ownership of objective 'OCCheckpoint_G' changed from 1 to 1
[2021.05.26-03.36.05:661][  6]LogSpawning: Spawnzone 'SZCheckpoint_A' enabled for team 0
[2021.05.26-03.36.05:662][  6]LogGameMode: Warning: Trying to enable spawn zone 'SZCheckpointA_RA' but it has no player starts!
[2021.05.26-03.36.05:664][  6]LogGameMode: Warning: Trying to enable spawn zone 'SZCheckpoint_A1_Team2' but it has no player starts!
[2021.05.26-03.36.05:665][  6]LogGameMode: Warning: Trying to enable spawn zone 'SZCheckpoint_A2_Team2' but it has no player starts!
[2021.05.26-03.36.05:665][  6]LogGameMode: Warning: Trying to enable spawn zone 'SZCheckpoint_A3_Team2' but it has no player starts!
[2021.05.26-03.36.05:666][  6]LogGameMode: Display: Advancing spawns for faction 255 to obj 0: 1 zones enabled (16 player starts), 0 disabled
[2021.05.26-03.37.14:166][ 55]LogCore: Engine exit requested (reason: ConsoleCtrl RequestExit)
[2021.05.26-03.37.14:167][ 55]LogCore: Warning: *** INTERRUPTED *** : SHUTTING DOWN
[2021.05.26-03.37.14:168][ 55]LogCore: Warning: *** INTERRUPTED *** : CTRL-C TO FORCE QUIT
[2021.05.26-03.37.14:169][ 55]LogCore: Engine exit requested (reason: EngineExit() was called; note: exit was already requested)
[2021.05.26-03.37.14:170][ 55]LogInit: Display: PreExit Game.
[2021.05.26-03.37.14:194][ 55]LogWorld: BeginTearingDown for /Game/Maps/OilField/Oilfield
[2021.05.26-03.37.14:194][ 55]LogNet: World NetDriver shutdown IpNetDriver_2147482547 [GameNetDriver]
[2021.05.26-03.37.14:195][ 55]LogNet: DestroyNamedNetDriver IpNetDriver_2147482547 [GameNetDriver]
[2021.05.26-03.37.14:196][ 55]LogExit: GameNetDriver IpNetDriver_2147482547 shut down
[2021.05.26-03.37.14:202][ 55]LogWorld: UWorld::CleanupWorld for Oilfield, bSessionEnded=true, bCleanupResources=true
[2021.05.26-03.37.14:263][ 55]LogWorld: UWorld::CleanupWorld for Oilfield_Particles, bSessionEnded=true, bCleanupResources=true
[2021.05.26-03.37.14:263][ 55]LogWorld: UWorld::CleanupWorld for Oilfield_Reflections, bSessionEnded=true, bCleanupResources=true
[2021.05.26-03.37.14:264][ 55]LogWorld: UWorld::CleanupWorld for Oilfield_Polish_Merged, bSessionEnded=true, bCleanupResources=true
[2021.05.26-03.37.14:265][ 55]LogWorld: UWorld::CleanupWorld for Oilfield_Trims_merged, bSessionEnded=true, bCleanupResources=true
[2021.05.26-03.37.14:265][ 55]LogWorld: UWorld::CleanupWorld for Oilfield_New_Merged_05_06_2019, bSessionEnded=true, bCleanupResources=true
[2021.05.26-03.37.14:266][ 55]LogWorld: UWorld::CleanupWorld for Oilfield_KitSelectionRoom_SEC, bSessionEnded=true, bCleanupResources=true
[2021.05.26-03.37.14:266][ 55]LogWorld: UWorld::CleanupWorld for Oilfield_KitSelectionRoom_INS, bSessionEnded=true, bCleanupResources=true
[2021.05.26-03.37.14:267][ 55]LogWorld: UWorld::CleanupWorld for Oilfield_Doors, bSessionEnded=true, bCleanupResources=true
[2021.05.26-03.37.14:267][ 55]LogWorld: UWorld::CleanupWorld for Oilfield_AI, bSessionEnded=true, bCleanupResources=true
[2021.05.26-03.37.14:268][ 55]LogWorld: UWorld::CleanupWorld for Oilfield_DynamicProps, bSessionEnded=true, bCleanupResources=true
[2021.05.26-03.37.14:268][ 55]LogWorld: UWorld::CleanupWorld for Oilfield_DirtMounds_Merged, bSessionEnded=true, bCleanupResources=true
[2021.05.26-03.37.14:269][ 55]LogWorld: UWorld::CleanupWorld for Oilfield_Cables_Merged, bSessionEnded=true, bCleanupResources=true
[2021.05.26-03.37.14:269][ 55]LogWorld: UWorld::CleanupWorld for Oilfield_Backdrop_Merged, bSessionEnded=true, bCleanupResources=true
[2021.05.26-03.37.14:270][ 55]LogWorld: UWorld::CleanupWorld for Oilfield_Decals, bSessionEnded=true, bCleanupResources=true
[2021.05.26-03.37.14:270][ 55]LogWorld: UWorld::CleanupWorld for Oilfield_BlockingVolumes, bSessionEnded=true, bCleanupResources=true
[2021.05.26-03.37.14:271][ 55]LogWorld: UWorld::CleanupWorld for Oilfield_PerformanceCheck, bSessionEnded=true, bCleanupResources=true
[2021.05.26-03.37.14:271][ 55]LogWorld: UWorld::CleanupWorld for Oilfield_Sound, bSessionEnded=true, bCleanupResources=true
[2021.05.26-03.37.14:271][ 55]LogWorld: UWorld::CleanupWorld for Oilfield_Landscape, bSessionEnded=true, bCleanupResources=true
[2021.05.26-03.37.14:272][ 55]LogWorld: UWorld::CleanupWorld for Oilfield_GlobalDay, bSessionEnded=true, bCleanupResources=true
[2021.05.26-03.37.14:272][ 55]LogWorld: UWorld::CleanupWorld for Refinery_Checkpoint_Security, bSessionEnded=true, bCleanupResources=true
[2021.05.26-03.37.14:274][ 55]LogExit: Preparing to exit.
[2021.05.26-03.37.14:331][ 55]LogDemo: Cleaned up 0 splitscreen connections with owner deletion
[2021.05.26-03.37.14:332][ 55]LogDemo: Cleaned up 0 splitscreen connections with owner deletion
[2021.05.26-03.37.14:333][ 55]LogExit: Game engine shut down
[2021.05.26-03.37.14:375][ 55]LogAISub: UAISubsystem::~UAISubsystem AISubsystem (00000212B3BE07F0), frame # 4055
[2021.05.26-03.37.14:375][ 55]LogAISub: UAISubsystem::~UAISubsystem AIPerceptionSystem (00000212B3BE0830), frame # 4055
[2021.05.26-03.37.14:376][ 55]LogAISub: UAISubsystem::~UAISubsystem EnvQueryManager (00000212B3BE5500), frame # 4055
[2021.05.26-03.37.14:382][ 55]LogAISub: UAISubsystem::~UAISubsystem AIPerceptionSystem (00000212CC50AEC0), frame # 4055
[2021.05.26-03.37.14:383][ 55]LogAISub: UAISubsystem::~UAISubsystem EnvQueryManager (00000212CC50AD80), frame # 4055
[2021.05.26-03.37.14:472][ 55]LogExit: Object subsystem successfully closed.
[2021.05.26-03.37.14:479][ 55]LogModuleManager: Shutting down and abandoning module AIModule (248)
[2021.05.26-03.37.14:479][ 55]LogModuleManager: Shutting down and abandoning module NavigationSystem (247)
[2021.05.26-03.37.14:480][ 55]LogModuleManager: Shutting down and abandoning module CharacterAI (244)
[2021.05.26-03.37.14:480][ 55]LogModuleManager: Shutting down and abandoning module PlanarCut (242)
[2021.05.26-03.37.14:481][ 55]LogModuleManager: Shutting down and abandoning module MfMediaFactory (240)
[2021.05.26-03.37.14:481][ 55]LogModuleManager: Shutting down and abandoning module SessionServices (238)
[2021.05.26-03.37.14:482][ 55]LogModuleManager: Shutting down and abandoning module Analytics (236)
[2021.05.26-03.37.14:482][ 55]LogModuleManager: Shutting down and abandoning module AnalyticsET (234)
[2021.05.26-03.37.14:483][ 55]LogModuleManager: Shutting down and abandoning module MovieSceneTracks (232)
[2021.05.26-03.37.14:483][ 55]LogModuleManager: Shutting down and abandoning module MovieScene (230)
[2021.05.26-03.37.14:484][ 55]LogModuleManager: Shutting down and abandoning module StreamingPauseRendering (228)
[2021.05.26-03.37.14:484][ 55]LogModuleManager: Shutting down and abandoning module ImageWriteQueue (226)
[2021.05.26-03.37.14:485][ 55]LogModuleManager: Shutting down and abandoning module ImageWrapper (225)
[2021.05.26-03.37.14:485][ 55]LogModuleManager: Shutting down and abandoning module Synthesis (222)
[2021.05.26-03.37.14:485][ 55]LogModuleManager: Shutting down and abandoning module GooglePAD (220)
[2021.05.26-03.37.14:486][ 55]LogModuleManager: Shutting down and abandoning module AssetTags (218)
[2021.05.26-03.37.14:486][ 55]LogModuleManager: Shutting down and abandoning module MagicLeapSharedWorld (214)
[2021.05.26-03.37.14:487][ 55]LogModuleManager: Shutting down and abandoning module ChaosNiagara (212)
[2021.05.26-03.37.14:488][ 55]LogModuleManager: Shutting down and abandoning module ProceduralMeshComponent (210)
[2021.05.26-03.37.14:488][ 55]LogModuleManager: Shutting down and abandoning module GeometryCollectionTracks (208)
[2021.05.26-03.37.14:489][ 55]LogModuleManager: Shutting down and abandoning module EditableMesh (206)
[2021.05.26-03.37.14:491][ 55]LogModuleManager: Shutting down and abandoning module MeshSolverUtilities (204)
[2021.05.26-03.37.14:492][ 55]LogModuleManager: Shutting down and abandoning module MeshConversion (202)
[2021.05.26-03.37.14:492][ 55]LogModuleManager: Shutting down and abandoning module DynamicMesh (200)
[2021.05.26-03.37.14:492][ 55]LogModuleManager: Shutting down and abandoning module GeometryAlgorithms (198)
[2021.05.26-03.37.14:493][ 55]LogModuleManager: Shutting down and abandoning module GeometricObjects (196)
[2021.05.26-03.37.14:493][ 55]LogModuleManager: Shutting down and abandoning module ChaosCloth (194)
[2021.05.26-03.37.14:493][ 55]LogModuleManager: Shutting down and abandoning module AutomationUtils (192)
[2021.05.26-03.37.14:494][ 55]LogModuleManager: Shutting down and abandoning module RconSandstorm (190)
[2021.05.26-03.37.14:494][ 55]LogModuleManager: Shutting down and abandoning module Rcon (189)
[2021.05.26-03.37.14:495][ 55]LogModuleManager: Shutting down and abandoning module Holidays (186)
[2021.05.26-03.37.14:495][ 55]LogModuleManager: Shutting down and abandoning module CryptoUtilities (184)
[2021.05.26-03.37.14:495][ 55]LogModuleManager: Shutting down and abandoning module EasyAntiCheatCommon (182)
[2021.05.26-03.37.14:496][ 55]LogModuleManager: Shutting down and abandoning module EasyAntiCheatClient (180)
[2021.05.26-03.37.14:496][ 55]LogModuleManager: Shutting down and abandoning module EasyAntiCheatServer (178)
[2021.05.26-03.37.14:500][ 55]LogEasyAntiCheatServer: [23:37:14:496][Windows][EAC Server] [Info][Destroy] Called
[2021.05.26-03.37.14:500][ 55]LogModuleManager: Shutting down and abandoning module ConsoleCertificationRequirements (176)
[2021.05.26-03.37.14:501][ 55]LogModuleManager: Shutting down and abandoning module InsurgencyGameplayDebugger (174)
[2021.05.26-03.37.14:501][ 55]LogModuleManager: Shutting down and abandoning module SlackFeedback (172)
[2021.05.26-03.37.14:502][ 55]LogModuleManager: Shutting down and abandoning module GameStatsServer (170)
[2021.05.26-03.37.14:502][ 55]LogModuleManager: Shutting down and abandoning module NativizedAssets (168)
[2021.05.26-03.37.14:502][ 55]LogModuleManager: Shutting down and abandoning module VivoxCore (166)
[2021.05.26-03.37.14:502][ 55]VivoxCore: FVivoxCoreModule::ShutdownModule
[2021.05.26-03.37.14:502][ 55]LogModuleManager: Shutting down and abandoning module StatsCollector (164)
[2021.05.26-03.37.14:505][ 55]LogUObjectArray: Warning: Empty slot
[2021.05.26-03.37.14:510][ 55]LogModuleManager: Shutting down and abandoning module HttpExtensions (162)
[2021.05.26-03.37.14:510][ 55]LogModuleManager: Shutting down and abandoning module ModKit (160)
[2021.05.26-03.37.14:511][ 55]LogModuleManager: Shutting down and abandoning module WebSockets (157)
[2021.05.26-03.37.14:524][ 55]LogModuleManager: Shutting down and abandoning module PlayTimeLimit (154)
[2021.05.26-03.37.14:524][ 55]LogModuleManager: Shutting down and abandoning module Rejoin (152)
[2021.05.26-03.37.14:525][ 55]LogModuleManager: Shutting down and abandoning module Hotfix (150)
[2021.05.26-03.37.14:525][ 55]LogModuleManager: Shutting down and abandoning module Lobby (148)
[2021.05.26-03.37.14:525][ 55]LogModuleManager: Shutting down and abandoning module Party (146)
[2021.05.26-03.37.14:526][ 55]LogModuleManager: Shutting down and abandoning module Qos (144)
[2021.05.26-03.37.14:526][ 55]LogModuleManager: Shutting down and abandoning module TemplateSequence (142)
[2021.05.26-03.37.14:527][ 55]LogModuleManager: Shutting down and abandoning module InsurgencyServer (140)
[2021.05.26-03.37.14:528][ 55]LogModuleManager: Shutting down and abandoning module Insurgency (138)
[2021.05.26-03.37.14:528][ 55]LogModuleManager: Shutting down and abandoning module SoundFields (136)
[2021.05.26-03.37.14:528][ 55]LogModuleManager: Shutting down and abandoning module RuntimePhysXCooking (134)
[2021.05.26-03.37.14:529][ 55]LogModuleManager: Shutting down and abandoning module ActorSequence (132)
[2021.05.26-03.37.14:529][ 55]LogModuleManager: Shutting down and abandoning module UdpMessaging (130)
[2021.05.26-03.37.14:530][ 55]LogModuleManager: Shutting down and abandoning module MagicLeapARPin (128)
[2021.05.26-03.37.14:530][ 55]LogModuleManager: Shutting down and abandoning module FacialAnimation (126)
[2021.05.26-03.37.14:530][ 55]LogModuleManager: Shutting down and abandoning module AnimationSharing (124)
[2021.05.26-03.37.14:531][ 55]LogModuleManager: Shutting down and abandoning module LightPropagationVolumeRuntime (122)
[2021.05.26-03.37.14:531][ 55]LogModuleManager: Shutting down and abandoning module UMGExtensions (120)
[2021.05.26-03.37.14:532][ 55]LogModuleManager: Shutting down and abandoning module DiscordRpc (118)
[2021.05.26-03.37.14:532][ 55]LogModuleManager: Shutting down and abandoning module ControlRig (114)
[2021.05.26-03.37.14:532][ 55]LogModuleManager: Shutting down and abandoning module LevelSequence (113)
[2021.05.26-03.37.14:533][ 55]LogModuleManager: Shutting down and abandoning module TcpMessaging (110)
[2021.05.26-03.37.14:533][ 55]LogModuleManager: Shutting down and abandoning module AnimationBudgetAllocator (108)
[2021.05.26-03.37.14:533][ 55]LogModuleManager: Shutting down and abandoning module Gauntlet (106)
[2021.05.26-03.37.14:534][ 55]LogGauntlet: Display: Gauntlet Shutdown
[2021.05.26-03.37.14:534][ 55]LogModuleManager: Shutting down and abandoning module ReplicationGraph (104)
[2021.05.26-03.37.14:534][ 55]LogModuleManager: Shutting down and abandoning module NiagaraAnimNotifies (102)
[2021.05.26-03.37.14:535][ 55]LogModuleManager: Shutting down and abandoning module Niagara (100)
[2021.05.26-03.37.14:538][ 55]LogModuleManager: Shutting down and abandoning module SignalProcessing (99)
[2021.05.26-03.37.14:539][ 55]LogModuleManager: Shutting down and abandoning module NiagaraCore (96)
[2021.05.26-03.37.14:539][ 55]LogModuleManager: Shutting down and abandoning module SignificanceManager (94)
[2021.05.26-03.37.14:540][ 55]LogModuleManager: Shutting down and abandoning module AkAudio (92)
[2021.05.26-03.37.14:540][ 55]LogModuleManager: Shutting down and abandoning module WindowsMoviePlayer (90)
[2021.05.26-03.37.14:541][ 55]LogModuleManager: Shutting down and abandoning module InsurgencyLoadingScreen (88)
[2021.05.26-03.37.14:541][ 55]LogModuleManager: Shutting down and abandoning module NetworkReplayStreaming (86)
[2021.05.26-03.37.14:541][ 55]LogModuleManager: Shutting down and abandoning module PacketHandler (84)
[2021.05.26-03.37.14:542][ 55]LogModuleManager: Shutting down and abandoning module ClothingSystemRuntimeNv (82)
[2021.05.26-03.37.14:542][ 55]LogModuleManager: Shutting down and abandoning module MediaAssets (80)
[2021.05.26-03.37.14:542][ 55]LogModuleManager: Shutting down and abandoning module Messaging (78)
[2021.05.26-03.37.14:542][ 55]LogModuleManager: Shutting down and abandoning module Networking (76)
[2021.05.26-03.37.14:543][ 55]LogModuleManager: Shutting down and abandoning module Core (74)
[2021.05.26-03.37.14:544][ 55]LogModuleManager: Shutting down and abandoning module Media (72)
[2021.05.26-03.37.14:544][ 55]LogModuleManager: Shutting down and abandoning module NullDrv (68)
[2021.05.26-03.37.14:544][ 55]LogModuleManager: Shutting down and abandoning module PhysXCooking (66)
[2021.05.26-03.37.14:545][ 55]LogModuleManager: Shutting down and abandoning module ChaosSolvers (64)
[2021.05.26-03.37.14:545][ 55]LogModuleManager: Shutting down and abandoning module FieldSystemEngine (63)
[2021.05.26-03.37.14:545][ 55]LogModuleManager: Shutting down and abandoning module Chaos (60)
[2021.05.26-03.37.14:545][ 55]LogModuleManager: Shutting down and abandoning module VariantManagerContent (57)
[2021.05.26-03.37.14:545][ 55]LogModuleManager: Shutting down and abandoning module AISupportModule (55)
[2021.05.26-03.37.14:546][ 55]LogModuleManager: Shutting down and abandoning module NiagaraVertexFactories (51)
[2021.05.26-03.37.14:546][ 55]LogModuleManager: Shutting down and abandoning module NiagaraShader (49)
[2021.05.26-03.37.14:546][ 55]LogModuleManager: Shutting down and abandoning module NVIDIAGfeSDK (47)
[2021.05.26-03.37.14:546][ 55]LogModuleManager: Shutting down and abandoning module Ansel (45)
[2021.05.26-03.37.14:547][ 55]LogModuleManager: Shutting down and abandoning module OnlineSubsystem (41)
[2021.05.26-03.37.14:547][ 55]LogOnline: Display: STEAM (NWI): OnlineSubsystemSteam::Shutdown()
[2021.05.26-03.37.14:547][ 55]LogOnline: STEAM (NWI): AUTH: Revoking all tickets.
[2021.05.26-03.37.14:601][ 55]LogOnline: Display: FOnlineSubsystemNWI::Shutdown()
[2021.05.26-03.37.14:602][ 55]LogOnline: Display: STEAM (NWI): OnlineSubsystemSteam::Shutdown()
[2021.05.26-03.37.14:603][ 55]LogOnline: FOnlineSubsystemNWIModule::ShutdownModule
[2021.05.26-03.37.14:603][ 55]LogOnline: Display: FOnlineSubsystemNWI::Shutdown()
[2021.05.26-03.37.14:605][ 55]LogModuleManager: Shutting down and abandoning module SteamShared (37)
[2021.05.26-03.37.14:605][ 55]LogSteamShared: Freeing the Steam Loaded Modules...
[2021.05.26-03.37.14:605][ 55]LogModuleManager: Shutting down and abandoning module HTTP (34)
[2021.05.26-03.37.14:623][ 55]LogModuleManager: Shutting down and abandoning module SSL (33)
[2021.05.26-03.37.14:624][ 55]LogModuleManager: Shutting down and abandoning module PlatformCryptoOpenSSL (29)
[2021.05.26-03.37.14:624][ 55]LogModuleManager: Shutting down and abandoning module PlatformCryptoTypes (27)
[2021.05.26-03.37.14:624][ 55]LogModuleManager: Shutting down and abandoning module PlatformCrypto (25)
[2021.05.26-03.37.14:625][ 55]LogModuleManager: Shutting down and abandoning module PythonScriptPluginPreload (23)
[2021.05.26-03.37.14:625][ 55]LogModuleManager: Shutting down and abandoning module RenderCore (21)
[2021.05.26-03.37.14:625][ 55]LogModuleManager: Shutting down and abandoning module Landscape (19)
[2021.05.26-03.37.14:626][ 55]LogModuleManager: Shutting down and abandoning module OpenGLDrv (17)
[2021.05.26-03.37.14:627][ 55]LogModuleManager: Shutting down and abandoning module AnimGraphRuntime (14)
[2021.05.26-03.37.14:627][ 55]LogModuleManager: Shutting down and abandoning module Renderer (12)
[2021.05.26-03.37.14:628][ 55]LogModuleManager: Shutting down and abandoning module Engine (10)
[2021.05.26-03.37.14:629][ 55]LogModuleManager: Shutting down and abandoning module CoreUObject (8)
[2021.05.26-03.37.14:629][ 55]LogModuleManager: Shutting down and abandoning module SandboxFile (6)
[2021.05.26-03.37.14:630][ 55]LogModuleManager: Shutting down and abandoning module PakFile (4)
[2021.05.26-03.37.14:638][ 55]LogModuleManager: Shutting down and abandoning module RSA (3)
[2021.05.26-03.37.14:638][ 55]LogExit: Exiting.
[2021.05.26-03.37.14:650][ 55]Log file closed, 05/25/21 23:37:14
