Log file open, 05/25/21 23:22:56
LogPakFile: Display: Found Pak file ../../../Insurgency/Content/Paks/pakchunk21-WindowsServer_0_P.pak attempting to mount.
LogPakFile: Display: Mounting pak file ../../../Insurgency/Content/Paks/pakchunk21-WindowsServer_0_P.pak.
LogPakFile: Display: Found Pak file ../../../Insurgency/Content/Paks/pakchunk21-WindowsServer.pak attempting to mount.
LogPakFile: Display: Mounting pak file ../../../Insurgency/Content/Paks/pakchunk21-WindowsServer.pak.
LogPakFile: Display: Found Pak file ../../../Insurgency/Content/Paks/pakchunk20-WindowsServer_0_P.pak attempting to mount.
LogPakFile: Display: Mounting pak file ../../../Insurgency/Content/Paks/pakchunk20-WindowsServer_0_P.pak.
LogPakFile: Display: Found Pak file ../../../Insurgency/Content/Paks/pakchunk20-WindowsServer.pak attempting to mount.
LogPakFile: Display: Mounting pak file ../../../Insurgency/Content/Paks/pakchunk20-WindowsServer.pak.
LogPakFile: Display: Found Pak file ../../../Insurgency/Content/Paks/pakchunk19-WindowsServer_0_P.pak attempting to mount.
LogPakFile: Display: Mounting pak file ../../../Insurgency/Content/Paks/pakchunk19-WindowsServer_0_P.pak.
LogPakFile: Display: Found Pak file ../../../Insurgency/Content/Paks/pakchunk19-WindowsServer.pak attempting to mount.
LogPakFile: Display: Mounting pak file ../../../Insurgency/Content/Paks/pakchunk19-WindowsServer.pak.
LogPakFile: Display: Found Pak file ../../../Insurgency/Content/Paks/pakchunk18-WindowsServer_0_P.pak attempting to mount.
LogPakFile: Display: Mounting pak file ../../../Insurgency/Content/Paks/pakchunk18-WindowsServer_0_P.pak.
LogPakFile: Display: Found Pak file ../../../Insurgency/Content/Paks/pakchunk18-WindowsServer.pak attempting to mount.
LogPakFile: Display: Mounting pak file ../../../Insurgency/Content/Paks/pakchunk18-WindowsServer.pak.
LogPakFile: Display: Found Pak file ../../../Insurgency/Content/Paks/pakchunk17-WindowsServer_0_P.pak attempting to mount.
LogPakFile: Display: Mounting pak file ../../../Insurgency/Content/Paks/pakchunk17-WindowsServer_0_P.pak.
LogPakFile: Display: Found Pak file ../../../Insurgency/Content/Paks/pakchunk17-WindowsServer.pak attempting to mount.
LogPakFile: Display: Mounting pak file ../../../Insurgency/Content/Paks/pakchunk17-WindowsServer.pak.
LogPakFile: Display: Found Pak file ../../../Insurgency/Content/Paks/pakchunk16-WindowsServer_0_P.pak attempting to mount.
LogPakFile: Display: Mounting pak file ../../../Insurgency/Content/Paks/pakchunk16-WindowsServer_0_P.pak.
LogPakFile: Display: Found Pak file ../../../Insurgency/Content/Paks/pakchunk16-WindowsServer.pak attempting to mount.
LogPakFile: Display: Mounting pak file ../../../Insurgency/Content/Paks/pakchunk16-WindowsServer.pak.
LogPakFile: Display: Found Pak file ../../../Insurgency/Content/Paks/pakchunk15-WindowsServer_0_P.pak attempting to mount.
LogPakFile: Display: Mounting pak file ../../../Insurgency/Content/Paks/pakchunk15-WindowsServer_0_P.pak.
LogPakFile: Display: Found Pak file ../../../Insurgency/Content/Paks/pakchunk15-WindowsServer.pak attempting to mount.
LogPakFile: Display: Mounting pak file ../../../Insurgency/Content/Paks/pakchunk15-WindowsServer.pak.
LogPakFile: Display: Found Pak file ../../../Insurgency/Content/Paks/pakchunk14-WindowsServer_0_P.pak attempting to mount.
LogPakFile: Display: Mounting pak file ../../../Insurgency/Content/Paks/pakchunk14-WindowsServer_0_P.pak.
LogPakFile: Display: Found Pak file ../../../Insurgency/Content/Paks/pakchunk14-WindowsServer.pak attempting to mount.
LogPakFile: Display: Mounting pak file ../../../Insurgency/Content/Paks/pakchunk14-WindowsServer.pak.
LogPakFile: Display: Found Pak file ../../../Insurgency/Content/Paks/pakchunk13-WindowsServer_0_P.pak attempting to mount.
LogPakFile: Display: Mounting pak file ../../../Insurgency/Content/Paks/pakchunk13-WindowsServer_0_P.pak.
LogPakFile: Display: Found Pak file ../../../Insurgency/Content/Paks/pakchunk13-WindowsServer.pak attempting to mount.
LogPakFile: Display: Mounting pak file ../../../Insurgency/Content/Paks/pakchunk13-WindowsServer.pak.
LogPakFile: Display: Found Pak file ../../../Insurgency/Content/Paks/pakchunk12-WindowsServer_0_P.pak attempting to mount.
LogPakFile: Display: Mounting pak file ../../../Insurgency/Content/Paks/pakchunk12-WindowsServer_0_P.pak.
LogPakFile: Display: Found Pak file ../../../Insurgency/Content/Paks/pakchunk12-WindowsServer.pak attempting to mount.
LogPakFile: Display: Mounting pak file ../../../Insurgency/Content/Paks/pakchunk12-WindowsServer.pak.
LogPakFile: Display: Found Pak file ../../../Insurgency/Content/Paks/pakchunk11-WindowsServer_0_P.pak attempting to mount.
LogPakFile: Display: Mounting pak file ../../../Insurgency/Content/Paks/pakchunk11-WindowsServer_0_P.pak.
LogPakFile: Display: Found Pak file ../../../Insurgency/Content/Paks/pakchunk11-WindowsServer.pak attempting to mount.
LogPakFile: Display: Mounting pak file ../../../Insurgency/Content/Paks/pakchunk11-WindowsServer.pak.
LogPakFile: Display: Found Pak file ../../../Insurgency/Content/Paks/pakchunk10-WindowsServer_0_P.pak attempting to mount.
LogPakFile: Display: Mounting pak file ../../../Insurgency/Content/Paks/pakchunk10-WindowsServer_0_P.pak.
LogPakFile: Display: Found Pak file ../../../Insurgency/Content/Paks/pakchunk10-WindowsServer.pak attempting to mount.
LogPakFile: Display: Mounting pak file ../../../Insurgency/Content/Paks/pakchunk10-WindowsServer.pak.
LogPakFile: Display: Found Pak file ../../../Insurgency/Content/Paks/pakchunk0-WindowsServer_0_P.pak attempting to mount.
LogPakFile: Display: Mounting pak file ../../../Insurgency/Content/Paks/pakchunk0-WindowsServer_0_P.pak.
LogPakFile: Display: Found Pak file ../../../Insurgency/Content/Paks/pakchunk0-WindowsServer.pak attempting to mount.
LogPakFile: Display: Mounting pak file ../../../Insurgency/Content/Paks/pakchunk0-WindowsServer.pak.
LogPlatformFile: Not using cached read wrapper
LogTaskGraph: Started task graph with 4 named threads and 8 total threads with 1 sets of task threads.
LogModuleManager: Warning: ModuleManager: Module 'D3D11RHI' not found - its StaticallyLinkedModuleInitializers function is null.
LogICUInternationalization: ICU TimeZone Detection - Raw Offset: -5:00, Platform Override: ''
LogPluginManager: Mounting plugin Wwise
LogPluginManager: Mounting plugin MatineeToLevelSequence
LogPluginManager: Mounting plugin TemplateSequence
LogPluginManager: Mounting plugin LevelSequenceEditor
LogPluginManager: Mounting plugin OnlineSubsystemSteamNWI
LogPluginManager: Mounting plugin OnlineSubsystem
LogPluginManager: Mounting plugin OnlineSubsystemUtils
LogPluginManager: Mounting plugin SteamShared
LogPluginManager: Mounting plugin Ansel
LogPluginManager: Mounting plugin NVIDIAGfeSDK
LogPluginManager: Mounting plugin OnlineFramework
LogPluginManager: Mounting plugin MediaPlayerEditor
LogPluginManager: Mounting plugin WmfMedia
LogPluginManager: Mounting plugin OnlineSubsystemNWI
LogPluginManager: Mounting plugin SignificanceManager
LogPluginManager: Mounting plugin Niagara
LogPluginManager: Mounting plugin ReplicationGraph
LogPluginManager: Mounting plugin EditorScriptingUtilities
LogPluginManager: Mounting plugin Gauntlet
LogPluginManager: Mounting plugin BlueprintStats
LogPluginManager: Mounting plugin InsurgencyEditor
LogPluginManager: Mounting plugin PluginBrowser
LogPluginManager: Mounting plugin ModKit
LogPluginManager: Mounting plugin HttpExtensions
LogPluginManager: Mounting plugin ZipUtilities
LogPluginManager: Mounting plugin AnimationBudgetAllocator
LogPluginManager: Mounting plugin InsurgencyUnitTests
LogPluginManager: Mounting plugin DataValidation
LogPluginManager: Mounting plugin RenderDocPlugin
LogPluginManager: Mounting plugin TraceDataFilters
LogPluginManager: Mounting plugin TraceSourceFilters
LogPluginManager: Mounting plugin GameplayInsights
LogPluginManager: Mounting plugin TcpMessaging
LogPluginManager: Mounting plugin StatsCollector
LogPluginManager: Mounting plugin OnlineSubsystemEOS
LogPluginManager: Mounting plugin VivoxCore
LogPluginManager: Mounting plugin MfMedia
LogPluginManager: Mounting plugin PythonScriptPlugin
LogPluginManager: Mounting plugin ControlRig
LogPluginManager: Mounting plugin NativizedAssets
LogPluginManager: Mounting plugin PhysXVehicles
LogPluginManager: Mounting plugin GameStats
LogPluginManager: Mounting plugin SlackFeedback
LogPluginManager: Mounting plugin InsurgencyGameplayDebugger
LogPluginManager: Mounting plugin ConsoleCertificationRequirements
LogPluginManager: Mounting plugin DiscordRpc
LogPluginManager: Mounting plugin EasyAntiCheat
LogPluginManager: Mounting plugin CryptoUtilities
LogPluginManager: Mounting plugin Holidays
LogPluginManager: Mounting plugin UMGExtensions
LogPluginManager: Mounting plugin RconSandstorm
LogPluginManager: Mounting plugin Rcon
LogPluginManager: Mounting plugin AISupport
LogPluginManager: Mounting plugin LightPropagationVolume
LogPluginManager: Mounting plugin AnimationSharing
LogPluginManager: Mounting plugin AssetManagerEditor
LogPluginManager: Mounting plugin FacialAnimation
LogPluginManager: Mounting plugin GeometryMode
LogPluginManager: Mounting plugin VariantManagerContent
LogPluginManager: Mounting plugin AutomationUtils
LogPluginManager: Mounting plugin ScreenshotTools
LogPluginManager: Mounting plugin ChaosClothEditor
LogPluginManager: Mounting plugin ChaosCloth
LogPluginManager: Mounting plugin ChaosEditor
LogPluginManager: Mounting plugin PlanarCut
LogPluginManager: Mounting plugin GeometryProcessing
LogPluginManager: Mounting plugin EditableMesh
LogPluginManager: Mounting plugin GeometryCollectionPlugin
LogPluginManager: Mounting plugin ProceduralMeshComponent
LogPluginManager: Mounting plugin ChaosSolverPlugin
LogPluginManager: Mounting plugin ChaosNiagara
LogPluginManager: Mounting plugin CharacterAI
LogPluginManager: Mounting plugin PlatformCrypto
LogPluginManager: Mounting plugin MagicLeapPassableWorld
LogPluginManager: Mounting plugin MeshPainting
LogPluginManager: Mounting plugin UdpMessaging
LogPluginManager: Mounting plugin ActorSequence
LogPluginManager: Mounting plugin MovieRenderPipeline
LogPluginManager: Mounting plugin NetcodeUnitTest
LogPluginManager: Mounting plugin OnlineSubsystemNull
LogPluginManager: Mounting plugin AssetTags
LogPluginManager: Mounting plugin GooglePAD
LogPluginManager: Mounting plugin RuntimePhysXCooking
LogPluginManager: Mounting plugin SoundFields
LogPluginManager: Mounting plugin Synthesis
LogPluginManager: Mounting plugin WindowsMoviePlayer
LogPluginManager: Mounting plugin ExampleContent
LogPluginManager: Mounting plugin NWI_Infected
LogInit: Using libcurl 7.55.1-DEV
LogInit:  - built for x86_64-pc-win32
LogInit:  - supports SSL with OpenSSL/1.1.1
LogInit:  - supports HTTP deflate (compression) using libz 1.2.8
LogInit:  - other features:
LogInit:      CURL_VERSION_SSL
LogInit:      CURL_VERSION_LIBZ
LogInit:      CURL_VERSION_IPV6
LogInit:      CURL_VERSION_ASYNCHDNS
LogInit:      CURL_VERSION_LARGEFILE
LogInit:      CURL_VERSION_IDN
LogInit:  CurlRequestOptions (configurable via config and command line):
LogInit:  - bVerifyPeer = true  - Libcurl will verify peer certificate
LogInit:  - bUseHttpProxy = false  - Libcurl will NOT use HTTP proxy
LogInit:  - bDontReuseConnections = false  - Libcurl will reuse connections
LogInit:  - MaxHostConnections = 16  - Libcurl will limit the number of connections to a host
LogInit:  - LocalHostAddr = Default
LogInit:  - BufferSize = 65536
LogSteamShared: Display: Loading Steam SDK 1.47
LogSteamShared: Steam SDK Loaded!
LogOnline: OSS: Creating online subsystem instance for: SteamNWI
LogOnline: Display: STEAM (NWI): Steam: Starting SteamWorks. Client [0] Server [1]
LogOnline: STEAM (NWI): [AppId: 581320] Game Server API initialized 1
LogOnline: STEAM (NWI): Missing P2PCleanupTimeout key in OnlineSubsystemSteam of DefaultEngine.ini, using default
LogInit: WinSock: version 1.1 (2.2), MaxSocks=32767, MaxUdp=65467
LogOnline: STEAM (NWI): AUTH: Steam Auth Enabled
LogOnline: STEAM (NWI): Initializing voice subsystem.
LogOnline: OSS: TryLoadSubsystemAndSetDefault: Loaded subsystem for module [SteamNWI]
LogAnsel: Tried to load ../../../Engine/Plugins/Runtime/Nvidia/Ansel/Binaries/ThirdParty/AnselSDK64.dll : success=1
LogTemp: Using NVIDIAGfeSDKPlugin version 1.0.0
LogOnline: Error: OSS: FOnlineSubsystemEOS::DeferredInit() failed to find artifact settings object for artifact ()
LogInit: Build: ++sandstorm+release-1.10.0-CL-152892
LogInit: Engine Version: 4.25.4-152892+++sandstorm+release-1.10.0
LogInit: Compatible Engine Version: 4.25.4-152892+++sandstorm+release-1.10.0
LogInit: Net CL: 152892
LogInit: OS: Windows 10 (Release 2004) (), CPU: Intel(R) Core(TM) i7-8550U CPU @ 1.80GHz, GPU: Intel(R) UHD Graphics 620
LogInit: Compiled (64-bit): May 20 2021 00:59:20
LogInit: Compiled with Visual C++: 19.27.29112.00
LogInit: Build Configuration: Shipping
LogInit: Branch Name: ++sandstorm+release-1.10.0
LogInit: Command Line:  Scenario=Scenario_Crossing_Checkpoint_Insurgents?MaxPlayers=2 -mutators=hardcore -Port=27102 -QueryPort=27131 -log -hostname=GrumTest -motd
LogInit: Base Directory: C:/Users/Matt/Downloads/steamcmd/steamapps/common/sandstorm_server/Insurgency/Binaries/Win64/
LogInit: Allocator: binned2
LogInit: Installed Engine Build: 0
LogInit: Presizing for max 2097152 objects, including 130000 objects not considered by GC, pre-allocating 32000000 bytes for permanent pool.
LogConfig: Applying CVar settings from Section [/Script/Engine.StreamingSettings] File [../../../Insurgency/Saved/Config/WindowsServer/Engine.ini]
LogConfig: Setting CVar [[s.MinBulkDataSizeForAsyncLoading:131072]]
LogConfig: Setting CVar [[s.AsyncLoadingThreadEnabled:1]]
LogConfig: Setting CVar [[s.EventDrivenLoaderEnabled:1]]
LogConfig: Setting CVar [[s.WarnIfTimeLimitExceeded:0]]
LogConfig: Setting CVar [[s.TimeLimitExceededMultiplier:1.5]]
LogConfig: Setting CVar [[s.TimeLimitExceededMinTime:0.005]]
LogConfig: Setting CVar [[s.UseBackgroundLevelStreaming:1]]
LogConfig: Setting CVar [[s.PriorityAsyncLoadingExtraTime:15.0]]
LogConfig: Setting CVar [[s.LevelStreamingActorsUpdateTimeLimit:5.0]]
LogConfig: Setting CVar [[s.PriorityLevelStreamingActorsUpdateExtraTime:5.0]]
LogConfig: Setting CVar [[s.LevelStreamingComponentsRegistrationGranularity:10]]
LogConfig: Setting CVar [[s.UnregisterComponentsTimeLimit:1.0]]
LogConfig: Setting CVar [[s.LevelStreamingComponentsUnregistrationGranularity:5]]
LogConfig: Setting CVar [[s.FlushStreamingOnExit:1]]
LogStreaming: Display: Async Loading initialized: Event Driven Loader: true, Async Loading Thread: false, Async Post Load: false
LogInit: Object subsystem initialized
LogConfig: Setting CVar [[net.PingExcludeFrameTime:1]]
LogConfig: Setting CVar [[net.UseAdaptiveNetUpdateFrequency:0]]
LogConfig: Setting CVar [[demo.RecordHz:20]]
LogConfig: Setting CVar [[r.HZBOcclusion:0]]
LogConfig: Setting CVar [[r.RenderTargetPoolMin:450]]
LogConfig: Setting CVar [[r.EyeAdaptation.BlackHistogramBucketInfluence:1]]
LogConfig: Setting CVar [[net.AllowAsyncLoading:1]]
LogConfig: Setting CVar [[net.AllowEncryption:1]]
LogConfig: Setting CVar [[t.FPSChart.ExcludeIdleTime:1]]
LogConfig: Setting CVar [[r.setres:1280x720]]
LogConfig: Setting CVar [[fx.NiagaraAllowRuntimeScalabilityChanges:1]]
[2021.05.26-03.22.56:513][  0]LogConfig: Setting CVar [[net.PingExcludeFrameTime:1]]
[2021.05.26-03.22.56:513][  0]LogConfig: Setting CVar [[net.UseAdaptiveNetUpdateFrequency:0]]
[2021.05.26-03.22.56:513][  0]LogConfig: Setting CVar [[demo.RecordHz:20]]
[2021.05.26-03.22.56:514][  0]LogConfig: Setting CVar [[r.HZBOcclusion:0]]
[2021.05.26-03.22.56:514][  0]LogConfig: Setting CVar [[r.RenderTargetPoolMin:450]]
[2021.05.26-03.22.56:515][  0]LogConfig: Setting CVar [[r.EyeAdaptation.BlackHistogramBucketInfluence:1]]
[2021.05.26-03.22.56:515][  0]LogConfig: Setting CVar [[net.AllowAsyncLoading:1]]
[2021.05.26-03.22.56:516][  0]LogConfig: Setting CVar [[net.AllowEncryption:1]]
[2021.05.26-03.22.56:516][  0]LogConfig: Setting CVar [[t.FPSChart.ExcludeIdleTime:1]]
[2021.05.26-03.22.56:517][  0]LogConfig: Setting CVar [[r.setres:1280x720]]
[2021.05.26-03.22.56:517][  0]LogConfig: Setting CVar [[fx.NiagaraAllowRuntimeScalabilityChanges:1]]
[2021.05.26-03.22.56:517][  0]LogConfig: Applying CVar settings from Section [/Script/Engine.RendererSettings] File [../../../Insurgency/Saved/Config/WindowsServer/Engine.ini]
[2021.05.26-03.22.56:518][  0]LogConfig: Setting CVar [[r.GPUCrashDebugging:0]]
[2021.05.26-03.22.56:518][  0]LogConfig: Setting CVar [[r.MobileHDR:0]]
[2021.05.26-03.22.56:518][  0]LogConfig: Setting CVar [[r.MobileNumDynamicPointLights:4]]
[2021.05.26-03.22.56:519][  0]LogConfig: Setting CVar [[r.MobileDynamicPointLightsUseStaticBranch:1]]
[2021.05.26-03.22.56:520][  0]LogConfig: Setting CVar [[r.AllowOcclusionQueries:1]]
[2021.05.26-03.22.56:521][  0]LogConfig: Setting CVar [[r.MinScreenRadiusForLights:0.030000]]
[2021.05.26-03.22.56:523][  0]LogConfig: Setting CVar [[r.MinScreenRadiusForDepthPrepass:0.030000]]
[2021.05.26-03.22.56:525][  0]LogConfig: Setting CVar [[r.PrecomputedVisibilityWarning:0]]
[2021.05.26-03.22.56:528][  0]LogConfig: Setting CVar [[r.TextureStreaming:1]]
[2021.05.26-03.22.56:529][  0]LogConfig: Setting CVar [[Compat.UseDXT5NormalMaps:0]]
[2021.05.26-03.22.56:529][  0]LogConfig: Setting CVar [[r.AllowStaticLighting:1]]
[2021.05.26-03.22.56:530][  0]LogConfig: Setting CVar [[r.NormalMapsForStaticLighting:0]]
[2021.05.26-03.22.56:530][  0]LogConfig: Setting CVar [[r.GenerateMeshDistanceFields:0]]
[2021.05.26-03.22.56:530][  0]LogConfig: Setting CVar [[r.GenerateLandscapeGIData:1]]
[2021.05.26-03.22.56:531][  0]LogConfig: Setting CVar [[r.SeparateTranslucency:1]]
[2021.05.26-03.22.56:531][  0]LogConfig: Setting CVar [[r.TranslucentSortPolicy:0]]
[2021.05.26-03.22.56:532][  0]LogConfig: Setting CVar [[r.CustomDepth:3]]
[2021.05.26-03.22.56:532][  0]LogConfig: Setting CVar [[r.DefaultFeature.Bloom:1]]
[2021.05.26-03.22.56:532][  0]LogConfig: Setting CVar [[r.DefaultFeature.AmbientOcclusion:1]]
[2021.05.26-03.22.56:533][  0]LogConfig: Setting CVar [[r.DefaultFeature.AmbientOcclusionStaticFraction:1]]
[2021.05.26-03.22.56:533][  0]LogConfig: Setting CVar [[r.DefaultFeature.AutoExposure:1]]
[2021.05.26-03.22.56:533][  0]LogConfig: Setting CVar [[r.DefaultFeature.MotionBlur:0]]
[2021.05.26-03.22.56:534][  0]LogConfig: Setting CVar [[r.DefaultFeature.LensFlare:0]]
[2021.05.26-03.22.56:534][  0]LogConfig: Setting CVar [[r.DefaultFeature.AntiAliasing:2]]
[2021.05.26-03.22.56:535][  0]LogConfig: Setting CVar [[r.EarlyZPass:2]]
[2021.05.26-03.22.56:542][  0]LogConfig: Setting CVar [[r.DBuffer:1]]
[2021.05.26-03.22.56:544][  0]LogConfig: Setting CVar [[r.ClearSceneMethod:1]]
[2021.05.26-03.22.56:544][  0]LogConfig: Setting CVar [[r.BasePassOutputsVelocity:1]]
[2021.05.26-03.22.56:545][  0]LogConfig: Setting CVar [[r.WireframeCullThreshold:5.000000]]
[2021.05.26-03.22.56:545][  0]LogConfig: Setting CVar [[r.SupportLowQualityLightmaps:0]]
[2021.05.26-03.22.56:546][  0]LogConfig: Setting CVar [[r.Shadow.UnbuiltPreviewInGame:0]]
[2021.05.26-03.22.56:546][  0]LogConfig: Setting CVar [[r.EarlyZPassOnlyMaterialMasking:1]]
[2021.05.26-03.22.56:546][  0]LogConfig: Setting CVar [[r.DefaultFeature.LightUnits:0]]
[2021.05.26-03.22.56:547][  0]LogConfig: Setting CVar [[r.DefaultFeature.AutoExposure.Bias:0.000000]]
[2021.05.26-03.22.56:547][  0]LogConfig: Setting CVar [[r.DefaultFeature.AutoExposure.ExtendDefaultLuminanceRange:0]]
[2021.05.26-03.22.56:547][  0]LogConfig: Applying CVar settings from Section [/Script/Engine.RendererOverrideSettings] File [../../../Insurgency/Saved/Config/WindowsServer/Engine.ini]
[2021.05.26-03.22.56:548][  0]LogConfig: Applying CVar settings from Section [/Script/Engine.StreamingSettings] File [../../../Insurgency/Saved/Config/WindowsServer/Engine.ini]
[2021.05.26-03.22.56:548][  0]LogConfig: Setting CVar [[s.MinBulkDataSizeForAsyncLoading:131072]]
[2021.05.26-03.22.56:548][  0]LogConfig: Setting CVar [[s.AsyncLoadingThreadEnabled:1]]
[2021.05.26-03.22.56:549][  0]LogConfig: Setting CVar [[s.EventDrivenLoaderEnabled:1]]
[2021.05.26-03.22.56:549][  0]LogConfig: Setting CVar [[s.WarnIfTimeLimitExceeded:0]]
[2021.05.26-03.22.56:549][  0]LogConfig: Setting CVar [[s.TimeLimitExceededMultiplier:1.5]]
[2021.05.26-03.22.56:550][  0]LogConfig: Setting CVar [[s.TimeLimitExceededMinTime:0.005]]
[2021.05.26-03.22.56:550][  0]LogConfig: Setting CVar [[s.UseBackgroundLevelStreaming:1]]
[2021.05.26-03.22.56:551][  0]LogConfig: Setting CVar [[s.PriorityAsyncLoadingExtraTime:15.0]]
[2021.05.26-03.22.56:551][  0]LogConfig: Setting CVar [[s.LevelStreamingActorsUpdateTimeLimit:5.0]]
[2021.05.26-03.22.56:551][  0]LogConfig: Setting CVar [[s.PriorityLevelStreamingActorsUpdateExtraTime:5.0]]
[2021.05.26-03.22.56:552][  0]LogConfig: Setting CVar [[s.LevelStreamingComponentsRegistrationGranularity:10]]
[2021.05.26-03.22.56:552][  0]LogConfig: Setting CVar [[s.UnregisterComponentsTimeLimit:1.0]]
[2021.05.26-03.22.56:553][  0]LogConfig: Setting CVar [[s.LevelStreamingComponentsUnregistrationGranularity:5]]
[2021.05.26-03.22.56:554][  0]LogConfig: Setting CVar [[s.FlushStreamingOnExit:1]]
[2021.05.26-03.22.56:558][  0]LogConfig: Applying CVar settings from Section [/Script/Engine.GarbageCollectionSettings] File [../../../Insurgency/Saved/Config/WindowsServer/Engine.ini]
[2021.05.26-03.22.56:562][  0]LogConfig: Setting CVar [[gc.MaxObjectsNotConsideredByGC:130000]]
[2021.05.26-03.22.56:562][  0]LogConfig: Setting CVar [[gc.SizeOfPermanentObjectPool:32000000]]
[2021.05.26-03.22.56:563][  0]LogConfig: Setting CVar [[gc.FlushStreamingOnGC:0]]
[2021.05.26-03.22.56:563][  0]LogConfig: Setting CVar [[gc.NumRetriesBeforeForcingGC:10]]
[2021.05.26-03.22.56:563][  0]LogConfig: Setting CVar [[gc.AllowParallelGC:1]]
[2021.05.26-03.22.56:564][  0]LogConfig: Setting CVar [[gc.TimeBetweenPurgingPendingKillObjects:61.1]]
[2021.05.26-03.22.56:564][  0]LogConfig: Setting CVar [[gc.MaxObjectsInEditor:25165824]]
[2021.05.26-03.22.56:564][  0]LogConfig: Setting CVar [[gc.IncrementalBeginDestroyEnabled:1]]
[2021.05.26-03.22.56:565][  0]LogConfig: Setting CVar [[gc.CreateGCClusters:1]]
[2021.05.26-03.22.56:565][  0]LogConfig: Setting CVar [[gc.MinGCClusterSize:5]]
[2021.05.26-03.22.56:565][  0]LogConfig: Setting CVar [[gc.ActorClusteringEnabled:1]]
[2021.05.26-03.22.56:566][  0]LogConfig: Setting CVar [[gc.BlueprintClusteringEnabled:1]]
[2021.05.26-03.22.56:566][  0]LogConfig: Setting CVar [[gc.UseDisregardForGCOnDedicatedServers:0]]
[2021.05.26-03.22.56:566][  0]LogConfig: Applying CVar settings from Section [/Script/Engine.NetworkSettings] File [../../../Insurgency/Saved/Config/WindowsServer/Engine.ini]
[2021.05.26-03.22.56:567][  0]LogConfig: Applying CVar settings from Section [ViewDistanceQuality@3] File [../../../Insurgency/Saved/Config/WindowsServer/Scalability.ini]
[2021.05.26-03.22.56:567][  0]LogConfig: Setting CVar [[r.SkeletalMeshLODBias:0]]
[2021.05.26-03.22.56:567][  0]LogConfig: Setting CVar [[r.ViewDistanceScale:1.0]]
[2021.05.26-03.22.56:567][  0]LogConfig: Setting CVar [[r.SkeletalMeshLODRadiusScale:1]]
[2021.05.26-03.22.56:568][  0]LogConfig: Setting CVar [[r.LandscapeLODBias:0]]
[2021.05.26-03.22.56:568][  0]LogConfig: Setting CVar [[r.ViewDistanceScale.FieldOfViewAffectsHLOD:1]]
[2021.05.26-03.22.56:568][  0]LogConfig: Setting CVar [[r.ViewDistanceScale.FieldOfViewMinAngleScale:5]]
[2021.05.26-03.22.56:568][  0]LogConfig: Setting CVar [[r.ViewDistanceScale.FieldOfViewMinAngle:15]]
[2021.05.26-03.22.56:569][  0]LogConfig: Setting CVar [[r.ViewDistanceScale.FieldOfViewMaxAngleScale:1]]
[2021.05.26-03.22.56:570][  0]LogConfig: Setting CVar [[r.ViewDistanceScale.FieldOfViewMaxAngle:65]]
[2021.05.26-03.22.56:574][  0]LogConfig: Applying CVar settings from Section [AntiAliasingQuality@5] File [../../../Insurgency/Saved/Config/WindowsServer/Scalability.ini]
[2021.05.26-03.22.56:578][  0]LogConfig: Setting CVar [[r.PostProcessAAQuality:5]]
[2021.05.26-03.22.56:578][  0]LogConfig: Setting CVar [[r.SMAA.Temporal:0]]
[2021.05.26-03.22.56:578][  0]LogConfig: Applying CVar settings from Section [ShadowQuality@3] File [../../../Insurgency/Saved/Config/WindowsServer/Scalability.ini]
[2021.05.26-03.22.56:579][  0]LogConfig: Setting CVar [[r.LightFunctionQuality:1]]
[2021.05.26-03.22.56:579][  0]LogConfig: Setting CVar [[r.ShadowQuality:5]]
[2021.05.26-03.22.56:580][  0]LogConfig: Setting CVar [[r.Shadow.CSM.MaxCascades:2]]
[2021.05.26-03.22.56:580][  0]LogConfig: Setting CVar [[r.Shadow.MaxResolution:2048]]
[2021.05.26-03.22.56:580][  0]LogConfig: Setting CVar [[r.Shadow.MaxCSMResolution:2048]]
[2021.05.26-03.22.56:581][  0]LogConfig: Setting CVar [[r.Shadow.RadiusThreshold:0.01]]
[2021.05.26-03.22.56:581][  0]LogConfig: Setting CVar [[r.Shadow.DistanceScale:1.0]]
[2021.05.26-03.22.56:581][  0]LogConfig: Setting CVar [[r.Shadow.CSM.TransitionScale:1.0]]
[2021.05.26-03.22.56:581][  0]LogConfig: Setting CVar [[r.Shadow.PreShadowResolutionFactor:1.0]]
[2021.05.26-03.22.56:582][  0]LogConfig: Setting CVar [[r.DistanceFieldShadowing:0]]
[2021.05.26-03.22.56:582][  0]LogConfig: Setting CVar [[r.DistanceFieldAO:0]]
[2021.05.26-03.22.56:582][  0]LogConfig: Setting CVar [[r.AOQuality:2]]
[2021.05.26-03.22.56:583][  0]LogConfig: Setting CVar [[r.VolumetricFog:1]]
[2021.05.26-03.22.56:583][  0]LogConfig: Setting CVar [[r.VolumetricFog.GridPixelSize:8]]
[2021.05.26-03.22.56:583][  0]LogConfig: Setting CVar [[r.VolumetricFog.GridSizeZ:128]]
[2021.05.26-03.22.56:584][  0]LogConfig: Setting CVar [[r.VolumetricFog.HistoryMissSupersampleCount:4]]
[2021.05.26-03.22.56:584][  0]LogConfig: Setting CVar [[r.LightMaxDrawDistanceScale:1]]
[2021.05.26-03.22.56:585][  0]LogConfig: Setting CVar [[r.CapsuleShadows:1]]
[2021.05.26-03.22.56:585][  0]LogConfig: Setting CVar [[r.Shadow.ForceSingleSampleShadowingFromStationary:1]]
[2021.05.26-03.22.56:586][  0]LogConfig: Setting CVar [[r.CapsuleShadowsCharacter:1]]
[2021.05.26-03.22.56:594][  0]LogConfig: Setting CVar [[r.ContactShadows:1]]
[2021.05.26-03.22.56:594][  0]LogConfig: Applying CVar settings from Section [PostProcessQuality@3] File [../../../Insurgency/Saved/Config/WindowsServer/Scalability.ini]
[2021.05.26-03.22.56:594][  0]LogConfig: Setting CVar [[r.MotionBlurQuality:4]]
[2021.05.26-03.22.56:595][  0]LogConfig: Setting CVar [[r.AmbientOcclusionMipLevelFactor:0.4]]
[2021.05.26-03.22.56:595][  0]LogConfig: Setting CVar [[r.AmbientOcclusionMaxQuality:100]]
[2021.05.26-03.22.56:596][  0]LogConfig: Setting CVar [[r.AmbientOcclusionLevels:-1]]
[2021.05.26-03.22.56:596][  0]LogConfig: Setting CVar [[r.AmbientOcclusionRadiusScale:1.0]]
[2021.05.26-03.22.56:596][  0]LogConfig: Setting CVar [[r.DepthOfFieldQuality:2]]
[2021.05.26-03.22.56:597][  0]LogConfig: Setting CVar [[r.RenderTargetPoolMin:400]]
[2021.05.26-03.22.56:597][  0]LogConfig: Setting CVar [[r.LensFlareQuality:2]]
[2021.05.26-03.22.56:597][  0]LogConfig: Setting CVar [[r.SceneColorFringeQuality:1]]
[2021.05.26-03.22.56:598][  0]LogConfig: Setting CVar [[r.EyeAdaptationQuality:2]]
[2021.05.26-03.22.56:598][  0]LogConfig: Setting CVar [[r.BloomQuality:5]]
[2021.05.26-03.22.56:598][  0]LogConfig: Setting CVar [[r.FastBlurThreshold:100]]
[2021.05.26-03.22.56:599][  0]LogConfig: Setting CVar [[r.Upscale.Quality:3]]
[2021.05.26-03.22.56:599][  0]LogConfig: Setting CVar [[r.Tonemapper.GrainQuantization:1]]
[2021.05.26-03.22.56:599][  0]LogConfig: Setting CVar [[r.LightShaftQuality:1]]
[2021.05.26-03.22.56:600][  0]LogConfig: Setting CVar [[r.Filter.SizeScale:1]]
[2021.05.26-03.22.56:600][  0]LogConfig: Setting CVar [[r.Tonemapper.Quality:5]]
[2021.05.26-03.22.56:600][  0]LogConfig: Setting CVar [[r.DOF.Gather.AccumulatorQuality:1        ; higher gathering accumulator quality]]
[2021.05.26-03.22.56:601][  0]LogConfig: Setting CVar [[r.DOF.Gather.PostfilterMethod:1          ; Median3x3 postfilering method]]
[2021.05.26-03.22.56:601][  0]LogConfig: Setting CVar [[r.DOF.Gather.EnableBokehSettings:0       ; no bokeh simulation when gathering]]
[2021.05.26-03.22.56:603][  0]LogConfig: Setting CVar [[r.DOF.Gather.RingCount:4                 ; medium number of samples when gathering]]
[2021.05.26-03.22.56:610][  0]LogConfig: Setting CVar [[r.DOF.Scatter.ForegroundCompositing:1    ; additive foreground scattering]]
[2021.05.26-03.22.56:610][  0]LogConfig: Setting CVar [[r.DOF.Scatter.BackgroundCompositing:2    ; additive background scattering]]
[2021.05.26-03.22.56:611][  0]LogConfig: Setting CVar [[r.DOF.Scatter.EnableBokehSettings:1      ; bokeh simulation when scattering]]
[2021.05.26-03.22.56:612][  0]LogConfig: Setting CVar [[r.DOF.Scatter.MaxSpriteRatio:0.1         ; only a maximum of 10% of scattered bokeh]]
[2021.05.26-03.22.56:612][  0]LogConfig: Setting CVar [[r.DOF.Recombine.Quality:1                ; cheap slight out of focus]]
[2021.05.26-03.22.56:612][  0]LogConfig: Setting CVar [[r.DOF.Recombine.EnableBokehSettings:0    ; no bokeh simulation on slight out of focus]]
[2021.05.26-03.22.56:613][  0]LogConfig: Setting CVar [[r.DOF.TemporalAAQuality:1                ; more stable temporal accumulation]]
[2021.05.26-03.22.56:613][  0]LogConfig: Setting CVar [[r.DOF.Kernel.MaxForegroundRadius:0.025]]
[2021.05.26-03.22.56:613][  0]LogConfig: Setting CVar [[r.DOF.Kernel.MaxBackgroundRadius:0.025]]
[2021.05.26-03.22.56:614][  0]LogConfig: Applying CVar settings from Section [TextureQuality@3] File [../../../Insurgency/Saved/Config/WindowsServer/Scalability.ini]
[2021.05.26-03.22.56:614][  0]LogConfig: Setting CVar [[r.Streaming.MipBias:0]]
[2021.05.26-03.22.56:614][  0]LogConfig: Setting CVar [[r.Streaming.AmortizeCPUToGPUCopy:0]]
[2021.05.26-03.22.56:615][  0]LogConfig: Setting CVar [[r.Streaming.MaxNumTexturesToStreamPerFrame:0]]
[2021.05.26-03.22.56:615][  0]LogConfig: Setting CVar [[r.Streaming.Boost:1.0]]
[2021.05.26-03.22.56:615][  0]LogConfig: Setting CVar [[r.MaxAnisotropy:16]]
[2021.05.26-03.22.56:616][  0]LogConfig: Setting CVar [[r.VT.MaxAnisotropy:8]]
[2021.05.26-03.22.56:616][  0]LogConfig: Setting CVar [[r.Streaming.LimitPoolSizeToVRAM:1]]
[2021.05.26-03.22.56:616][  0]LogConfig: Setting CVar [[r.Streaming.PoolSize:1000]]
[2021.05.26-03.22.56:617][  0]LogConfig: Setting CVar [[r.Streaming.MaxEffectiveScreenSize:0]]
[2021.05.26-03.22.56:618][  0]LogConfig: Setting CVar [[r.SlavePlayerCamera:1]]
[2021.05.26-03.22.56:618][  0]LogConfig: Setting CVar [[r.SlavePlayerCameraSpectator:0]]
[2021.05.26-03.22.56:619][  0]LogConfig: Applying CVar settings from Section [EffectsQuality@3] File [../../../Insurgency/Saved/Config/WindowsServer/Scalability.ini]
[2021.05.26-03.22.56:620][  0]LogConfig: Setting CVar [[r.TranslucencyLightingVolumeDim:64]]
[2021.05.26-03.22.56:622][  0]LogConfig: Setting CVar [[r.RefractionQuality:2]]
[2021.05.26-03.22.56:624][  0]LogConfig: Setting CVar [[r.SSR.Quality:3]]
[2021.05.26-03.22.56:625][  0]LogConfig: Setting CVar [[r.SSR.HalfResSceneColor:0]]
[2021.05.26-03.22.56:627][  0]LogConfig: Setting CVar [[r.SceneColorFormat:4]]
[2021.05.26-03.22.56:627][  0]LogConfig: Setting CVar [[r.DetailMode:2]]
[2021.05.26-03.22.56:628][  0]LogConfig: Setting CVar [[r.TranslucencyVolumeBlur:1]]
[2021.05.26-03.22.56:628][  0]LogConfig: Setting CVar [[r.MaterialQualityLevel:1 ; High quality]]
[2021.05.26-03.22.56:628][  0]LogConfig: Setting CVar [[r.SSS.Scale:1]]
[2021.05.26-03.22.56:629][  0]LogConfig: Setting CVar [[r.SSS.SampleSet:2]]
[2021.05.26-03.22.56:629][  0]LogConfig: Setting CVar [[r.SSS.Quality:1]]
[2021.05.26-03.22.56:629][  0]LogConfig: Setting CVar [[r.SSS.HalfRes:0]]
[2021.05.26-03.22.56:630][  0]LogConfig: Setting CVar [[r.SSGI.Quality:3]]
[2021.05.26-03.22.56:630][  0]LogConfig: Setting CVar [[r.EmitterSpawnRateScale:1.0]]
[2021.05.26-03.22.56:630][  0]LogConfig: Setting CVar [[r.ParticleLightQuality:2]]
[2021.05.26-03.22.56:631][  0]LogConfig: Setting CVar [[r.SkyAtmosphere.AerialPerspectiveLUT.FastApplyOnOpaque:1 ; Always have FastSkyLUT 1 in this case to avoid wrong sky]]
[2021.05.26-03.22.56:631][  0]LogConfig: Setting CVar [[r.SkyAtmosphere.AerialPerspectiveLUT.SampleCountPerSlice:1]]
[2021.05.26-03.22.56:631][  0]LogConfig: Setting CVar [[r.SkyAtmosphere.AerialPerspectiveLUT.DepthResolution:16.0]]
[2021.05.26-03.22.56:632][  0]LogConfig: Setting CVar [[r.SkyAtmosphere.FastSkyLUT:1]]
[2021.05.26-03.22.56:632][  0]LogConfig: Setting CVar [[r.SkyAtmosphere.FastSkyLUT.SampleCountMin:4.0]]
[2021.05.26-03.22.56:632][  0]LogConfig: Setting CVar [[r.SkyAtmosphere.FastSkyLUT.SampleCountMax:32.0]]
[2021.05.26-03.22.56:633][  0]LogConfig: Setting CVar [[r.SkyAtmosphere.SampleCountMin:4.0]]
[2021.05.26-03.22.56:641][  0]LogConfig: Setting CVar [[r.SkyAtmosphere.SampleCountMax:32.0]]
[2021.05.26-03.22.56:642][  0]LogConfig: Setting CVar [[r.SkyAtmosphere.TransmittanceLUT.UseSmallFormat:0]]
[2021.05.26-03.22.56:642][  0]LogConfig: Setting CVar [[r.SkyAtmosphere.TransmittanceLUT.SampleCount:10.0]]
[2021.05.26-03.22.56:643][  0]LogConfig: Setting CVar [[r.SkyAtmosphere.MultiScatteringLUT.SampleCount:15.0]]
[2021.05.26-03.22.56:643][  0]LogConfig: Setting CVar [[fx.Niagara.QualityLevel:3]]
[2021.05.26-03.22.56:644][  0]LogConfig: Setting CVar [[r.RenderTargetViewportSize:1.0]]
[2021.05.26-03.22.56:644][  0]LogConfig: Setting CVar [[r.TessellationAdaptivePixelsPerTriangle:9999999]]
[2021.05.26-03.22.56:644][  0]LogConfig: Setting CVar [[r.SurfReac.Particles.PoolSize:80]]
[2021.05.26-03.22.56:645][  0]LogConfig: Setting CVar [[r.ScopeRenderMode:0]]
[2021.05.26-03.22.56:645][  0]LogConfig: Setting CVar [[r.SeparateTranslucencyScreenPercentage:100]]
[2021.05.26-03.22.56:645][  0]LogConfig: Setting CVar [[r.RagdollMaximum:8]]
[2021.05.26-03.22.56:646][  0]LogConfig: Setting CVar [[r.Dismemberment:1]]
[2021.05.26-03.22.56:646][  0]LogConfig: Applying CVar settings from Section [FoliageQuality@3] File [../../../Insurgency/Saved/Config/WindowsServer/Scalability.ini]
[2021.05.26-03.22.56:646][  0]LogConfig: Setting CVar [[foliage.DensityScale:1.0]]
[2021.05.26-03.22.56:647][  0]LogConfig: Setting CVar [[grass.DensityScale:1.0]]
[2021.05.26-03.22.56:647][  0]LogConfig: Setting CVar [[r.FoliageInteractionQuality:1]]
[2021.05.26-03.22.56:648][  0]LogConfig: Applying CVar settings from Section [ShadingQuality@3] File [../../../Insurgency/Saved/Config/WindowsServer/Scalability.ini]
[2021.05.26-03.22.56:650][  0]LogConfig: Setting CVar [[r.HairStrands.SkyLighting.SampleCount:16]]
[2021.05.26-03.22.56:650][  0]LogConfig: Setting CVar [[r.HairStrands.SkyLighting.JitterIntegration:0]]
[2021.05.26-03.22.56:650][  0]LogConfig: Setting CVar [[r.HairStrands.SkyAO.SampleCount:16]]
[2021.05.26-03.22.56:651][  0]LogConfig: Setting CVar [[r.HairStrands.DeepShadow.SuperSampling:0]]
[2021.05.26-03.22.56:651][  0]LogConfig: Setting CVar [[r.HairStrands.VisibilityPPLL:0]]
[2021.05.26-03.22.56:652][  0]LogConfig: Setting CVar [[r.HairStrands.RasterizationScale:0.5]]
[2021.05.26-03.22.56:653][  0]LogConfig: Setting CVar [[r.HairStrands.VelocityRasterizationScale:1]]
[2021.05.26-03.22.56:654][  0]LogModuleManager: Warning: ModuleManager: Module 'ExampleDeviceProfileSelector' not found - its StaticallyLinkedModuleInitializers function is null.
[2021.05.26-03.22.56:657][  0]LogInit: Applying CVar settings loaded from the selected device profile: [WindowsServer]
[2021.05.26-03.22.56:658][  0]LogHAL: Display: Platform has ~ 8 GB [8482799616 / 8589934592 / 8], which maps to Default [LargestMinGB=32, LargerMinGB=12, DefaultMinGB=8, SmallerMinGB=6, SmallestMinGB=0)
[2021.05.26-03.22.56:660][  0]LogInit: Going up to parent DeviceProfile [Windows]
[2021.05.26-03.22.56:660][  0]LogInit: Going up to parent DeviceProfile []
[2021.05.26-03.22.56:660][  0]LogConfig: Applying CVar settings from Section [ViewDistanceQuality@1] File [../../../Insurgency/Saved/Config/WindowsServer/Scalability.ini]
[2021.05.26-03.22.56:661][  0]LogConfig: Setting CVar [[r.SkeletalMeshLODBias:0]]
[2021.05.26-03.22.56:661][  0]LogConfig: Setting CVar [[r.ViewDistanceScale:1.0]]
[2021.05.26-03.22.56:661][  0]LogConfig: Setting CVar [[r.SkeletalMeshLODRadiusScale:0.75]]
[2021.05.26-03.22.56:661][  0]LogConfig: Setting CVar [[r.LandscapeLODBias:0]]
[2021.05.26-03.22.56:662][  0]LogConfig: Setting CVar [[r.ViewDistanceScale.FieldOfViewAffectsHLOD:0]]
[2021.05.26-03.22.56:662][  0]LogConfig: Applying CVar settings from Section [AntiAliasingQuality@1] File [../../../Insurgency/Saved/Config/WindowsServer/Scalability.ini]
[2021.05.26-03.22.56:662][  0]LogConfig: Setting CVar [[r.PostProcessAAQuality:1]]
[2021.05.26-03.22.56:663][  0]LogConfig: Setting CVar [[r.SMAA.Temporal:0]]
[2021.05.26-03.22.56:663][  0]LogConfig: Applying CVar settings from Section [ShadowQuality@1] File [../../../Insurgency/Saved/Config/WindowsServer/Scalability.ini]
[2021.05.26-03.22.56:663][  0]LogConfig: Setting CVar [[r.LightFunctionQuality:1]]
[2021.05.26-03.22.56:663][  0]LogConfig: Setting CVar [[r.ShadowQuality:3]]
[2021.05.26-03.22.56:664][  0]LogConfig: Setting CVar [[r.Shadow.CSM.MaxCascades:0]]
[2021.05.26-03.22.56:667][  0]LogConfig: Setting CVar [[r.Shadow.MaxResolution:512]]
[2021.05.26-03.22.56:667][  0]LogConfig: Setting CVar [[r.Shadow.MaxCSMResolution:512]]
[2021.05.26-03.22.56:667][  0]LogConfig: Setting CVar [[r.Shadow.RadiusThreshold:0.05]]
[2021.05.26-03.22.56:668][  0]LogConfig: Setting CVar [[r.Shadow.DistanceScale:0.7]]
[2021.05.26-03.22.56:668][  0]LogConfig: Setting CVar [[r.Shadow.CSM.TransitionScale:0.25]]
[2021.05.26-03.22.56:669][  0]LogConfig: Setting CVar [[r.Shadow.PreShadowResolutionFactor:0.5]]
[2021.05.26-03.22.56:670][  0]LogConfig: Setting CVar [[r.DistanceFieldShadowing:0]]
[2021.05.26-03.22.56:671][  0]LogConfig: Setting CVar [[r.DistanceFieldAO:0]]
[2021.05.26-03.22.56:672][  0]LogConfig: Setting CVar [[r.VolumetricFog:0]]
[2021.05.26-03.22.56:673][  0]LogConfig: Setting CVar [[r.LightMaxDrawDistanceScale:.5]]
[2021.05.26-03.22.56:674][  0]LogConfig: Setting CVar [[r.CapsuleShadows:0]]
[2021.05.26-03.22.56:675][  0]LogConfig: Setting CVar [[r.Shadow.ForceSingleSampleShadowingFromStationary:0]]
[2021.05.26-03.22.56:675][  0]LogConfig: Setting CVar [[r.CapsuleShadowsCharacter:0]]
[2021.05.26-03.22.56:676][  0]LogConfig: Setting CVar [[r.ContactShadows:0]]
[2021.05.26-03.22.56:676][  0]LogConfig: Applying CVar settings from Section [PostProcessQuality@1] File [../../../Insurgency/Saved/Config/WindowsServer/Scalability.ini]
[2021.05.26-03.22.56:676][  0]LogConfig: Setting CVar [[r.MotionBlurQuality:3]]
[2021.05.26-03.22.56:677][  0]LogConfig: Setting CVar [[r.AmbientOcclusionMipLevelFactor:1.0]]
[2021.05.26-03.22.56:677][  0]LogConfig: Setting CVar [[r.AmbientOcclusionMaxQuality:60]]
[2021.05.26-03.22.56:677][  0]LogConfig: Setting CVar [[r.AmbientOcclusionLevels:-1]]
[2021.05.26-03.22.56:678][  0]LogConfig: Setting CVar [[r.AmbientOcclusionRadiusScale:1.5]]
[2021.05.26-03.22.56:678][  0]LogConfig: Setting CVar [[r.DepthOfFieldQuality:1]]
[2021.05.26-03.22.56:678][  0]LogConfig: Setting CVar [[r.RenderTargetPoolMin:350]]
[2021.05.26-03.22.56:679][  0]LogConfig: Setting CVar [[r.LensFlareQuality:0]]
[2021.05.26-03.22.56:681][  0]LogConfig: Setting CVar [[r.SceneColorFringeQuality:0]]
[2021.05.26-03.22.56:681][  0]LogConfig: Setting CVar [[r.EyeAdaptationQuality:2]]
[2021.05.26-03.22.56:682][  0]LogConfig: Setting CVar [[r.BloomQuality:4]]
[2021.05.26-03.22.56:682][  0]LogConfig: Setting CVar [[r.FastBlurThreshold:2]]
[2021.05.26-03.22.56:683][  0]LogConfig: Setting CVar [[r.Upscale.Quality:2]]
[2021.05.26-03.22.56:683][  0]LogConfig: Setting CVar [[r.Tonemapper.GrainQuantization:0]]
[2021.05.26-03.22.56:683][  0]LogConfig: Setting CVar [[r.LightShaftQuality:0]]
[2021.05.26-03.22.56:684][  0]LogConfig: Setting CVar [[r.Filter.SizeScale:0.7]]
[2021.05.26-03.22.56:684][  0]LogConfig: Setting CVar [[r.Tonemapper.Quality:2]]
[2021.05.26-03.22.56:685][  0]LogConfig: Setting CVar [[r.DOF.Gather.AccumulatorQuality:0        ; lower gathering accumulator quality]]
[2021.05.26-03.22.56:685][  0]LogConfig: Setting CVar [[r.DOF.Gather.PostfilterMethod:2          ; Max3x3 postfilering method]]
[2021.05.26-03.22.56:686][  0]LogConfig: Setting CVar [[r.DOF.Gather.EnableBokehSettings:0       ; no bokeh simulation when gathering]]
[2021.05.26-03.22.56:688][  0]LogConfig: Setting CVar [[r.DOF.Gather.RingCount:3                 ; low number of samples when gathering]]
[2021.05.26-03.22.56:689][  0]LogConfig: Setting CVar [[r.DOF.Scatter.ForegroundCompositing:0    ; no foreground scattering]]
[2021.05.26-03.22.56:690][  0]LogConfig: Setting CVar [[r.DOF.Scatter.BackgroundCompositing:0    ; no foreground scattering]]
[2021.05.26-03.22.56:691][  0]LogConfig: Setting CVar [[r.DOF.Recombine.Quality:0                ; no slight out of focus]]
[2021.05.26-03.22.56:692][  0]LogConfig: Setting CVar [[r.DOF.TemporalAAQuality:0                ; faster temporal accumulation]]
[2021.05.26-03.22.56:692][  0]LogConfig: Setting CVar [[r.DOF.Kernel.MaxForegroundRadius:0.006   ; required because low gathering and no scattering and not looking great at 1080p]]
[2021.05.26-03.22.56:693][  0]LogConfig: Setting CVar [[r.DOF.Kernel.MaxBackgroundRadius:0.006   ; required because low gathering and no scattering and not looking great at 1080p]]
[2021.05.26-03.22.56:693][  0]LogConfig: Applying CVar settings from Section [TextureQuality@1] File [../../../Insurgency/Saved/Config/WindowsServer/Scalability.ini]
[2021.05.26-03.22.56:694][  0]LogConfig: Setting CVar [[r.Streaming.MipBias:2]]
[2021.05.26-03.22.56:696][  0]LogConfig: Setting CVar [[r.Streaming.AmortizeCPUToGPUCopy:0]]
[2021.05.26-03.22.56:696][  0]LogConfig: Setting CVar [[r.Streaming.MaxNumTexturesToStreamPerFrame:0]]
[2021.05.26-03.22.56:697][  0]LogConfig: Setting CVar [[r.Streaming.Boost:1.0]]
[2021.05.26-03.22.56:697][  0]LogConfig: Setting CVar [[r.MaxAnisotropy:4]]
[2021.05.26-03.22.56:697][  0]LogConfig: Setting CVar [[r.VT.MaxAnisotropy:4]]
[2021.05.26-03.22.56:698][  0]LogConfig: Setting CVar [[r.Streaming.LimitPoolSizeToVRAM:1]]
[2021.05.26-03.22.56:698][  0]LogConfig: Setting CVar [[r.Streaming.PoolSize:1000]]
[2021.05.26-03.22.56:698][  0]LogConfig: Setting CVar [[r.Streaming.MaxEffectiveScreenSize:0]]
[2021.05.26-03.22.56:699][  0]LogConfig: Setting CVar [[r.SlavePlayerCamera:1]]
[2021.05.26-03.22.56:699][  0]LogConfig: Setting CVar [[r.SlavePlayerCameraSpectator:0]]
[2021.05.26-03.22.56:699][  0]LogConfig: Applying CVar settings from Section [EffectsQuality@1] File [../../../Insurgency/Saved/Config/WindowsServer/Scalability.ini]
[2021.05.26-03.22.56:700][  0]LogConfig: Setting CVar [[r.TranslucencyLightingVolumeDim:32]]
[2021.05.26-03.22.56:700][  0]LogConfig: Setting CVar [[r.RefractionQuality:0]]
[2021.05.26-03.22.56:700][  0]LogConfig: Setting CVar [[r.SSR.Quality:0]]
[2021.05.26-03.22.56:701][  0]LogConfig: Setting CVar [[r.SSR.HalfResSceneColor:1]]
[2021.05.26-03.22.56:701][  0]LogConfig: Setting CVar [[r.SceneColorFormat:3]]
[2021.05.26-03.22.56:702][  0]LogConfig: Setting CVar [[r.DetailMode:1]]
[2021.05.26-03.22.56:702][  0]LogConfig: Setting CVar [[r.TranslucencyVolumeBlur:0]]
[2021.05.26-03.22.56:704][  0]LogConfig: Setting CVar [[r.MaterialQualityLevel:2 ; Medium quality]]
[2021.05.26-03.22.56:705][  0]LogConfig: Setting CVar [[r.SSS.Scale:0.75]]
[2021.05.26-03.22.56:706][  0]LogConfig: Setting CVar [[r.SSS.SampleSet:0]]
[2021.05.26-03.22.56:707][  0]LogConfig: Setting CVar [[r.SSS.Quality:0]]
[2021.05.26-03.22.56:708][  0]LogConfig: Setting CVar [[r.SSS.HalfRes:1]]
[2021.05.26-03.22.56:708][  0]LogConfig: Setting CVar [[r.SSGI.Quality:1]]
[2021.05.26-03.22.56:708][  0]LogConfig: Setting CVar [[r.EmitterSpawnRateScale:0.6]]
[2021.05.26-03.22.56:711][  0]LogConfig: Setting CVar [[r.ParticleLightQuality:0]]
[2021.05.26-03.22.56:713][  0]LogConfig: Setting CVar [[r.SkyAtmosphere.AerialPerspectiveLUT.FastApplyOnOpaque:1 ; Always have FastSkyLUT 1 in this case to avoid wrong sky]]
[2021.05.26-03.22.56:714][  0]LogConfig: Setting CVar [[r.SkyAtmosphere.AerialPerspectiveLUT.SampleCountPerSlice:1]]
[2021.05.26-03.22.56:714][  0]LogConfig: Setting CVar [[r.SkyAtmosphere.AerialPerspectiveLUT.DepthResolution:16.0]]
[2021.05.26-03.22.56:714][  0]LogConfig: Setting CVar [[r.SkyAtmosphere.FastSkyLUT:1]]
[2021.05.26-03.22.56:715][  0]LogConfig: Setting CVar [[r.SkyAtmosphere.FastSkyLUT.SampleCountMin:4.0]]
[2021.05.26-03.22.56:715][  0]LogConfig: Setting CVar [[r.SkyAtmosphere.FastSkyLUT.SampleCountMax:32.0]]
[2021.05.26-03.22.56:715][  0]LogConfig: Setting CVar [[r.SkyAtmosphere.SampleCountMin:4.0]]
[2021.05.26-03.22.56:716][  0]LogConfig: Setting CVar [[r.SkyAtmosphere.SampleCountMax:32.0]]
[2021.05.26-03.22.56:716][  0]LogConfig: Setting CVar [[r.SkyAtmosphere.TransmittanceLUT.UseSmallFormat:0]]
[2021.05.26-03.22.56:716][  0]LogConfig: Setting CVar [[r.SkyAtmosphere.TransmittanceLUT.SampleCount:10.0]]
[2021.05.26-03.22.56:717][  0]LogConfig: Setting CVar [[r.SkyAtmosphere.MultiScatteringLUT.SampleCount:15.0]]
[2021.05.26-03.22.56:717][  0]LogConfig: Setting CVar [[fx.Niagara.QualityLevel:1]]
[2021.05.26-03.22.56:718][  0]LogConfig: Setting CVar [[r.RenderTargetViewportSize:1.0]]
[2021.05.26-03.22.56:718][  0]LogConfig: Setting CVar [[r.TessellationAdaptivePixelsPerTriangle:9999999]]
[2021.05.26-03.22.56:718][  0]LogConfig: Setting CVar [[r.SurfReac.Particles.PoolSize:40]]
[2021.05.26-03.22.56:719][  0]LogConfig: Setting CVar [[r.ScopeRenderMode:0]]
[2021.05.26-03.22.56:720][  0]LogConfig: Setting CVar [[r.SeparateTranslucencyScreenPercentage:100]]
[2021.05.26-03.22.56:721][  0]LogConfig: Setting CVar [[r.RagdollMaximum:8]]
[2021.05.26-03.22.56:722][  0]LogConfig: Setting CVar [[r.Dismemberment:1]]
[2021.05.26-03.22.56:723][  0]LogConfig: Applying CVar settings from Section [FoliageQuality@3] File [../../../Insurgency/Saved/Config/WindowsServer/Scalability.ini]
[2021.05.26-03.22.56:724][  0]LogConfig: Setting CVar [[foliage.DensityScale:1.0]]
[2021.05.26-03.22.56:725][  0]LogConfig: Setting CVar [[grass.DensityScale:1.0]]
[2021.05.26-03.22.56:725][  0]LogConfig: Setting CVar [[r.FoliageInteractionQuality:1]]
[2021.05.26-03.22.56:726][  0]LogConfig: Applying CVar settings from Section [ShadingQuality@3] File [../../../Insurgency/Saved/Config/WindowsServer/Scalability.ini]
[2021.05.26-03.22.56:729][  0]LogConfig: Setting CVar [[r.HairStrands.SkyLighting.SampleCount:16]]
[2021.05.26-03.22.56:730][  0]LogConfig: Setting CVar [[r.HairStrands.SkyLighting.JitterIntegration:0]]
[2021.05.26-03.22.56:730][  0]LogConfig: Setting CVar [[r.HairStrands.SkyAO.SampleCount:16]]
[2021.05.26-03.22.56:730][  0]LogConfig: Setting CVar [[r.HairStrands.DeepShadow.SuperSampling:0]]
[2021.05.26-03.22.56:730][  0]LogConfig: Setting CVar [[r.HairStrands.VisibilityPPLL:0]]
[2021.05.26-03.22.56:731][  0]LogConfig: Setting CVar [[r.HairStrands.RasterizationScale:0.5]]
[2021.05.26-03.22.56:731][  0]LogConfig: Setting CVar [[r.HairStrands.VelocityRasterizationScale:1]]
[2021.05.26-03.22.56:731][  0]LogConfig: Applying CVar settings from Section [ConsoleVariables] File [../../../Insurgency/Saved/Config/WindowsServer/Engine.ini]
[2021.05.26-03.22.56:733][  0]LogInit: Computer: DESKTOP-BJCMOMH
[2021.05.26-03.22.56:733][  0]LogInit: User: Matt
[2021.05.26-03.22.56:734][  0]LogInit: CPU Page size=4096, Cores=4
[2021.05.26-03.22.56:734][  0]LogInit: High frequency timer resolution =10.000000 MHz
[2021.05.26-03.22.56:734][  0]LogMemory: Memory total: Physical=7.9GB (8GB approx)
[2021.05.26-03.22.56:734][  0]LogMemory: Platform Memory Stats for WindowsServer
[2021.05.26-03.22.56:735][  0]LogMemory: Process Physical Memory: 101.63 MB used, 101.63 MB peak
[2021.05.26-03.22.56:736][  0]LogMemory: Process Virtual Memory: 132.41 MB used, 132.41 MB peak
[2021.05.26-03.22.56:737][  0]LogMemory: Physical Memory: 6057.77 MB used,  2032.06 MB free, 8089.83 MB total
[2021.05.26-03.22.56:738][  0]LogMemory: Virtual Memory: 4774.79 MB used,  134212952.00 MB free, 134217728.00 MB total
[2021.05.26-03.22.56:743][  0]LogWindows: WindowsPlatformFeatures disabled or dedicated server build
[2021.05.26-03.22.56:758][  0]LogInit: Physics initialised using underlying interface: PhysX
[2021.05.26-03.22.56:759][  0]LogInit: Using OS detected language (en-US).
[2021.05.26-03.22.56:759][  0]LogInit: Using OS detected locale (en-US).
[2021.05.26-03.22.56:763][  0]LogTextLocalizationManager: No specific localization for 'en-US' exists, so the 'en' localization will be used.
[2021.05.26-03.22.56:774][  0]LogInit: Setting process to per monitor DPI aware
[2021.05.26-03.22.56:778][  0]LogInit: Using OS detected language (en-US).
[2021.05.26-03.22.56:779][  0]LogInit: Using OS detected locale (en-US).
[2021.05.26-03.22.56:779][  0]LogTextLocalizationManager: No specific localization for 'en-US' exists, so the 'en' localization will be used.
[2021.05.26-03.22.56:786][  0]LogTextLocalizationManager: Compacting localization data took   1.36ms
[2021.05.26-03.22.56:974][  0]LogAssetRegistry: FAssetRegistry took 0.1862 seconds to start up
[2021.05.26-03.22.57:045][  0]LogStreaming: Display: Flushing async loaders.
[2021.05.26-03.22.57:046][  0]LogPakFile: New pak file ../../../Insurgency/Content/Paks/pakchunk0-WindowsServer.pak added to pak precacher.
[2021.05.26-03.22.57:048][  0]LogCollisionProfile: Warning: Profile (BlockAll) - Custom Channel Name = 'ClientsideDestructible' hasn't been found
[2021.05.26-03.22.57:050][  0]LogCollisionProfile: Warning: Profile (OverlapOnlyPawn) - Custom Channel Name = 'GameTraceChannel8' hasn't been found
[2021.05.26-03.22.57:050][  0]LogCollisionProfile: Warning: Profile (OverlapOnlyPawn) - Custom Channel Name = 'GameTraceChannel9' hasn't been found
[2021.05.26-03.22.57:050][  0]LogCollisionProfile: Warning: Profile (OverlapOnlyPawn) - Custom Channel Name = 'GameTraceChannel10' hasn't been found
[2021.05.26-03.22.57:051][  0]LogCollisionProfile: Warning: Profile (Pawn) - Custom Channel Name = 'None' hasn't been found
[2021.05.26-03.22.57:053][  0]LogCollisionProfile: Warning: Profile (Destructible) - Custom Channel Name = 'ClientsideDestructible' hasn't been found
[2021.05.26-03.22.57:055][  0]LogModuleManager: Warning: ModuleManager: Module 'ExampleDeviceProfileSelector' not found - its StaticallyLinkedModuleInitializers function is null.
[2021.05.26-03.22.57:067][  0]LogNetVersion: Insurgency 1.0.0, NetCL: 152892, EngineNetVer: 14, GameNetVer: 0 (Checksum: 107317553)
[2021.05.26-03.22.57:083][  0]LogStreaming: Error: Couldn't find file for package /StatsCollector/BP_DebugStatCollectorMenu requested by async loading code. NameToLoad: /StatsCollector/BP_DebugStatCollectorMenu
[2021.05.26-03.22.57:084][  0]LogStreaming: Error: Found 0 dependent packages...
[2021.05.26-03.22.57:087][  0]LogStreaming: Error: Couldn't find file for package /StatsCollector/FPSCounter requested by async loading code. NameToLoad: /StatsCollector/FPSCounter
[2021.05.26-03.22.57:088][  0]LogStreaming: Error: Found 0 dependent packages...
[2021.05.26-03.22.57:090][  0]LogGameStatsServer: Display: GameStatsServer INIT: No authentication provided, -GameStatsToken= required for statistics collection.
[2021.05.26-03.22.57:148][  0]LogStreaming: Error: Couldn't find file for package /Game/UI/Widgets/WelcomeScreen/BP_WelcomeScreen requested by async loading code. NameToLoad: /Game/UI/Widgets/WelcomeScreen/BP_WelcomeScreen
[2021.05.26-03.22.57:150][  0]LogStreaming: Error: Found 0 dependent packages...
[2021.05.26-03.22.57:166][  0]LogStreaming: Error: Couldn't find file for package /Game/UI/Fonts/Oswald requested by async loading code. NameToLoad: /Game/UI/Fonts/Oswald
[2021.05.26-03.22.57:167][  0]LogStreaming: Error: Found 0 dependent packages...
[2021.05.26-03.22.57:169][  0]LogStreaming: Error: Couldn't find file for package /Game/UI/Fonts/SourceSansPro requested by async loading code. NameToLoad: /Game/UI/Fonts/SourceSansPro
[2021.05.26-03.22.57:171][  0]LogStreaming: Error: Found 0 dependent packages...
[2021.05.26-03.22.57:211][  0]LogAISub: UAISubsystem::UAISubsystem AISubsystem (000002202CCD07F0), frame # 0
[2021.05.26-03.22.57:212][  0]LogAISub: UAISubsystem::UAISubsystem AIPerceptionSystem (000002202CCD0830), frame # 0
[2021.05.26-03.22.57:216][  0]LogAISub: UAISubsystem::UAISubsystem EnvQueryManager (000002202CCD5500), frame # 0
[2021.05.26-03.22.57:225][  0]LogUObjectArray: 22036 objects as part of root set at end of initial load.
[2021.05.26-03.22.57:225][  0]LogUObjectAllocator: 5331200 out of 32000000 bytes used by permanent object pool.
[2021.05.26-03.22.57:226][  0]LogUObjectArray: CloseDisregardForGC: 22036/0 objects in disregard for GC pool
[2021.05.26-03.22.57:238][  0]LogGauntlet: Display: Gauntlet Initialized
[2021.05.26-03.22.57:240][  0]LogOnline: FOnlineSubsystemNWIModule::StartupModule
[2021.05.26-03.22.57:248][  0]VivoxCore: FVivoxCoreModule::StartupModule
[2021.05.26-03.22.57:250][  0]VivoxCore: Loaded Library (../../../Insurgency/Plugins/VivoxCore/Source/ThirdParty/VivoxCoreLibrary/Windows/Release/x64/vivoxsdk.dll)
[2021.05.26-03.22.57:250][  0]LogEasyAntiCheatServer: Using path: (C:/Users/Matt/Downloads/steamcmd/steamapps/common/sandstorm_server/Insurgency/Binaries/ThirdParty/EasyAntiCheat/Server)
[2021.05.26-03.22.57:250][  0]LogEasyAntiCheatClient: Dedicated server, EAC client will not load
[2021.05.26-03.22.57:251][  0]LogEngine: Initializing Engine...
[2021.05.26-03.22.57:254][  0]LogStats: UGameplayTagsManager::InitializeManager -  0.002 s
[2021.05.26-03.22.57:270][  0]LogInit: Initializing FReadOnlyCVARCache
[2021.05.26-03.22.57:271][  0]LogNetVersion: Set ProjectVersion to 1.10.0. Version Checksum will be recalculated on next use.
[2021.05.26-03.22.57:271][  0]LogInit: Texture streaming: Disabled
[2021.05.26-03.22.57:328][  0]LogPakFile: New pak file ../../../Insurgency/Content/Paks/pakchunk10-WindowsServer.pak added to pak precacher.
[2021.05.26-03.22.58:107][  0]LogPakFile: Precache HighWater 16MB

[2021.05.26-03.22.58:107][  0]LogPakFile: Precache HighWater 32MB

[2021.05.26-03.22.58:108][  0]LogINSAssetManager: Display: Preloading 670 cosmetic assets
[2021.05.26-03.22.58:133][  0]LogStreaming: Error: Couldn't find file for package /Game/UI/Textures/Inventory/T_UI_Inventory_Cosmetic_Ox_HeadGear requested by async loading code. NameToLoad: /Game/UI/Textures/Inventory/T_UI_Inventory_Cosmetic_Ox_HeadGear
[2021.05.26-03.22.58:134][  0]LogStreaming: Error: This will hitch streaming because it ends up searching the disk instead of finding the file in the pak file.
[2021.05.26-03.22.58:135][  0]LogStreaming: Error: Found 0 dependent packages...
[2021.05.26-03.22.59:000][  0]LogPakFile: Precache HighWater 48MB

[2021.05.26-03.22.59:001][  0]LogAnimation: Warning: Additivie type (AnimSequence /Game/Animated/Weapons/Rifle/G36/Animations/AN_1P_G36_B_Reload_BoltRelease.AN_1P_G36_B_Reload_BoltRelease) does not match. Make sure you add same type of additive animation.
[2021.05.26-03.22.59:214][  0]LogGameStatsServer: Display: GameStatsServer INIT: No authentication provided, -GameStatsToken= required for statistics collection.
[2021.05.26-03.22.59:215][  0]LogOnline: Display: Printing active map cycle with 1 entries:
[2021.05.26-03.22.59:216][  0]LogOnline: Display: 	[0] Map: , Scenario: Scenario_Town_Checkpoint_Security, Mode: CheckpointHardcore, Lighting: , Options: None Specified
[2021.05.26-03.22.59:217][  0]LogOnline: OSS: Creating online subsystem instance for: NWI
[2021.05.26-03.22.59:217][  0]LogInit: Using OS detected language (en-US).
[2021.05.26-03.22.59:218][  0]LogInit: Using OS detected locale (en-US).
[2021.05.26-03.22.59:219][  0]LogInit: Valid culture detected: en in place of: (en-US).
[2021.05.26-03.22.59:228][  0]LogInit: Display: Game Engine Initialized.
[2021.05.26-03.22.59:229][  0]LogInit: Display: Starting Game.
[2021.05.26-03.23.01:727][  0]LogPackageName: SearchForPackageOnDisk took   2.497s, but failed to resolve Scenario=Scenario_Crossing_Checkpoint_Insurgents.umap.
[2021.05.26-03.23.01:727][  0]LogLoad: Error: Failed to enter /Game/Maps/Farmhouse/Farmhouse: . Please check the log for errors.
[2021.05.26-03.23.01:728][  0]LogNet: Browse: /Game/Maps/Farmhouse/Farmhouse?Name=Player
[2021.05.26-03.23.01:728][  0]LogLoad: UINSGameInstance::OnBeginLoadMap(/Game/Maps/Farmhouse/Farmhouse?Name=Player)
[2021.05.26-03.23.01:728][  0]LogLoad: Warning: UINSGameInstance::OnPreLoadMap: Invalid NextURL, loading /Game/Maps/Farmhouse/Farmhouse
[2021.05.26-03.23.01:729][  0]LogStreaming: Error: Couldn't find file for package /NWI_Infected/ModData requested by async loading code. NameToLoad: /NWI_Infected/ModData
[2021.05.26-03.23.01:730][  0]LogStreaming: Error: Found 0 dependent packages...
[2021.05.26-03.23.01:731][  0]LogStreaming: Error: Couldn't find file for package /ExampleContent/ModData requested by async loading code. NameToLoad: /ExampleContent/ModData
[2021.05.26-03.23.01:731][  0]LogStreaming: Error: Found 0 dependent packages...
[2021.05.26-03.23.01:732][  0]LogStreaming: Error: Couldn't find file for package /ConsoleCertificationRequirements/ModData requested by async loading code. NameToLoad: /ConsoleCertificationRequirements/ModData
[2021.05.26-03.23.01:732][  0]LogStreaming: Error: Found 0 dependent packages...
[2021.05.26-03.23.01:733][  0]LogLoad: LoadMap: /Game/Maps/Farmhouse/Farmhouse?Name=Player
[2021.05.26-03.23.01:733][  0]LogWorld: BeginTearingDown for /Temp/Untitled_26
[2021.05.26-03.23.01:734][  0]LogWorld: UWorld::CleanupWorld for Untitled, bSessionEnded=true, bCleanupResources=true
[2021.05.26-03.23.01:749][  0]LogUObjectHash: Compacting FUObjectHashTables data took   2.54ms
[2021.05.26-03.23.01:760][  0]LogPakFile: New pak file ../../../Insurgency/Content/Paks/pakchunk11-WindowsServer.pak added to pak precacher.
[2021.05.26-03.23.02:107][  0]LogAIModule: Creating AISystem for world Farmhouse
[2021.05.26-03.23.02:108][  0]LogAISub: UAISubsystem::UAISubsystem EnvQueryManager (000002203AF24C00), frame # 0
[2021.05.26-03.23.02:108][  0]LogAISub: UAISubsystem::UAISubsystem AIPerceptionSystem (000002203AF24840), frame # 0
[2021.05.26-03.23.02:109][  0]LogLoad: Game class is 'INSCheckpointGameMode'
[2021.05.26-03.23.02:110][  0]LogNet: ReplicationDriverClass is null! Not using ReplicationDriver.
[2021.05.26-03.23.02:111][  0]LogNetCore: DDoS detection status: detection enabled: 0 analytics enabled: 0
[2021.05.26-03.23.02:111][  0]LogInit: WinSock: Socket queue. Rx: 131072 (config 131072) Tx: 131072 (config 131072)
[2021.05.26-03.23.02:112][  0]LogNet: Created socket for bind address: 0.0.0.0 on port 27102
[2021.05.26-03.23.02:113][  0]PacketHandlerLog: Loaded PacketHandler component: Engine.EngineHandlerComponentFactory (StatelessConnectHandlerComponent)
[2021.05.26-03.23.02:113][  0]LogNet: GameNetDriver IpNetDriver_2147482547 IpNetDriver listening on port 27102
[2021.05.26-03.23.02:114][  0]LogStreaming: Display: ULevelStreaming::RequestLevel(/Game/Maps/Farmhouse/Farmhouse_KitSelectionroom_ins) is flushing async loading
[2021.05.26-03.23.02:134][  0]LogStreaming: Display: ULevelStreaming::RequestLevel(/Game/Maps/Farmhouse/Farmhouse_Reflections) is flushing async loading
[2021.05.26-03.23.02:136][  0]LogStreaming: Display: ULevelStreaming::RequestLevel(/Game/Maps/Farmhouse/Farmhouse_Decals) is flushing async loading
[2021.05.26-03.23.02:167][  0]LogStreaming: Display: ULevelStreaming::RequestLevel(/Game/Maps/Farmhouse/Farmhouse_Backdrop) is flushing async loading
[2021.05.26-03.23.02:202][  0]LogStreaming: Display: ULevelStreaming::RequestLevel(/Game/Maps/Farmhouse/Farmhouse_AI) is flushing async loading
[2021.05.26-03.23.02:209][  0]LogStreaming: Display: ULevelStreaming::RequestLevel(/Game/Maps/Farmhouse/Farmhouse_Structures_Merged_New) is flushing async loading
[2021.05.26-03.23.02:672][  0]LogPakFile: Precache HighWater 64MB

[2021.05.26-03.23.02:673][  0]LogStreaming: Display: ULevelStreaming::RequestLevel(/Game/Maps/Farmhouse/Farmhouse_BlockingVolumes) is flushing async loading
[2021.05.26-03.23.02:682][  0]LogStreaming: Display: ULevelStreaming::RequestLevel(/Game/Maps/Farmhouse/Farmhouse_Particles) is flushing async loading
[2021.05.26-03.23.02:690][  0]LogStreaming: Display: ULevelStreaming::RequestLevel(/Game/Maps/Farmhouse/Farmhouse_Props_Unmerged) is flushing async loading
[2021.05.26-03.23.02:920][  0]LogStreaming: Display: ULevelStreaming::RequestLevel(/Game/Maps/Farmhouse/Farmhouse_DirtMounds_Merged) is flushing async loading
[2021.05.26-03.23.02:923][  0]LogStreaming: Display: ULevelStreaming::RequestLevel(/Game/Maps/Farmhouse/Farmhouse_Cables_Merged) is flushing async loading
[2021.05.26-03.23.02:936][  0]LogStreaming: Display: ULevelStreaming::RequestLevel(/Game/Maps/Farmhouse/Farmhouse_Rocks_Merged) is flushing async loading
[2021.05.26-03.23.02:954][  0]LogStreaming: Display: ULevelStreaming::RequestLevel(/Game/Maps/Farmhouse/Farmhouse_Sound) is flushing async loading
[2021.05.26-03.23.02:967][  0]LogStreaming: Display: ULevelStreaming::RequestLevel(/Game/Maps/Farmhouse/Farmhouse_Doors) is flushing async loading
[2021.05.26-03.23.02:979][  0]LogStreaming: Display: ULevelStreaming::RequestLevel(/Game/Maps/Farmhouse/Farmhouse_KitSelectionroom_sec) is flushing async loading
[2021.05.26-03.23.02:984][  0]LogStreaming: Display: ULevelStreaming::RequestLevel(/Game/Maps/Farmhouse/Farmhouse_DynamicProps) is flushing async loading
[2021.05.26-03.23.02:984][  0]LogPakFile: New pak file ../../../Insurgency/Content/Paks/pakchunk11-WindowsServer_0_P.pak added to pak precacher.
[2021.05.26-03.23.03:168][  0]LogStreaming: Display: ULevelStreaming::RequestLevel(/Game/Maps/Farmhouse/Farmhouse_Landscape) is flushing async loading
[2021.05.26-03.23.03:389][  0]LogWorld: Bringing World /Game/Maps/Farmhouse/Farmhouse.Farmhouse up for play (max tick rate 60) at 2021.05.25-23.23.03
[2021.05.26-03.23.03:429][  0]LogGameMode: Display: Attempting to initialize mutators from list: hardcore
[2021.05.26-03.23.03:440][  0]LogSession: ----- Register Server (SteamNWI) ----- 
[2021.05.26-03.23.03:441][  0]LogAI: Warning: AI difficulty set to 0.5
[2021.05.26-03.23.03:453][  0]LogWorld: Bringing up level for play took: 0.072873
[2021.05.26-03.23.03:454][  0]LogGameMode: Display: State: EnteringMap -> LoadingAssets
[2021.05.26-03.23.03:454][  0]LogGameState: Match State Changed from EnteringMap to LoadingAssets
[2021.05.26-03.23.03:454][  0]LogGameMode: Display: High priority async loading ENABLED
[2021.05.26-03.23.03:455][  0]LogAudioCues: Error: Unable to load banks at this time, deferring load.
[2021.05.26-03.23.03:456][  0]LogEasyAntiCheatServer: Loading native plugin from: C:/Users/Matt/Downloads/steamcmd/steamapps/common/sandstorm_server/Insurgency/Binaries/ThirdParty/EasyAntiCheat/Server
[2021.05.26-03.23.03:464][  0]LogEasyAntiCheatServer: [23:23:03:459][Windows][EAC Server] [Info][SetLogCallback] Procedure: 00007FF7E8A7F270 LogLevel: Info.
[2021.05.26-03.23.03:464][  0]LogEasyAntiCheatServer: [23:23:03:459][Windows][EAC Server] [Info][Initialize] ServerName: 'GameSession' RegisterTimeout: 150.
[2021.05.26-03.23.03:464][  0]LogEasyAntiCheatServer: [23:23:03:464][Windows][EAC Server] [Info][Cerberus] [RegisterEvent] EventID: 1h EventName: 'game_round_start' Parameters: { map_name (string) }.
[2021.05.26-03.23.03:465][  0]LogEasyAntiCheatServer: [23:23:03:464][Windows][EAC Server] [Info][Cerberus] [RegisterEvent] EventID: 2h EventName: 'game_round_end' Parameters: { winning_team_id (uint32) }.
[2021.05.26-03.23.03:465][  0]LogEasyAntiCheatServer: [23:23:03:464][Windows][EAC Server] [Info][Cerberus] [RegisterEvent] EventID: 3h EventName: 'player_spawn' Parameters: { player (client), team_id (uint32), character_id (uint32) }.
[2021.05.26-03.23.03:466][  0]LogEasyAntiCheatServer: [23:23:03:464][Windows][EAC Server] [Info][Cerberus] [RegisterEvent] EventID: 4h EventName: 'player_despawn' Parameters: { player (client), player_death (uint32), player_killer (client) }.
[2021.05.26-03.23.03:468][  0]LogEasyAntiCheatServer: [23:23:03:464][Windows][EAC Server] [Info][Cerberus] [RegisterEvent] EventID: 5h EventName: 'player_revive' Parameters: { player_revived (client), player_reviving (client) }.
[2021.05.26-03.23.03:468][  0]LogEasyAntiCheatServer: [23:23:03:464][Windows][EAC Server] [Info][Cerberus] [RegisterEvent] EventID: 6h EventName: 'player_tick' Parameters: { player (client), player_position (vec3f), player_viewrotation (quat), player_health (uint32), player_tickflags (uint32) }.
[2021.05.26-03.23.03:468][  0]LogEasyAntiCheatServer: [23:23:03:464][Windows][EAC Server] [Info][Cerberus] [RegisterEvent] EventID: 7h EventName: 'player_useweapon' Parameters: { player (client), player_position (vec3f), player_viewrotation (quat), player_fov (uint32), weapon_id (uint32), melee_attack (uint32) }.
[2021.05.26-03.23.03:469][  0]LogEasyAntiCheatServer: [23:23:03:464][Windows][EAC Server] [Info][Cerberus] [RegisterEvent] EventID: 8h EventName: 'player_takedamage' Parameters: { player_victim (client), player_victim_position (vec3f), player_victim_viewrotation (quat), player_attacker (client), player_attacker_position (vec3f), player_attacker_viewrotation (quat), player_attacker_fov (uint32), weapon_id (uint32), hitbone_id (uint32), damage_taken (uint32), damage_flags (uint32) }.
[2021.05.26-03.23.03:469][  0]LogEasyAntiCheatServer: [23:23:03:464][Windows][EAC Server] [Info][Cerberus] [RegisterEvent] EventID: 9h EventName: 'player_downed' Parameters: { player_victim (client), player_attacker (client) }.
[2021.05.26-03.23.03:469][  0]LogEasyAntiCheatServer: [23:23:03:464][Windows][EAC Server] [Info][Cerberus] [RegisterEvent] EventID: Ah EventName: 'player_death' Parameters: { victim (client), victim_shots_fired (uint64), victim_shots_landed (uint64), attacker (client), attacker_shots_fired (uint64), attacker_shots_landed (uint64) }.
[2021.05.26-03.23.03:470][  0]LogEasyAntiCheatServer: [23:23:03:464][Windows][EAC Server] [Info][Cerberus] [RegisterEvent] EventID: Bh EventName: 'game_round_start_v2' Parameters: { map_name (string), mode_name (string), round_time_seconds (uint32), start_frame_number (uint64), start_delta_seconds (uint32) }.
[2021.05.26-03.23.03:471][  0]LogEasyAntiCheatServer: Native plugin initialized successfully.
[2021.05.26-03.23.03:471][  0]LogEasyAntiCheatServer: FEasyAntiCheatServer::SetAntiCheatEnforcement - Enabled
[2021.05.26-03.23.03:472][  0]LogLoad: Took 1.738823 seconds to LoadMap(/Game/Maps/Farmhouse/Farmhouse)
[2021.05.26-03.23.03:472][  0]LogEasyAntiCheatServer: [23:23:03:472][Windows][EAC Server] [Info][Cerberus] [RegisterEvent] EventID: 10000001h EventName: 'player_tick_ex' Parameters: { player (client), extended_flags (uint32) }.
[2021.05.26-03.23.03:472][  0]LogLoad: (Engine Initialization) Total time: 7.66 seconds
[2021.05.26-03.23.03:501][  0]LogMod: Warning: [NWI_Infected] Failed to load mod data for plugin (path: /NWI_Infected/ModData.ModData)
[2021.05.26-03.23.03:503][  0]LogMod: Warning: [ExampleContent] Failed to load mod data for plugin (path: /ExampleContent/ModData.ModData)
[2021.05.26-03.23.03:504][  0]LogMod: Warning: [ConsoleCertificationRequirements] Failed to load mod data for plugin (path: /ConsoleCertificationRequirements/ModData.ModData)
[2021.05.26-03.23.03:519][  1]LogGameMode: Display: Ruleset: ObjectiveCaptureTime = "60"
[2021.05.26-03.23.03:519][  1]LogGameMode: Display: Ruleset: bAllowDeathCamera = "False"
[2021.05.26-03.23.03:519][  1]LogScenario: Display: Loading scenario 'Scenario_Farmhouse_Checkpoint_Security' (Map Default)...
[2021.05.26-03.23.03:520][  1]LogINSAssetManager: Display: Loading scenario asset 'Scenario_Farmhouse_Checkpoint_Security' (path: /Game/Game/Scenarios/Coop/Farmhouse/Scenario_Farmhouse_Checkpoint_Security.Scenario_Farmhouse_Checkpoint_Security)...
[2021.05.26-03.23.03:520][  1]LogScenario: Display: CheckLoadingComplete - Pending, scenario assets not loaded.
[2021.05.26-03.23.03:565][  4]LogINSAssetManager: Display: Loading scenario factions...
[2021.05.26-03.23.03:577][  5]LogPakFile: New pak file ../../../Insurgency/Content/Paks/pakchunk0-WindowsServer_0_P.pak added to pak precacher.
[2021.05.26-03.23.03:601][  6]LogINSAssetManager: Display: Loading 454 scenario assets...
[2021.05.26-03.23.03:609][  7]LogStreaming: Error: Couldn't find file for package /Game/Game/Actors/Weapons/Upgrades/Underbarrel/BP_UG_Foregrip_IRLaser_Rail requested by async loading code. NameToLoad: /Game/Game/Actors/Weapons/Upgrades/Underbarrel/BP_UG_Foregrip_IRLaser_Rail
[2021.05.26-03.23.03:610][  7]LogStreaming: Error: This will hitch streaming because it ends up searching the disk instead of finding the file in the pak file.
[2021.05.26-03.23.03:610][  7]LogStreaming: Error: Found 0 dependent packages...
[2021.05.26-03.23.03:611][  7]LogStreaming: Error: Couldn't find file for package /Game/Game/Actors/Weapons/Upgrades/Underbarrel/BP_UG_Foregrip_IRLaser requested by async loading code. NameToLoad: /Game/Game/Actors/Weapons/Upgrades/Underbarrel/BP_UG_Foregrip_IRLaser
[2021.05.26-03.23.03:613][  7]LogStreaming: Error: This will hitch streaming because it ends up searching the disk instead of finding the file in the pak file.
[2021.05.26-03.23.03:614][  7]LogStreaming: Error: Found 0 dependent packages...
[2021.05.26-03.23.03:615][  7]LogStreaming: Error: Couldn't find file for package /Game/Game/Actors/Weapons/Upgrades/Underbarrel/BP_UG_Foregrip_IRFlashlight_Rail requested by async loading code. NameToLoad: /Game/Game/Actors/Weapons/Upgrades/Underbarrel/BP_UG_Foregrip_IRFlashlight_Rail
[2021.05.26-03.23.03:615][  7]LogStreaming: Error: This will hitch streaming because it ends up searching the disk instead of finding the file in the pak file.
[2021.05.26-03.23.03:616][  7]LogStreaming: Error: Found 0 dependent packages...
[2021.05.26-03.23.03:617][  7]LogStreaming: Error: Couldn't find file for package /Game/Game/Actors/Weapons/Upgrades/Underbarrel/BP_UG_Foregrip_IRFlashlight requested by async loading code. NameToLoad: /Game/Game/Actors/Weapons/Upgrades/Underbarrel/BP_UG_Foregrip_IRFlashlight
[2021.05.26-03.23.03:617][  7]LogStreaming: Error: This will hitch streaming because it ends up searching the disk instead of finding the file in the pak file.
[2021.05.26-03.23.03:618][  7]LogStreaming: Error: Found 0 dependent packages...
[2021.05.26-03.23.03:619][  7]LogStreaming: Error: Couldn't find file for package /Game/Game/Actors/Weapons/Upgrades/Underbarrel/BP_UG_Foregrip_Flashlight_Rail requested by async loading code. NameToLoad: /Game/Game/Actors/Weapons/Upgrades/Underbarrel/BP_UG_Foregrip_Flashlight_Rail
[2021.05.26-03.23.03:619][  7]LogStreaming: Error: This will hitch streaming because it ends up searching the disk instead of finding the file in the pak file.
[2021.05.26-03.23.03:619][  7]LogStreaming: Error: Found 0 dependent packages...
[2021.05.26-03.23.03:620][  7]LogStreaming: Error: Couldn't find file for package /Game/Game/Actors/Weapons/Upgrades/Underbarrel/BP_UG_Foregrip_Flashlight requested by async loading code. NameToLoad: /Game/Game/Actors/Weapons/Upgrades/Underbarrel/BP_UG_Foregrip_Flashlight
[2021.05.26-03.23.03:620][  7]LogStreaming: Error: This will hitch streaming because it ends up searching the disk instead of finding the file in the pak file.
[2021.05.26-03.23.03:620][  7]LogStreaming: Error: Found 0 dependent packages...
[2021.05.26-03.23.03:642][  8]LogINSAssetManager: Display: Scenario loading complete.
[2021.05.26-03.23.03:642][  8]LogScenario: Display: Successfully loaded scenario 'Scenario_Farmhouse_Checkpoint_Security' and 454 referenced assets.
[2021.05.26-03.23.03:643][  8]LogWorldSettings: Loading lighting scenario 'Farmhouse_GlobalDay'...
[2021.05.26-03.23.03:643][  8]LogStreaming: Display: ULevelStreaming::RequestLevel(/Game/Maps/Farmhouse/Farmhouse_GlobalDay) is flushing async loading
[2021.05.26-03.23.03:724][  8]LogScenario: Warning: Skipping sublevel 'Farmhouse_CheckpointHardcore_Security' as it is not linked to a child gamemode of 'INSCheckpointGameMode_2147482548'
[2021.05.26-03.23.03:725][  8]LogStreaming: Display: ULevelStreaming::RequestLevel(/Game/Maps/Farmhouse/Farmhouse_Checkpoint_Security) is flushing async loading
[2021.05.26-03.23.03:750][  8]LogObjectives: Ownership of objective 'OCCheckpoint_A' changed from 255 to 1
[2021.05.26-03.23.03:750][  8]LogObjectives: Ownership of objective 'ODCheckpoint_B' changed from 255 to 1
[2021.05.26-03.23.03:751][  8]LogObjectives: Ownership of objective 'OCCheckpoint_C' changed from 255 to 1
[2021.05.26-03.23.03:751][  8]LogObjectives: Ownership of objective 'OCCheckpoint_D' changed from 255 to 1
[2021.05.26-03.23.03:752][  8]LogObjectives: Ownership of objective 'OCCheckpoint_E' changed from 255 to 1
[2021.05.26-03.23.03:752][  8]LogObjectives: Ownership of objective 'OCCheckpoint_F' changed from 255 to 1
[2021.05.26-03.23.03:753][  8]LogGameMode: Warning: Trying to enable spawn zone 'SZCheckpoint_A' but it has no player starts!
[2021.05.26-03.23.03:754][  8]LogGameMode: Warning: Trying to enable spawn zone 'SZCheckpointA_RA' but it has no player starts!
[2021.05.26-03.23.03:755][  8]LogGameMode: Warning: Trying to enable spawn zone 'SZCheckpointA1_Team2' but it has no player starts!
[2021.05.26-03.23.03:755][  8]LogGameMode: Warning: Trying to enable spawn zone 'SZCheckpointA2_Team2' but it has no player starts!
[2021.05.26-03.23.03:756][  8]LogGameMode: Warning: Trying to enable spawn zone 'SZCheckpointA3_Team2' but it has no player starts!
[2021.05.26-03.23.03:756][  8]LogGameMode: Display: Advancing spawns for faction 255 to obj 0: 0 zones enabled (0 player starts), 0 disabled
[2021.05.26-03.23.03:759][  8]LogTemp: Warning: Generated 105 spawn points for objective 'OCCheckpoint_A'
[2021.05.26-03.23.03:761][  8]LogGameMode: Warning: Checkpoint: Generated 92 spawn points for counter-attack spawn 'SZCheckpointA1_Team2'
[2021.05.26-03.23.03:767][  8]LogGameMode: Warning: Checkpoint: Generated 101 spawn points for counter-attack spawn 'SZCheckpointA2_Team2'
[2021.05.26-03.23.03:780][  8]LogGameMode: Warning: Checkpoint: Generated 73 spawn points for counter-attack spawn 'SZCheckpointA3_Team2'
[2021.05.26-03.23.03:782][  8]LogTemp: Warning: Generated 42 spawn points for objective 'ODCheckpoint_B'
[2021.05.26-03.23.03:785][  8]LogTemp: Warning: Generated 73 spawn points for objective 'OCCheckpoint_C'
[2021.05.26-03.23.03:788][  8]LogGameMode: Warning: Checkpoint: Generated 109 spawn points for counter-attack spawn 'SZCheckpointC1_Team2'
[2021.05.26-03.23.03:789][  8]LogGameMode: Warning: Checkpoint: Generated 55 spawn points for counter-attack spawn 'SZCheckpointC2_Team2'
[2021.05.26-03.23.03:791][  8]LogGameMode: Warning: Checkpoint: Generated 95 spawn points for counter-attack spawn 'SZCheckpointC3_Team2'
[2021.05.26-03.23.03:795][  8]LogTemp: Warning: Generated 92 spawn points for objective 'OCCheckpoint_D'
[2021.05.26-03.23.03:798][  8]LogGameMode: Warning: Checkpoint: Generated 87 spawn points for counter-attack spawn 'SZCheckpointD1_Team2'
[2021.05.26-03.23.03:800][  8]LogGameMode: Warning: Checkpoint: Generated 84 spawn points for counter-attack spawn 'SZCheckpointD2_Team2'
[2021.05.26-03.23.03:802][  8]LogGameMode: Warning: Checkpoint: Generated 114 spawn points for counter-attack spawn 'SZCheckpointD3_Team2'
[2021.05.26-03.23.03:803][  8]LogTemp: Warning: Generated 76 spawn points for objective 'OCCheckpoint_E'
[2021.05.26-03.23.03:805][  8]LogGameMode: Warning: Checkpoint: Generated 115 spawn points for counter-attack spawn 'SZCheckpointE1_Team2'
[2021.05.26-03.23.03:806][  8]LogGameMode: Warning: Checkpoint: Generated 113 spawn points for counter-attack spawn 'SZCheckpointE2_Team2'
[2021.05.26-03.23.03:810][  8]LogGameMode: Warning: Checkpoint: Generated 101 spawn points for counter-attack spawn 'SZCheckpointE3_Team2'
[2021.05.26-03.23.03:815][  8]LogTemp: Warning: Generated 97 spawn points for objective 'OCCheckpoint_F'
[2021.05.26-03.23.03:827][  8]LogGameMode: Warning: Checkpoint: Generated 85 spawn points for counter-attack spawn 'SZCheckpointF1_Team2'
[2021.05.26-03.23.03:832][  8]LogGameMode: Warning: Checkpoint: Generated 116 spawn points for counter-attack spawn 'SZCheckpointF2_Team2'
[2021.05.26-03.23.03:834][  8]LogGameMode: Warning: Checkpoint: Generated 116 spawn points for counter-attack spawn 'SZCheckpointF3_Team2'
[2021.05.26-03.23.03:855][  8]LogSoundscape: Registering pending soundscape emitters/components.
[2021.05.26-03.23.03:856][  8]LogSoundscape: Registered pending soundscape emitters/components.
[2021.05.26-03.23.03:857][  8]LogGameMode: Display: Spawned team 0 of faction Security
[2021.05.26-03.23.03:857][  8]LogGameMode: Display: Spawned team 1 of faction Insurgents
[2021.05.26-03.23.03:857][  8]LogSpawning: Spawnzone 'SZCheckpoint_A' disabled for team 0
[2021.05.26-03.23.03:858][  8]LogSpawning: Spawnzone 'SZCheckpoint_B' disabled for team 0
[2021.05.26-03.23.03:859][  8]LogSpawning: Spawnzone 'SZCheckpoint_C' disabled for team 0
[2021.05.26-03.23.03:859][  8]LogSpawning: Spawnzone 'SZCheckpoint_D' disabled for team 0
[2021.05.26-03.23.03:860][  8]LogSpawning: Spawnzone 'SZCheckpoint_E' disabled for team 0
[2021.05.26-03.23.03:861][  8]LogSpawning: Spawnzone 'SZCheckpoint_F' disabled for team 0
[2021.05.26-03.23.03:861][  8]LogSpawning: Spawnzone 'SZCheckpointA_RA' disabled for team 1
[2021.05.26-03.23.03:862][  8]LogSpawning: Spawnzone 'SZCheckpointB_RA' disabled for team 1
[2021.05.26-03.23.03:862][  8]LogSpawning: Spawnzone 'SZCheckpointC_RA' disabled for team 1
[2021.05.26-03.23.03:863][  8]LogSpawning: Spawnzone 'SZCheckpointD_RA' disabled for team 1
[2021.05.26-03.23.03:863][  8]LogSpawning: Spawnzone 'SZCheckpointE_RA' disabled for team 1
[2021.05.26-03.23.03:864][  8]LogSpawning: Spawnzone 'SZCheckpointF_RA' disabled for team 1
[2021.05.26-03.23.03:864][  8]LogSpawning: Spawnzone 'SZCheckpointA1_Team2' disabled for team 1
[2021.05.26-03.23.03:864][  8]LogSpawning: Spawnzone 'SZCheckpointA2_Team2' disabled for team 1
[2021.05.26-03.23.03:865][  8]LogSpawning: Spawnzone 'SZCheckpointA3_Team2' disabled for team 1
[2021.05.26-03.23.03:865][  8]LogSpawning: Spawnzone 'SZCheckpointC1_Team2' disabled for team 1
[2021.05.26-03.23.03:866][  8]LogSpawning: Spawnzone 'SZCheckpointC2_Team2' disabled for team 1
[2021.05.26-03.23.03:866][  8]LogSpawning: Spawnzone 'SZCheckpointC3_Team2' disabled for team 1
[2021.05.26-03.23.03:866][  8]LogSpawning: Spawnzone 'SZCheckpointD1_Team2' disabled for team 1
[2021.05.26-03.23.03:866][  8]LogSpawning: Spawnzone 'SZCheckpointD2_Team2' disabled for team 1
[2021.05.26-03.23.03:867][  8]LogSpawning: Spawnzone 'SZCheckpointD3_Team2' disabled for team 1
[2021.05.26-03.23.03:867][  8]LogSpawning: Spawnzone 'SZCheckpointE1_Team2' disabled for team 1
[2021.05.26-03.23.03:868][  8]LogSpawning: Spawnzone 'SZCheckpointE2_Team2' disabled for team 1
[2021.05.26-03.23.03:868][  8]LogSpawning: Spawnzone 'SZCheckpointE3_Team2' disabled for team 1
[2021.05.26-03.23.03:868][  8]LogSpawning: Spawnzone 'SZCheckpointF1_Team2' disabled for team 1
[2021.05.26-03.23.03:869][  8]LogSpawning: Spawnzone 'SZCheckpointF2_Team2' disabled for team 1
[2021.05.26-03.23.03:869][  8]LogSpawning: Spawnzone 'SZCheckpointF3_Team2' disabled for team 1
[2021.05.26-03.23.03:869][  8]LogGameMode: Error: Reinforcement system for invalid faction 255, ignoring
[2021.05.26-03.23.03:873][  8]LogGameMode: Display: Gamemode assets loaded, exiting LoadingAssets state, entering WaitingToStart
[2021.05.26-03.23.03:873][  8]LogGameMode: Display: State: LoadingAssets -> WaitingToStart
[2021.05.26-03.23.03:874][  8]LogGameState: Match State Changed from LoadingAssets to WaitingToStart
[2021.05.26-03.23.03:874][  8]LogSession: Display: AINSGameSession::HandleMatchIsWaitingToStart
[2021.05.26-03.23.03:874][  8]LogAI: Warning: AI difficulty set to 0.5
[2021.05.26-03.23.03:875][  8]LogGameState: Round reset. Authority:3
[2021.05.26-03.23.03:919][  8]LogObjectives: Ownership of objective 'OCCheckpoint_A' changed from 1 to 1
[2021.05.26-03.23.03:919][  8]LogObjectives: Ownership of objective 'ODCheckpoint_B' changed from 1 to 1
[2021.05.26-03.23.03:920][  8]LogObjectives: Ownership of objective 'OCCheckpoint_C' changed from 1 to 1
[2021.05.26-03.23.03:920][  8]LogObjectives: Ownership of objective 'OCCheckpoint_D' changed from 1 to 1
[2021.05.26-03.23.03:921][  8]LogObjectives: Ownership of objective 'OCCheckpoint_E' changed from 1 to 1
[2021.05.26-03.23.03:921][  8]LogObjectives: Ownership of objective 'OCCheckpoint_F' changed from 1 to 1
[2021.05.26-03.23.03:922][  8]LogSpawning: Spawnzone 'SZCheckpoint_A' enabled for team 0
[2021.05.26-03.23.03:923][  8]LogGameMode: Warning: Trying to enable spawn zone 'SZCheckpointA_RA' but it has no player starts!
[2021.05.26-03.23.03:923][  8]LogGameMode: Warning: Trying to enable spawn zone 'SZCheckpointA1_Team2' but it has no player starts!
[2021.05.26-03.23.03:924][  8]LogGameMode: Warning: Trying to enable spawn zone 'SZCheckpointA2_Team2' but it has no player starts!
[2021.05.26-03.23.03:924][  8]LogGameMode: Warning: Trying to enable spawn zone 'SZCheckpointA3_Team2' but it has no player starts!
[2021.05.26-03.23.03:925][  8]LogGameMode: Display: Advancing spawns for faction 255 to obj 0: 1 zones enabled (16 player starts), 0 disabled
[2021.05.26-03.23.55:314][ 51]LogCore: Engine exit requested (reason: ConsoleCtrl RequestExit)
[2021.05.26-03.23.55:314][ 51]LogCore: Warning: *** INTERRUPTED *** : SHUTTING DOWN
[2021.05.26-03.23.55:319][ 51]LogCore: Warning: *** INTERRUPTED *** : CTRL-C TO FORCE QUIT
[2021.05.26-03.23.55:320][ 51]LogCore: Engine exit requested (reason: EngineExit() was called; note: exit was already requested)
[2021.05.26-03.23.55:320][ 51]LogInit: Display: PreExit Game.
[2021.05.26-03.23.55:345][ 51]LogWorld: BeginTearingDown for /Game/Maps/Farmhouse/Farmhouse
[2021.05.26-03.23.55:346][ 51]LogNet: World NetDriver shutdown IpNetDriver_2147482547 [GameNetDriver]
[2021.05.26-03.23.55:346][ 51]LogNet: DestroyNamedNetDriver IpNetDriver_2147482547 [GameNetDriver]
[2021.05.26-03.23.55:347][ 51]LogExit: GameNetDriver IpNetDriver_2147482547 shut down
[2021.05.26-03.23.55:354][ 51]LogWorld: UWorld::CleanupWorld for Farmhouse, bSessionEnded=true, bCleanupResources=true
[2021.05.26-03.23.55:441][ 51]LogWorld: UWorld::CleanupWorld for Farmhouse_KitSelectionroom_ins, bSessionEnded=true, bCleanupResources=true
[2021.05.26-03.23.55:441][ 51]LogWorld: UWorld::CleanupWorld for Farmhouse_Reflections, bSessionEnded=true, bCleanupResources=true
[2021.05.26-03.23.55:442][ 51]LogWorld: UWorld::CleanupWorld for Farmhouse_Decals, bSessionEnded=true, bCleanupResources=true
[2021.05.26-03.23.55:443][ 51]LogWorld: UWorld::CleanupWorld for Farmhouse_Backdrop, bSessionEnded=true, bCleanupResources=true
[2021.05.26-03.23.55:443][ 51]LogWorld: UWorld::CleanupWorld for Farmhouse_AI, bSessionEnded=true, bCleanupResources=true
[2021.05.26-03.23.55:444][ 51]LogWorld: UWorld::CleanupWorld for Farmhouse_Structures_Merged_New, bSessionEnded=true, bCleanupResources=true
[2021.05.26-03.23.55:444][ 51]LogWorld: UWorld::CleanupWorld for Farmhouse_BlockingVolumes, bSessionEnded=true, bCleanupResources=true
[2021.05.26-03.23.55:445][ 51]LogWorld: UWorld::CleanupWorld for Farmhouse_Particles, bSessionEnded=true, bCleanupResources=true
[2021.05.26-03.23.55:446][ 51]LogWorld: UWorld::CleanupWorld for Farmhouse_Props_Unmerged, bSessionEnded=true, bCleanupResources=true
[2021.05.26-03.23.55:446][ 51]LogWorld: UWorld::CleanupWorld for Farmhouse_DirtMounds_Merged, bSessionEnded=true, bCleanupResources=true
[2021.05.26-03.23.55:447][ 51]LogWorld: UWorld::CleanupWorld for Farmhouse_Cables_Merged, bSessionEnded=true, bCleanupResources=true
[2021.05.26-03.23.55:447][ 51]LogWorld: UWorld::CleanupWorld for Farmhouse_Rocks_Merged, bSessionEnded=true, bCleanupResources=true
[2021.05.26-03.23.55:447][ 51]LogWorld: UWorld::CleanupWorld for Farmhouse_Sound, bSessionEnded=true, bCleanupResources=true
[2021.05.26-03.23.55:448][ 51]LogWorld: UWorld::CleanupWorld for Farmhouse_Doors, bSessionEnded=true, bCleanupResources=true
[2021.05.26-03.23.55:448][ 51]LogWorld: UWorld::CleanupWorld for Farmhouse_KitSelectionroom_sec, bSessionEnded=true, bCleanupResources=true
[2021.05.26-03.23.55:448][ 51]LogWorld: UWorld::CleanupWorld for Farmhouse_DynamicProps, bSessionEnded=true, bCleanupResources=true
[2021.05.26-03.23.55:448][ 51]LogWorld: UWorld::CleanupWorld for Farmhouse_Landscape, bSessionEnded=true, bCleanupResources=true
[2021.05.26-03.23.55:449][ 51]LogWorld: UWorld::CleanupWorld for Farmhouse_GlobalDay, bSessionEnded=true, bCleanupResources=true
[2021.05.26-03.23.55:449][ 51]LogWorld: UWorld::CleanupWorld for Farmhouse_Checkpoint_Security, bSessionEnded=true, bCleanupResources=true
[2021.05.26-03.23.55:451][ 51]LogExit: Preparing to exit.
[2021.05.26-03.23.55:502][ 51]LogDemo: Cleaned up 0 splitscreen connections with owner deletion
[2021.05.26-03.23.55:503][ 51]LogDemo: Cleaned up 0 splitscreen connections with owner deletion
[2021.05.26-03.23.55:503][ 51]LogExit: Game engine shut down
[2021.05.26-03.23.55:549][ 51]LogAISub: UAISubsystem::~UAISubsystem AISubsystem (000002202CCD07F0), frame # 3051
[2021.05.26-03.23.55:549][ 51]LogAISub: UAISubsystem::~UAISubsystem AIPerceptionSystem (000002202CCD0830), frame # 3051
[2021.05.26-03.23.55:550][ 51]LogAISub: UAISubsystem::~UAISubsystem EnvQueryManager (000002202CCD5500), frame # 3051
[2021.05.26-03.23.55:583][ 51]LogAISub: UAISubsystem::~UAISubsystem EnvQueryManager (000002203AF24C00), frame # 3051
[2021.05.26-03.23.55:583][ 51]LogAISub: UAISubsystem::~UAISubsystem AIPerceptionSystem (000002203AF24840), frame # 3051
[2021.05.26-03.23.55:663][ 51]LogExit: Object subsystem successfully closed.
[2021.05.26-03.23.55:673][ 51]LogModuleManager: Shutting down and abandoning module AIModule (248)
[2021.05.26-03.23.55:673][ 51]LogModuleManager: Shutting down and abandoning module NavigationSystem (247)
[2021.05.26-03.23.55:674][ 51]LogModuleManager: Shutting down and abandoning module CharacterAI (244)
[2021.05.26-03.23.55:674][ 51]LogModuleManager: Shutting down and abandoning module PlanarCut (242)
[2021.05.26-03.23.55:675][ 51]LogModuleManager: Shutting down and abandoning module MfMediaFactory (240)
[2021.05.26-03.23.55:675][ 51]LogModuleManager: Shutting down and abandoning module SessionServices (238)
[2021.05.26-03.23.55:675][ 51]LogModuleManager: Shutting down and abandoning module Analytics (236)
[2021.05.26-03.23.55:676][ 51]LogModuleManager: Shutting down and abandoning module AnalyticsET (234)
[2021.05.26-03.23.55:676][ 51]LogModuleManager: Shutting down and abandoning module MovieSceneTracks (232)
[2021.05.26-03.23.55:677][ 51]LogModuleManager: Shutting down and abandoning module MovieScene (230)
[2021.05.26-03.23.55:677][ 51]LogModuleManager: Shutting down and abandoning module StreamingPauseRendering (228)
[2021.05.26-03.23.55:677][ 51]LogModuleManager: Shutting down and abandoning module ImageWriteQueue (226)
[2021.05.26-03.23.55:678][ 51]LogModuleManager: Shutting down and abandoning module ImageWrapper (225)
[2021.05.26-03.23.55:679][ 51]LogModuleManager: Shutting down and abandoning module Synthesis (222)
[2021.05.26-03.23.55:679][ 51]LogModuleManager: Shutting down and abandoning module GooglePAD (220)
[2021.05.26-03.23.55:679][ 51]LogModuleManager: Shutting down and abandoning module AssetTags (218)
[2021.05.26-03.23.55:680][ 51]LogModuleManager: Shutting down and abandoning module MagicLeapSharedWorld (214)
[2021.05.26-03.23.55:680][ 51]LogModuleManager: Shutting down and abandoning module ChaosNiagara (212)
[2021.05.26-03.23.55:681][ 51]LogModuleManager: Shutting down and abandoning module ProceduralMeshComponent (210)
[2021.05.26-03.23.55:681][ 51]LogModuleManager: Shutting down and abandoning module GeometryCollectionTracks (208)
[2021.05.26-03.23.55:681][ 51]LogModuleManager: Shutting down and abandoning module EditableMesh (206)
[2021.05.26-03.23.55:682][ 51]LogModuleManager: Shutting down and abandoning module MeshSolverUtilities (204)
[2021.05.26-03.23.55:685][ 51]LogModuleManager: Shutting down and abandoning module MeshConversion (202)
[2021.05.26-03.23.55:685][ 51]LogModuleManager: Shutting down and abandoning module DynamicMesh (200)
[2021.05.26-03.23.55:686][ 51]LogModuleManager: Shutting down and abandoning module GeometryAlgorithms (198)
[2021.05.26-03.23.55:686][ 51]LogModuleManager: Shutting down and abandoning module GeometricObjects (196)
[2021.05.26-03.23.55:686][ 51]LogModuleManager: Shutting down and abandoning module ChaosCloth (194)
[2021.05.26-03.23.55:687][ 51]LogModuleManager: Shutting down and abandoning module AutomationUtils (192)
[2021.05.26-03.23.55:687][ 51]LogModuleManager: Shutting down and abandoning module RconSandstorm (190)
[2021.05.26-03.23.55:687][ 51]LogModuleManager: Shutting down and abandoning module Rcon (189)
[2021.05.26-03.23.55:687][ 51]LogModuleManager: Shutting down and abandoning module Holidays (186)
[2021.05.26-03.23.55:688][ 51]LogModuleManager: Shutting down and abandoning module CryptoUtilities (184)
[2021.05.26-03.23.55:688][ 51]LogModuleManager: Shutting down and abandoning module EasyAntiCheatCommon (182)
[2021.05.26-03.23.55:688][ 51]LogModuleManager: Shutting down and abandoning module EasyAntiCheatClient (180)
[2021.05.26-03.23.55:688][ 51]LogModuleManager: Shutting down and abandoning module EasyAntiCheatServer (178)
[2021.05.26-03.23.55:691][ 51]LogEasyAntiCheatServer: [23:23:55:689][Windows][EAC Server] [Info][Destroy] Called
[2021.05.26-03.23.55:691][ 51]LogModuleManager: Shutting down and abandoning module ConsoleCertificationRequirements (176)
[2021.05.26-03.23.55:692][ 51]LogModuleManager: Shutting down and abandoning module InsurgencyGameplayDebugger (174)
[2021.05.26-03.23.55:692][ 51]LogModuleManager: Shutting down and abandoning module SlackFeedback (172)
[2021.05.26-03.23.55:692][ 51]LogModuleManager: Shutting down and abandoning module GameStatsServer (170)
[2021.05.26-03.23.55:693][ 51]LogModuleManager: Shutting down and abandoning module NativizedAssets (168)
[2021.05.26-03.23.55:693][ 51]LogModuleManager: Shutting down and abandoning module VivoxCore (166)
[2021.05.26-03.23.55:693][ 51]VivoxCore: FVivoxCoreModule::ShutdownModule
[2021.05.26-03.23.55:694][ 51]LogModuleManager: Shutting down and abandoning module StatsCollector (164)
[2021.05.26-03.23.55:694][ 51]LogUObjectArray: Warning: Empty slot
[2021.05.26-03.23.55:695][ 51]LogModuleManager: Shutting down and abandoning module HttpExtensions (162)
[2021.05.26-03.23.55:695][ 51]LogModuleManager: Shutting down and abandoning module ModKit (160)
[2021.05.26-03.23.55:696][ 51]LogModuleManager: Shutting down and abandoning module WebSockets (157)
[2021.05.26-03.23.55:714][ 51]LogModuleManager: Shutting down and abandoning module PlayTimeLimit (154)
[2021.05.26-03.23.55:715][ 51]LogModuleManager: Shutting down and abandoning module Rejoin (152)
[2021.05.26-03.23.55:716][ 51]LogModuleManager: Shutting down and abandoning module Hotfix (150)
[2021.05.26-03.23.55:720][ 51]LogModuleManager: Shutting down and abandoning module Lobby (148)
[2021.05.26-03.23.55:720][ 51]LogModuleManager: Shutting down and abandoning module Party (146)
[2021.05.26-03.23.55:720][ 51]LogModuleManager: Shutting down and abandoning module Qos (144)
[2021.05.26-03.23.55:721][ 51]LogModuleManager: Shutting down and abandoning module TemplateSequence (142)
[2021.05.26-03.23.55:721][ 51]LogModuleManager: Shutting down and abandoning module InsurgencyServer (140)
[2021.05.26-03.23.55:722][ 51]LogModuleManager: Shutting down and abandoning module Insurgency (138)
[2021.05.26-03.23.55:722][ 51]LogModuleManager: Shutting down and abandoning module SoundFields (136)
[2021.05.26-03.23.55:722][ 51]LogModuleManager: Shutting down and abandoning module RuntimePhysXCooking (134)
[2021.05.26-03.23.55:723][ 51]LogModuleManager: Shutting down and abandoning module ActorSequence (132)
[2021.05.26-03.23.55:723][ 51]LogModuleManager: Shutting down and abandoning module UdpMessaging (130)
[2021.05.26-03.23.55:724][ 51]LogModuleManager: Shutting down and abandoning module MagicLeapARPin (128)
[2021.05.26-03.23.55:724][ 51]LogModuleManager: Shutting down and abandoning module FacialAnimation (126)
[2021.05.26-03.23.55:725][ 51]LogModuleManager: Shutting down and abandoning module AnimationSharing (124)
[2021.05.26-03.23.55:725][ 51]LogModuleManager: Shutting down and abandoning module LightPropagationVolumeRuntime (122)
[2021.05.26-03.23.55:726][ 51]LogModuleManager: Shutting down and abandoning module UMGExtensions (120)
[2021.05.26-03.23.55:726][ 51]LogModuleManager: Shutting down and abandoning module DiscordRpc (118)
[2021.05.26-03.23.55:727][ 51]LogModuleManager: Shutting down and abandoning module ControlRig (114)
[2021.05.26-03.23.55:727][ 51]LogModuleManager: Shutting down and abandoning module LevelSequence (113)
[2021.05.26-03.23.55:729][ 51]LogModuleManager: Shutting down and abandoning module TcpMessaging (110)
[2021.05.26-03.23.55:730][ 51]LogModuleManager: Shutting down and abandoning module AnimationBudgetAllocator (108)
[2021.05.26-03.23.55:730][ 51]LogModuleManager: Shutting down and abandoning module Gauntlet (106)
[2021.05.26-03.23.55:730][ 51]LogGauntlet: Display: Gauntlet Shutdown
[2021.05.26-03.23.55:731][ 51]LogModuleManager: Shutting down and abandoning module ReplicationGraph (104)
[2021.05.26-03.23.55:731][ 51]LogModuleManager: Shutting down and abandoning module NiagaraAnimNotifies (102)
[2021.05.26-03.23.55:732][ 51]LogModuleManager: Shutting down and abandoning module Niagara (100)
[2021.05.26-03.23.55:732][ 51]LogModuleManager: Shutting down and abandoning module SignalProcessing (99)
[2021.05.26-03.23.55:732][ 51]LogModuleManager: Shutting down and abandoning module NiagaraCore (96)
[2021.05.26-03.23.55:733][ 51]LogModuleManager: Shutting down and abandoning module SignificanceManager (94)
[2021.05.26-03.23.55:733][ 51]LogModuleManager: Shutting down and abandoning module AkAudio (92)
[2021.05.26-03.23.55:734][ 51]LogModuleManager: Shutting down and abandoning module WindowsMoviePlayer (90)
[2021.05.26-03.23.55:736][ 51]LogModuleManager: Shutting down and abandoning module InsurgencyLoadingScreen (88)
[2021.05.26-03.23.55:736][ 51]LogModuleManager: Shutting down and abandoning module NetworkReplayStreaming (86)
[2021.05.26-03.23.55:736][ 51]LogModuleManager: Shutting down and abandoning module PacketHandler (84)
[2021.05.26-03.23.55:736][ 51]LogModuleManager: Shutting down and abandoning module ClothingSystemRuntimeNv (82)
[2021.05.26-03.23.55:737][ 51]LogModuleManager: Shutting down and abandoning module MediaAssets (80)
[2021.05.26-03.23.55:737][ 51]LogModuleManager: Shutting down and abandoning module Messaging (78)
[2021.05.26-03.23.55:737][ 51]LogModuleManager: Shutting down and abandoning module Networking (76)
[2021.05.26-03.23.55:738][ 51]LogModuleManager: Shutting down and abandoning module Core (74)
[2021.05.26-03.23.55:738][ 51]LogModuleManager: Shutting down and abandoning module Media (72)
[2021.05.26-03.23.55:738][ 51]LogModuleManager: Shutting down and abandoning module NullDrv (68)
[2021.05.26-03.23.55:738][ 51]LogModuleManager: Shutting down and abandoning module PhysXCooking (66)
[2021.05.26-03.23.55:739][ 51]LogModuleManager: Shutting down and abandoning module ChaosSolvers (64)
[2021.05.26-03.23.55:739][ 51]LogModuleManager: Shutting down and abandoning module FieldSystemEngine (63)
[2021.05.26-03.23.55:739][ 51]LogModuleManager: Shutting down and abandoning module Chaos (60)
[2021.05.26-03.23.55:739][ 51]LogModuleManager: Shutting down and abandoning module VariantManagerContent (57)
[2021.05.26-03.23.55:739][ 51]LogModuleManager: Shutting down and abandoning module AISupportModule (55)
[2021.05.26-03.23.55:742][ 51]LogModuleManager: Shutting down and abandoning module NiagaraVertexFactories (51)
[2021.05.26-03.23.55:743][ 51]LogModuleManager: Shutting down and abandoning module NiagaraShader (49)
[2021.05.26-03.23.55:746][ 51]LogModuleManager: Shutting down and abandoning module NVIDIAGfeSDK (47)
[2021.05.26-03.23.55:746][ 51]LogModuleManager: Shutting down and abandoning module Ansel (45)
[2021.05.26-03.23.55:746][ 51]LogModuleManager: Shutting down and abandoning module OnlineSubsystem (41)
[2021.05.26-03.23.55:746][ 51]LogOnline: Display: STEAM (NWI): OnlineSubsystemSteam::Shutdown()
[2021.05.26-03.23.55:747][ 51]LogOnline: STEAM (NWI): AUTH: Revoking all tickets.
[2021.05.26-03.23.55:810][ 51]LogOnline: Display: FOnlineSubsystemNWI::Shutdown()
[2021.05.26-03.23.55:811][ 51]LogOnline: Display: STEAM (NWI): OnlineSubsystemSteam::Shutdown()
[2021.05.26-03.23.55:812][ 51]LogOnline: FOnlineSubsystemNWIModule::ShutdownModule
[2021.05.26-03.23.55:812][ 51]LogOnline: Display: FOnlineSubsystemNWI::Shutdown()
[2021.05.26-03.23.55:812][ 51]LogModuleManager: Shutting down and abandoning module SteamShared (37)
[2021.05.26-03.23.55:813][ 51]LogSteamShared: Freeing the Steam Loaded Modules...
[2021.05.26-03.23.55:813][ 51]LogModuleManager: Shutting down and abandoning module HTTP (34)
[2021.05.26-03.23.55:815][ 51]LogModuleManager: Shutting down and abandoning module SSL (33)
[2021.05.26-03.23.55:815][ 51]LogModuleManager: Shutting down and abandoning module PlatformCryptoOpenSSL (29)
[2021.05.26-03.23.55:815][ 51]LogModuleManager: Shutting down and abandoning module PlatformCryptoTypes (27)
[2021.05.26-03.23.55:815][ 51]LogModuleManager: Shutting down and abandoning module PlatformCrypto (25)
[2021.05.26-03.23.55:816][ 51]LogModuleManager: Shutting down and abandoning module PythonScriptPluginPreload (23)
[2021.05.26-03.23.55:816][ 51]LogModuleManager: Shutting down and abandoning module RenderCore (21)
[2021.05.26-03.23.55:817][ 51]LogModuleManager: Shutting down and abandoning module Landscape (19)
[2021.05.26-03.23.55:817][ 51]LogModuleManager: Shutting down and abandoning module OpenGLDrv (17)
[2021.05.26-03.23.55:818][ 51]LogModuleManager: Shutting down and abandoning module AnimGraphRuntime (14)
[2021.05.26-03.23.55:818][ 51]LogModuleManager: Shutting down and abandoning module Renderer (12)
[2021.05.26-03.23.55:818][ 51]LogModuleManager: Shutting down and abandoning module Engine (10)
[2021.05.26-03.23.55:819][ 51]LogModuleManager: Shutting down and abandoning module CoreUObject (8)
[2021.05.26-03.23.55:819][ 51]LogModuleManager: Shutting down and abandoning module SandboxFile (6)
[2021.05.26-03.23.55:820][ 51]LogModuleManager: Shutting down and abandoning module PakFile (4)
[2021.05.26-03.23.55:827][ 51]LogModuleManager: Shutting down and abandoning module RSA (3)
[2021.05.26-03.23.55:828][ 51]LogExit: Exiting.
[2021.05.26-03.23.55:837][ 51]Log file closed, 05/25/21 23:23:55
