Log file open, 05/25/21 23:28:57
LogPakFile: Display: Found Pak file ../../../Insurgency/Content/Paks/pakchunk21-WindowsServer_0_P.pak attempting to mount.
LogPakFile: Display: Mounting pak file ../../../Insurgency/Content/Paks/pakchunk21-WindowsServer_0_P.pak.
LogPakFile: Display: Found Pak file ../../../Insurgency/Content/Paks/pakchunk21-WindowsServer.pak attempting to mount.
LogPakFile: Display: Mounting pak file ../../../Insurgency/Content/Paks/pakchunk21-WindowsServer.pak.
LogPakFile: Display: Found Pak file ../../../Insurgency/Content/Paks/pakchunk20-WindowsServer_0_P.pak attempting to mount.
LogPakFile: Display: Mounting pak file ../../../Insurgency/Content/Paks/pakchunk20-WindowsServer_0_P.pak.
LogPakFile: Display: Found Pak file ../../../Insurgency/Content/Paks/pakchunk20-WindowsServer.pak attempting to mount.
LogPakFile: Display: Mounting pak file ../../../Insurgency/Content/Paks/pakchunk20-WindowsServer.pak.
LogPakFile: Display: Found Pak file ../../../Insurgency/Content/Paks/pakchunk19-WindowsServer_0_P.pak attempting to mount.
LogPakFile: Display: Mounting pak file ../../../Insurgency/Content/Paks/pakchunk19-WindowsServer_0_P.pak.
LogPakFile: Display: Found Pak file ../../../Insurgency/Content/Paks/pakchunk19-WindowsServer.pak attempting to mount.
LogPakFile: Display: Mounting pak file ../../../Insurgency/Content/Paks/pakchunk19-WindowsServer.pak.
LogPakFile: Display: Found Pak file ../../../Insurgency/Content/Paks/pakchunk18-WindowsServer_0_P.pak attempting to mount.
LogPakFile: Display: Mounting pak file ../../../Insurgency/Content/Paks/pakchunk18-WindowsServer_0_P.pak.
LogPakFile: Display: Found Pak file ../../../Insurgency/Content/Paks/pakchunk18-WindowsServer.pak attempting to mount.
LogPakFile: Display: Mounting pak file ../../../Insurgency/Content/Paks/pakchunk18-WindowsServer.pak.
LogPakFile: Display: Found Pak file ../../../Insurgency/Content/Paks/pakchunk17-WindowsServer_0_P.pak attempting to mount.
LogPakFile: Display: Mounting pak file ../../../Insurgency/Content/Paks/pakchunk17-WindowsServer_0_P.pak.
LogPakFile: Display: Found Pak file ../../../Insurgency/Content/Paks/pakchunk17-WindowsServer.pak attempting to mount.
LogPakFile: Display: Mounting pak file ../../../Insurgency/Content/Paks/pakchunk17-WindowsServer.pak.
LogPakFile: Display: Found Pak file ../../../Insurgency/Content/Paks/pakchunk16-WindowsServer_0_P.pak attempting to mount.
LogPakFile: Display: Mounting pak file ../../../Insurgency/Content/Paks/pakchunk16-WindowsServer_0_P.pak.
LogPakFile: Display: Found Pak file ../../../Insurgency/Content/Paks/pakchunk16-WindowsServer.pak attempting to mount.
LogPakFile: Display: Mounting pak file ../../../Insurgency/Content/Paks/pakchunk16-WindowsServer.pak.
LogPakFile: Display: Found Pak file ../../../Insurgency/Content/Paks/pakchunk15-WindowsServer_0_P.pak attempting to mount.
LogPakFile: Display: Mounting pak file ../../../Insurgency/Content/Paks/pakchunk15-WindowsServer_0_P.pak.
LogPakFile: Display: Found Pak file ../../../Insurgency/Content/Paks/pakchunk15-WindowsServer.pak attempting to mount.
LogPakFile: Display: Mounting pak file ../../../Insurgency/Content/Paks/pakchunk15-WindowsServer.pak.
LogPakFile: Display: Found Pak file ../../../Insurgency/Content/Paks/pakchunk14-WindowsServer_0_P.pak attempting to mount.
LogPakFile: Display: Mounting pak file ../../../Insurgency/Content/Paks/pakchunk14-WindowsServer_0_P.pak.
LogPakFile: Display: Found Pak file ../../../Insurgency/Content/Paks/pakchunk14-WindowsServer.pak attempting to mount.
LogPakFile: Display: Mounting pak file ../../../Insurgency/Content/Paks/pakchunk14-WindowsServer.pak.
LogPakFile: Display: Found Pak file ../../../Insurgency/Content/Paks/pakchunk13-WindowsServer_0_P.pak attempting to mount.
LogPakFile: Display: Mounting pak file ../../../Insurgency/Content/Paks/pakchunk13-WindowsServer_0_P.pak.
LogPakFile: Display: Found Pak file ../../../Insurgency/Content/Paks/pakchunk13-WindowsServer.pak attempting to mount.
LogPakFile: Display: Mounting pak file ../../../Insurgency/Content/Paks/pakchunk13-WindowsServer.pak.
LogPakFile: Display: Found Pak file ../../../Insurgency/Content/Paks/pakchunk12-WindowsServer_0_P.pak attempting to mount.
LogPakFile: Display: Mounting pak file ../../../Insurgency/Content/Paks/pakchunk12-WindowsServer_0_P.pak.
LogPakFile: Display: Found Pak file ../../../Insurgency/Content/Paks/pakchunk12-WindowsServer.pak attempting to mount.
LogPakFile: Display: Mounting pak file ../../../Insurgency/Content/Paks/pakchunk12-WindowsServer.pak.
LogPakFile: Display: Found Pak file ../../../Insurgency/Content/Paks/pakchunk11-WindowsServer_0_P.pak attempting to mount.
LogPakFile: Display: Mounting pak file ../../../Insurgency/Content/Paks/pakchunk11-WindowsServer_0_P.pak.
LogPakFile: Display: Found Pak file ../../../Insurgency/Content/Paks/pakchunk11-WindowsServer.pak attempting to mount.
LogPakFile: Display: Mounting pak file ../../../Insurgency/Content/Paks/pakchunk11-WindowsServer.pak.
LogPakFile: Display: Found Pak file ../../../Insurgency/Content/Paks/pakchunk10-WindowsServer_0_P.pak attempting to mount.
LogPakFile: Display: Mounting pak file ../../../Insurgency/Content/Paks/pakchunk10-WindowsServer_0_P.pak.
LogPakFile: Display: Found Pak file ../../../Insurgency/Content/Paks/pakchunk10-WindowsServer.pak attempting to mount.
LogPakFile: Display: Mounting pak file ../../../Insurgency/Content/Paks/pakchunk10-WindowsServer.pak.
LogPakFile: Display: Found Pak file ../../../Insurgency/Content/Paks/pakchunk0-WindowsServer_0_P.pak attempting to mount.
LogPakFile: Display: Mounting pak file ../../../Insurgency/Content/Paks/pakchunk0-WindowsServer_0_P.pak.
LogPakFile: Display: Found Pak file ../../../Insurgency/Content/Paks/pakchunk0-WindowsServer.pak attempting to mount.
LogPakFile: Display: Mounting pak file ../../../Insurgency/Content/Paks/pakchunk0-WindowsServer.pak.
LogPlatformFile: Not using cached read wrapper
LogTaskGraph: Started task graph with 4 named threads and 8 total threads with 1 sets of task threads.
LogModuleManager: Warning: ModuleManager: Module 'D3D11RHI' not found - its StaticallyLinkedModuleInitializers function is null.
LogICUInternationalization: ICU TimeZone Detection - Raw Offset: -5:00, Platform Override: ''
LogPluginManager: Mounting plugin Wwise
LogPluginManager: Mounting plugin MatineeToLevelSequence
LogPluginManager: Mounting plugin TemplateSequence
LogPluginManager: Mounting plugin LevelSequenceEditor
LogPluginManager: Mounting plugin OnlineSubsystemSteamNWI
LogPluginManager: Mounting plugin OnlineSubsystem
LogPluginManager: Mounting plugin OnlineSubsystemUtils
LogPluginManager: Mounting plugin SteamShared
LogPluginManager: Mounting plugin Ansel
LogPluginManager: Mounting plugin NVIDIAGfeSDK
LogPluginManager: Mounting plugin OnlineFramework
LogPluginManager: Mounting plugin MediaPlayerEditor
LogPluginManager: Mounting plugin WmfMedia
LogPluginManager: Mounting plugin OnlineSubsystemNWI
LogPluginManager: Mounting plugin SignificanceManager
LogPluginManager: Mounting plugin Niagara
LogPluginManager: Mounting plugin ReplicationGraph
LogPluginManager: Mounting plugin EditorScriptingUtilities
LogPluginManager: Mounting plugin Gauntlet
LogPluginManager: Mounting plugin BlueprintStats
LogPluginManager: Mounting plugin InsurgencyEditor
LogPluginManager: Mounting plugin PluginBrowser
LogPluginManager: Mounting plugin ModKit
LogPluginManager: Mounting plugin HttpExtensions
LogPluginManager: Mounting plugin ZipUtilities
LogPluginManager: Mounting plugin AnimationBudgetAllocator
LogPluginManager: Mounting plugin InsurgencyUnitTests
LogPluginManager: Mounting plugin DataValidation
LogPluginManager: Mounting plugin RenderDocPlugin
LogPluginManager: Mounting plugin TraceDataFilters
LogPluginManager: Mounting plugin TraceSourceFilters
LogPluginManager: Mounting plugin GameplayInsights
LogPluginManager: Mounting plugin TcpMessaging
LogPluginManager: Mounting plugin StatsCollector
LogPluginManager: Mounting plugin OnlineSubsystemEOS
LogPluginManager: Mounting plugin VivoxCore
LogPluginManager: Mounting plugin MfMedia
LogPluginManager: Mounting plugin PythonScriptPlugin
LogPluginManager: Mounting plugin ControlRig
LogPluginManager: Mounting plugin NativizedAssets
LogPluginManager: Mounting plugin PhysXVehicles
LogPluginManager: Mounting plugin GameStats
LogPluginManager: Mounting plugin SlackFeedback
LogPluginManager: Mounting plugin InsurgencyGameplayDebugger
LogPluginManager: Mounting plugin ConsoleCertificationRequirements
LogPluginManager: Mounting plugin DiscordRpc
LogPluginManager: Mounting plugin EasyAntiCheat
LogPluginManager: Mounting plugin CryptoUtilities
LogPluginManager: Mounting plugin Holidays
LogPluginManager: Mounting plugin UMGExtensions
LogPluginManager: Mounting plugin RconSandstorm
LogPluginManager: Mounting plugin Rcon
LogPluginManager: Mounting plugin AISupport
LogPluginManager: Mounting plugin LightPropagationVolume
LogPluginManager: Mounting plugin AnimationSharing
LogPluginManager: Mounting plugin AssetManagerEditor
LogPluginManager: Mounting plugin FacialAnimation
LogPluginManager: Mounting plugin GeometryMode
LogPluginManager: Mounting plugin VariantManagerContent
LogPluginManager: Mounting plugin AutomationUtils
LogPluginManager: Mounting plugin ScreenshotTools
LogPluginManager: Mounting plugin ChaosClothEditor
LogPluginManager: Mounting plugin ChaosCloth
LogPluginManager: Mounting plugin ChaosEditor
LogPluginManager: Mounting plugin PlanarCut
LogPluginManager: Mounting plugin GeometryProcessing
LogPluginManager: Mounting plugin EditableMesh
LogPluginManager: Mounting plugin GeometryCollectionPlugin
LogPluginManager: Mounting plugin ProceduralMeshComponent
LogPluginManager: Mounting plugin ChaosSolverPlugin
LogPluginManager: Mounting plugin ChaosNiagara
LogPluginManager: Mounting plugin CharacterAI
LogPluginManager: Mounting plugin PlatformCrypto
LogPluginManager: Mounting plugin MagicLeapPassableWorld
LogPluginManager: Mounting plugin MeshPainting
LogPluginManager: Mounting plugin UdpMessaging
LogPluginManager: Mounting plugin ActorSequence
LogPluginManager: Mounting plugin MovieRenderPipeline
LogPluginManager: Mounting plugin NetcodeUnitTest
LogPluginManager: Mounting plugin OnlineSubsystemNull
LogPluginManager: Mounting plugin AssetTags
LogPluginManager: Mounting plugin GooglePAD
LogPluginManager: Mounting plugin RuntimePhysXCooking
LogPluginManager: Mounting plugin SoundFields
LogPluginManager: Mounting plugin Synthesis
LogPluginManager: Mounting plugin WindowsMoviePlayer
LogPluginManager: Mounting plugin ExampleContent
LogPluginManager: Mounting plugin NWI_Infected
LogInit: Using libcurl 7.55.1-DEV
LogInit:  - built for x86_64-pc-win32
LogInit:  - supports SSL with OpenSSL/1.1.1
LogInit:  - supports HTTP deflate (compression) using libz 1.2.8
LogInit:  - other features:
LogInit:      CURL_VERSION_SSL
LogInit:      CURL_VERSION_LIBZ
LogInit:      CURL_VERSION_IPV6
LogInit:      CURL_VERSION_ASYNCHDNS
LogInit:      CURL_VERSION_LARGEFILE
LogInit:      CURL_VERSION_IDN
LogInit:  CurlRequestOptions (configurable via config and command line):
LogInit:  - bVerifyPeer = true  - Libcurl will verify peer certificate
LogInit:  - bUseHttpProxy = false  - Libcurl will NOT use HTTP proxy
LogInit:  - bDontReuseConnections = false  - Libcurl will reuse connections
LogInit:  - MaxHostConnections = 16  - Libcurl will limit the number of connections to a host
LogInit:  - LocalHostAddr = Default
LogInit:  - BufferSize = 65536
LogSteamShared: Display: Loading Steam SDK 1.47
LogSteamShared: Steam SDK Loaded!
LogOnline: OSS: Creating online subsystem instance for: SteamNWI
LogOnline: Display: STEAM (NWI): Steam: Starting SteamWorks. Client [0] Server [1]
LogOnline: STEAM (NWI): [AppId: 581320] Game Server API initialized 1
LogOnline: STEAM (NWI): Missing P2PCleanupTimeout key in OnlineSubsystemSteam of DefaultEngine.ini, using default
LogInit: WinSock: version 1.1 (2.2), MaxSocks=32767, MaxUdp=65467
LogOnline: STEAM (NWI): AUTH: Steam Auth Enabled
LogOnline: STEAM (NWI): Initializing voice subsystem.
LogOnline: OSS: TryLoadSubsystemAndSetDefault: Loaded subsystem for module [SteamNWI]
LogAnsel: Tried to load ../../../Engine/Plugins/Runtime/Nvidia/Ansel/Binaries/ThirdParty/AnselSDK64.dll : success=1
LogTemp: Using NVIDIAGfeSDKPlugin version 1.0.0
LogOnline: Error: OSS: FOnlineSubsystemEOS::DeferredInit() failed to find artifact settings object for artifact ()
LogInit: Build: ++sandstorm+release-1.10.0-CL-152892
LogInit: Engine Version: 4.25.4-152892+++sandstorm+release-1.10.0
LogInit: Compatible Engine Version: 4.25.4-152892+++sandstorm+release-1.10.0
LogInit: Net CL: 152892
LogInit: OS: Windows 10 (Release 2004) (), CPU: Intel(R) Core(TM) i7-8550U CPU @ 1.80GHz, GPU: Intel(R) UHD Graphics 620
LogInit: Compiled (64-bit): May 20 2021 00:59:20
LogInit: Compiled with Visual C++: 19.27.29112.00
LogInit: Build Configuration: Shipping
LogInit: Branch Name: ++sandstorm+release-1.10.0
LogInit: Command Line:  Scenario=Scenario_PowerPlant_Checkpoint_Security,Mode=CheckpointHardcore?MaxPlayers=2 -Port=27102 -QueryPort=27131 -log -hostname=GrumTest -motd
LogInit: Base Directory: C:/Users/Matt/Downloads/steamcmd/steamapps/common/sandstorm_server/Insurgency/Binaries/Win64/
LogInit: Allocator: binned2
LogInit: Installed Engine Build: 0
LogInit: Presizing for max 2097152 objects, including 130000 objects not considered by GC, pre-allocating 32000000 bytes for permanent pool.
LogConfig: Applying CVar settings from Section [/Script/Engine.StreamingSettings] File [../../../Insurgency/Saved/Config/WindowsServer/Engine.ini]
LogConfig: Setting CVar [[s.MinBulkDataSizeForAsyncLoading:131072]]
LogConfig: Setting CVar [[s.AsyncLoadingThreadEnabled:1]]
LogConfig: Setting CVar [[s.EventDrivenLoaderEnabled:1]]
LogConfig: Setting CVar [[s.WarnIfTimeLimitExceeded:0]]
LogConfig: Setting CVar [[s.TimeLimitExceededMultiplier:1.5]]
LogConfig: Setting CVar [[s.TimeLimitExceededMinTime:0.005]]
LogConfig: Setting CVar [[s.UseBackgroundLevelStreaming:1]]
LogConfig: Setting CVar [[s.PriorityAsyncLoadingExtraTime:15.0]]
LogConfig: Setting CVar [[s.LevelStreamingActorsUpdateTimeLimit:5.0]]
LogConfig: Setting CVar [[s.PriorityLevelStreamingActorsUpdateExtraTime:5.0]]
LogConfig: Setting CVar [[s.LevelStreamingComponentsRegistrationGranularity:10]]
LogConfig: Setting CVar [[s.UnregisterComponentsTimeLimit:1.0]]
LogConfig: Setting CVar [[s.LevelStreamingComponentsUnregistrationGranularity:5]]
LogConfig: Setting CVar [[s.FlushStreamingOnExit:1]]
LogStreaming: Display: Async Loading initialized: Event Driven Loader: true, Async Loading Thread: false, Async Post Load: false
LogInit: Object subsystem initialized
LogConfig: Setting CVar [[net.PingExcludeFrameTime:1]]
LogConfig: Setting CVar [[net.UseAdaptiveNetUpdateFrequency:0]]
LogConfig: Setting CVar [[demo.RecordHz:20]]
LogConfig: Setting CVar [[r.HZBOcclusion:0]]
LogConfig: Setting CVar [[r.RenderTargetPoolMin:450]]
LogConfig: Setting CVar [[r.EyeAdaptation.BlackHistogramBucketInfluence:1]]
LogConfig: Setting CVar [[net.AllowAsyncLoading:1]]
LogConfig: Setting CVar [[net.AllowEncryption:1]]
LogConfig: Setting CVar [[t.FPSChart.ExcludeIdleTime:1]]
LogConfig: Setting CVar [[r.setres:1280x720]]
LogConfig: Setting CVar [[fx.NiagaraAllowRuntimeScalabilityChanges:1]]
[2021.05.26-03.28.58:431][  0]LogConfig: Setting CVar [[net.PingExcludeFrameTime:1]]
[2021.05.26-03.28.58:431][  0]LogConfig: Setting CVar [[net.UseAdaptiveNetUpdateFrequency:0]]
[2021.05.26-03.28.58:432][  0]LogConfig: Setting CVar [[demo.RecordHz:20]]
[2021.05.26-03.28.58:432][  0]LogConfig: Setting CVar [[r.HZBOcclusion:0]]
[2021.05.26-03.28.58:433][  0]LogConfig: Setting CVar [[r.RenderTargetPoolMin:450]]
[2021.05.26-03.28.58:433][  0]LogConfig: Setting CVar [[r.EyeAdaptation.BlackHistogramBucketInfluence:1]]
[2021.05.26-03.28.58:434][  0]LogConfig: Setting CVar [[net.AllowAsyncLoading:1]]
[2021.05.26-03.28.58:440][  0]LogConfig: Setting CVar [[net.AllowEncryption:1]]
[2021.05.26-03.28.58:442][  0]LogConfig: Setting CVar [[t.FPSChart.ExcludeIdleTime:1]]
[2021.05.26-03.28.58:443][  0]LogConfig: Setting CVar [[r.setres:1280x720]]
[2021.05.26-03.28.58:444][  0]LogConfig: Setting CVar [[fx.NiagaraAllowRuntimeScalabilityChanges:1]]
[2021.05.26-03.28.58:445][  0]LogConfig: Applying CVar settings from Section [/Script/Engine.RendererSettings] File [../../../Insurgency/Saved/Config/WindowsServer/Engine.ini]
[2021.05.26-03.28.58:445][  0]LogConfig: Setting CVar [[r.GPUCrashDebugging:0]]
[2021.05.26-03.28.58:446][  0]LogConfig: Setting CVar [[r.MobileHDR:0]]
[2021.05.26-03.28.58:446][  0]LogConfig: Setting CVar [[r.MobileNumDynamicPointLights:4]]
[2021.05.26-03.28.58:447][  0]LogConfig: Setting CVar [[r.MobileDynamicPointLightsUseStaticBranch:1]]
[2021.05.26-03.28.58:447][  0]LogConfig: Setting CVar [[r.AllowOcclusionQueries:1]]
[2021.05.26-03.28.58:447][  0]LogConfig: Setting CVar [[r.MinScreenRadiusForLights:0.030000]]
[2021.05.26-03.28.58:448][  0]LogConfig: Setting CVar [[r.MinScreenRadiusForDepthPrepass:0.030000]]
[2021.05.26-03.28.58:448][  0]LogConfig: Setting CVar [[r.PrecomputedVisibilityWarning:0]]
[2021.05.26-03.28.58:449][  0]LogConfig: Setting CVar [[r.TextureStreaming:1]]
[2021.05.26-03.28.58:449][  0]LogConfig: Setting CVar [[Compat.UseDXT5NormalMaps:0]]
[2021.05.26-03.28.58:449][  0]LogConfig: Setting CVar [[r.AllowStaticLighting:1]]
[2021.05.26-03.28.58:450][  0]LogConfig: Setting CVar [[r.NormalMapsForStaticLighting:0]]
[2021.05.26-03.28.58:454][  0]LogConfig: Setting CVar [[r.GenerateMeshDistanceFields:0]]
[2021.05.26-03.28.58:455][  0]LogConfig: Setting CVar [[r.GenerateLandscapeGIData:1]]
[2021.05.26-03.28.58:456][  0]LogConfig: Setting CVar [[r.SeparateTranslucency:1]]
[2021.05.26-03.28.58:457][  0]LogConfig: Setting CVar [[r.TranslucentSortPolicy:0]]
[2021.05.26-03.28.58:458][  0]LogConfig: Setting CVar [[r.CustomDepth:3]]
[2021.05.26-03.28.58:459][  0]LogConfig: Setting CVar [[r.DefaultFeature.Bloom:1]]
[2021.05.26-03.28.58:460][  0]LogConfig: Setting CVar [[r.DefaultFeature.AmbientOcclusion:1]]
[2021.05.26-03.28.58:460][  0]LogConfig: Setting CVar [[r.DefaultFeature.AmbientOcclusionStaticFraction:1]]
[2021.05.26-03.28.58:461][  0]LogConfig: Setting CVar [[r.DefaultFeature.AutoExposure:1]]
[2021.05.26-03.28.58:462][  0]LogConfig: Setting CVar [[r.DefaultFeature.MotionBlur:0]]
[2021.05.26-03.28.58:463][  0]LogConfig: Setting CVar [[r.DefaultFeature.LensFlare:0]]
[2021.05.26-03.28.58:463][  0]LogConfig: Setting CVar [[r.DefaultFeature.AntiAliasing:2]]
[2021.05.26-03.28.58:463][  0]LogConfig: Setting CVar [[r.EarlyZPass:2]]
[2021.05.26-03.28.58:464][  0]LogConfig: Setting CVar [[r.DBuffer:1]]
[2021.05.26-03.28.58:464][  0]LogConfig: Setting CVar [[r.ClearSceneMethod:1]]
[2021.05.26-03.28.58:464][  0]LogConfig: Setting CVar [[r.BasePassOutputsVelocity:1]]
[2021.05.26-03.28.58:465][  0]LogConfig: Setting CVar [[r.WireframeCullThreshold:5.000000]]
[2021.05.26-03.28.58:465][  0]LogConfig: Setting CVar [[r.SupportLowQualityLightmaps:0]]
[2021.05.26-03.28.58:465][  0]LogConfig: Setting CVar [[r.Shadow.UnbuiltPreviewInGame:0]]
[2021.05.26-03.28.58:465][  0]LogConfig: Setting CVar [[r.EarlyZPassOnlyMaterialMasking:1]]
[2021.05.26-03.28.58:466][  0]LogConfig: Setting CVar [[r.DefaultFeature.LightUnits:0]]
[2021.05.26-03.28.58:469][  0]LogConfig: Setting CVar [[r.DefaultFeature.AutoExposure.Bias:0.000000]]
[2021.05.26-03.28.58:469][  0]LogConfig: Setting CVar [[r.DefaultFeature.AutoExposure.ExtendDefaultLuminanceRange:0]]
[2021.05.26-03.28.58:469][  0]LogConfig: Applying CVar settings from Section [/Script/Engine.RendererOverrideSettings] File [../../../Insurgency/Saved/Config/WindowsServer/Engine.ini]
[2021.05.26-03.28.58:470][  0]LogConfig: Applying CVar settings from Section [/Script/Engine.StreamingSettings] File [../../../Insurgency/Saved/Config/WindowsServer/Engine.ini]
[2021.05.26-03.28.58:471][  0]LogConfig: Setting CVar [[s.MinBulkDataSizeForAsyncLoading:131072]]
[2021.05.26-03.28.58:472][  0]LogConfig: Setting CVar [[s.AsyncLoadingThreadEnabled:1]]
[2021.05.26-03.28.58:473][  0]LogConfig: Setting CVar [[s.EventDrivenLoaderEnabled:1]]
[2021.05.26-03.28.58:474][  0]LogConfig: Setting CVar [[s.WarnIfTimeLimitExceeded:0]]
[2021.05.26-03.28.58:475][  0]LogConfig: Setting CVar [[s.TimeLimitExceededMultiplier:1.5]]
[2021.05.26-03.28.58:476][  0]LogConfig: Setting CVar [[s.TimeLimitExceededMinTime:0.005]]
[2021.05.26-03.28.58:476][  0]LogConfig: Setting CVar [[s.UseBackgroundLevelStreaming:1]]
[2021.05.26-03.28.58:477][  0]LogConfig: Setting CVar [[s.PriorityAsyncLoadingExtraTime:15.0]]
[2021.05.26-03.28.58:477][  0]LogConfig: Setting CVar [[s.LevelStreamingActorsUpdateTimeLimit:5.0]]
[2021.05.26-03.28.58:478][  0]LogConfig: Setting CVar [[s.PriorityLevelStreamingActorsUpdateExtraTime:5.0]]
[2021.05.26-03.28.58:480][  0]LogConfig: Setting CVar [[s.LevelStreamingComponentsRegistrationGranularity:10]]
[2021.05.26-03.28.58:480][  0]LogConfig: Setting CVar [[s.UnregisterComponentsTimeLimit:1.0]]
[2021.05.26-03.28.58:481][  0]LogConfig: Setting CVar [[s.LevelStreamingComponentsUnregistrationGranularity:5]]
[2021.05.26-03.28.58:482][  0]LogConfig: Setting CVar [[s.FlushStreamingOnExit:1]]
[2021.05.26-03.28.58:487][  0]LogConfig: Applying CVar settings from Section [/Script/Engine.GarbageCollectionSettings] File [../../../Insurgency/Saved/Config/WindowsServer/Engine.ini]
[2021.05.26-03.28.58:489][  0]LogConfig: Setting CVar [[gc.MaxObjectsNotConsideredByGC:130000]]
[2021.05.26-03.28.58:490][  0]LogConfig: Setting CVar [[gc.SizeOfPermanentObjectPool:32000000]]
[2021.05.26-03.28.58:491][  0]LogConfig: Setting CVar [[gc.FlushStreamingOnGC:0]]
[2021.05.26-03.28.58:491][  0]LogConfig: Setting CVar [[gc.NumRetriesBeforeForcingGC:10]]
[2021.05.26-03.28.58:492][  0]LogConfig: Setting CVar [[gc.AllowParallelGC:1]]
[2021.05.26-03.28.58:493][  0]LogConfig: Setting CVar [[gc.TimeBetweenPurgingPendingKillObjects:61.1]]
[2021.05.26-03.28.58:493][  0]LogConfig: Setting CVar [[gc.MaxObjectsInEditor:25165824]]
[2021.05.26-03.28.58:493][  0]LogConfig: Setting CVar [[gc.IncrementalBeginDestroyEnabled:1]]
[2021.05.26-03.28.58:494][  0]LogConfig: Setting CVar [[gc.CreateGCClusters:1]]
[2021.05.26-03.28.58:494][  0]LogConfig: Setting CVar [[gc.MinGCClusterSize:5]]
[2021.05.26-03.28.58:494][  0]LogConfig: Setting CVar [[gc.ActorClusteringEnabled:1]]
[2021.05.26-03.28.58:495][  0]LogConfig: Setting CVar [[gc.BlueprintClusteringEnabled:1]]
[2021.05.26-03.28.58:495][  0]LogConfig: Setting CVar [[gc.UseDisregardForGCOnDedicatedServers:0]]
[2021.05.26-03.28.58:496][  0]LogConfig: Applying CVar settings from Section [/Script/Engine.NetworkSettings] File [../../../Insurgency/Saved/Config/WindowsServer/Engine.ini]
[2021.05.26-03.28.58:497][  0]LogConfig: Applying CVar settings from Section [ViewDistanceQuality@3] File [../../../Insurgency/Saved/Config/WindowsServer/Scalability.ini]
[2021.05.26-03.28.58:497][  0]LogConfig: Setting CVar [[r.SkeletalMeshLODBias:0]]
[2021.05.26-03.28.58:497][  0]LogConfig: Setting CVar [[r.ViewDistanceScale:1.0]]
[2021.05.26-03.28.58:498][  0]LogConfig: Setting CVar [[r.SkeletalMeshLODRadiusScale:1]]
[2021.05.26-03.28.58:502][  0]LogConfig: Setting CVar [[r.LandscapeLODBias:0]]
[2021.05.26-03.28.58:503][  0]LogConfig: Setting CVar [[r.ViewDistanceScale.FieldOfViewAffectsHLOD:1]]
[2021.05.26-03.28.58:503][  0]LogConfig: Setting CVar [[r.ViewDistanceScale.FieldOfViewMinAngleScale:5]]
[2021.05.26-03.28.58:504][  0]LogConfig: Setting CVar [[r.ViewDistanceScale.FieldOfViewMinAngle:15]]
[2021.05.26-03.28.58:505][  0]LogConfig: Setting CVar [[r.ViewDistanceScale.FieldOfViewMaxAngleScale:1]]
[2021.05.26-03.28.58:507][  0]LogConfig: Setting CVar [[r.ViewDistanceScale.FieldOfViewMaxAngle:65]]
[2021.05.26-03.28.58:508][  0]LogConfig: Applying CVar settings from Section [AntiAliasingQuality@5] File [../../../Insurgency/Saved/Config/WindowsServer/Scalability.ini]
[2021.05.26-03.28.58:509][  0]LogConfig: Setting CVar [[r.PostProcessAAQuality:5]]
[2021.05.26-03.28.58:509][  0]LogConfig: Setting CVar [[r.SMAA.Temporal:0]]
[2021.05.26-03.28.58:510][  0]LogConfig: Applying CVar settings from Section [ShadowQuality@3] File [../../../Insurgency/Saved/Config/WindowsServer/Scalability.ini]
[2021.05.26-03.28.58:510][  0]LogConfig: Setting CVar [[r.LightFunctionQuality:1]]
[2021.05.26-03.28.58:511][  0]LogConfig: Setting CVar [[r.ShadowQuality:5]]
[2021.05.26-03.28.58:511][  0]LogConfig: Setting CVar [[r.Shadow.CSM.MaxCascades:2]]
[2021.05.26-03.28.58:511][  0]LogConfig: Setting CVar [[r.Shadow.MaxResolution:2048]]
[2021.05.26-03.28.58:513][  0]LogConfig: Setting CVar [[r.Shadow.MaxCSMResolution:2048]]
[2021.05.26-03.28.58:513][  0]LogConfig: Setting CVar [[r.Shadow.RadiusThreshold:0.01]]
[2021.05.26-03.28.58:514][  0]LogConfig: Setting CVar [[r.Shadow.DistanceScale:1.0]]
[2021.05.26-03.28.58:516][  0]LogConfig: Setting CVar [[r.Shadow.CSM.TransitionScale:1.0]]
[2021.05.26-03.28.58:517][  0]LogConfig: Setting CVar [[r.Shadow.PreShadowResolutionFactor:1.0]]
[2021.05.26-03.28.58:517][  0]LogConfig: Setting CVar [[r.DistanceFieldShadowing:0]]
[2021.05.26-03.28.58:518][  0]LogConfig: Setting CVar [[r.DistanceFieldAO:0]]
[2021.05.26-03.28.58:518][  0]LogConfig: Setting CVar [[r.AOQuality:2]]
[2021.05.26-03.28.58:519][  0]LogConfig: Setting CVar [[r.VolumetricFog:1]]
[2021.05.26-03.28.58:519][  0]LogConfig: Setting CVar [[r.VolumetricFog.GridPixelSize:8]]
[2021.05.26-03.28.58:520][  0]LogConfig: Setting CVar [[r.VolumetricFog.GridSizeZ:128]]
[2021.05.26-03.28.58:520][  0]LogConfig: Setting CVar [[r.VolumetricFog.HistoryMissSupersampleCount:4]]
[2021.05.26-03.28.58:522][  0]LogConfig: Setting CVar [[r.LightMaxDrawDistanceScale:1]]
[2021.05.26-03.28.58:524][  0]LogConfig: Setting CVar [[r.CapsuleShadows:1]]
[2021.05.26-03.28.58:525][  0]LogConfig: Setting CVar [[r.Shadow.ForceSingleSampleShadowingFromStationary:1]]
[2021.05.26-03.28.58:525][  0]LogConfig: Setting CVar [[r.CapsuleShadowsCharacter:1]]
[2021.05.26-03.28.58:527][  0]LogConfig: Setting CVar [[r.ContactShadows:1]]
[2021.05.26-03.28.58:527][  0]LogConfig: Applying CVar settings from Section [PostProcessQuality@3] File [../../../Insurgency/Saved/Config/WindowsServer/Scalability.ini]
[2021.05.26-03.28.58:527][  0]LogConfig: Setting CVar [[r.MotionBlurQuality:4]]
[2021.05.26-03.28.58:528][  0]LogConfig: Setting CVar [[r.AmbientOcclusionMipLevelFactor:0.4]]
[2021.05.26-03.28.58:528][  0]LogConfig: Setting CVar [[r.AmbientOcclusionMaxQuality:100]]
[2021.05.26-03.28.58:529][  0]LogConfig: Setting CVar [[r.AmbientOcclusionLevels:-1]]
[2021.05.26-03.28.58:529][  0]LogConfig: Setting CVar [[r.AmbientOcclusionRadiusScale:1.0]]
[2021.05.26-03.28.58:529][  0]LogConfig: Setting CVar [[r.DepthOfFieldQuality:2]]
[2021.05.26-03.28.58:529][  0]LogConfig: Setting CVar [[r.RenderTargetPoolMin:400]]
[2021.05.26-03.28.58:533][  0]LogConfig: Setting CVar [[r.LensFlareQuality:2]]
[2021.05.26-03.28.58:533][  0]LogConfig: Setting CVar [[r.SceneColorFringeQuality:1]]
[2021.05.26-03.28.58:533][  0]LogConfig: Setting CVar [[r.EyeAdaptationQuality:2]]
[2021.05.26-03.28.58:533][  0]LogConfig: Setting CVar [[r.BloomQuality:5]]
[2021.05.26-03.28.58:533][  0]LogConfig: Setting CVar [[r.FastBlurThreshold:100]]
[2021.05.26-03.28.58:534][  0]LogConfig: Setting CVar [[r.Upscale.Quality:3]]
[2021.05.26-03.28.58:534][  0]LogConfig: Setting CVar [[r.Tonemapper.GrainQuantization:1]]
[2021.05.26-03.28.58:534][  0]LogConfig: Setting CVar [[r.LightShaftQuality:1]]
[2021.05.26-03.28.58:534][  0]LogConfig: Setting CVar [[r.Filter.SizeScale:1]]
[2021.05.26-03.28.58:535][  0]LogConfig: Setting CVar [[r.Tonemapper.Quality:5]]
[2021.05.26-03.28.58:535][  0]LogConfig: Setting CVar [[r.DOF.Gather.AccumulatorQuality:1        ; higher gathering accumulator quality]]
[2021.05.26-03.28.58:536][  0]LogConfig: Setting CVar [[r.DOF.Gather.PostfilterMethod:1          ; Median3x3 postfilering method]]
[2021.05.26-03.28.58:536][  0]LogConfig: Setting CVar [[r.DOF.Gather.EnableBokehSettings:0       ; no bokeh simulation when gathering]]
[2021.05.26-03.28.58:537][  0]LogConfig: Setting CVar [[r.DOF.Gather.RingCount:4                 ; medium number of samples when gathering]]
[2021.05.26-03.28.58:539][  0]LogConfig: Setting CVar [[r.DOF.Scatter.ForegroundCompositing:1    ; additive foreground scattering]]
[2021.05.26-03.28.58:541][  0]LogConfig: Setting CVar [[r.DOF.Scatter.BackgroundCompositing:2    ; additive background scattering]]
[2021.05.26-03.28.58:542][  0]LogConfig: Setting CVar [[r.DOF.Scatter.EnableBokehSettings:1      ; bokeh simulation when scattering]]
[2021.05.26-03.28.58:542][  0]LogConfig: Setting CVar [[r.DOF.Scatter.MaxSpriteRatio:0.1         ; only a maximum of 10% of scattered bokeh]]
[2021.05.26-03.28.58:544][  0]LogConfig: Setting CVar [[r.DOF.Recombine.Quality:1                ; cheap slight out of focus]]
[2021.05.26-03.28.58:544][  0]LogConfig: Setting CVar [[r.DOF.Recombine.EnableBokehSettings:0    ; no bokeh simulation on slight out of focus]]
[2021.05.26-03.28.58:544][  0]LogConfig: Setting CVar [[r.DOF.TemporalAAQuality:1                ; more stable temporal accumulation]]
[2021.05.26-03.28.58:544][  0]LogConfig: Setting CVar [[r.DOF.Kernel.MaxForegroundRadius:0.025]]
[2021.05.26-03.28.58:544][  0]LogConfig: Setting CVar [[r.DOF.Kernel.MaxBackgroundRadius:0.025]]
[2021.05.26-03.28.58:545][  0]LogConfig: Applying CVar settings from Section [TextureQuality@3] File [../../../Insurgency/Saved/Config/WindowsServer/Scalability.ini]
[2021.05.26-03.28.58:549][  0]LogConfig: Setting CVar [[r.Streaming.MipBias:0]]
[2021.05.26-03.28.58:549][  0]LogConfig: Setting CVar [[r.Streaming.AmortizeCPUToGPUCopy:0]]
[2021.05.26-03.28.58:550][  0]LogConfig: Setting CVar [[r.Streaming.MaxNumTexturesToStreamPerFrame:0]]
[2021.05.26-03.28.58:550][  0]LogConfig: Setting CVar [[r.Streaming.Boost:1.0]]
[2021.05.26-03.28.58:551][  0]LogConfig: Setting CVar [[r.MaxAnisotropy:16]]
[2021.05.26-03.28.58:551][  0]LogConfig: Setting CVar [[r.VT.MaxAnisotropy:8]]
[2021.05.26-03.28.58:552][  0]LogConfig: Setting CVar [[r.Streaming.LimitPoolSizeToVRAM:1]]
[2021.05.26-03.28.58:552][  0]LogConfig: Setting CVar [[r.Streaming.PoolSize:1000]]
[2021.05.26-03.28.58:553][  0]LogConfig: Setting CVar [[r.Streaming.MaxEffectiveScreenSize:0]]
[2021.05.26-03.28.58:554][  0]LogConfig: Setting CVar [[r.SlavePlayerCamera:1]]
[2021.05.26-03.28.58:556][  0]LogConfig: Setting CVar [[r.SlavePlayerCameraSpectator:0]]
[2021.05.26-03.28.58:558][  0]LogConfig: Applying CVar settings from Section [EffectsQuality@3] File [../../../Insurgency/Saved/Config/WindowsServer/Scalability.ini]
[2021.05.26-03.28.58:559][  0]LogConfig: Setting CVar [[r.TranslucencyLightingVolumeDim:64]]
[2021.05.26-03.28.58:559][  0]LogConfig: Setting CVar [[r.RefractionQuality:2]]
[2021.05.26-03.28.58:563][  0]LogConfig: Setting CVar [[r.SSR.Quality:3]]
[2021.05.26-03.28.58:564][  0]LogConfig: Setting CVar [[r.SSR.HalfResSceneColor:0]]
[2021.05.26-03.28.58:564][  0]LogConfig: Setting CVar [[r.SceneColorFormat:4]]
[2021.05.26-03.28.58:565][  0]LogConfig: Setting CVar [[r.DetailMode:2]]
[2021.05.26-03.28.58:565][  0]LogConfig: Setting CVar [[r.TranslucencyVolumeBlur:1]]
[2021.05.26-03.28.58:565][  0]LogConfig: Setting CVar [[r.MaterialQualityLevel:1 ; High quality]]
[2021.05.26-03.28.58:566][  0]LogConfig: Setting CVar [[r.SSS.Scale:1]]
[2021.05.26-03.28.58:566][  0]LogConfig: Setting CVar [[r.SSS.SampleSet:2]]
[2021.05.26-03.28.58:566][  0]LogConfig: Setting CVar [[r.SSS.Quality:1]]
[2021.05.26-03.28.58:566][  0]LogConfig: Setting CVar [[r.SSS.HalfRes:0]]
[2021.05.26-03.28.58:567][  0]LogConfig: Setting CVar [[r.SSGI.Quality:3]]
[2021.05.26-03.28.58:567][  0]LogConfig: Setting CVar [[r.EmitterSpawnRateScale:1.0]]
[2021.05.26-03.28.58:567][  0]LogConfig: Setting CVar [[r.ParticleLightQuality:2]]
[2021.05.26-03.28.58:567][  0]LogConfig: Setting CVar [[r.SkyAtmosphere.AerialPerspectiveLUT.FastApplyOnOpaque:1 ; Always have FastSkyLUT 1 in this case to avoid wrong sky]]
[2021.05.26-03.28.58:568][  0]LogConfig: Setting CVar [[r.SkyAtmosphere.AerialPerspectiveLUT.SampleCountPerSlice:1]]
[2021.05.26-03.28.58:568][  0]LogConfig: Setting CVar [[r.SkyAtmosphere.AerialPerspectiveLUT.DepthResolution:16.0]]
[2021.05.26-03.28.58:569][  0]LogConfig: Setting CVar [[r.SkyAtmosphere.FastSkyLUT:1]]
[2021.05.26-03.28.58:569][  0]LogConfig: Setting CVar [[r.SkyAtmosphere.FastSkyLUT.SampleCountMin:4.0]]
[2021.05.26-03.28.58:569][  0]LogConfig: Setting CVar [[r.SkyAtmosphere.FastSkyLUT.SampleCountMax:32.0]]
[2021.05.26-03.28.58:571][  0]LogConfig: Setting CVar [[r.SkyAtmosphere.SampleCountMin:4.0]]
[2021.05.26-03.28.58:572][  0]LogConfig: Setting CVar [[r.SkyAtmosphere.SampleCountMax:32.0]]
[2021.05.26-03.28.58:574][  0]LogConfig: Setting CVar [[r.SkyAtmosphere.TransmittanceLUT.UseSmallFormat:0]]
[2021.05.26-03.28.58:574][  0]LogConfig: Setting CVar [[r.SkyAtmosphere.TransmittanceLUT.SampleCount:10.0]]
[2021.05.26-03.28.58:576][  0]LogConfig: Setting CVar [[r.SkyAtmosphere.MultiScatteringLUT.SampleCount:15.0]]
[2021.05.26-03.28.58:579][  0]LogConfig: Setting CVar [[fx.Niagara.QualityLevel:3]]
[2021.05.26-03.28.58:579][  0]LogConfig: Setting CVar [[r.RenderTargetViewportSize:1.0]]
[2021.05.26-03.28.58:580][  0]LogConfig: Setting CVar [[r.TessellationAdaptivePixelsPerTriangle:9999999]]
[2021.05.26-03.28.58:580][  0]LogConfig: Setting CVar [[r.SurfReac.Particles.PoolSize:80]]
[2021.05.26-03.28.58:581][  0]LogConfig: Setting CVar [[r.ScopeRenderMode:0]]
[2021.05.26-03.28.58:581][  0]LogConfig: Setting CVar [[r.SeparateTranslucencyScreenPercentage:100]]
[2021.05.26-03.28.58:581][  0]LogConfig: Setting CVar [[r.RagdollMaximum:8]]
[2021.05.26-03.28.58:582][  0]LogConfig: Setting CVar [[r.Dismemberment:1]]
[2021.05.26-03.28.58:582][  0]LogConfig: Applying CVar settings from Section [FoliageQuality@3] File [../../../Insurgency/Saved/Config/WindowsServer/Scalability.ini]
[2021.05.26-03.28.58:582][  0]LogConfig: Setting CVar [[foliage.DensityScale:1.0]]
[2021.05.26-03.28.58:583][  0]LogConfig: Setting CVar [[grass.DensityScale:1.0]]
[2021.05.26-03.28.58:583][  0]LogConfig: Setting CVar [[r.FoliageInteractionQuality:1]]
[2021.05.26-03.28.58:583][  0]LogConfig: Applying CVar settings from Section [ShadingQuality@3] File [../../../Insurgency/Saved/Config/WindowsServer/Scalability.ini]
[2021.05.26-03.28.58:584][  0]LogConfig: Setting CVar [[r.HairStrands.SkyLighting.SampleCount:16]]
[2021.05.26-03.28.58:584][  0]LogConfig: Setting CVar [[r.HairStrands.SkyLighting.JitterIntegration:0]]
[2021.05.26-03.28.58:585][  0]LogConfig: Setting CVar [[r.HairStrands.SkyAO.SampleCount:16]]
[2021.05.26-03.28.58:585][  0]LogConfig: Setting CVar [[r.HairStrands.DeepShadow.SuperSampling:0]]
[2021.05.26-03.28.58:586][  0]LogConfig: Setting CVar [[r.HairStrands.VisibilityPPLL:0]]
[2021.05.26-03.28.58:587][  0]LogConfig: Setting CVar [[r.HairStrands.RasterizationScale:0.5]]
[2021.05.26-03.28.58:588][  0]LogConfig: Setting CVar [[r.HairStrands.VelocityRasterizationScale:1]]
[2021.05.26-03.28.58:589][  0]LogModuleManager: Warning: ModuleManager: Module 'ExampleDeviceProfileSelector' not found - its StaticallyLinkedModuleInitializers function is null.
[2021.05.26-03.28.58:591][  0]LogInit: Applying CVar settings loaded from the selected device profile: [WindowsServer]
[2021.05.26-03.28.58:591][  0]LogHAL: Display: Platform has ~ 8 GB [8482799616 / 8589934592 / 8], which maps to Default [LargestMinGB=32, LargerMinGB=12, DefaultMinGB=8, SmallerMinGB=6, SmallestMinGB=0)
[2021.05.26-03.28.58:594][  0]LogInit: Going up to parent DeviceProfile [Windows]
[2021.05.26-03.28.58:598][  0]LogInit: Going up to parent DeviceProfile []
[2021.05.26-03.28.58:599][  0]LogConfig: Applying CVar settings from Section [ViewDistanceQuality@1] File [../../../Insurgency/Saved/Config/WindowsServer/Scalability.ini]
[2021.05.26-03.28.58:599][  0]LogConfig: Setting CVar [[r.SkeletalMeshLODBias:0]]
[2021.05.26-03.28.58:600][  0]LogConfig: Setting CVar [[r.ViewDistanceScale:1.0]]
[2021.05.26-03.28.58:600][  0]LogConfig: Setting CVar [[r.SkeletalMeshLODRadiusScale:0.75]]
[2021.05.26-03.28.58:601][  0]LogConfig: Setting CVar [[r.LandscapeLODBias:0]]
[2021.05.26-03.28.58:601][  0]LogConfig: Setting CVar [[r.ViewDistanceScale.FieldOfViewAffectsHLOD:0]]
[2021.05.26-03.28.58:602][  0]LogConfig: Applying CVar settings from Section [AntiAliasingQuality@1] File [../../../Insurgency/Saved/Config/WindowsServer/Scalability.ini]
[2021.05.26-03.28.58:603][  0]LogConfig: Setting CVar [[r.PostProcessAAQuality:1]]
[2021.05.26-03.28.58:603][  0]LogConfig: Setting CVar [[r.SMAA.Temporal:0]]
[2021.05.26-03.28.58:604][  0]LogConfig: Applying CVar settings from Section [ShadowQuality@1] File [../../../Insurgency/Saved/Config/WindowsServer/Scalability.ini]
[2021.05.26-03.28.58:605][  0]LogConfig: Setting CVar [[r.LightFunctionQuality:1]]
[2021.05.26-03.28.58:607][  0]LogConfig: Setting CVar [[r.ShadowQuality:3]]
[2021.05.26-03.28.58:608][  0]LogConfig: Setting CVar [[r.Shadow.CSM.MaxCascades:0]]
[2021.05.26-03.28.58:611][  0]LogConfig: Setting CVar [[r.Shadow.MaxResolution:512]]
[2021.05.26-03.28.58:611][  0]LogConfig: Setting CVar [[r.Shadow.MaxCSMResolution:512]]
[2021.05.26-03.28.58:612][  0]LogConfig: Setting CVar [[r.Shadow.RadiusThreshold:0.05]]
[2021.05.26-03.28.58:613][  0]LogConfig: Setting CVar [[r.Shadow.DistanceScale:0.7]]
[2021.05.26-03.28.58:613][  0]LogConfig: Setting CVar [[r.Shadow.CSM.TransitionScale:0.25]]
[2021.05.26-03.28.58:614][  0]LogConfig: Setting CVar [[r.Shadow.PreShadowResolutionFactor:0.5]]
[2021.05.26-03.28.58:614][  0]LogConfig: Setting CVar [[r.DistanceFieldShadowing:0]]
[2021.05.26-03.28.58:614][  0]LogConfig: Setting CVar [[r.DistanceFieldAO:0]]
[2021.05.26-03.28.58:615][  0]LogConfig: Setting CVar [[r.VolumetricFog:0]]
[2021.05.26-03.28.58:615][  0]LogConfig: Setting CVar [[r.LightMaxDrawDistanceScale:.5]]
[2021.05.26-03.28.58:616][  0]LogConfig: Setting CVar [[r.CapsuleShadows:0]]
[2021.05.26-03.28.58:616][  0]LogConfig: Setting CVar [[r.Shadow.ForceSingleSampleShadowingFromStationary:0]]
[2021.05.26-03.28.58:617][  0]LogConfig: Setting CVar [[r.CapsuleShadowsCharacter:0]]
[2021.05.26-03.28.58:617][  0]LogConfig: Setting CVar [[r.ContactShadows:0]]
[2021.05.26-03.28.58:617][  0]LogConfig: Applying CVar settings from Section [PostProcessQuality@1] File [../../../Insurgency/Saved/Config/WindowsServer/Scalability.ini]
[2021.05.26-03.28.58:618][  0]LogConfig: Setting CVar [[r.MotionBlurQuality:3]]
[2021.05.26-03.28.58:618][  0]LogConfig: Setting CVar [[r.AmbientOcclusionMipLevelFactor:1.0]]
[2021.05.26-03.28.58:619][  0]LogConfig: Setting CVar [[r.AmbientOcclusionMaxQuality:60]]
[2021.05.26-03.28.58:619][  0]LogConfig: Setting CVar [[r.AmbientOcclusionLevels:-1]]
[2021.05.26-03.28.58:619][  0]LogConfig: Setting CVar [[r.AmbientOcclusionRadiusScale:1.5]]
[2021.05.26-03.28.58:620][  0]LogConfig: Setting CVar [[r.DepthOfFieldQuality:1]]
[2021.05.26-03.28.58:622][  0]LogConfig: Setting CVar [[r.RenderTargetPoolMin:350]]
[2021.05.26-03.28.58:623][  0]LogConfig: Setting CVar [[r.LensFlareQuality:0]]
[2021.05.26-03.28.58:624][  0]LogConfig: Setting CVar [[r.SceneColorFringeQuality:0]]
[2021.05.26-03.28.58:627][  0]LogConfig: Setting CVar [[r.EyeAdaptationQuality:2]]
[2021.05.26-03.28.58:627][  0]LogConfig: Setting CVar [[r.BloomQuality:4]]
[2021.05.26-03.28.58:628][  0]LogConfig: Setting CVar [[r.FastBlurThreshold:2]]
[2021.05.26-03.28.58:629][  0]LogConfig: Setting CVar [[r.Upscale.Quality:2]]
[2021.05.26-03.28.58:629][  0]LogConfig: Setting CVar [[r.Tonemapper.GrainQuantization:0]]
[2021.05.26-03.28.58:629][  0]LogConfig: Setting CVar [[r.LightShaftQuality:0]]
[2021.05.26-03.28.58:630][  0]LogConfig: Setting CVar [[r.Filter.SizeScale:0.7]]
[2021.05.26-03.28.58:630][  0]LogConfig: Setting CVar [[r.Tonemapper.Quality:2]]
[2021.05.26-03.28.58:631][  0]LogConfig: Setting CVar [[r.DOF.Gather.AccumulatorQuality:0        ; lower gathering accumulator quality]]
[2021.05.26-03.28.58:631][  0]LogConfig: Setting CVar [[r.DOF.Gather.PostfilterMethod:2          ; Max3x3 postfilering method]]
[2021.05.26-03.28.58:632][  0]LogConfig: Setting CVar [[r.DOF.Gather.EnableBokehSettings:0       ; no bokeh simulation when gathering]]
[2021.05.26-03.28.58:632][  0]LogConfig: Setting CVar [[r.DOF.Gather.RingCount:3                 ; low number of samples when gathering]]
[2021.05.26-03.28.58:633][  0]LogConfig: Setting CVar [[r.DOF.Scatter.ForegroundCompositing:0    ; no foreground scattering]]
[2021.05.26-03.28.58:633][  0]LogConfig: Setting CVar [[r.DOF.Scatter.BackgroundCompositing:0    ; no foreground scattering]]
[2021.05.26-03.28.58:634][  0]LogConfig: Setting CVar [[r.DOF.Recombine.Quality:0                ; no slight out of focus]]
[2021.05.26-03.28.58:634][  0]LogConfig: Setting CVar [[r.DOF.TemporalAAQuality:0                ; faster temporal accumulation]]
[2021.05.26-03.28.58:635][  0]LogConfig: Setting CVar [[r.DOF.Kernel.MaxForegroundRadius:0.006   ; required because low gathering and no scattering and not looking great at 1080p]]
[2021.05.26-03.28.58:635][  0]LogConfig: Setting CVar [[r.DOF.Kernel.MaxBackgroundRadius:0.006   ; required because low gathering and no scattering and not looking great at 1080p]]
[2021.05.26-03.28.58:636][  0]LogConfig: Applying CVar settings from Section [TextureQuality@1] File [../../../Insurgency/Saved/Config/WindowsServer/Scalability.ini]
[2021.05.26-03.28.58:637][  0]LogConfig: Setting CVar [[r.Streaming.MipBias:2]]
[2021.05.26-03.28.58:638][  0]LogConfig: Setting CVar [[r.Streaming.AmortizeCPUToGPUCopy:0]]
[2021.05.26-03.28.58:638][  0]LogConfig: Setting CVar [[r.Streaming.MaxNumTexturesToStreamPerFrame:0]]
[2021.05.26-03.28.58:639][  0]LogConfig: Setting CVar [[r.Streaming.Boost:1.0]]
[2021.05.26-03.28.58:641][  0]LogConfig: Setting CVar [[r.MaxAnisotropy:4]]
[2021.05.26-03.28.58:642][  0]LogConfig: Setting CVar [[r.VT.MaxAnisotropy:4]]
[2021.05.26-03.28.58:642][  0]LogConfig: Setting CVar [[r.Streaming.LimitPoolSizeToVRAM:1]]
[2021.05.26-03.28.58:643][  0]LogConfig: Setting CVar [[r.Streaming.PoolSize:1000]]
[2021.05.26-03.28.58:643][  0]LogConfig: Setting CVar [[r.Streaming.MaxEffectiveScreenSize:0]]
[2021.05.26-03.28.58:644][  0]LogConfig: Setting CVar [[r.SlavePlayerCamera:1]]
[2021.05.26-03.28.58:645][  0]LogConfig: Setting CVar [[r.SlavePlayerCameraSpectator:0]]
[2021.05.26-03.28.58:646][  0]LogConfig: Applying CVar settings from Section [EffectsQuality@1] File [../../../Insurgency/Saved/Config/WindowsServer/Scalability.ini]
[2021.05.26-03.28.58:646][  0]LogConfig: Setting CVar [[r.TranslucencyLightingVolumeDim:32]]
[2021.05.26-03.28.58:647][  0]LogConfig: Setting CVar [[r.RefractionQuality:0]]
[2021.05.26-03.28.58:647][  0]LogConfig: Setting CVar [[r.SSR.Quality:0]]
[2021.05.26-03.28.58:648][  0]LogConfig: Setting CVar [[r.SSR.HalfResSceneColor:1]]
[2021.05.26-03.28.58:648][  0]LogConfig: Setting CVar [[r.SceneColorFormat:3]]
[2021.05.26-03.28.58:649][  0]LogConfig: Setting CVar [[r.DetailMode:1]]
[2021.05.26-03.28.58:649][  0]LogConfig: Setting CVar [[r.TranslucencyVolumeBlur:0]]
[2021.05.26-03.28.58:650][  0]LogConfig: Setting CVar [[r.MaterialQualityLevel:2 ; Medium quality]]
[2021.05.26-03.28.58:650][  0]LogConfig: Setting CVar [[r.SSS.Scale:0.75]]
[2021.05.26-03.28.58:651][  0]LogConfig: Setting CVar [[r.SSS.SampleSet:0]]
[2021.05.26-03.28.58:651][  0]LogConfig: Setting CVar [[r.SSS.Quality:0]]
[2021.05.26-03.28.58:652][  0]LogConfig: Setting CVar [[r.SSS.HalfRes:1]]
[2021.05.26-03.28.58:654][  0]LogConfig: Setting CVar [[r.SSGI.Quality:1]]
[2021.05.26-03.28.58:655][  0]LogConfig: Setting CVar [[r.EmitterSpawnRateScale:0.6]]
[2021.05.26-03.28.58:658][  0]LogConfig: Setting CVar [[r.ParticleLightQuality:0]]
[2021.05.26-03.28.58:658][  0]LogConfig: Setting CVar [[r.SkyAtmosphere.AerialPerspectiveLUT.FastApplyOnOpaque:1 ; Always have FastSkyLUT 1 in this case to avoid wrong sky]]
[2021.05.26-03.28.58:659][  0]LogConfig: Setting CVar [[r.SkyAtmosphere.AerialPerspectiveLUT.SampleCountPerSlice:1]]
[2021.05.26-03.28.58:660][  0]LogConfig: Setting CVar [[r.SkyAtmosphere.AerialPerspectiveLUT.DepthResolution:16.0]]
[2021.05.26-03.28.58:660][  0]LogConfig: Setting CVar [[r.SkyAtmosphere.FastSkyLUT:1]]
[2021.05.26-03.28.58:661][  0]LogConfig: Setting CVar [[r.SkyAtmosphere.FastSkyLUT.SampleCountMin:4.0]]
[2021.05.26-03.28.58:661][  0]LogConfig: Setting CVar [[r.SkyAtmosphere.FastSkyLUT.SampleCountMax:32.0]]
[2021.05.26-03.28.58:662][  0]LogConfig: Setting CVar [[r.SkyAtmosphere.SampleCountMin:4.0]]
[2021.05.26-03.28.58:665][  0]LogConfig: Setting CVar [[r.SkyAtmosphere.SampleCountMax:32.0]]
[2021.05.26-03.28.58:665][  0]LogConfig: Setting CVar [[r.SkyAtmosphere.TransmittanceLUT.UseSmallFormat:0]]
[2021.05.26-03.28.58:665][  0]LogConfig: Setting CVar [[r.SkyAtmosphere.TransmittanceLUT.SampleCount:10.0]]
[2021.05.26-03.28.58:666][  0]LogConfig: Setting CVar [[r.SkyAtmosphere.MultiScatteringLUT.SampleCount:15.0]]
[2021.05.26-03.28.58:666][  0]LogConfig: Setting CVar [[fx.Niagara.QualityLevel:1]]
[2021.05.26-03.28.58:667][  0]LogConfig: Setting CVar [[r.RenderTargetViewportSize:1.0]]
[2021.05.26-03.28.58:667][  0]LogConfig: Setting CVar [[r.TessellationAdaptivePixelsPerTriangle:9999999]]
[2021.05.26-03.28.58:668][  0]LogConfig: Setting CVar [[r.SurfReac.Particles.PoolSize:40]]
[2021.05.26-03.28.58:668][  0]LogConfig: Setting CVar [[r.ScopeRenderMode:0]]
[2021.05.26-03.28.58:669][  0]LogConfig: Setting CVar [[r.SeparateTranslucencyScreenPercentage:100]]
[2021.05.26-03.28.58:669][  0]LogConfig: Setting CVar [[r.RagdollMaximum:8]]
[2021.05.26-03.28.58:670][  0]LogConfig: Setting CVar [[r.Dismemberment:1]]
[2021.05.26-03.28.58:670][  0]LogConfig: Applying CVar settings from Section [FoliageQuality@3] File [../../../Insurgency/Saved/Config/WindowsServer/Scalability.ini]
[2021.05.26-03.28.58:670][  0]LogConfig: Setting CVar [[foliage.DensityScale:1.0]]
[2021.05.26-03.28.58:670][  0]LogConfig: Setting CVar [[grass.DensityScale:1.0]]
[2021.05.26-03.28.58:670][  0]LogConfig: Setting CVar [[r.FoliageInteractionQuality:1]]
[2021.05.26-03.28.58:671][  0]LogConfig: Applying CVar settings from Section [ShadingQuality@3] File [../../../Insurgency/Saved/Config/WindowsServer/Scalability.ini]
[2021.05.26-03.28.58:674][  0]LogConfig: Setting CVar [[r.HairStrands.SkyLighting.SampleCount:16]]
[2021.05.26-03.28.58:674][  0]LogConfig: Setting CVar [[r.HairStrands.SkyLighting.JitterIntegration:0]]
[2021.05.26-03.28.58:675][  0]LogConfig: Setting CVar [[r.HairStrands.SkyAO.SampleCount:16]]
[2021.05.26-03.28.58:675][  0]LogConfig: Setting CVar [[r.HairStrands.DeepShadow.SuperSampling:0]]
[2021.05.26-03.28.58:675][  0]LogConfig: Setting CVar [[r.HairStrands.VisibilityPPLL:0]]
[2021.05.26-03.28.58:676][  0]LogConfig: Setting CVar [[r.HairStrands.RasterizationScale:0.5]]
[2021.05.26-03.28.58:676][  0]LogConfig: Setting CVar [[r.HairStrands.VelocityRasterizationScale:1]]
[2021.05.26-03.28.58:677][  0]LogConfig: Applying CVar settings from Section [ConsoleVariables] File [../../../Insurgency/Saved/Config/WindowsServer/Engine.ini]
[2021.05.26-03.28.58:677][  0]LogInit: Computer: DESKTOP-BJCMOMH
[2021.05.26-03.28.58:678][  0]LogInit: User: Matt
[2021.05.26-03.28.58:681][  0]LogInit: CPU Page size=4096, Cores=4
[2021.05.26-03.28.58:682][  0]LogInit: High frequency timer resolution =10.000000 MHz
[2021.05.26-03.28.58:682][  0]LogMemory: Memory total: Physical=7.9GB (8GB approx)
[2021.05.26-03.28.58:683][  0]LogMemory: Platform Memory Stats for WindowsServer
[2021.05.26-03.28.58:683][  0]LogMemory: Process Physical Memory: 101.43 MB used, 101.43 MB peak
[2021.05.26-03.28.58:684][  0]LogMemory: Process Virtual Memory: 132.36 MB used, 132.36 MB peak
[2021.05.26-03.28.58:684][  0]LogMemory: Physical Memory: 5967.67 MB used,  2122.16 MB free, 8089.83 MB total
[2021.05.26-03.28.58:685][  0]LogMemory: Virtual Memory: 4778.70 MB used,  134212952.00 MB free, 134217728.00 MB total
[2021.05.26-03.28.58:690][  0]LogWindows: WindowsPlatformFeatures disabled or dedicated server build
[2021.05.26-03.28.58:707][  0]LogInit: Physics initialised using underlying interface: PhysX
[2021.05.26-03.28.58:708][  0]LogInit: Using OS detected language (en-US).
[2021.05.26-03.28.58:708][  0]LogInit: Using OS detected locale (en-US).
[2021.05.26-03.28.58:711][  0]LogTextLocalizationManager: No specific localization for 'en-US' exists, so the 'en' localization will be used.
[2021.05.26-03.28.58:724][  0]LogInit: Setting process to per monitor DPI aware
[2021.05.26-03.28.58:728][  0]LogInit: Using OS detected language (en-US).
[2021.05.26-03.28.58:728][  0]LogInit: Using OS detected locale (en-US).
[2021.05.26-03.28.58:731][  0]LogTextLocalizationManager: No specific localization for 'en-US' exists, so the 'en' localization will be used.
[2021.05.26-03.28.58:740][  0]LogTextLocalizationManager: Compacting localization data took   0.61ms
[2021.05.26-03.28.58:936][  0]LogAssetRegistry: FAssetRegistry took 0.1963 seconds to start up
[2021.05.26-03.28.59:021][  0]LogStreaming: Display: Flushing async loaders.
[2021.05.26-03.28.59:022][  0]LogPakFile: New pak file ../../../Insurgency/Content/Paks/pakchunk0-WindowsServer.pak added to pak precacher.
[2021.05.26-03.28.59:026][  0]LogCollisionProfile: Warning: Profile (BlockAll) - Custom Channel Name = 'ClientsideDestructible' hasn't been found
[2021.05.26-03.28.59:027][  0]LogCollisionProfile: Warning: Profile (OverlapOnlyPawn) - Custom Channel Name = 'GameTraceChannel8' hasn't been found
[2021.05.26-03.28.59:028][  0]LogCollisionProfile: Warning: Profile (OverlapOnlyPawn) - Custom Channel Name = 'GameTraceChannel9' hasn't been found
[2021.05.26-03.28.59:029][  0]LogCollisionProfile: Warning: Profile (OverlapOnlyPawn) - Custom Channel Name = 'GameTraceChannel10' hasn't been found
[2021.05.26-03.28.59:030][  0]LogCollisionProfile: Warning: Profile (Pawn) - Custom Channel Name = 'None' hasn't been found
[2021.05.26-03.28.59:031][  0]LogCollisionProfile: Warning: Profile (Destructible) - Custom Channel Name = 'ClientsideDestructible' hasn't been found
[2021.05.26-03.28.59:033][  0]LogModuleManager: Warning: ModuleManager: Module 'ExampleDeviceProfileSelector' not found - its StaticallyLinkedModuleInitializers function is null.
[2021.05.26-03.28.59:046][  0]LogNetVersion: Insurgency 1.0.0, NetCL: 152892, EngineNetVer: 14, GameNetVer: 0 (Checksum: 107317553)
[2021.05.26-03.28.59:065][  0]LogStreaming: Error: Couldn't find file for package /StatsCollector/BP_DebugStatCollectorMenu requested by async loading code. NameToLoad: /StatsCollector/BP_DebugStatCollectorMenu
[2021.05.26-03.28.59:066][  0]LogStreaming: Error: Found 0 dependent packages...
[2021.05.26-03.28.59:067][  0]LogStreaming: Error: Couldn't find file for package /StatsCollector/FPSCounter requested by async loading code. NameToLoad: /StatsCollector/FPSCounter
[2021.05.26-03.28.59:068][  0]LogStreaming: Error: Found 0 dependent packages...
[2021.05.26-03.28.59:071][  0]LogGameStatsServer: Display: GameStatsServer INIT: No authentication provided, -GameStatsToken= required for statistics collection.
[2021.05.26-03.28.59:134][  0]LogStreaming: Error: Couldn't find file for package /Game/UI/Widgets/WelcomeScreen/BP_WelcomeScreen requested by async loading code. NameToLoad: /Game/UI/Widgets/WelcomeScreen/BP_WelcomeScreen
[2021.05.26-03.28.59:137][  0]LogStreaming: Error: Found 0 dependent packages...
[2021.05.26-03.28.59:156][  0]LogStreaming: Error: Couldn't find file for package /Game/UI/Fonts/Oswald requested by async loading code. NameToLoad: /Game/UI/Fonts/Oswald
[2021.05.26-03.28.59:158][  0]LogStreaming: Error: Found 0 dependent packages...
[2021.05.26-03.28.59:159][  0]LogStreaming: Error: Couldn't find file for package /Game/UI/Fonts/SourceSansPro requested by async loading code. NameToLoad: /Game/UI/Fonts/SourceSansPro
[2021.05.26-03.28.59:160][  0]LogStreaming: Error: Found 0 dependent packages...
[2021.05.26-03.28.59:207][  0]LogAISub: UAISubsystem::UAISubsystem AISubsystem (00000281076407F0), frame # 0
[2021.05.26-03.28.59:207][  0]LogAISub: UAISubsystem::UAISubsystem AIPerceptionSystem (0000028107640830), frame # 0
[2021.05.26-03.28.59:212][  0]LogAISub: UAISubsystem::UAISubsystem EnvQueryManager (0000028107645500), frame # 0
[2021.05.26-03.28.59:222][  0]LogUObjectArray: 22036 objects as part of root set at end of initial load.
[2021.05.26-03.28.59:223][  0]LogUObjectAllocator: 5331200 out of 32000000 bytes used by permanent object pool.
[2021.05.26-03.28.59:223][  0]LogUObjectArray: CloseDisregardForGC: 22036/0 objects in disregard for GC pool
[2021.05.26-03.28.59:239][  0]LogGauntlet: Display: Gauntlet Initialized
[2021.05.26-03.28.59:240][  0]LogOnline: FOnlineSubsystemNWIModule::StartupModule
[2021.05.26-03.28.59:250][  0]VivoxCore: FVivoxCoreModule::StartupModule
[2021.05.26-03.28.59:255][  0]VivoxCore: Loaded Library (../../../Insurgency/Plugins/VivoxCore/Source/ThirdParty/VivoxCoreLibrary/Windows/Release/x64/vivoxsdk.dll)
[2021.05.26-03.28.59:255][  0]LogEasyAntiCheatServer: Using path: (C:/Users/Matt/Downloads/steamcmd/steamapps/common/sandstorm_server/Insurgency/Binaries/ThirdParty/EasyAntiCheat/Server)
[2021.05.26-03.28.59:256][  0]LogEasyAntiCheatClient: Dedicated server, EAC client will not load
[2021.05.26-03.28.59:257][  0]LogEngine: Initializing Engine...
[2021.05.26-03.28.59:258][  0]LogStats: UGameplayTagsManager::InitializeManager -  0.001 s
[2021.05.26-03.28.59:275][  0]LogInit: Initializing FReadOnlyCVARCache
[2021.05.26-03.28.59:275][  0]LogNetVersion: Set ProjectVersion to 1.10.0. Version Checksum will be recalculated on next use.
[2021.05.26-03.28.59:276][  0]LogInit: Texture streaming: Disabled
[2021.05.26-03.28.59:336][  0]LogPakFile: New pak file ../../../Insurgency/Content/Paks/pakchunk10-WindowsServer.pak added to pak precacher.
[2021.05.26-03.29.00:233][  0]LogPakFile: Precache HighWater 16MB

[2021.05.26-03.29.00:234][  0]LogPakFile: Precache HighWater 32MB

[2021.05.26-03.29.00:235][  0]LogINSAssetManager: Display: Preloading 670 cosmetic assets
[2021.05.26-03.29.00:262][  0]LogStreaming: Error: Couldn't find file for package /Game/UI/Textures/Inventory/T_UI_Inventory_Cosmetic_Ox_HeadGear requested by async loading code. NameToLoad: /Game/UI/Textures/Inventory/T_UI_Inventory_Cosmetic_Ox_HeadGear
[2021.05.26-03.29.00:264][  0]LogStreaming: Error: This will hitch streaming because it ends up searching the disk instead of finding the file in the pak file.
[2021.05.26-03.29.00:265][  0]LogStreaming: Error: Found 0 dependent packages...
[2021.05.26-03.29.01:267][  0]LogPakFile: Precache HighWater 48MB

[2021.05.26-03.29.01:267][  0]LogAnimation: Warning: Additivie type (AnimSequence /Game/Animated/Weapons/Rifle/G36/Animations/AN_1P_G36_B_Reload_BoltRelease.AN_1P_G36_B_Reload_BoltRelease) does not match. Make sure you add same type of additive animation.
[2021.05.26-03.29.01:508][  0]LogGameStatsServer: Display: GameStatsServer INIT: No authentication provided, -GameStatsToken= required for statistics collection.
[2021.05.26-03.29.01:508][  0]LogOnline: Display: Printing active map cycle with 1 entries:
[2021.05.26-03.29.01:509][  0]LogOnline: Display: 	[0] Map: , Scenario: Scenario_Town_Checkpoint_Security, Mode: CheckpointHardcore, Lighting: , Options: None Specified
[2021.05.26-03.29.01:510][  0]LogOnline: OSS: Creating online subsystem instance for: NWI
[2021.05.26-03.29.01:511][  0]LogInit: Using OS detected language (en-US).
[2021.05.26-03.29.01:512][  0]LogInit: Using OS detected locale (en-US).
[2021.05.26-03.29.01:513][  0]LogInit: Valid culture detected: en in place of: (en-US).
[2021.05.26-03.29.01:525][  0]LogInit: Display: Game Engine Initialized.
[2021.05.26-03.29.01:527][  0]LogInit: Display: Starting Game.
[2021.05.26-03.29.01:527][  0]LogLongPackageNames: Warning: URL: Scenario=Scenario_PowerPlant_Checkpoint_Security,Mode=CheckpointHardcore: Name may not contain the following characters: ','
[2021.05.26-03.29.01:529][  0]LogLoad: Error: Failed to enter /Game/Maps/Farmhouse/Farmhouse: . Please check the log for errors.
[2021.05.26-03.29.01:529][  0]LogNet: Browse: /Game/Maps/Farmhouse/Farmhouse?Name=Player
[2021.05.26-03.29.01:533][  0]LogLoad: UINSGameInstance::OnBeginLoadMap(/Game/Maps/Farmhouse/Farmhouse?Name=Player)
[2021.05.26-03.29.01:534][  0]LogLoad: Warning: UINSGameInstance::OnPreLoadMap: Invalid NextURL, loading /Game/Maps/Farmhouse/Farmhouse
[2021.05.26-03.29.01:535][  0]LogStreaming: Error: Couldn't find file for package /NWI_Infected/ModData requested by async loading code. NameToLoad: /NWI_Infected/ModData
[2021.05.26-03.29.01:536][  0]LogStreaming: Error: Found 0 dependent packages...
[2021.05.26-03.29.01:537][  0]LogStreaming: Error: Couldn't find file for package /ExampleContent/ModData requested by async loading code. NameToLoad: /ExampleContent/ModData
[2021.05.26-03.29.01:538][  0]LogStreaming: Error: Found 0 dependent packages...
[2021.05.26-03.29.01:538][  0]LogStreaming: Error: Couldn't find file for package /ConsoleCertificationRequirements/ModData requested by async loading code. NameToLoad: /ConsoleCertificationRequirements/ModData
[2021.05.26-03.29.01:539][  0]LogStreaming: Error: Found 0 dependent packages...
[2021.05.26-03.29.01:540][  0]LogLoad: LoadMap: /Game/Maps/Farmhouse/Farmhouse?Name=Player
[2021.05.26-03.29.01:540][  0]LogWorld: BeginTearingDown for /Temp/Untitled_26
[2021.05.26-03.29.01:541][  0]LogWorld: UWorld::CleanupWorld for Untitled, bSessionEnded=true, bCleanupResources=true
[2021.05.26-03.29.01:561][  0]LogUObjectHash: Compacting FUObjectHashTables data took   2.70ms
[2021.05.26-03.29.01:579][  0]LogPakFile: New pak file ../../../Insurgency/Content/Paks/pakchunk11-WindowsServer.pak added to pak precacher.
[2021.05.26-03.29.01:890][  0]LogAIModule: Creating AISystem for world Farmhouse
[2021.05.26-03.29.01:890][  0]LogAISub: UAISubsystem::UAISubsystem EnvQueryManager (0000028115B39840), frame # 0
[2021.05.26-03.29.01:891][  0]LogAISub: UAISubsystem::UAISubsystem AIPerceptionSystem (00000281164C7540), frame # 0
[2021.05.26-03.29.01:892][  0]LogLoad: Game class is 'INSCheckpointGameMode'
[2021.05.26-03.29.01:894][  0]LogNet: ReplicationDriverClass is null! Not using ReplicationDriver.
[2021.05.26-03.29.01:895][  0]LogNetCore: DDoS detection status: detection enabled: 0 analytics enabled: 0
[2021.05.26-03.29.01:895][  0]LogInit: WinSock: Socket queue. Rx: 131072 (config 131072) Tx: 131072 (config 131072)
[2021.05.26-03.29.01:896][  0]LogNet: Created socket for bind address: 0.0.0.0 on port 27102
[2021.05.26-03.29.01:896][  0]PacketHandlerLog: Loaded PacketHandler component: Engine.EngineHandlerComponentFactory (StatelessConnectHandlerComponent)
[2021.05.26-03.29.01:896][  0]LogNet: GameNetDriver IpNetDriver_2147482547 IpNetDriver listening on port 27102
[2021.05.26-03.29.01:897][  0]LogStreaming: Display: ULevelStreaming::RequestLevel(/Game/Maps/Farmhouse/Farmhouse_Doors) is flushing async loading
[2021.05.26-03.29.01:911][  0]LogStreaming: Display: ULevelStreaming::RequestLevel(/Game/Maps/Farmhouse/Farmhouse_AI) is flushing async loading
[2021.05.26-03.29.01:919][  0]LogStreaming: Display: ULevelStreaming::RequestLevel(/Game/Maps/Farmhouse/Farmhouse_Structures_Merged_New) is flushing async loading
[2021.05.26-03.29.02:459][  0]LogPakFile: Precache HighWater 64MB

[2021.05.26-03.29.02:459][  0]LogPakFile: Precache HighWater 80MB

[2021.05.26-03.29.02:461][  0]LogStreaming: Display: ULevelStreaming::RequestLevel(/Game/Maps/Farmhouse/Farmhouse_Props_Unmerged) is flushing async loading
[2021.05.26-03.29.02:734][  0]LogStreaming: Display: ULevelStreaming::RequestLevel(/Game/Maps/Farmhouse/Farmhouse_DirtMounds_Merged) is flushing async loading
[2021.05.26-03.29.02:738][  0]LogStreaming: Display: ULevelStreaming::RequestLevel(/Game/Maps/Farmhouse/Farmhouse_Particles) is flushing async loading
[2021.05.26-03.29.02:747][  0]LogStreaming: Display: ULevelStreaming::RequestLevel(/Game/Maps/Farmhouse/Farmhouse_KitSelectionroom_ins) is flushing async loading
[2021.05.26-03.29.02:754][  0]LogStreaming: Display: ULevelStreaming::RequestLevel(/Game/Maps/Farmhouse/Farmhouse_Reflections) is flushing async loading
[2021.05.26-03.29.02:756][  0]LogStreaming: Display: ULevelStreaming::RequestLevel(/Game/Maps/Farmhouse/Farmhouse_Cables_Merged) is flushing async loading
[2021.05.26-03.29.02:768][  0]LogStreaming: Display: ULevelStreaming::RequestLevel(/Game/Maps/Farmhouse/Farmhouse_BlockingVolumes) is flushing async loading
[2021.05.26-03.29.02:775][  0]LogStreaming: Display: ULevelStreaming::RequestLevel(/Game/Maps/Farmhouse/Farmhouse_KitSelectionroom_sec) is flushing async loading
[2021.05.26-03.29.02:780][  0]LogStreaming: Display: ULevelStreaming::RequestLevel(/Game/Maps/Farmhouse/Farmhouse_Landscape) is flushing async loading
[2021.05.26-03.29.02:929][  0]LogStreaming: Display: ULevelStreaming::RequestLevel(/Game/Maps/Farmhouse/Farmhouse_Backdrop) is flushing async loading
[2021.05.26-03.29.02:954][  0]LogStreaming: Display: ULevelStreaming::RequestLevel(/Game/Maps/Farmhouse/Farmhouse_Rocks_Merged) is flushing async loading
[2021.05.26-03.29.02:974][  0]LogStreaming: Display: ULevelStreaming::RequestLevel(/Game/Maps/Farmhouse/Farmhouse_Decals) is flushing async loading
[2021.05.26-03.29.03:008][  0]LogStreaming: Display: ULevelStreaming::RequestLevel(/Game/Maps/Farmhouse/Farmhouse_Sound) is flushing async loading
[2021.05.26-03.29.03:020][  0]LogStreaming: Display: ULevelStreaming::RequestLevel(/Game/Maps/Farmhouse/Farmhouse_DynamicProps) is flushing async loading
[2021.05.26-03.29.03:020][  0]LogPakFile: New pak file ../../../Insurgency/Content/Paks/pakchunk11-WindowsServer_0_P.pak added to pak precacher.
[2021.05.26-03.29.03:292][  0]LogWorld: Bringing World /Game/Maps/Farmhouse/Farmhouse.Farmhouse up for play (max tick rate 60) at 2021.05.25-23.29.03
[2021.05.26-03.29.03:345][  0]LogSession: ----- Register Server (SteamNWI) ----- 
[2021.05.26-03.29.03:345][  0]LogAI: Warning: AI difficulty set to 0.5
[2021.05.26-03.29.03:359][  0]LogWorld: Bringing up level for play took: 0.076446
[2021.05.26-03.29.03:359][  0]LogGameMode: Display: State: EnteringMap -> LoadingAssets
[2021.05.26-03.29.03:359][  0]LogGameState: Match State Changed from EnteringMap to LoadingAssets
[2021.05.26-03.29.03:360][  0]LogScenario: Display: Loading scenario 'Scenario_Farmhouse_Checkpoint_Security' (Map Default)...
[2021.05.26-03.29.03:361][  0]LogINSAssetManager: Display: Loading scenario asset 'Scenario_Farmhouse_Checkpoint_Security' (path: /Game/Game/Scenarios/Coop/Farmhouse/Scenario_Farmhouse_Checkpoint_Security.Scenario_Farmhouse_Checkpoint_Security)...
[2021.05.26-03.29.03:361][  0]LogScenario: Display: CheckLoadingComplete - Pending, scenario assets not loaded.
[2021.05.26-03.29.03:362][  0]LogGameMode: Display: High priority async loading ENABLED
[2021.05.26-03.29.03:363][  0]LogAudioCues: Error: Unable to load banks at this time, deferring load.
[2021.05.26-03.29.03:365][  0]LogEasyAntiCheatServer: Loading native plugin from: C:/Users/Matt/Downloads/steamcmd/steamapps/common/sandstorm_server/Insurgency/Binaries/ThirdParty/EasyAntiCheat/Server
[2021.05.26-03.29.03:372][  0]LogEasyAntiCheatServer: [23:29:03:368][Windows][EAC Server] [Info][SetLogCallback] Procedure: 00007FF7E8A7F270 LogLevel: Info.
[2021.05.26-03.29.03:372][  0]LogEasyAntiCheatServer: [23:29:03:368][Windows][EAC Server] [Info][Initialize] ServerName: 'GameSession' RegisterTimeout: 150.
[2021.05.26-03.29.03:373][  0]LogEasyAntiCheatServer: Native plugin initialized successfully.
[2021.05.26-03.29.03:373][  0]LogEasyAntiCheatServer: [23:29:03:372][Windows][EAC Server] [Info][Cerberus] [RegisterEvent] EventID: 1h EventName: 'game_round_start' Parameters: { map_name (string) }.
[2021.05.26-03.29.03:374][  0]LogEasyAntiCheatServer: [23:29:03:372][Windows][EAC Server] [Info][Cerberus] [RegisterEvent] EventID: 2h EventName: 'game_round_end' Parameters: { winning_team_id (uint32) }.
[2021.05.26-03.29.03:374][  0]LogEasyAntiCheatServer: [23:29:03:372][Windows][EAC Server] [Info][Cerberus] [RegisterEvent] EventID: 3h EventName: 'player_spawn' Parameters: { player (client), team_id (uint32), character_id (uint32) }.
[2021.05.26-03.29.03:375][  0]LogEasyAntiCheatServer: [23:29:03:372][Windows][EAC Server] [Info][Cerberus] [RegisterEvent] EventID: 4h EventName: 'player_despawn' Parameters: { player (client), player_death (uint32), player_killer (client) }.
[2021.05.26-03.29.03:375][  0]LogEasyAntiCheatServer: [23:29:03:372][Windows][EAC Server] [Info][Cerberus] [RegisterEvent] EventID: 5h EventName: 'player_revive' Parameters: { player_revived (client), player_reviving (client) }.
[2021.05.26-03.29.03:376][  0]LogEasyAntiCheatServer: [23:29:03:372][Windows][EAC Server] [Info][Cerberus] [RegisterEvent] EventID: 6h EventName: 'player_tick' Parameters: { player (client), player_position (vec3f), player_viewrotation (quat), player_health (uint32), player_tickflags (uint32) }.
[2021.05.26-03.29.03:376][  0]LogEasyAntiCheatServer: [23:29:03:372][Windows][EAC Server] [Info][Cerberus] [RegisterEvent] EventID: 7h EventName: 'player_useweapon' Parameters: { player (client), player_position (vec3f), player_viewrotation (quat), player_fov (uint32), weapon_id (uint32), melee_attack (uint32) }.
[2021.05.26-03.29.03:377][  0]LogEasyAntiCheatServer: [23:29:03:372][Windows][EAC Server] [Info][Cerberus] [RegisterEvent] EventID: 8h EventName: 'player_takedamage' Parameters: { player_victim (client), player_victim_position (vec3f), player_victim_viewrotation (quat), player_attacker (client), player_attacker_position (vec3f), player_attacker_viewrotation (quat), player_attacker_fov (uint32), weapon_id (uint32), hitbone_id (uint32), damage_taken (uint32), damage_flags (uint32) }.
[2021.05.26-03.29.03:377][  0]LogEasyAntiCheatServer: [23:29:03:372][Windows][EAC Server] [Info][Cerberus] [RegisterEvent] EventID: 9h EventName: 'player_downed' Parameters: { player_victim (client), player_attacker (client) }.
[2021.05.26-03.29.03:378][  0]LogEasyAntiCheatServer: [23:29:03:372][Windows][EAC Server] [Info][Cerberus] [RegisterEvent] EventID: Ah EventName: 'player_death' Parameters: { victim (client), victim_shots_fired (uint64), victim_shots_landed (uint64), attacker (client), attacker_shots_fired (uint64), attacker_shots_landed (uint64) }.
[2021.05.26-03.29.03:379][  0]LogEasyAntiCheatServer: [23:29:03:372][Windows][EAC Server] [Info][Cerberus] [RegisterEvent] EventID: Bh EventName: 'game_round_start_v2' Parameters: { map_name (string), mode_name (string), round_time_seconds (uint32), start_frame_number (uint64), start_delta_seconds (uint32) }.
[2021.05.26-03.29.03:379][  0]LogEasyAntiCheatServer: FEasyAntiCheatServer::SetAntiCheatEnforcement - Enabled
[2021.05.26-03.29.03:381][  0]LogLoad: Took 1.840213 seconds to LoadMap(/Game/Maps/Farmhouse/Farmhouse)
[2021.05.26-03.29.03:385][  0]LogEasyAntiCheatServer: [23:29:03:381][Windows][EAC Server] [Info][Cerberus] [RegisterEvent] EventID: 10000001h EventName: 'player_tick_ex' Parameters: { player (client), extended_flags (uint32) }.
[2021.05.26-03.29.03:386][  0]LogLoad: (Engine Initialization) Total time: 5.77 seconds
[2021.05.26-03.29.03:423][  0]LogMod: Warning: [NWI_Infected] Failed to load mod data for plugin (path: /NWI_Infected/ModData.ModData)
[2021.05.26-03.29.03:425][  0]LogMod: Warning: [ExampleContent] Failed to load mod data for plugin (path: /ExampleContent/ModData.ModData)
[2021.05.26-03.29.03:426][  0]LogMod: Warning: [ConsoleCertificationRequirements] Failed to load mod data for plugin (path: /ConsoleCertificationRequirements/ModData.ModData)
[2021.05.26-03.29.03:473][  2]LogINSAssetManager: Display: Loading scenario factions...
[2021.05.26-03.29.03:479][  3]LogPakFile: New pak file ../../../Insurgency/Content/Paks/pakchunk0-WindowsServer_0_P.pak added to pak precacher.
[2021.05.26-03.29.03:505][  4]LogINSAssetManager: Display: Loading 454 scenario assets...
[2021.05.26-03.29.03:512][  5]LogStreaming: Error: Couldn't find file for package /Game/Game/Actors/Weapons/Upgrades/Underbarrel/BP_UG_Foregrip_IRLaser_Rail requested by async loading code. NameToLoad: /Game/Game/Actors/Weapons/Upgrades/Underbarrel/BP_UG_Foregrip_IRLaser_Rail
[2021.05.26-03.29.03:513][  5]LogStreaming: Error: This will hitch streaming because it ends up searching the disk instead of finding the file in the pak file.
[2021.05.26-03.29.03:513][  5]LogStreaming: Error: Found 0 dependent packages...
[2021.05.26-03.29.03:515][  5]LogStreaming: Error: Couldn't find file for package /Game/Game/Actors/Weapons/Upgrades/Underbarrel/BP_UG_Foregrip_IRLaser requested by async loading code. NameToLoad: /Game/Game/Actors/Weapons/Upgrades/Underbarrel/BP_UG_Foregrip_IRLaser
[2021.05.26-03.29.03:517][  5]LogStreaming: Error: This will hitch streaming because it ends up searching the disk instead of finding the file in the pak file.
[2021.05.26-03.29.03:518][  5]LogStreaming: Error: Found 0 dependent packages...
[2021.05.26-03.29.03:519][  5]LogStreaming: Error: Couldn't find file for package /Game/Game/Actors/Weapons/Upgrades/Underbarrel/BP_UG_Foregrip_IRFlashlight_Rail requested by async loading code. NameToLoad: /Game/Game/Actors/Weapons/Upgrades/Underbarrel/BP_UG_Foregrip_IRFlashlight_Rail
[2021.05.26-03.29.03:519][  5]LogStreaming: Error: This will hitch streaming because it ends up searching the disk instead of finding the file in the pak file.
[2021.05.26-03.29.03:520][  5]LogStreaming: Error: Found 0 dependent packages...
[2021.05.26-03.29.03:521][  5]LogStreaming: Error: Couldn't find file for package /Game/Game/Actors/Weapons/Upgrades/Underbarrel/BP_UG_Foregrip_IRFlashlight requested by async loading code. NameToLoad: /Game/Game/Actors/Weapons/Upgrades/Underbarrel/BP_UG_Foregrip_IRFlashlight
[2021.05.26-03.29.03:522][  5]LogStreaming: Error: This will hitch streaming because it ends up searching the disk instead of finding the file in the pak file.
[2021.05.26-03.29.03:525][  5]LogStreaming: Error: Found 0 dependent packages...
[2021.05.26-03.29.03:526][  5]LogStreaming: Error: Couldn't find file for package /Game/Game/Actors/Weapons/Upgrades/Underbarrel/BP_UG_Foregrip_Flashlight_Rail requested by async loading code. NameToLoad: /Game/Game/Actors/Weapons/Upgrades/Underbarrel/BP_UG_Foregrip_Flashlight_Rail
[2021.05.26-03.29.03:527][  5]LogStreaming: Error: This will hitch streaming because it ends up searching the disk instead of finding the file in the pak file.
[2021.05.26-03.29.03:528][  5]LogStreaming: Error: Found 0 dependent packages...
[2021.05.26-03.29.03:529][  5]LogStreaming: Error: Couldn't find file for package /Game/Game/Actors/Weapons/Upgrades/Underbarrel/BP_UG_Foregrip_Flashlight requested by async loading code. NameToLoad: /Game/Game/Actors/Weapons/Upgrades/Underbarrel/BP_UG_Foregrip_Flashlight
[2021.05.26-03.29.03:530][  5]LogStreaming: Error: This will hitch streaming because it ends up searching the disk instead of finding the file in the pak file.
[2021.05.26-03.29.03:531][  5]LogStreaming: Error: Found 0 dependent packages...
[2021.05.26-03.29.03:568][  7]LogINSAssetManager: Display: Scenario loading complete.
[2021.05.26-03.29.03:568][  7]LogScenario: Display: Successfully loaded scenario 'Scenario_Farmhouse_Checkpoint_Security' and 454 referenced assets.
[2021.05.26-03.29.03:571][  7]LogWorldSettings: Loading lighting scenario 'Farmhouse_GlobalDay'...
[2021.05.26-03.29.03:571][  7]LogStreaming: Display: ULevelStreaming::RequestLevel(/Game/Maps/Farmhouse/Farmhouse_GlobalDay) is flushing async loading
[2021.05.26-03.29.03:663][  7]LogScenario: Warning: Skipping sublevel 'Farmhouse_CheckpointHardcore_Security' as it is not linked to a child gamemode of 'INSCheckpointGameMode_2147482548'
[2021.05.26-03.29.03:666][  7]LogStreaming: Display: ULevelStreaming::RequestLevel(/Game/Maps/Farmhouse/Farmhouse_Checkpoint_Security) is flushing async loading
[2021.05.26-03.29.03:695][  7]LogObjectives: Ownership of objective 'OCCheckpoint_A' changed from 255 to 1
[2021.05.26-03.29.03:696][  7]LogObjectives: Ownership of objective 'ODCheckpoint_B' changed from 255 to 1
[2021.05.26-03.29.03:697][  7]LogObjectives: Ownership of objective 'OCCheckpoint_C' changed from 255 to 1
[2021.05.26-03.29.03:700][  7]LogObjectives: Ownership of objective 'OCCheckpoint_D' changed from 255 to 1
[2021.05.26-03.29.03:700][  7]LogObjectives: Ownership of objective 'OCCheckpoint_E' changed from 255 to 1
[2021.05.26-03.29.03:701][  7]LogObjectives: Ownership of objective 'OCCheckpoint_F' changed from 255 to 1
[2021.05.26-03.29.03:702][  7]LogGameMode: Warning: Trying to enable spawn zone 'SZCheckpoint_A' but it has no player starts!
[2021.05.26-03.29.03:703][  7]LogGameMode: Warning: Trying to enable spawn zone 'SZCheckpointA_RA' but it has no player starts!
[2021.05.26-03.29.03:704][  7]LogGameMode: Warning: Trying to enable spawn zone 'SZCheckpointA1_Team2' but it has no player starts!
[2021.05.26-03.29.03:705][  7]LogGameMode: Warning: Trying to enable spawn zone 'SZCheckpointA2_Team2' but it has no player starts!
[2021.05.26-03.29.03:706][  7]LogGameMode: Warning: Trying to enable spawn zone 'SZCheckpointA3_Team2' but it has no player starts!
[2021.05.26-03.29.03:707][  7]LogGameMode: Display: Advancing spawns for faction 255 to obj 0: 0 zones enabled (0 player starts), 0 disabled
[2021.05.26-03.29.03:710][  7]LogTemp: Warning: Generated 105 spawn points for objective 'OCCheckpoint_A'
[2021.05.26-03.29.03:713][  7]LogGameMode: Warning: Checkpoint: Generated 92 spawn points for counter-attack spawn 'SZCheckpointA1_Team2'
[2021.05.26-03.29.03:719][  7]LogGameMode: Warning: Checkpoint: Generated 101 spawn points for counter-attack spawn 'SZCheckpointA2_Team2'
[2021.05.26-03.29.03:734][  7]LogGameMode: Warning: Checkpoint: Generated 73 spawn points for counter-attack spawn 'SZCheckpointA3_Team2'
[2021.05.26-03.29.03:736][  7]LogTemp: Warning: Generated 42 spawn points for objective 'ODCheckpoint_B'
[2021.05.26-03.29.03:739][  7]LogTemp: Warning: Generated 73 spawn points for objective 'OCCheckpoint_C'
[2021.05.26-03.29.03:743][  7]LogGameMode: Warning: Checkpoint: Generated 109 spawn points for counter-attack spawn 'SZCheckpointC1_Team2'
[2021.05.26-03.29.03:745][  7]LogGameMode: Warning: Checkpoint: Generated 55 spawn points for counter-attack spawn 'SZCheckpointC2_Team2'
[2021.05.26-03.29.03:747][  7]LogGameMode: Warning: Checkpoint: Generated 95 spawn points for counter-attack spawn 'SZCheckpointC3_Team2'
[2021.05.26-03.29.03:753][  7]LogTemp: Warning: Generated 92 spawn points for objective 'OCCheckpoint_D'
[2021.05.26-03.29.03:755][  7]LogGameMode: Warning: Checkpoint: Generated 87 spawn points for counter-attack spawn 'SZCheckpointD1_Team2'
[2021.05.26-03.29.03:760][  7]LogGameMode: Warning: Checkpoint: Generated 84 spawn points for counter-attack spawn 'SZCheckpointD2_Team2'
[2021.05.26-03.29.03:763][  7]LogGameMode: Warning: Checkpoint: Generated 114 spawn points for counter-attack spawn 'SZCheckpointD3_Team2'
[2021.05.26-03.29.03:765][  7]LogTemp: Warning: Generated 76 spawn points for objective 'OCCheckpoint_E'
[2021.05.26-03.29.03:769][  7]LogGameMode: Warning: Checkpoint: Generated 115 spawn points for counter-attack spawn 'SZCheckpointE1_Team2'
[2021.05.26-03.29.03:770][  7]LogGameMode: Warning: Checkpoint: Generated 113 spawn points for counter-attack spawn 'SZCheckpointE2_Team2'
[2021.05.26-03.29.03:777][  7]LogGameMode: Warning: Checkpoint: Generated 101 spawn points for counter-attack spawn 'SZCheckpointE3_Team2'
[2021.05.26-03.29.03:781][  7]LogTemp: Warning: Generated 97 spawn points for objective 'OCCheckpoint_F'
[2021.05.26-03.29.03:796][  7]LogGameMode: Warning: Checkpoint: Generated 85 spawn points for counter-attack spawn 'SZCheckpointF1_Team2'
[2021.05.26-03.29.03:801][  7]LogGameMode: Warning: Checkpoint: Generated 116 spawn points for counter-attack spawn 'SZCheckpointF2_Team2'
[2021.05.26-03.29.03:804][  7]LogGameMode: Warning: Checkpoint: Generated 116 spawn points for counter-attack spawn 'SZCheckpointF3_Team2'
[2021.05.26-03.29.03:825][  7]LogSoundscape: Registering pending soundscape emitters/components.
[2021.05.26-03.29.03:826][  7]LogSoundscape: Registered pending soundscape emitters/components.
[2021.05.26-03.29.03:826][  7]LogGameMode: Display: Spawned team 0 of faction Security
[2021.05.26-03.29.03:827][  7]LogGameMode: Display: Spawned team 1 of faction Insurgents
[2021.05.26-03.29.03:827][  7]LogSpawning: Spawnzone 'SZCheckpoint_A' disabled for team 0
[2021.05.26-03.29.03:828][  7]LogSpawning: Spawnzone 'SZCheckpoint_B' disabled for team 0
[2021.05.26-03.29.03:828][  7]LogSpawning: Spawnzone 'SZCheckpoint_C' disabled for team 0
[2021.05.26-03.29.03:831][  7]LogSpawning: Spawnzone 'SZCheckpoint_D' disabled for team 0
[2021.05.26-03.29.03:832][  7]LogSpawning: Spawnzone 'SZCheckpoint_E' disabled for team 0
[2021.05.26-03.29.03:832][  7]LogSpawning: Spawnzone 'SZCheckpoint_F' disabled for team 0
[2021.05.26-03.29.03:832][  7]LogSpawning: Spawnzone 'SZCheckpointA_RA' disabled for team 1
[2021.05.26-03.29.03:832][  7]LogSpawning: Spawnzone 'SZCheckpointB_RA' disabled for team 1
[2021.05.26-03.29.03:833][  7]LogSpawning: Spawnzone 'SZCheckpointC_RA' disabled for team 1
[2021.05.26-03.29.03:833][  7]LogSpawning: Spawnzone 'SZCheckpointD_RA' disabled for team 1
[2021.05.26-03.29.03:835][  7]LogSpawning: Spawnzone 'SZCheckpointE_RA' disabled for team 1
[2021.05.26-03.29.03:837][  7]LogSpawning: Spawnzone 'SZCheckpointF_RA' disabled for team 1
[2021.05.26-03.29.03:837][  7]LogSpawning: Spawnzone 'SZCheckpointA1_Team2' disabled for team 1
[2021.05.26-03.29.03:838][  7]LogSpawning: Spawnzone 'SZCheckpointA2_Team2' disabled for team 1
[2021.05.26-03.29.03:838][  7]LogSpawning: Spawnzone 'SZCheckpointA3_Team2' disabled for team 1
[2021.05.26-03.29.03:838][  7]LogSpawning: Spawnzone 'SZCheckpointC1_Team2' disabled for team 1
[2021.05.26-03.29.03:839][  7]LogSpawning: Spawnzone 'SZCheckpointC2_Team2' disabled for team 1
[2021.05.26-03.29.03:839][  7]LogSpawning: Spawnzone 'SZCheckpointC3_Team2' disabled for team 1
[2021.05.26-03.29.03:840][  7]LogSpawning: Spawnzone 'SZCheckpointD1_Team2' disabled for team 1
[2021.05.26-03.29.03:840][  7]LogSpawning: Spawnzone 'SZCheckpointD2_Team2' disabled for team 1
[2021.05.26-03.29.03:841][  7]LogSpawning: Spawnzone 'SZCheckpointD3_Team2' disabled for team 1
[2021.05.26-03.29.03:841][  7]LogSpawning: Spawnzone 'SZCheckpointE1_Team2' disabled for team 1
[2021.05.26-03.29.03:842][  7]LogSpawning: Spawnzone 'SZCheckpointE2_Team2' disabled for team 1
[2021.05.26-03.29.03:842][  7]LogSpawning: Spawnzone 'SZCheckpointE3_Team2' disabled for team 1
[2021.05.26-03.29.03:843][  7]LogSpawning: Spawnzone 'SZCheckpointF1_Team2' disabled for team 1
[2021.05.26-03.29.03:843][  7]LogSpawning: Spawnzone 'SZCheckpointF2_Team2' disabled for team 1
[2021.05.26-03.29.03:844][  7]LogSpawning: Spawnzone 'SZCheckpointF3_Team2' disabled for team 1
[2021.05.26-03.29.03:844][  7]LogGameMode: Error: Reinforcement system for invalid faction 255, ignoring
[2021.05.26-03.29.03:850][  7]LogGameMode: Display: Gamemode assets loaded, exiting LoadingAssets state, entering WaitingToStart
[2021.05.26-03.29.03:852][  7]LogGameMode: Display: State: LoadingAssets -> WaitingToStart
[2021.05.26-03.29.03:853][  7]LogGameState: Match State Changed from LoadingAssets to WaitingToStart
[2021.05.26-03.29.03:854][  7]LogSession: Display: AINSGameSession::HandleMatchIsWaitingToStart
[2021.05.26-03.29.03:854][  7]LogAI: Warning: AI difficulty set to 0.5
[2021.05.26-03.29.03:855][  7]LogGameState: Round reset. Authority:3
[2021.05.26-03.29.03:906][  7]LogObjectives: Ownership of objective 'OCCheckpoint_A' changed from 1 to 1
[2021.05.26-03.29.03:906][  7]LogObjectives: Ownership of objective 'ODCheckpoint_B' changed from 1 to 1
[2021.05.26-03.29.03:908][  7]LogObjectives: Ownership of objective 'OCCheckpoint_C' changed from 1 to 1
[2021.05.26-03.29.03:908][  7]LogObjectives: Ownership of objective 'OCCheckpoint_D' changed from 1 to 1
[2021.05.26-03.29.03:909][  7]LogObjectives: Ownership of objective 'OCCheckpoint_E' changed from 1 to 1
[2021.05.26-03.29.03:909][  7]LogObjectives: Ownership of objective 'OCCheckpoint_F' changed from 1 to 1
[2021.05.26-03.29.03:910][  7]LogSpawning: Spawnzone 'SZCheckpoint_A' enabled for team 0
[2021.05.26-03.29.03:912][  7]LogGameMode: Warning: Trying to enable spawn zone 'SZCheckpointA_RA' but it has no player starts!
[2021.05.26-03.29.03:913][  7]LogGameMode: Warning: Trying to enable spawn zone 'SZCheckpointA1_Team2' but it has no player starts!
[2021.05.26-03.29.03:914][  7]LogGameMode: Warning: Trying to enable spawn zone 'SZCheckpointA2_Team2' but it has no player starts!
[2021.05.26-03.29.03:914][  7]LogGameMode: Warning: Trying to enable spawn zone 'SZCheckpointA3_Team2' but it has no player starts!
[2021.05.26-03.29.03:915][  7]LogGameMode: Display: Advancing spawns for faction 255 to obj 0: 1 zones enabled (16 player starts), 0 disabled
[2021.05.26-03.29.46:046][536]LogCore: Engine exit requested (reason: ConsoleCtrl RequestExit)
[2021.05.26-03.29.46:046][536]LogCore: Warning: *** INTERRUPTED *** : SHUTTING DOWN
[2021.05.26-03.29.46:048][536]LogCore: Warning: *** INTERRUPTED *** : CTRL-C TO FORCE QUIT
[2021.05.26-03.29.46:050][536]LogCore: Engine exit requested (reason: EngineExit() was called; note: exit was already requested)
[2021.05.26-03.29.46:050][536]LogInit: Display: PreExit Game.
[2021.05.26-03.29.46:078][536]LogWorld: BeginTearingDown for /Game/Maps/Farmhouse/Farmhouse
[2021.05.26-03.29.46:079][536]LogNet: World NetDriver shutdown IpNetDriver_2147482547 [GameNetDriver]
[2021.05.26-03.29.46:080][536]LogNet: DestroyNamedNetDriver IpNetDriver_2147482547 [GameNetDriver]
[2021.05.26-03.29.46:080][536]LogExit: GameNetDriver IpNetDriver_2147482547 shut down
[2021.05.26-03.29.46:087][536]LogWorld: UWorld::CleanupWorld for Farmhouse, bSessionEnded=true, bCleanupResources=true
[2021.05.26-03.29.46:185][536]LogWorld: UWorld::CleanupWorld for Farmhouse_Doors, bSessionEnded=true, bCleanupResources=true
[2021.05.26-03.29.46:185][536]LogWorld: UWorld::CleanupWorld for Farmhouse_AI, bSessionEnded=true, bCleanupResources=true
[2021.05.26-03.29.46:187][536]LogWorld: UWorld::CleanupWorld for Farmhouse_Structures_Merged_New, bSessionEnded=true, bCleanupResources=true
[2021.05.26-03.29.46:187][536]LogWorld: UWorld::CleanupWorld for Farmhouse_Props_Unmerged, bSessionEnded=true, bCleanupResources=true
[2021.05.26-03.29.46:188][536]LogWorld: UWorld::CleanupWorld for Farmhouse_DirtMounds_Merged, bSessionEnded=true, bCleanupResources=true
[2021.05.26-03.29.46:188][536]LogWorld: UWorld::CleanupWorld for Farmhouse_Particles, bSessionEnded=true, bCleanupResources=true
[2021.05.26-03.29.46:189][536]LogWorld: UWorld::CleanupWorld for Farmhouse_KitSelectionroom_ins, bSessionEnded=true, bCleanupResources=true
[2021.05.26-03.29.46:189][536]LogWorld: UWorld::CleanupWorld for Farmhouse_Reflections, bSessionEnded=true, bCleanupResources=true
[2021.05.26-03.29.46:190][536]LogWorld: UWorld::CleanupWorld for Farmhouse_Cables_Merged, bSessionEnded=true, bCleanupResources=true
[2021.05.26-03.29.46:191][536]LogWorld: UWorld::CleanupWorld for Farmhouse_BlockingVolumes, bSessionEnded=true, bCleanupResources=true
[2021.05.26-03.29.46:191][536]LogWorld: UWorld::CleanupWorld for Farmhouse_KitSelectionroom_sec, bSessionEnded=true, bCleanupResources=true
[2021.05.26-03.29.46:192][536]LogWorld: UWorld::CleanupWorld for Farmhouse_Landscape, bSessionEnded=true, bCleanupResources=true
[2021.05.26-03.29.46:192][536]LogWorld: UWorld::CleanupWorld for Farmhouse_Backdrop, bSessionEnded=true, bCleanupResources=true
[2021.05.26-03.29.46:193][536]LogWorld: UWorld::CleanupWorld for Farmhouse_Rocks_Merged, bSessionEnded=true, bCleanupResources=true
[2021.05.26-03.29.46:194][536]LogWorld: UWorld::CleanupWorld for Farmhouse_Decals, bSessionEnded=true, bCleanupResources=true
[2021.05.26-03.29.46:194][536]LogWorld: UWorld::CleanupWorld for Farmhouse_Sound, bSessionEnded=true, bCleanupResources=true
[2021.05.26-03.29.46:195][536]LogWorld: UWorld::CleanupWorld for Farmhouse_DynamicProps, bSessionEnded=true, bCleanupResources=true
[2021.05.26-03.29.46:196][536]LogWorld: UWorld::CleanupWorld for Farmhouse_GlobalDay, bSessionEnded=true, bCleanupResources=true
[2021.05.26-03.29.46:196][536]LogWorld: UWorld::CleanupWorld for Farmhouse_Checkpoint_Security, bSessionEnded=true, bCleanupResources=true
[2021.05.26-03.29.46:197][536]LogExit: Preparing to exit.
[2021.05.26-03.29.46:251][536]LogDemo: Cleaned up 0 splitscreen connections with owner deletion
[2021.05.26-03.29.46:251][536]LogDemo: Cleaned up 0 splitscreen connections with owner deletion
[2021.05.26-03.29.46:253][536]LogExit: Game engine shut down
[2021.05.26-03.29.46:301][536]LogAISub: UAISubsystem::~UAISubsystem AISubsystem (00000281076407F0), frame # 2536
[2021.05.26-03.29.46:301][536]LogAISub: UAISubsystem::~UAISubsystem AIPerceptionSystem (0000028107640830), frame # 2536
[2021.05.26-03.29.46:303][536]LogAISub: UAISubsystem::~UAISubsystem EnvQueryManager (0000028107645500), frame # 2536
[2021.05.26-03.29.46:339][536]LogAISub: UAISubsystem::~UAISubsystem EnvQueryManager (0000028115B39840), frame # 2536
[2021.05.26-03.29.46:339][536]LogAISub: UAISubsystem::~UAISubsystem AIPerceptionSystem (00000281164C7540), frame # 2536
[2021.05.26-03.29.46:418][536]LogExit: Object subsystem successfully closed.
[2021.05.26-03.29.46:428][536]LogModuleManager: Shutting down and abandoning module AIModule (248)
[2021.05.26-03.29.46:428][536]LogModuleManager: Shutting down and abandoning module NavigationSystem (247)
[2021.05.26-03.29.46:428][536]LogModuleManager: Shutting down and abandoning module CharacterAI (244)
[2021.05.26-03.29.46:429][536]LogModuleManager: Shutting down and abandoning module PlanarCut (242)
[2021.05.26-03.29.46:430][536]LogModuleManager: Shutting down and abandoning module MfMediaFactory (240)
[2021.05.26-03.29.46:430][536]LogModuleManager: Shutting down and abandoning module SessionServices (238)
[2021.05.26-03.29.46:431][536]LogModuleManager: Shutting down and abandoning module Analytics (236)
[2021.05.26-03.29.46:433][536]LogModuleManager: Shutting down and abandoning module AnalyticsET (234)
[2021.05.26-03.29.46:433][536]LogModuleManager: Shutting down and abandoning module MovieSceneTracks (232)
[2021.05.26-03.29.46:434][536]LogModuleManager: Shutting down and abandoning module MovieScene (230)
[2021.05.26-03.29.46:434][536]LogModuleManager: Shutting down and abandoning module StreamingPauseRendering (228)
[2021.05.26-03.29.46:435][536]LogModuleManager: Shutting down and abandoning module ImageWriteQueue (226)
[2021.05.26-03.29.46:436][536]LogModuleManager: Shutting down and abandoning module ImageWrapper (225)
[2021.05.26-03.29.46:437][536]LogModuleManager: Shutting down and abandoning module Synthesis (222)
[2021.05.26-03.29.46:437][536]LogModuleManager: Shutting down and abandoning module GooglePAD (220)
[2021.05.26-03.29.46:438][536]LogModuleManager: Shutting down and abandoning module AssetTags (218)
[2021.05.26-03.29.46:438][536]LogModuleManager: Shutting down and abandoning module MagicLeapSharedWorld (214)
[2021.05.26-03.29.46:439][536]LogModuleManager: Shutting down and abandoning module ChaosNiagara (212)
[2021.05.26-03.29.46:439][536]LogModuleManager: Shutting down and abandoning module ProceduralMeshComponent (210)
[2021.05.26-03.29.46:440][536]LogModuleManager: Shutting down and abandoning module GeometryCollectionTracks (208)
[2021.05.26-03.29.46:440][536]LogModuleManager: Shutting down and abandoning module EditableMesh (206)
[2021.05.26-03.29.46:441][536]LogModuleManager: Shutting down and abandoning module MeshSolverUtilities (204)
[2021.05.26-03.29.46:441][536]LogModuleManager: Shutting down and abandoning module MeshConversion (202)
[2021.05.26-03.29.46:442][536]LogModuleManager: Shutting down and abandoning module DynamicMesh (200)
[2021.05.26-03.29.46:442][536]LogModuleManager: Shutting down and abandoning module GeometryAlgorithms (198)
[2021.05.26-03.29.46:443][536]LogModuleManager: Shutting down and abandoning module GeometricObjects (196)
[2021.05.26-03.29.46:444][536]LogModuleManager: Shutting down and abandoning module ChaosCloth (194)
[2021.05.26-03.29.46:445][536]LogModuleManager: Shutting down and abandoning module AutomationUtils (192)
[2021.05.26-03.29.46:445][536]LogModuleManager: Shutting down and abandoning module RconSandstorm (190)
[2021.05.26-03.29.46:447][536]LogModuleManager: Shutting down and abandoning module Rcon (189)
[2021.05.26-03.29.46:449][536]LogModuleManager: Shutting down and abandoning module Holidays (186)
[2021.05.26-03.29.46:450][536]LogModuleManager: Shutting down and abandoning module CryptoUtilities (184)
[2021.05.26-03.29.46:451][536]LogModuleManager: Shutting down and abandoning module EasyAntiCheatCommon (182)
[2021.05.26-03.29.46:451][536]LogModuleManager: Shutting down and abandoning module EasyAntiCheatClient (180)
[2021.05.26-03.29.46:452][536]LogModuleManager: Shutting down and abandoning module EasyAntiCheatServer (178)
[2021.05.26-03.29.46:456][536]LogEasyAntiCheatServer: [23:29:46:452][Windows][EAC Server] [Info][Destroy] Called
[2021.05.26-03.29.46:456][536]LogModuleManager: Shutting down and abandoning module ConsoleCertificationRequirements (176)
[2021.05.26-03.29.46:457][536]LogModuleManager: Shutting down and abandoning module InsurgencyGameplayDebugger (174)
[2021.05.26-03.29.46:457][536]LogModuleManager: Shutting down and abandoning module SlackFeedback (172)
[2021.05.26-03.29.46:458][536]LogModuleManager: Shutting down and abandoning module GameStatsServer (170)
[2021.05.26-03.29.46:458][536]LogModuleManager: Shutting down and abandoning module NativizedAssets (168)
[2021.05.26-03.29.46:460][536]LogModuleManager: Shutting down and abandoning module VivoxCore (166)
[2021.05.26-03.29.46:460][536]VivoxCore: FVivoxCoreModule::ShutdownModule
[2021.05.26-03.29.46:462][536]LogModuleManager: Shutting down and abandoning module StatsCollector (164)
[2021.05.26-03.29.46:464][536]LogUObjectArray: Warning: Empty slot
[2021.05.26-03.29.46:465][536]LogModuleManager: Shutting down and abandoning module HttpExtensions (162)
[2021.05.26-03.29.46:465][536]LogModuleManager: Shutting down and abandoning module ModKit (160)
[2021.05.26-03.29.46:465][536]LogModuleManager: Shutting down and abandoning module WebSockets (157)
[2021.05.26-03.29.46:469][536]LogModuleManager: Shutting down and abandoning module PlayTimeLimit (154)
[2021.05.26-03.29.46:470][536]LogModuleManager: Shutting down and abandoning module Rejoin (152)
[2021.05.26-03.29.46:470][536]LogModuleManager: Shutting down and abandoning module Hotfix (150)
[2021.05.26-03.29.46:471][536]LogModuleManager: Shutting down and abandoning module Lobby (148)
[2021.05.26-03.29.46:471][536]LogModuleManager: Shutting down and abandoning module Party (146)
[2021.05.26-03.29.46:472][536]LogModuleManager: Shutting down and abandoning module Qos (144)
[2021.05.26-03.29.46:472][536]LogModuleManager: Shutting down and abandoning module TemplateSequence (142)
[2021.05.26-03.29.46:473][536]LogModuleManager: Shutting down and abandoning module InsurgencyServer (140)
[2021.05.26-03.29.46:474][536]LogModuleManager: Shutting down and abandoning module Insurgency (138)
[2021.05.26-03.29.46:474][536]LogModuleManager: Shutting down and abandoning module SoundFields (136)
[2021.05.26-03.29.46:475][536]LogModuleManager: Shutting down and abandoning module RuntimePhysXCooking (134)
[2021.05.26-03.29.46:475][536]LogModuleManager: Shutting down and abandoning module ActorSequence (132)
[2021.05.26-03.29.46:476][536]LogModuleManager: Shutting down and abandoning module UdpMessaging (130)
[2021.05.26-03.29.46:477][536]LogModuleManager: Shutting down and abandoning module MagicLeapARPin (128)
[2021.05.26-03.29.46:480][536]LogModuleManager: Shutting down and abandoning module FacialAnimation (126)
[2021.05.26-03.29.46:481][536]LogModuleManager: Shutting down and abandoning module AnimationSharing (124)
[2021.05.26-03.29.46:482][536]LogModuleManager: Shutting down and abandoning module LightPropagationVolumeRuntime (122)
[2021.05.26-03.29.46:482][536]LogModuleManager: Shutting down and abandoning module UMGExtensions (120)
[2021.05.26-03.29.46:482][536]LogModuleManager: Shutting down and abandoning module DiscordRpc (118)
[2021.05.26-03.29.46:484][536]LogModuleManager: Shutting down and abandoning module ControlRig (114)
[2021.05.26-03.29.46:484][536]LogModuleManager: Shutting down and abandoning module LevelSequence (113)
[2021.05.26-03.29.46:484][536]LogModuleManager: Shutting down and abandoning module TcpMessaging (110)
[2021.05.26-03.29.46:485][536]LogModuleManager: Shutting down and abandoning module AnimationBudgetAllocator (108)
[2021.05.26-03.29.46:486][536]LogModuleManager: Shutting down and abandoning module Gauntlet (106)
[2021.05.26-03.29.46:486][536]LogGauntlet: Display: Gauntlet Shutdown
[2021.05.26-03.29.46:486][536]LogModuleManager: Shutting down and abandoning module ReplicationGraph (104)
[2021.05.26-03.29.46:487][536]LogModuleManager: Shutting down and abandoning module NiagaraAnimNotifies (102)
[2021.05.26-03.29.46:487][536]LogModuleManager: Shutting down and abandoning module Niagara (100)
[2021.05.26-03.29.46:488][536]LogModuleManager: Shutting down and abandoning module SignalProcessing (99)
[2021.05.26-03.29.46:488][536]LogModuleManager: Shutting down and abandoning module NiagaraCore (96)
[2021.05.26-03.29.46:489][536]LogModuleManager: Shutting down and abandoning module SignificanceManager (94)
[2021.05.26-03.29.46:489][536]LogModuleManager: Shutting down and abandoning module AkAudio (92)
[2021.05.26-03.29.46:490][536]LogModuleManager: Shutting down and abandoning module WindowsMoviePlayer (90)
[2021.05.26-03.29.46:491][536]LogModuleManager: Shutting down and abandoning module InsurgencyLoadingScreen (88)
[2021.05.26-03.29.46:491][536]LogModuleManager: Shutting down and abandoning module NetworkReplayStreaming (86)
[2021.05.26-03.29.46:492][536]LogModuleManager: Shutting down and abandoning module PacketHandler (84)
[2021.05.26-03.29.46:492][536]LogModuleManager: Shutting down and abandoning module ClothingSystemRuntimeNv (82)
[2021.05.26-03.29.46:493][536]LogModuleManager: Shutting down and abandoning module MediaAssets (80)
[2021.05.26-03.29.46:499][536]LogModuleManager: Shutting down and abandoning module Messaging (78)
[2021.05.26-03.29.46:499][536]LogModuleManager: Shutting down and abandoning module Networking (76)
[2021.05.26-03.29.46:500][536]LogModuleManager: Shutting down and abandoning module Core (74)
[2021.05.26-03.29.46:500][536]LogModuleManager: Shutting down and abandoning module Media (72)
[2021.05.26-03.29.46:501][536]LogModuleManager: Shutting down and abandoning module NullDrv (68)
[2021.05.26-03.29.46:501][536]LogModuleManager: Shutting down and abandoning module PhysXCooking (66)
[2021.05.26-03.29.46:502][536]LogModuleManager: Shutting down and abandoning module ChaosSolvers (64)
[2021.05.26-03.29.46:502][536]LogModuleManager: Shutting down and abandoning module FieldSystemEngine (63)
[2021.05.26-03.29.46:504][536]LogModuleManager: Shutting down and abandoning module Chaos (60)
[2021.05.26-03.29.46:504][536]LogModuleManager: Shutting down and abandoning module VariantManagerContent (57)
[2021.05.26-03.29.46:505][536]LogModuleManager: Shutting down and abandoning module AISupportModule (55)
[2021.05.26-03.29.46:505][536]LogModuleManager: Shutting down and abandoning module NiagaraVertexFactories (51)
[2021.05.26-03.29.46:506][536]LogModuleManager: Shutting down and abandoning module NiagaraShader (49)
[2021.05.26-03.29.46:506][536]LogModuleManager: Shutting down and abandoning module NVIDIAGfeSDK (47)
[2021.05.26-03.29.46:506][536]LogModuleManager: Shutting down and abandoning module Ansel (45)
[2021.05.26-03.29.46:507][536]LogModuleManager: Shutting down and abandoning module OnlineSubsystem (41)
[2021.05.26-03.29.46:507][536]LogOnline: Display: STEAM (NWI): OnlineSubsystemSteam::Shutdown()
[2021.05.26-03.29.46:508][536]LogOnline: STEAM (NWI): AUTH: Revoking all tickets.
[2021.05.26-03.29.46:565][536]LogOnline: Display: FOnlineSubsystemNWI::Shutdown()
[2021.05.26-03.29.46:565][536]LogOnline: Display: STEAM (NWI): OnlineSubsystemSteam::Shutdown()
[2021.05.26-03.29.46:566][536]LogOnline: FOnlineSubsystemNWIModule::ShutdownModule
[2021.05.26-03.29.46:567][536]LogOnline: Display: FOnlineSubsystemNWI::Shutdown()
[2021.05.26-03.29.46:567][536]LogModuleManager: Shutting down and abandoning module SteamShared (37)
[2021.05.26-03.29.46:568][536]LogSteamShared: Freeing the Steam Loaded Modules...
[2021.05.26-03.29.46:569][536]LogModuleManager: Shutting down and abandoning module HTTP (34)
[2021.05.26-03.29.46:603][536]LogModuleManager: Shutting down and abandoning module SSL (33)
[2021.05.26-03.29.46:603][536]LogModuleManager: Shutting down and abandoning module PlatformCryptoOpenSSL (29)
[2021.05.26-03.29.46:603][536]LogModuleManager: Shutting down and abandoning module PlatformCryptoTypes (27)
[2021.05.26-03.29.46:604][536]LogModuleManager: Shutting down and abandoning module PlatformCrypto (25)
[2021.05.26-03.29.46:604][536]LogModuleManager: Shutting down and abandoning module PythonScriptPluginPreload (23)
[2021.05.26-03.29.46:605][536]LogModuleManager: Shutting down and abandoning module RenderCore (21)
[2021.05.26-03.29.46:607][536]LogModuleManager: Shutting down and abandoning module Landscape (19)
[2021.05.26-03.29.46:608][536]LogModuleManager: Shutting down and abandoning module OpenGLDrv (17)
[2021.05.26-03.29.46:608][536]LogModuleManager: Shutting down and abandoning module AnimGraphRuntime (14)
[2021.05.26-03.29.46:609][536]LogModuleManager: Shutting down and abandoning module Renderer (12)
[2021.05.26-03.29.46:610][536]LogModuleManager: Shutting down and abandoning module Engine (10)
[2021.05.26-03.29.46:610][536]LogModuleManager: Shutting down and abandoning module CoreUObject (8)
[2021.05.26-03.29.46:611][536]LogModuleManager: Shutting down and abandoning module SandboxFile (6)
[2021.05.26-03.29.46:612][536]LogModuleManager: Shutting down and abandoning module PakFile (4)
[2021.05.26-03.29.46:618][536]LogModuleManager: Shutting down and abandoning module RSA (3)
[2021.05.26-03.29.46:619][536]LogExit: Exiting.
[2021.05.26-03.29.46:632][536]Log file closed, 05/25/21 23:29:46
