Log file open, 05/25/21 23:39:14
LogPakFile: Display: Found Pak file ../../../Insurgency/Content/Paks/pakchunk21-WindowsServer_0_P.pak attempting to mount.
LogPakFile: Display: Mounting pak file ../../../Insurgency/Content/Paks/pakchunk21-WindowsServer_0_P.pak.
LogPakFile: Display: Found Pak file ../../../Insurgency/Content/Paks/pakchunk21-WindowsServer.pak attempting to mount.
LogPakFile: Display: Mounting pak file ../../../Insurgency/Content/Paks/pakchunk21-WindowsServer.pak.
LogPakFile: Display: Found Pak file ../../../Insurgency/Content/Paks/pakchunk20-WindowsServer_0_P.pak attempting to mount.
LogPakFile: Display: Mounting pak file ../../../Insurgency/Content/Paks/pakchunk20-WindowsServer_0_P.pak.
LogPakFile: Display: Found Pak file ../../../Insurgency/Content/Paks/pakchunk20-WindowsServer.pak attempting to mount.
LogPakFile: Display: Mounting pak file ../../../Insurgency/Content/Paks/pakchunk20-WindowsServer.pak.
LogPakFile: Display: Found Pak file ../../../Insurgency/Content/Paks/pakchunk19-WindowsServer_0_P.pak attempting to mount.
LogPakFile: Display: Mounting pak file ../../../Insurgency/Content/Paks/pakchunk19-WindowsServer_0_P.pak.
LogPakFile: Display: Found Pak file ../../../Insurgency/Content/Paks/pakchunk19-WindowsServer.pak attempting to mount.
LogPakFile: Display: Mounting pak file ../../../Insurgency/Content/Paks/pakchunk19-WindowsServer.pak.
LogPakFile: Display: Found Pak file ../../../Insurgency/Content/Paks/pakchunk18-WindowsServer_0_P.pak attempting to mount.
LogPakFile: Display: Mounting pak file ../../../Insurgency/Content/Paks/pakchunk18-WindowsServer_0_P.pak.
LogPakFile: Display: Found Pak file ../../../Insurgency/Content/Paks/pakchunk18-WindowsServer.pak attempting to mount.
LogPakFile: Display: Mounting pak file ../../../Insurgency/Content/Paks/pakchunk18-WindowsServer.pak.
LogPakFile: Display: Found Pak file ../../../Insurgency/Content/Paks/pakchunk17-WindowsServer_0_P.pak attempting to mount.
LogPakFile: Display: Mounting pak file ../../../Insurgency/Content/Paks/pakchunk17-WindowsServer_0_P.pak.
LogPakFile: Display: Found Pak file ../../../Insurgency/Content/Paks/pakchunk17-WindowsServer.pak attempting to mount.
LogPakFile: Display: Mounting pak file ../../../Insurgency/Content/Paks/pakchunk17-WindowsServer.pak.
LogPakFile: Display: Found Pak file ../../../Insurgency/Content/Paks/pakchunk16-WindowsServer_0_P.pak attempting to mount.
LogPakFile: Display: Mounting pak file ../../../Insurgency/Content/Paks/pakchunk16-WindowsServer_0_P.pak.
LogPakFile: Display: Found Pak file ../../../Insurgency/Content/Paks/pakchunk16-WindowsServer.pak attempting to mount.
LogPakFile: Display: Mounting pak file ../../../Insurgency/Content/Paks/pakchunk16-WindowsServer.pak.
LogPakFile: Display: Found Pak file ../../../Insurgency/Content/Paks/pakchunk15-WindowsServer_0_P.pak attempting to mount.
LogPakFile: Display: Mounting pak file ../../../Insurgency/Content/Paks/pakchunk15-WindowsServer_0_P.pak.
LogPakFile: Display: Found Pak file ../../../Insurgency/Content/Paks/pakchunk15-WindowsServer.pak attempting to mount.
LogPakFile: Display: Mounting pak file ../../../Insurgency/Content/Paks/pakchunk15-WindowsServer.pak.
LogPakFile: Display: Found Pak file ../../../Insurgency/Content/Paks/pakchunk14-WindowsServer_0_P.pak attempting to mount.
LogPakFile: Display: Mounting pak file ../../../Insurgency/Content/Paks/pakchunk14-WindowsServer_0_P.pak.
LogPakFile: Display: Found Pak file ../../../Insurgency/Content/Paks/pakchunk14-WindowsServer.pak attempting to mount.
LogPakFile: Display: Mounting pak file ../../../Insurgency/Content/Paks/pakchunk14-WindowsServer.pak.
LogPakFile: Display: Found Pak file ../../../Insurgency/Content/Paks/pakchunk13-WindowsServer_0_P.pak attempting to mount.
LogPakFile: Display: Mounting pak file ../../../Insurgency/Content/Paks/pakchunk13-WindowsServer_0_P.pak.
LogPakFile: Display: Found Pak file ../../../Insurgency/Content/Paks/pakchunk13-WindowsServer.pak attempting to mount.
LogPakFile: Display: Mounting pak file ../../../Insurgency/Content/Paks/pakchunk13-WindowsServer.pak.
LogPakFile: Display: Found Pak file ../../../Insurgency/Content/Paks/pakchunk12-WindowsServer_0_P.pak attempting to mount.
LogPakFile: Display: Mounting pak file ../../../Insurgency/Content/Paks/pakchunk12-WindowsServer_0_P.pak.
LogPakFile: Display: Found Pak file ../../../Insurgency/Content/Paks/pakchunk12-WindowsServer.pak attempting to mount.
LogPakFile: Display: Mounting pak file ../../../Insurgency/Content/Paks/pakchunk12-WindowsServer.pak.
LogPakFile: Display: Found Pak file ../../../Insurgency/Content/Paks/pakchunk11-WindowsServer_0_P.pak attempting to mount.
LogPakFile: Display: Mounting pak file ../../../Insurgency/Content/Paks/pakchunk11-WindowsServer_0_P.pak.
LogPakFile: Display: Found Pak file ../../../Insurgency/Content/Paks/pakchunk11-WindowsServer.pak attempting to mount.
LogPakFile: Display: Mounting pak file ../../../Insurgency/Content/Paks/pakchunk11-WindowsServer.pak.
LogPakFile: Display: Found Pak file ../../../Insurgency/Content/Paks/pakchunk10-WindowsServer_0_P.pak attempting to mount.
LogPakFile: Display: Mounting pak file ../../../Insurgency/Content/Paks/pakchunk10-WindowsServer_0_P.pak.
LogPakFile: Display: Found Pak file ../../../Insurgency/Content/Paks/pakchunk10-WindowsServer.pak attempting to mount.
LogPakFile: Display: Mounting pak file ../../../Insurgency/Content/Paks/pakchunk10-WindowsServer.pak.
LogPakFile: Display: Found Pak file ../../../Insurgency/Content/Paks/pakchunk0-WindowsServer_0_P.pak attempting to mount.
LogPakFile: Display: Mounting pak file ../../../Insurgency/Content/Paks/pakchunk0-WindowsServer_0_P.pak.
LogPakFile: Display: Found Pak file ../../../Insurgency/Content/Paks/pakchunk0-WindowsServer.pak attempting to mount.
LogPakFile: Display: Mounting pak file ../../../Insurgency/Content/Paks/pakchunk0-WindowsServer.pak.
LogPlatformFile: Not using cached read wrapper
LogTaskGraph: Started task graph with 4 named threads and 8 total threads with 1 sets of task threads.
LogModuleManager: Warning: ModuleManager: Module 'D3D11RHI' not found - its StaticallyLinkedModuleInitializers function is null.
LogICUInternationalization: ICU TimeZone Detection - Raw Offset: -5:00, Platform Override: ''
LogPluginManager: Mounting plugin Wwise
LogPluginManager: Mounting plugin MatineeToLevelSequence
LogPluginManager: Mounting plugin TemplateSequence
LogPluginManager: Mounting plugin LevelSequenceEditor
LogPluginManager: Mounting plugin OnlineSubsystemSteamNWI
LogPluginManager: Mounting plugin OnlineSubsystem
LogPluginManager: Mounting plugin OnlineSubsystemUtils
LogPluginManager: Mounting plugin SteamShared
LogPluginManager: Mounting plugin Ansel
LogPluginManager: Mounting plugin NVIDIAGfeSDK
LogPluginManager: Mounting plugin OnlineFramework
LogPluginManager: Mounting plugin MediaPlayerEditor
LogPluginManager: Mounting plugin WmfMedia
LogPluginManager: Mounting plugin OnlineSubsystemNWI
LogPluginManager: Mounting plugin SignificanceManager
LogPluginManager: Mounting plugin Niagara
LogPluginManager: Mounting plugin ReplicationGraph
LogPluginManager: Mounting plugin EditorScriptingUtilities
LogPluginManager: Mounting plugin Gauntlet
LogPluginManager: Mounting plugin BlueprintStats
LogPluginManager: Mounting plugin InsurgencyEditor
LogPluginManager: Mounting plugin PluginBrowser
LogPluginManager: Mounting plugin ModKit
LogPluginManager: Mounting plugin HttpExtensions
LogPluginManager: Mounting plugin ZipUtilities
LogPluginManager: Mounting plugin AnimationBudgetAllocator
LogPluginManager: Mounting plugin InsurgencyUnitTests
LogPluginManager: Mounting plugin DataValidation
LogPluginManager: Mounting plugin RenderDocPlugin
LogPluginManager: Mounting plugin TraceDataFilters
LogPluginManager: Mounting plugin TraceSourceFilters
LogPluginManager: Mounting plugin GameplayInsights
LogPluginManager: Mounting plugin TcpMessaging
LogPluginManager: Mounting plugin StatsCollector
LogPluginManager: Mounting plugin OnlineSubsystemEOS
LogPluginManager: Mounting plugin VivoxCore
LogPluginManager: Mounting plugin MfMedia
LogPluginManager: Mounting plugin PythonScriptPlugin
LogPluginManager: Mounting plugin ControlRig
LogPluginManager: Mounting plugin NativizedAssets
LogPluginManager: Mounting plugin PhysXVehicles
LogPluginManager: Mounting plugin GameStats
LogPluginManager: Mounting plugin SlackFeedback
LogPluginManager: Mounting plugin InsurgencyGameplayDebugger
LogPluginManager: Mounting plugin ConsoleCertificationRequirements
LogPluginManager: Mounting plugin DiscordRpc
LogPluginManager: Mounting plugin EasyAntiCheat
LogPluginManager: Mounting plugin CryptoUtilities
LogPluginManager: Mounting plugin Holidays
LogPluginManager: Mounting plugin UMGExtensions
LogPluginManager: Mounting plugin RconSandstorm
LogPluginManager: Mounting plugin Rcon
LogPluginManager: Mounting plugin AISupport
LogPluginManager: Mounting plugin LightPropagationVolume
LogPluginManager: Mounting plugin AnimationSharing
LogPluginManager: Mounting plugin AssetManagerEditor
LogPluginManager: Mounting plugin FacialAnimation
LogPluginManager: Mounting plugin GeometryMode
LogPluginManager: Mounting plugin VariantManagerContent
LogPluginManager: Mounting plugin AutomationUtils
LogPluginManager: Mounting plugin ScreenshotTools
LogPluginManager: Mounting plugin ChaosClothEditor
LogPluginManager: Mounting plugin ChaosCloth
LogPluginManager: Mounting plugin ChaosEditor
LogPluginManager: Mounting plugin PlanarCut
LogPluginManager: Mounting plugin GeometryProcessing
LogPluginManager: Mounting plugin EditableMesh
LogPluginManager: Mounting plugin GeometryCollectionPlugin
LogPluginManager: Mounting plugin ProceduralMeshComponent
LogPluginManager: Mounting plugin ChaosSolverPlugin
LogPluginManager: Mounting plugin ChaosNiagara
LogPluginManager: Mounting plugin CharacterAI
LogPluginManager: Mounting plugin PlatformCrypto
LogPluginManager: Mounting plugin MagicLeapPassableWorld
LogPluginManager: Mounting plugin MeshPainting
LogPluginManager: Mounting plugin UdpMessaging
LogPluginManager: Mounting plugin ActorSequence
LogPluginManager: Mounting plugin MovieRenderPipeline
LogPluginManager: Mounting plugin NetcodeUnitTest
LogPluginManager: Mounting plugin OnlineSubsystemNull
LogPluginManager: Mounting plugin AssetTags
LogPluginManager: Mounting plugin GooglePAD
LogPluginManager: Mounting plugin RuntimePhysXCooking
LogPluginManager: Mounting plugin SoundFields
LogPluginManager: Mounting plugin Synthesis
LogPluginManager: Mounting plugin WindowsMoviePlayer
LogPluginManager: Mounting plugin ExampleContent
LogPluginManager: Mounting plugin NWI_Infected
LogInit: Using libcurl 7.55.1-DEV
LogInit:  - built for x86_64-pc-win32
LogInit:  - supports SSL with OpenSSL/1.1.1
LogInit:  - supports HTTP deflate (compression) using libz 1.2.8
LogInit:  - other features:
LogInit:      CURL_VERSION_SSL
LogInit:      CURL_VERSION_LIBZ
LogInit:      CURL_VERSION_IPV6
LogInit:      CURL_VERSION_ASYNCHDNS
LogInit:      CURL_VERSION_LARGEFILE
LogInit:      CURL_VERSION_IDN
LogInit:  CurlRequestOptions (configurable via config and command line):
LogInit:  - bVerifyPeer = true  - Libcurl will verify peer certificate
LogInit:  - bUseHttpProxy = false  - Libcurl will NOT use HTTP proxy
LogInit:  - bDontReuseConnections = false  - Libcurl will reuse connections
LogInit:  - MaxHostConnections = 16  - Libcurl will limit the number of connections to a host
LogInit:  - LocalHostAddr = Default
LogInit:  - BufferSize = 65536
LogSteamShared: Display: Loading Steam SDK 1.47
LogSteamShared: Steam SDK Loaded!
LogOnline: OSS: Creating online subsystem instance for: SteamNWI
LogOnline: Display: STEAM (NWI): Steam: Starting SteamWorks. Client [0] Server [1]
LogOnline: STEAM (NWI): [AppId: 581320] Game Server API initialized 1
LogOnline: STEAM (NWI): Missing P2PCleanupTimeout key in OnlineSubsystemSteam of DefaultEngine.ini, using default
LogInit: WinSock: version 1.1 (2.2), MaxSocks=32767, MaxUdp=65467
LogOnline: STEAM (NWI): AUTH: Steam Auth Enabled
LogOnline: STEAM (NWI): Initializing voice subsystem.
LogOnline: OSS: TryLoadSubsystemAndSetDefault: Loaded subsystem for module [SteamNWI]
LogAnsel: Tried to load ../../../Engine/Plugins/Runtime/Nvidia/Ansel/Binaries/ThirdParty/AnselSDK64.dll : success=1
LogTemp: Using NVIDIAGfeSDKPlugin version 1.0.0
LogOnline: Error: OSS: FOnlineSubsystemEOS::DeferredInit() failed to find artifact settings object for artifact ()
LogInit: Build: ++sandstorm+release-1.10.0-CL-152892
LogInit: Engine Version: 4.25.4-152892+++sandstorm+release-1.10.0
LogInit: Compatible Engine Version: 4.25.4-152892+++sandstorm+release-1.10.0
LogInit: Net CL: 152892
LogInit: OS: Windows 10 (Release 2004) (), CPU: Intel(R) Core(TM) i7-8550U CPU @ 1.80GHz, GPU: Intel(R) UHD Graphics 620
LogInit: Compiled (64-bit): May 20 2021 00:59:20
LogInit: Compiled with Visual C++: 19.27.29112.00
LogInit: Build Configuration: Shipping
LogInit: Branch Name: ++sandstorm+release-1.10.0
LogInit: Command Line:  Oilfield?Scenario=Scenario_Refinery_Checkpoint_Security?MaxPlayers=2?Mode=CheckpointHardcore -Port=27102 -QueryPort=27131 -log -hostname=GrumTest
LogInit: Base Directory: C:/Users/Matt/Downloads/steamcmd/steamapps/common/sandstorm_server/Insurgency/Binaries/Win64/
LogInit: Allocator: binned2
LogInit: Installed Engine Build: 0
LogInit: Presizing for max 2097152 objects, including 130000 objects not considered by GC, pre-allocating 32000000 bytes for permanent pool.
LogConfig: Applying CVar settings from Section [/Script/Engine.StreamingSettings] File [../../../Insurgency/Saved/Config/WindowsServer/Engine.ini]
LogConfig: Setting CVar [[s.MinBulkDataSizeForAsyncLoading:131072]]
LogConfig: Setting CVar [[s.AsyncLoadingThreadEnabled:1]]
LogConfig: Setting CVar [[s.EventDrivenLoaderEnabled:1]]
LogConfig: Setting CVar [[s.WarnIfTimeLimitExceeded:0]]
LogConfig: Setting CVar [[s.TimeLimitExceededMultiplier:1.5]]
LogConfig: Setting CVar [[s.TimeLimitExceededMinTime:0.005]]
LogConfig: Setting CVar [[s.UseBackgroundLevelStreaming:1]]
LogConfig: Setting CVar [[s.PriorityAsyncLoadingExtraTime:15.0]]
LogConfig: Setting CVar [[s.LevelStreamingActorsUpdateTimeLimit:5.0]]
LogConfig: Setting CVar [[s.PriorityLevelStreamingActorsUpdateExtraTime:5.0]]
LogConfig: Setting CVar [[s.LevelStreamingComponentsRegistrationGranularity:10]]
LogConfig: Setting CVar [[s.UnregisterComponentsTimeLimit:1.0]]
LogConfig: Setting CVar [[s.LevelStreamingComponentsUnregistrationGranularity:5]]
LogConfig: Setting CVar [[s.FlushStreamingOnExit:1]]
LogStreaming: Display: Async Loading initialized: Event Driven Loader: true, Async Loading Thread: false, Async Post Load: false
LogInit: Object subsystem initialized
LogConfig: Setting CVar [[net.PingExcludeFrameTime:1]]
LogConfig: Setting CVar [[net.UseAdaptiveNetUpdateFrequency:0]]
LogConfig: Setting CVar [[demo.RecordHz:20]]
LogConfig: Setting CVar [[r.HZBOcclusion:0]]
LogConfig: Setting CVar [[r.RenderTargetPoolMin:450]]
LogConfig: Setting CVar [[r.EyeAdaptation.BlackHistogramBucketInfluence:1]]
LogConfig: Setting CVar [[net.AllowAsyncLoading:1]]
LogConfig: Setting CVar [[net.AllowEncryption:1]]
LogConfig: Setting CVar [[t.FPSChart.ExcludeIdleTime:1]]
LogConfig: Setting CVar [[r.setres:1280x720]]
LogConfig: Setting CVar [[fx.NiagaraAllowRuntimeScalabilityChanges:1]]
[2021.05.26-03.39.15:175][  0]LogConfig: Setting CVar [[net.PingExcludeFrameTime:1]]
[2021.05.26-03.39.15:176][  0]LogConfig: Setting CVar [[net.UseAdaptiveNetUpdateFrequency:0]]
[2021.05.26-03.39.15:176][  0]LogConfig: Setting CVar [[demo.RecordHz:20]]
[2021.05.26-03.39.15:176][  0]LogConfig: Setting CVar [[r.HZBOcclusion:0]]
[2021.05.26-03.39.15:176][  0]LogConfig: Setting CVar [[r.RenderTargetPoolMin:450]]
[2021.05.26-03.39.15:177][  0]LogConfig: Setting CVar [[r.EyeAdaptation.BlackHistogramBucketInfluence:1]]
[2021.05.26-03.39.15:177][  0]LogConfig: Setting CVar [[net.AllowAsyncLoading:1]]
[2021.05.26-03.39.15:177][  0]LogConfig: Setting CVar [[net.AllowEncryption:1]]
[2021.05.26-03.39.15:178][  0]LogConfig: Setting CVar [[t.FPSChart.ExcludeIdleTime:1]]
[2021.05.26-03.39.15:178][  0]LogConfig: Setting CVar [[r.setres:1280x720]]
[2021.05.26-03.39.15:178][  0]LogConfig: Setting CVar [[fx.NiagaraAllowRuntimeScalabilityChanges:1]]
[2021.05.26-03.39.15:179][  0]LogConfig: Applying CVar settings from Section [/Script/Engine.RendererSettings] File [../../../Insurgency/Saved/Config/WindowsServer/Engine.ini]
[2021.05.26-03.39.15:179][  0]LogConfig: Setting CVar [[r.GPUCrashDebugging:0]]
[2021.05.26-03.39.15:179][  0]LogConfig: Setting CVar [[r.MobileHDR:0]]
[2021.05.26-03.39.15:180][  0]LogConfig: Setting CVar [[r.MobileNumDynamicPointLights:4]]
[2021.05.26-03.39.15:180][  0]LogConfig: Setting CVar [[r.MobileDynamicPointLightsUseStaticBranch:1]]
[2021.05.26-03.39.15:180][  0]LogConfig: Setting CVar [[r.AllowOcclusionQueries:1]]
[2021.05.26-03.39.15:180][  0]LogConfig: Setting CVar [[r.MinScreenRadiusForLights:0.030000]]
[2021.05.26-03.39.15:181][  0]LogConfig: Setting CVar [[r.MinScreenRadiusForDepthPrepass:0.030000]]
[2021.05.26-03.39.15:181][  0]LogConfig: Setting CVar [[r.PrecomputedVisibilityWarning:0]]
[2021.05.26-03.39.15:182][  0]LogConfig: Setting CVar [[r.TextureStreaming:1]]
[2021.05.26-03.39.15:182][  0]LogConfig: Setting CVar [[Compat.UseDXT5NormalMaps:0]]
[2021.05.26-03.39.15:183][  0]LogConfig: Setting CVar [[r.AllowStaticLighting:1]]
[2021.05.26-03.39.15:183][  0]LogConfig: Setting CVar [[r.NormalMapsForStaticLighting:0]]
[2021.05.26-03.39.15:184][  0]LogConfig: Setting CVar [[r.GenerateMeshDistanceFields:0]]
[2021.05.26-03.39.15:186][  0]LogConfig: Setting CVar [[r.GenerateLandscapeGIData:1]]
[2021.05.26-03.39.15:187][  0]LogConfig: Setting CVar [[r.SeparateTranslucency:1]]
[2021.05.26-03.39.15:194][  0]LogConfig: Setting CVar [[r.TranslucentSortPolicy:0]]
[2021.05.26-03.39.15:195][  0]LogConfig: Setting CVar [[r.CustomDepth:3]]
[2021.05.26-03.39.15:195][  0]LogConfig: Setting CVar [[r.DefaultFeature.Bloom:1]]
[2021.05.26-03.39.15:195][  0]LogConfig: Setting CVar [[r.DefaultFeature.AmbientOcclusion:1]]
[2021.05.26-03.39.15:196][  0]LogConfig: Setting CVar [[r.DefaultFeature.AmbientOcclusionStaticFraction:1]]
[2021.05.26-03.39.15:196][  0]LogConfig: Setting CVar [[r.DefaultFeature.AutoExposure:1]]
[2021.05.26-03.39.15:197][  0]LogConfig: Setting CVar [[r.DefaultFeature.MotionBlur:0]]
[2021.05.26-03.39.15:197][  0]LogConfig: Setting CVar [[r.DefaultFeature.LensFlare:0]]
[2021.05.26-03.39.15:197][  0]LogConfig: Setting CVar [[r.DefaultFeature.AntiAliasing:2]]
[2021.05.26-03.39.15:198][  0]LogConfig: Setting CVar [[r.EarlyZPass:2]]
[2021.05.26-03.39.15:198][  0]LogConfig: Setting CVar [[r.DBuffer:1]]
[2021.05.26-03.39.15:199][  0]LogConfig: Setting CVar [[r.ClearSceneMethod:1]]
[2021.05.26-03.39.15:200][  0]LogConfig: Setting CVar [[r.BasePassOutputsVelocity:1]]
[2021.05.26-03.39.15:202][  0]LogConfig: Setting CVar [[r.WireframeCullThreshold:5.000000]]
[2021.05.26-03.39.15:203][  0]LogConfig: Setting CVar [[r.SupportLowQualityLightmaps:0]]
[2021.05.26-03.39.15:206][  0]LogConfig: Setting CVar [[r.Shadow.UnbuiltPreviewInGame:0]]
[2021.05.26-03.39.15:206][  0]LogConfig: Setting CVar [[r.EarlyZPassOnlyMaterialMasking:1]]
[2021.05.26-03.39.15:207][  0]LogConfig: Setting CVar [[r.DefaultFeature.LightUnits:0]]
[2021.05.26-03.39.15:207][  0]LogConfig: Setting CVar [[r.DefaultFeature.AutoExposure.Bias:0.000000]]
[2021.05.26-03.39.15:207][  0]LogConfig: Setting CVar [[r.DefaultFeature.AutoExposure.ExtendDefaultLuminanceRange:0]]
[2021.05.26-03.39.15:208][  0]LogConfig: Applying CVar settings from Section [/Script/Engine.RendererOverrideSettings] File [../../../Insurgency/Saved/Config/WindowsServer/Engine.ini]
[2021.05.26-03.39.15:208][  0]LogConfig: Applying CVar settings from Section [/Script/Engine.StreamingSettings] File [../../../Insurgency/Saved/Config/WindowsServer/Engine.ini]
[2021.05.26-03.39.15:208][  0]LogConfig: Setting CVar [[s.MinBulkDataSizeForAsyncLoading:131072]]
[2021.05.26-03.39.15:209][  0]LogConfig: Setting CVar [[s.AsyncLoadingThreadEnabled:1]]
[2021.05.26-03.39.15:209][  0]LogConfig: Setting CVar [[s.EventDrivenLoaderEnabled:1]]
[2021.05.26-03.39.15:209][  0]LogConfig: Setting CVar [[s.WarnIfTimeLimitExceeded:0]]
[2021.05.26-03.39.15:209][  0]LogConfig: Setting CVar [[s.TimeLimitExceededMultiplier:1.5]]
[2021.05.26-03.39.15:210][  0]LogConfig: Setting CVar [[s.TimeLimitExceededMinTime:0.005]]
[2021.05.26-03.39.15:210][  0]LogConfig: Setting CVar [[s.UseBackgroundLevelStreaming:1]]
[2021.05.26-03.39.15:210][  0]LogConfig: Setting CVar [[s.PriorityAsyncLoadingExtraTime:15.0]]
[2021.05.26-03.39.15:211][  0]LogConfig: Setting CVar [[s.LevelStreamingActorsUpdateTimeLimit:5.0]]
[2021.05.26-03.39.15:211][  0]LogConfig: Setting CVar [[s.PriorityLevelStreamingActorsUpdateExtraTime:5.0]]
[2021.05.26-03.39.15:211][  0]LogConfig: Setting CVar [[s.LevelStreamingComponentsRegistrationGranularity:10]]
[2021.05.26-03.39.15:211][  0]LogConfig: Setting CVar [[s.UnregisterComponentsTimeLimit:1.0]]
[2021.05.26-03.39.15:212][  0]LogConfig: Setting CVar [[s.LevelStreamingComponentsUnregistrationGranularity:5]]
[2021.05.26-03.39.15:212][  0]LogConfig: Setting CVar [[s.FlushStreamingOnExit:1]]
[2021.05.26-03.39.15:212][  0]LogConfig: Applying CVar settings from Section [/Script/Engine.GarbageCollectionSettings] File [../../../Insurgency/Saved/Config/WindowsServer/Engine.ini]
[2021.05.26-03.39.15:212][  0]LogConfig: Setting CVar [[gc.MaxObjectsNotConsideredByGC:130000]]
[2021.05.26-03.39.15:213][  0]LogConfig: Setting CVar [[gc.SizeOfPermanentObjectPool:32000000]]
[2021.05.26-03.39.15:213][  0]LogConfig: Setting CVar [[gc.FlushStreamingOnGC:0]]
[2021.05.26-03.39.15:214][  0]LogConfig: Setting CVar [[gc.NumRetriesBeforeForcingGC:10]]
[2021.05.26-03.39.15:214][  0]LogConfig: Setting CVar [[gc.AllowParallelGC:1]]
[2021.05.26-03.39.15:214][  0]LogConfig: Setting CVar [[gc.TimeBetweenPurgingPendingKillObjects:61.1]]
[2021.05.26-03.39.15:215][  0]LogConfig: Setting CVar [[gc.MaxObjectsInEditor:25165824]]
[2021.05.26-03.39.15:215][  0]LogConfig: Setting CVar [[gc.IncrementalBeginDestroyEnabled:1]]
[2021.05.26-03.39.15:216][  0]LogConfig: Setting CVar [[gc.CreateGCClusters:1]]
[2021.05.26-03.39.15:217][  0]LogConfig: Setting CVar [[gc.MinGCClusterSize:5]]
[2021.05.26-03.39.15:218][  0]LogConfig: Setting CVar [[gc.ActorClusteringEnabled:1]]
[2021.05.26-03.39.15:223][  0]LogConfig: Setting CVar [[gc.BlueprintClusteringEnabled:1]]
[2021.05.26-03.39.15:224][  0]LogConfig: Setting CVar [[gc.UseDisregardForGCOnDedicatedServers:0]]
[2021.05.26-03.39.15:224][  0]LogConfig: Applying CVar settings from Section [/Script/Engine.NetworkSettings] File [../../../Insurgency/Saved/Config/WindowsServer/Engine.ini]
[2021.05.26-03.39.15:224][  0]LogConfig: Applying CVar settings from Section [ViewDistanceQuality@3] File [../../../Insurgency/Saved/Config/WindowsServer/Scalability.ini]
[2021.05.26-03.39.15:225][  0]LogConfig: Setting CVar [[r.SkeletalMeshLODBias:0]]
[2021.05.26-03.39.15:225][  0]LogConfig: Setting CVar [[r.ViewDistanceScale:1.0]]
[2021.05.26-03.39.15:225][  0]LogConfig: Setting CVar [[r.SkeletalMeshLODRadiusScale:1]]
[2021.05.26-03.39.15:225][  0]LogConfig: Setting CVar [[r.LandscapeLODBias:0]]
[2021.05.26-03.39.15:226][  0]LogConfig: Setting CVar [[r.ViewDistanceScale.FieldOfViewAffectsHLOD:1]]
[2021.05.26-03.39.15:226][  0]LogConfig: Setting CVar [[r.ViewDistanceScale.FieldOfViewMinAngleScale:5]]
[2021.05.26-03.39.15:227][  0]LogConfig: Setting CVar [[r.ViewDistanceScale.FieldOfViewMinAngle:15]]
[2021.05.26-03.39.15:227][  0]LogConfig: Setting CVar [[r.ViewDistanceScale.FieldOfViewMaxAngleScale:1]]
[2021.05.26-03.39.15:227][  0]LogConfig: Setting CVar [[r.ViewDistanceScale.FieldOfViewMaxAngle:65]]
[2021.05.26-03.39.15:228][  0]LogConfig: Applying CVar settings from Section [AntiAliasingQuality@5] File [../../../Insurgency/Saved/Config/WindowsServer/Scalability.ini]
[2021.05.26-03.39.15:228][  0]LogConfig: Setting CVar [[r.PostProcessAAQuality:5]]
[2021.05.26-03.39.15:228][  0]LogConfig: Setting CVar [[r.SMAA.Temporal:0]]
[2021.05.26-03.39.15:229][  0]LogConfig: Applying CVar settings from Section [ShadowQuality@3] File [../../../Insurgency/Saved/Config/WindowsServer/Scalability.ini]
[2021.05.26-03.39.15:229][  0]LogConfig: Setting CVar [[r.LightFunctionQuality:1]]
[2021.05.26-03.39.15:229][  0]LogConfig: Setting CVar [[r.ShadowQuality:5]]
[2021.05.26-03.39.15:229][  0]LogConfig: Setting CVar [[r.Shadow.CSM.MaxCascades:2]]
[2021.05.26-03.39.15:229][  0]LogConfig: Setting CVar [[r.Shadow.MaxResolution:2048]]
[2021.05.26-03.39.15:229][  0]LogConfig: Setting CVar [[r.Shadow.MaxCSMResolution:2048]]
[2021.05.26-03.39.15:229][  0]LogConfig: Setting CVar [[r.Shadow.RadiusThreshold:0.01]]
[2021.05.26-03.39.15:230][  0]LogConfig: Setting CVar [[r.Shadow.DistanceScale:1.0]]
[2021.05.26-03.39.15:230][  0]LogConfig: Setting CVar [[r.Shadow.CSM.TransitionScale:1.0]]
[2021.05.26-03.39.15:230][  0]LogConfig: Setting CVar [[r.Shadow.PreShadowResolutionFactor:1.0]]
[2021.05.26-03.39.15:230][  0]LogConfig: Setting CVar [[r.DistanceFieldShadowing:0]]
[2021.05.26-03.39.15:231][  0]LogConfig: Setting CVar [[r.DistanceFieldAO:0]]
[2021.05.26-03.39.15:231][  0]LogConfig: Setting CVar [[r.AOQuality:2]]
[2021.05.26-03.39.15:231][  0]LogConfig: Setting CVar [[r.VolumetricFog:1]]
[2021.05.26-03.39.15:231][  0]LogConfig: Setting CVar [[r.VolumetricFog.GridPixelSize:8]]
[2021.05.26-03.39.15:231][  0]LogConfig: Setting CVar [[r.VolumetricFog.GridSizeZ:128]]
[2021.05.26-03.39.15:231][  0]LogConfig: Setting CVar [[r.VolumetricFog.HistoryMissSupersampleCount:4]]
[2021.05.26-03.39.15:232][  0]LogConfig: Setting CVar [[r.LightMaxDrawDistanceScale:1]]
[2021.05.26-03.39.15:233][  0]LogConfig: Setting CVar [[r.CapsuleShadows:1]]
[2021.05.26-03.39.15:235][  0]LogConfig: Setting CVar [[r.Shadow.ForceSingleSampleShadowingFromStationary:1]]
[2021.05.26-03.39.15:240][  0]LogConfig: Setting CVar [[r.CapsuleShadowsCharacter:1]]
[2021.05.26-03.39.15:241][  0]LogConfig: Setting CVar [[r.ContactShadows:1]]
[2021.05.26-03.39.15:241][  0]LogConfig: Applying CVar settings from Section [PostProcessQuality@3] File [../../../Insurgency/Saved/Config/WindowsServer/Scalability.ini]
[2021.05.26-03.39.15:242][  0]LogConfig: Setting CVar [[r.MotionBlurQuality:4]]
[2021.05.26-03.39.15:242][  0]LogConfig: Setting CVar [[r.AmbientOcclusionMipLevelFactor:0.4]]
[2021.05.26-03.39.15:243][  0]LogConfig: Setting CVar [[r.AmbientOcclusionMaxQuality:100]]
[2021.05.26-03.39.15:243][  0]LogConfig: Setting CVar [[r.AmbientOcclusionLevels:-1]]
[2021.05.26-03.39.15:243][  0]LogConfig: Setting CVar [[r.AmbientOcclusionRadiusScale:1.0]]
[2021.05.26-03.39.15:244][  0]LogConfig: Setting CVar [[r.DepthOfFieldQuality:2]]
[2021.05.26-03.39.15:244][  0]LogConfig: Setting CVar [[r.RenderTargetPoolMin:400]]
[2021.05.26-03.39.15:244][  0]LogConfig: Setting CVar [[r.LensFlareQuality:2]]
[2021.05.26-03.39.15:245][  0]LogConfig: Setting CVar [[r.SceneColorFringeQuality:1]]
[2021.05.26-03.39.15:245][  0]LogConfig: Setting CVar [[r.EyeAdaptationQuality:2]]
[2021.05.26-03.39.15:245][  0]LogConfig: Setting CVar [[r.BloomQuality:5]]
[2021.05.26-03.39.15:246][  0]LogConfig: Setting CVar [[r.FastBlurThreshold:100]]
[2021.05.26-03.39.15:246][  0]LogConfig: Setting CVar [[r.Upscale.Quality:3]]
[2021.05.26-03.39.15:246][  0]LogConfig: Setting CVar [[r.Tonemapper.GrainQuantization:1]]
[2021.05.26-03.39.15:246][  0]LogConfig: Setting CVar [[r.LightShaftQuality:1]]
[2021.05.26-03.39.15:247][  0]LogConfig: Setting CVar [[r.Filter.SizeScale:1]]
[2021.05.26-03.39.15:247][  0]LogConfig: Setting CVar [[r.Tonemapper.Quality:5]]
[2021.05.26-03.39.15:247][  0]LogConfig: Setting CVar [[r.DOF.Gather.AccumulatorQuality:1        ; higher gathering accumulator quality]]
[2021.05.26-03.39.15:248][  0]LogConfig: Setting CVar [[r.DOF.Gather.PostfilterMethod:1          ; Median3x3 postfilering method]]
[2021.05.26-03.39.15:248][  0]LogConfig: Setting CVar [[r.DOF.Gather.EnableBokehSettings:0       ; no bokeh simulation when gathering]]
[2021.05.26-03.39.15:249][  0]LogConfig: Setting CVar [[r.DOF.Gather.RingCount:4                 ; medium number of samples when gathering]]
[2021.05.26-03.39.15:252][  0]LogConfig: Setting CVar [[r.DOF.Scatter.ForegroundCompositing:1    ; additive foreground scattering]]
[2021.05.26-03.39.15:256][  0]LogConfig: Setting CVar [[r.DOF.Scatter.BackgroundCompositing:2    ; additive background scattering]]
[2021.05.26-03.39.15:256][  0]LogConfig: Setting CVar [[r.DOF.Scatter.EnableBokehSettings:1      ; bokeh simulation when scattering]]
[2021.05.26-03.39.15:258][  0]LogConfig: Setting CVar [[r.DOF.Scatter.MaxSpriteRatio:0.1         ; only a maximum of 10% of scattered bokeh]]
[2021.05.26-03.39.15:258][  0]LogConfig: Setting CVar [[r.DOF.Recombine.Quality:1                ; cheap slight out of focus]]
[2021.05.26-03.39.15:259][  0]LogConfig: Setting CVar [[r.DOF.Recombine.EnableBokehSettings:0    ; no bokeh simulation on slight out of focus]]
[2021.05.26-03.39.15:259][  0]LogConfig: Setting CVar [[r.DOF.TemporalAAQuality:1                ; more stable temporal accumulation]]
[2021.05.26-03.39.15:260][  0]LogConfig: Setting CVar [[r.DOF.Kernel.MaxForegroundRadius:0.025]]
[2021.05.26-03.39.15:260][  0]LogConfig: Setting CVar [[r.DOF.Kernel.MaxBackgroundRadius:0.025]]
[2021.05.26-03.39.15:260][  0]LogConfig: Applying CVar settings from Section [TextureQuality@3] File [../../../Insurgency/Saved/Config/WindowsServer/Scalability.ini]
[2021.05.26-03.39.15:261][  0]LogConfig: Setting CVar [[r.Streaming.MipBias:0]]
[2021.05.26-03.39.15:261][  0]LogConfig: Setting CVar [[r.Streaming.AmortizeCPUToGPUCopy:0]]
[2021.05.26-03.39.15:261][  0]LogConfig: Setting CVar [[r.Streaming.MaxNumTexturesToStreamPerFrame:0]]
[2021.05.26-03.39.15:262][  0]LogConfig: Setting CVar [[r.Streaming.Boost:1.0]]
[2021.05.26-03.39.15:263][  0]LogConfig: Setting CVar [[r.MaxAnisotropy:16]]
[2021.05.26-03.39.15:263][  0]LogConfig: Setting CVar [[r.VT.MaxAnisotropy:8]]
[2021.05.26-03.39.15:263][  0]LogConfig: Setting CVar [[r.Streaming.LimitPoolSizeToVRAM:1]]
[2021.05.26-03.39.15:264][  0]LogConfig: Setting CVar [[r.Streaming.PoolSize:1000]]
[2021.05.26-03.39.15:264][  0]LogConfig: Setting CVar [[r.Streaming.MaxEffectiveScreenSize:0]]
[2021.05.26-03.39.15:264][  0]LogConfig: Setting CVar [[r.SlavePlayerCamera:1]]
[2021.05.26-03.39.15:265][  0]LogConfig: Setting CVar [[r.SlavePlayerCameraSpectator:0]]
[2021.05.26-03.39.15:267][  0]LogConfig: Applying CVar settings from Section [EffectsQuality@3] File [../../../Insurgency/Saved/Config/WindowsServer/Scalability.ini]
[2021.05.26-03.39.15:274][  0]LogConfig: Setting CVar [[r.TranslucencyLightingVolumeDim:64]]
[2021.05.26-03.39.15:274][  0]LogConfig: Setting CVar [[r.RefractionQuality:2]]
[2021.05.26-03.39.15:274][  0]LogConfig: Setting CVar [[r.SSR.Quality:3]]
[2021.05.26-03.39.15:275][  0]LogConfig: Setting CVar [[r.SSR.HalfResSceneColor:0]]
[2021.05.26-03.39.15:275][  0]LogConfig: Setting CVar [[r.SceneColorFormat:4]]
[2021.05.26-03.39.15:275][  0]LogConfig: Setting CVar [[r.DetailMode:2]]
[2021.05.26-03.39.15:276][  0]LogConfig: Setting CVar [[r.TranslucencyVolumeBlur:1]]
[2021.05.26-03.39.15:276][  0]LogConfig: Setting CVar [[r.MaterialQualityLevel:1 ; High quality]]
[2021.05.26-03.39.15:277][  0]LogConfig: Setting CVar [[r.SSS.Scale:1]]
[2021.05.26-03.39.15:277][  0]LogConfig: Setting CVar [[r.SSS.SampleSet:2]]
[2021.05.26-03.39.15:277][  0]LogConfig: Setting CVar [[r.SSS.Quality:1]]
[2021.05.26-03.39.15:278][  0]LogConfig: Setting CVar [[r.SSS.HalfRes:0]]
[2021.05.26-03.39.15:278][  0]LogConfig: Setting CVar [[r.SSGI.Quality:3]]
[2021.05.26-03.39.15:279][  0]LogConfig: Setting CVar [[r.EmitterSpawnRateScale:1.0]]
[2021.05.26-03.39.15:279][  0]LogConfig: Setting CVar [[r.ParticleLightQuality:2]]
[2021.05.26-03.39.15:279][  0]LogConfig: Setting CVar [[r.SkyAtmosphere.AerialPerspectiveLUT.FastApplyOnOpaque:1 ; Always have FastSkyLUT 1 in this case to avoid wrong sky]]
[2021.05.26-03.39.15:280][  0]LogConfig: Setting CVar [[r.SkyAtmosphere.AerialPerspectiveLUT.SampleCountPerSlice:1]]
[2021.05.26-03.39.15:280][  0]LogConfig: Setting CVar [[r.SkyAtmosphere.AerialPerspectiveLUT.DepthResolution:16.0]]
[2021.05.26-03.39.15:280][  0]LogConfig: Setting CVar [[r.SkyAtmosphere.FastSkyLUT:1]]
[2021.05.26-03.39.15:281][  0]LogConfig: Setting CVar [[r.SkyAtmosphere.FastSkyLUT.SampleCountMin:4.0]]
[2021.05.26-03.39.15:281][  0]LogConfig: Setting CVar [[r.SkyAtmosphere.FastSkyLUT.SampleCountMax:32.0]]
[2021.05.26-03.39.15:282][  0]LogConfig: Setting CVar [[r.SkyAtmosphere.SampleCountMin:4.0]]
[2021.05.26-03.39.15:290][  0]LogConfig: Setting CVar [[r.SkyAtmosphere.SampleCountMax:32.0]]
[2021.05.26-03.39.15:290][  0]LogConfig: Setting CVar [[r.SkyAtmosphere.TransmittanceLUT.UseSmallFormat:0]]
[2021.05.26-03.39.15:291][  0]LogConfig: Setting CVar [[r.SkyAtmosphere.TransmittanceLUT.SampleCount:10.0]]
[2021.05.26-03.39.15:291][  0]LogConfig: Setting CVar [[r.SkyAtmosphere.MultiScatteringLUT.SampleCount:15.0]]
[2021.05.26-03.39.15:292][  0]LogConfig: Setting CVar [[fx.Niagara.QualityLevel:3]]
[2021.05.26-03.39.15:292][  0]LogConfig: Setting CVar [[r.RenderTargetViewportSize:1.0]]
[2021.05.26-03.39.15:293][  0]LogConfig: Setting CVar [[r.TessellationAdaptivePixelsPerTriangle:9999999]]
[2021.05.26-03.39.15:293][  0]LogConfig: Setting CVar [[r.SurfReac.Particles.PoolSize:80]]
[2021.05.26-03.39.15:293][  0]LogConfig: Setting CVar [[r.ScopeRenderMode:0]]
[2021.05.26-03.39.15:294][  0]LogConfig: Setting CVar [[r.SeparateTranslucencyScreenPercentage:100]]
[2021.05.26-03.39.15:294][  0]LogConfig: Setting CVar [[r.RagdollMaximum:8]]
[2021.05.26-03.39.15:294][  0]LogConfig: Setting CVar [[r.Dismemberment:1]]
[2021.05.26-03.39.15:295][  0]LogConfig: Applying CVar settings from Section [FoliageQuality@3] File [../../../Insurgency/Saved/Config/WindowsServer/Scalability.ini]
[2021.05.26-03.39.15:295][  0]LogConfig: Setting CVar [[foliage.DensityScale:1.0]]
[2021.05.26-03.39.15:295][  0]LogConfig: Setting CVar [[grass.DensityScale:1.0]]
[2021.05.26-03.39.15:296][  0]LogConfig: Setting CVar [[r.FoliageInteractionQuality:1]]
[2021.05.26-03.39.15:296][  0]LogConfig: Applying CVar settings from Section [ShadingQuality@3] File [../../../Insurgency/Saved/Config/WindowsServer/Scalability.ini]
[2021.05.26-03.39.15:296][  0]LogConfig: Setting CVar [[r.HairStrands.SkyLighting.SampleCount:16]]
[2021.05.26-03.39.15:297][  0]LogConfig: Setting CVar [[r.HairStrands.SkyLighting.JitterIntegration:0]]
[2021.05.26-03.39.15:297][  0]LogConfig: Setting CVar [[r.HairStrands.SkyAO.SampleCount:16]]
[2021.05.26-03.39.15:298][  0]LogConfig: Setting CVar [[r.HairStrands.DeepShadow.SuperSampling:0]]
[2021.05.26-03.39.15:298][  0]LogConfig: Setting CVar [[r.HairStrands.VisibilityPPLL:0]]
[2021.05.26-03.39.15:300][  0]LogConfig: Setting CVar [[r.HairStrands.RasterizationScale:0.5]]
[2021.05.26-03.39.15:301][  0]LogConfig: Setting CVar [[r.HairStrands.VelocityRasterizationScale:1]]
[2021.05.26-03.39.15:303][  0]LogModuleManager: Warning: ModuleManager: Module 'ExampleDeviceProfileSelector' not found - its StaticallyLinkedModuleInitializers function is null.
[2021.05.26-03.39.15:306][  0]LogInit: Applying CVar settings loaded from the selected device profile: [WindowsServer]
[2021.05.26-03.39.15:306][  0]LogHAL: Display: Platform has ~ 8 GB [8482799616 / 8589934592 / 8], which maps to Default [LargestMinGB=32, LargerMinGB=12, DefaultMinGB=8, SmallerMinGB=6, SmallestMinGB=0)
[2021.05.26-03.39.15:307][  0]LogInit: Going up to parent DeviceProfile [Windows]
[2021.05.26-03.39.15:307][  0]LogInit: Going up to parent DeviceProfile []
[2021.05.26-03.39.15:307][  0]LogConfig: Applying CVar settings from Section [ViewDistanceQuality@1] File [../../../Insurgency/Saved/Config/WindowsServer/Scalability.ini]
[2021.05.26-03.39.15:308][  0]LogConfig: Setting CVar [[r.SkeletalMeshLODBias:0]]
[2021.05.26-03.39.15:308][  0]LogConfig: Setting CVar [[r.ViewDistanceScale:1.0]]
[2021.05.26-03.39.15:309][  0]LogConfig: Setting CVar [[r.SkeletalMeshLODRadiusScale:0.75]]
[2021.05.26-03.39.15:309][  0]LogConfig: Setting CVar [[r.LandscapeLODBias:0]]
[2021.05.26-03.39.15:309][  0]LogConfig: Setting CVar [[r.ViewDistanceScale.FieldOfViewAffectsHLOD:0]]
[2021.05.26-03.39.15:310][  0]LogConfig: Applying CVar settings from Section [AntiAliasingQuality@1] File [../../../Insurgency/Saved/Config/WindowsServer/Scalability.ini]
[2021.05.26-03.39.15:310][  0]LogConfig: Setting CVar [[r.PostProcessAAQuality:1]]
[2021.05.26-03.39.15:310][  0]LogConfig: Setting CVar [[r.SMAA.Temporal:0]]
[2021.05.26-03.39.15:311][  0]LogConfig: Applying CVar settings from Section [ShadowQuality@1] File [../../../Insurgency/Saved/Config/WindowsServer/Scalability.ini]
[2021.05.26-03.39.15:311][  0]LogConfig: Setting CVar [[r.LightFunctionQuality:1]]
[2021.05.26-03.39.15:311][  0]LogConfig: Setting CVar [[r.ShadowQuality:3]]
[2021.05.26-03.39.15:312][  0]LogConfig: Setting CVar [[r.Shadow.CSM.MaxCascades:0]]
[2021.05.26-03.39.15:312][  0]LogConfig: Setting CVar [[r.Shadow.MaxResolution:512]]
[2021.05.26-03.39.15:312][  0]LogConfig: Setting CVar [[r.Shadow.MaxCSMResolution:512]]
[2021.05.26-03.39.15:314][  0]LogConfig: Setting CVar [[r.Shadow.RadiusThreshold:0.05]]
[2021.05.26-03.39.15:322][  0]LogConfig: Setting CVar [[r.Shadow.DistanceScale:0.7]]
[2021.05.26-03.39.15:323][  0]LogConfig: Setting CVar [[r.Shadow.CSM.TransitionScale:0.25]]
[2021.05.26-03.39.15:323][  0]LogConfig: Setting CVar [[r.Shadow.PreShadowResolutionFactor:0.5]]
[2021.05.26-03.39.15:323][  0]LogConfig: Setting CVar [[r.DistanceFieldShadowing:0]]
[2021.05.26-03.39.15:324][  0]LogConfig: Setting CVar [[r.DistanceFieldAO:0]]
[2021.05.26-03.39.15:324][  0]LogConfig: Setting CVar [[r.VolumetricFog:0]]
[2021.05.26-03.39.15:324][  0]LogConfig: Setting CVar [[r.LightMaxDrawDistanceScale:.5]]
[2021.05.26-03.39.15:325][  0]LogConfig: Setting CVar [[r.CapsuleShadows:0]]
[2021.05.26-03.39.15:325][  0]LogConfig: Setting CVar [[r.Shadow.ForceSingleSampleShadowingFromStationary:0]]
[2021.05.26-03.39.15:326][  0]LogConfig: Setting CVar [[r.CapsuleShadowsCharacter:0]]
[2021.05.26-03.39.15:326][  0]LogConfig: Setting CVar [[r.ContactShadows:0]]
[2021.05.26-03.39.15:326][  0]LogConfig: Applying CVar settings from Section [PostProcessQuality@1] File [../../../Insurgency/Saved/Config/WindowsServer/Scalability.ini]
[2021.05.26-03.39.15:327][  0]LogConfig: Setting CVar [[r.MotionBlurQuality:3]]
[2021.05.26-03.39.15:327][  0]LogConfig: Setting CVar [[r.AmbientOcclusionMipLevelFactor:1.0]]
[2021.05.26-03.39.15:327][  0]LogConfig: Setting CVar [[r.AmbientOcclusionMaxQuality:60]]
[2021.05.26-03.39.15:328][  0]LogConfig: Setting CVar [[r.AmbientOcclusionLevels:-1]]
[2021.05.26-03.39.15:328][  0]LogConfig: Setting CVar [[r.AmbientOcclusionRadiusScale:1.5]]
[2021.05.26-03.39.15:329][  0]LogConfig: Setting CVar [[r.DepthOfFieldQuality:1]]
[2021.05.26-03.39.15:331][  0]LogConfig: Setting CVar [[r.RenderTargetPoolMin:350]]
[2021.05.26-03.39.15:331][  0]LogConfig: Setting CVar [[r.LensFlareQuality:0]]
[2021.05.26-03.39.15:333][  0]LogConfig: Setting CVar [[r.SceneColorFringeQuality:0]]
[2021.05.26-03.39.15:334][  0]LogConfig: Setting CVar [[r.EyeAdaptationQuality:2]]
[2021.05.26-03.39.15:335][  0]LogConfig: Setting CVar [[r.BloomQuality:4]]
[2021.05.26-03.39.15:336][  0]LogConfig: Setting CVar [[r.FastBlurThreshold:2]]
[2021.05.26-03.39.15:337][  0]LogConfig: Setting CVar [[r.Upscale.Quality:2]]
[2021.05.26-03.39.15:340][  0]LogConfig: Setting CVar [[r.Tonemapper.GrainQuantization:0]]
[2021.05.26-03.39.15:340][  0]LogConfig: Setting CVar [[r.LightShaftQuality:0]]
[2021.05.26-03.39.15:340][  0]LogConfig: Setting CVar [[r.Filter.SizeScale:0.7]]
[2021.05.26-03.39.15:341][  0]LogConfig: Setting CVar [[r.Tonemapper.Quality:2]]
[2021.05.26-03.39.15:341][  0]LogConfig: Setting CVar [[r.DOF.Gather.AccumulatorQuality:0        ; lower gathering accumulator quality]]
[2021.05.26-03.39.15:341][  0]LogConfig: Setting CVar [[r.DOF.Gather.PostfilterMethod:2          ; Max3x3 postfilering method]]
[2021.05.26-03.39.15:342][  0]LogConfig: Setting CVar [[r.DOF.Gather.EnableBokehSettings:0       ; no bokeh simulation when gathering]]
[2021.05.26-03.39.15:342][  0]LogConfig: Setting CVar [[r.DOF.Gather.RingCount:3                 ; low number of samples when gathering]]
[2021.05.26-03.39.15:342][  0]LogConfig: Setting CVar [[r.DOF.Scatter.ForegroundCompositing:0    ; no foreground scattering]]
[2021.05.26-03.39.15:343][  0]LogConfig: Setting CVar [[r.DOF.Scatter.BackgroundCompositing:0    ; no foreground scattering]]
[2021.05.26-03.39.15:343][  0]LogConfig: Setting CVar [[r.DOF.Recombine.Quality:0                ; no slight out of focus]]
[2021.05.26-03.39.15:343][  0]LogConfig: Setting CVar [[r.DOF.TemporalAAQuality:0                ; faster temporal accumulation]]
[2021.05.26-03.39.15:344][  0]LogConfig: Setting CVar [[r.DOF.Kernel.MaxForegroundRadius:0.006   ; required because low gathering and no scattering and not looking great at 1080p]]
[2021.05.26-03.39.15:344][  0]LogConfig: Setting CVar [[r.DOF.Kernel.MaxBackgroundRadius:0.006   ; required because low gathering and no scattering and not looking great at 1080p]]
[2021.05.26-03.39.15:344][  0]LogConfig: Applying CVar settings from Section [TextureQuality@1] File [../../../Insurgency/Saved/Config/WindowsServer/Scalability.ini]
[2021.05.26-03.39.15:345][  0]LogConfig: Setting CVar [[r.Streaming.MipBias:2]]
[2021.05.26-03.39.15:352][  0]LogConfig: Setting CVar [[r.Streaming.AmortizeCPUToGPUCopy:0]]
[2021.05.26-03.39.15:354][  0]LogConfig: Setting CVar [[r.Streaming.MaxNumTexturesToStreamPerFrame:0]]
[2021.05.26-03.39.15:355][  0]LogConfig: Setting CVar [[r.Streaming.Boost:1.0]]
[2021.05.26-03.39.15:356][  0]LogConfig: Setting CVar [[r.MaxAnisotropy:4]]
[2021.05.26-03.39.15:356][  0]LogConfig: Setting CVar [[r.VT.MaxAnisotropy:4]]
[2021.05.26-03.39.15:357][  0]LogConfig: Setting CVar [[r.Streaming.LimitPoolSizeToVRAM:1]]
[2021.05.26-03.39.15:357][  0]LogConfig: Setting CVar [[r.Streaming.PoolSize:1000]]
[2021.05.26-03.39.15:357][  0]LogConfig: Setting CVar [[r.Streaming.MaxEffectiveScreenSize:0]]
[2021.05.26-03.39.15:358][  0]LogConfig: Setting CVar [[r.SlavePlayerCamera:1]]
[2021.05.26-03.39.15:358][  0]LogConfig: Setting CVar [[r.SlavePlayerCameraSpectator:0]]
[2021.05.26-03.39.15:358][  0]LogConfig: Applying CVar settings from Section [EffectsQuality@1] File [../../../Insurgency/Saved/Config/WindowsServer/Scalability.ini]
[2021.05.26-03.39.15:359][  0]LogConfig: Setting CVar [[r.TranslucencyLightingVolumeDim:32]]
[2021.05.26-03.39.15:359][  0]LogConfig: Setting CVar [[r.RefractionQuality:0]]
[2021.05.26-03.39.15:360][  0]LogConfig: Setting CVar [[r.SSR.Quality:0]]
[2021.05.26-03.39.15:360][  0]LogConfig: Setting CVar [[r.SSR.HalfResSceneColor:1]]
[2021.05.26-03.39.15:360][  0]LogConfig: Setting CVar [[r.SceneColorFormat:3]]
[2021.05.26-03.39.15:361][  0]LogConfig: Setting CVar [[r.DetailMode:1]]
[2021.05.26-03.39.15:363][  0]LogConfig: Setting CVar [[r.TranslucencyVolumeBlur:0]]
[2021.05.26-03.39.15:363][  0]LogConfig: Setting CVar [[r.MaterialQualityLevel:2 ; Medium quality]]
[2021.05.26-03.39.15:364][  0]LogConfig: Setting CVar [[r.SSS.Scale:0.75]]
[2021.05.26-03.39.15:364][  0]LogConfig: Setting CVar [[r.SSS.SampleSet:0]]
[2021.05.26-03.39.15:365][  0]LogConfig: Setting CVar [[r.SSS.Quality:0]]
[2021.05.26-03.39.15:365][  0]LogConfig: Setting CVar [[r.SSS.HalfRes:1]]
[2021.05.26-03.39.15:366][  0]LogConfig: Setting CVar [[r.SSGI.Quality:1]]
[2021.05.26-03.39.15:367][  0]LogConfig: Setting CVar [[r.EmitterSpawnRateScale:0.6]]
[2021.05.26-03.39.15:369][  0]LogConfig: Setting CVar [[r.ParticleLightQuality:0]]
[2021.05.26-03.39.15:370][  0]LogConfig: Setting CVar [[r.SkyAtmosphere.AerialPerspectiveLUT.FastApplyOnOpaque:1 ; Always have FastSkyLUT 1 in this case to avoid wrong sky]]
[2021.05.26-03.39.15:371][  0]LogConfig: Setting CVar [[r.SkyAtmosphere.AerialPerspectiveLUT.SampleCountPerSlice:1]]
[2021.05.26-03.39.15:373][  0]LogConfig: Setting CVar [[r.SkyAtmosphere.AerialPerspectiveLUT.DepthResolution:16.0]]
[2021.05.26-03.39.15:373][  0]LogConfig: Setting CVar [[r.SkyAtmosphere.FastSkyLUT:1]]
[2021.05.26-03.39.15:373][  0]LogConfig: Setting CVar [[r.SkyAtmosphere.FastSkyLUT.SampleCountMin:4.0]]
[2021.05.26-03.39.15:373][  0]LogConfig: Setting CVar [[r.SkyAtmosphere.FastSkyLUT.SampleCountMax:32.0]]
[2021.05.26-03.39.15:373][  0]LogConfig: Setting CVar [[r.SkyAtmosphere.SampleCountMin:4.0]]
[2021.05.26-03.39.15:374][  0]LogConfig: Setting CVar [[r.SkyAtmosphere.SampleCountMax:32.0]]
[2021.05.26-03.39.15:374][  0]LogConfig: Setting CVar [[r.SkyAtmosphere.TransmittanceLUT.UseSmallFormat:0]]
[2021.05.26-03.39.15:374][  0]LogConfig: Setting CVar [[r.SkyAtmosphere.TransmittanceLUT.SampleCount:10.0]]
[2021.05.26-03.39.15:375][  0]LogConfig: Setting CVar [[r.SkyAtmosphere.MultiScatteringLUT.SampleCount:15.0]]
[2021.05.26-03.39.15:375][  0]LogConfig: Setting CVar [[fx.Niagara.QualityLevel:1]]
[2021.05.26-03.39.15:375][  0]LogConfig: Setting CVar [[r.RenderTargetViewportSize:1.0]]
[2021.05.26-03.39.15:376][  0]LogConfig: Setting CVar [[r.TessellationAdaptivePixelsPerTriangle:9999999]]
[2021.05.26-03.39.15:380][  0]LogConfig: Setting CVar [[r.SurfReac.Particles.PoolSize:40]]
[2021.05.26-03.39.15:380][  0]LogConfig: Setting CVar [[r.ScopeRenderMode:0]]
[2021.05.26-03.39.15:380][  0]LogConfig: Setting CVar [[r.SeparateTranslucencyScreenPercentage:100]]
[2021.05.26-03.39.15:381][  0]LogConfig: Setting CVar [[r.RagdollMaximum:8]]
[2021.05.26-03.39.15:381][  0]LogConfig: Setting CVar [[r.Dismemberment:1]]
[2021.05.26-03.39.15:384][  0]LogConfig: Applying CVar settings from Section [FoliageQuality@3] File [../../../Insurgency/Saved/Config/WindowsServer/Scalability.ini]
[2021.05.26-03.39.15:385][  0]LogConfig: Setting CVar [[foliage.DensityScale:1.0]]
[2021.05.26-03.39.15:386][  0]LogConfig: Setting CVar [[grass.DensityScale:1.0]]
[2021.05.26-03.39.15:388][  0]LogConfig: Setting CVar [[r.FoliageInteractionQuality:1]]
[2021.05.26-03.39.15:388][  0]LogConfig: Applying CVar settings from Section [ShadingQuality@3] File [../../../Insurgency/Saved/Config/WindowsServer/Scalability.ini]
[2021.05.26-03.39.15:389][  0]LogConfig: Setting CVar [[r.HairStrands.SkyLighting.SampleCount:16]]
[2021.05.26-03.39.15:389][  0]LogConfig: Setting CVar [[r.HairStrands.SkyLighting.JitterIntegration:0]]
[2021.05.26-03.39.15:389][  0]LogConfig: Setting CVar [[r.HairStrands.SkyAO.SampleCount:16]]
[2021.05.26-03.39.15:390][  0]LogConfig: Setting CVar [[r.HairStrands.DeepShadow.SuperSampling:0]]
[2021.05.26-03.39.15:390][  0]LogConfig: Setting CVar [[r.HairStrands.VisibilityPPLL:0]]
[2021.05.26-03.39.15:391][  0]LogConfig: Setting CVar [[r.HairStrands.RasterizationScale:0.5]]
[2021.05.26-03.39.15:391][  0]LogConfig: Setting CVar [[r.HairStrands.VelocityRasterizationScale:1]]
[2021.05.26-03.39.15:391][  0]LogConfig: Applying CVar settings from Section [ConsoleVariables] File [../../../Insurgency/Saved/Config/WindowsServer/Engine.ini]
[2021.05.26-03.39.15:392][  0]LogInit: Computer: DESKTOP-BJCMOMH
[2021.05.26-03.39.15:395][  0]LogInit: User: Matt
[2021.05.26-03.39.15:395][  0]LogInit: CPU Page size=4096, Cores=4
[2021.05.26-03.39.15:396][  0]LogInit: High frequency timer resolution =10.000000 MHz
[2021.05.26-03.39.15:396][  0]LogMemory: Memory total: Physical=7.9GB (8GB approx)
[2021.05.26-03.39.15:397][  0]LogMemory: Platform Memory Stats for WindowsServer
[2021.05.26-03.39.15:397][  0]LogMemory: Process Physical Memory: 101.12 MB used, 101.13 MB peak
[2021.05.26-03.39.15:397][  0]LogMemory: Process Virtual Memory: 132.32 MB used, 132.32 MB peak
[2021.05.26-03.39.15:398][  0]LogMemory: Physical Memory: 5685.28 MB used,  2404.55 MB free, 8089.83 MB total
[2021.05.26-03.39.15:398][  0]LogMemory: Virtual Memory: 4765.55 MB used,  134212960.00 MB free, 134217728.00 MB total
[2021.05.26-03.39.15:406][  0]LogWindows: WindowsPlatformFeatures disabled or dedicated server build
[2021.05.26-03.39.15:424][  0]LogInit: Physics initialised using underlying interface: PhysX
[2021.05.26-03.39.15:425][  0]LogInit: Using OS detected language (en-US).
[2021.05.26-03.39.15:426][  0]LogInit: Using OS detected locale (en-US).
[2021.05.26-03.39.15:429][  0]LogTextLocalizationManager: No specific localization for 'en-US' exists, so the 'en' localization will be used.
[2021.05.26-03.39.15:442][  0]LogInit: Setting process to per monitor DPI aware
[2021.05.26-03.39.15:446][  0]LogInit: Using OS detected language (en-US).
[2021.05.26-03.39.15:446][  0]LogInit: Using OS detected locale (en-US).
[2021.05.26-03.39.15:447][  0]LogTextLocalizationManager: No specific localization for 'en-US' exists, so the 'en' localization will be used.
[2021.05.26-03.39.15:455][  0]LogTextLocalizationManager: Compacting localization data took   0.43ms
[2021.05.26-03.39.15:636][  0]LogAssetRegistry: FAssetRegistry took 0.1805 seconds to start up
[2021.05.26-03.39.15:709][  0]LogStreaming: Display: Flushing async loaders.
[2021.05.26-03.39.15:710][  0]LogPakFile: New pak file ../../../Insurgency/Content/Paks/pakchunk0-WindowsServer.pak added to pak precacher.
[2021.05.26-03.39.15:713][  0]LogCollisionProfile: Warning: Profile (BlockAll) - Custom Channel Name = 'ClientsideDestructible' hasn't been found
[2021.05.26-03.39.15:714][  0]LogCollisionProfile: Warning: Profile (OverlapOnlyPawn) - Custom Channel Name = 'GameTraceChannel8' hasn't been found
[2021.05.26-03.39.15:715][  0]LogCollisionProfile: Warning: Profile (OverlapOnlyPawn) - Custom Channel Name = 'GameTraceChannel9' hasn't been found
[2021.05.26-03.39.15:716][  0]LogCollisionProfile: Warning: Profile (OverlapOnlyPawn) - Custom Channel Name = 'GameTraceChannel10' hasn't been found
[2021.05.26-03.39.15:716][  0]LogCollisionProfile: Warning: Profile (Pawn) - Custom Channel Name = 'None' hasn't been found
[2021.05.26-03.39.15:717][  0]LogCollisionProfile: Warning: Profile (Destructible) - Custom Channel Name = 'ClientsideDestructible' hasn't been found
[2021.05.26-03.39.15:719][  0]LogModuleManager: Warning: ModuleManager: Module 'ExampleDeviceProfileSelector' not found - its StaticallyLinkedModuleInitializers function is null.
[2021.05.26-03.39.15:730][  0]LogNetVersion: Insurgency 1.0.0, NetCL: 152892, EngineNetVer: 14, GameNetVer: 0 (Checksum: 107317553)
[2021.05.26-03.39.15:748][  0]LogStreaming: Error: Couldn't find file for package /StatsCollector/BP_DebugStatCollectorMenu requested by async loading code. NameToLoad: /StatsCollector/BP_DebugStatCollectorMenu
[2021.05.26-03.39.15:749][  0]LogStreaming: Error: Found 0 dependent packages...
[2021.05.26-03.39.15:751][  0]LogStreaming: Error: Couldn't find file for package /StatsCollector/FPSCounter requested by async loading code. NameToLoad: /StatsCollector/FPSCounter
[2021.05.26-03.39.15:751][  0]LogStreaming: Error: Found 0 dependent packages...
[2021.05.26-03.39.15:754][  0]LogGameStatsServer: Display: GameStatsServer INIT: No authentication provided, -GameStatsToken= required for statistics collection.
[2021.05.26-03.39.15:809][  0]LogStreaming: Error: Couldn't find file for package /Game/UI/Widgets/WelcomeScreen/BP_WelcomeScreen requested by async loading code. NameToLoad: /Game/UI/Widgets/WelcomeScreen/BP_WelcomeScreen
[2021.05.26-03.39.15:810][  0]LogStreaming: Error: Found 0 dependent packages...
[2021.05.26-03.39.15:827][  0]LogStreaming: Error: Couldn't find file for package /Game/UI/Fonts/Oswald requested by async loading code. NameToLoad: /Game/UI/Fonts/Oswald
[2021.05.26-03.39.15:827][  0]LogStreaming: Error: Found 0 dependent packages...
[2021.05.26-03.39.15:828][  0]LogStreaming: Error: Couldn't find file for package /Game/UI/Fonts/SourceSansPro requested by async loading code. NameToLoad: /Game/UI/Fonts/SourceSansPro
[2021.05.26-03.39.15:829][  0]LogStreaming: Error: Found 0 dependent packages...
[2021.05.26-03.39.15:869][  0]LogAISub: UAISubsystem::UAISubsystem AISubsystem (000001FD16B807F0), frame # 0
[2021.05.26-03.39.15:869][  0]LogAISub: UAISubsystem::UAISubsystem AIPerceptionSystem (000001FD16B80830), frame # 0
[2021.05.26-03.39.15:874][  0]LogAISub: UAISubsystem::UAISubsystem EnvQueryManager (000001FD16B85500), frame # 0
[2021.05.26-03.39.15:885][  0]LogUObjectArray: 22036 objects as part of root set at end of initial load.
[2021.05.26-03.39.15:885][  0]LogUObjectAllocator: 5331200 out of 32000000 bytes used by permanent object pool.
[2021.05.26-03.39.15:885][  0]LogUObjectArray: CloseDisregardForGC: 22036/0 objects in disregard for GC pool
[2021.05.26-03.39.15:896][  0]LogGauntlet: Display: Gauntlet Initialized
[2021.05.26-03.39.15:899][  0]LogOnline: FOnlineSubsystemNWIModule::StartupModule
[2021.05.26-03.39.15:907][  0]VivoxCore: FVivoxCoreModule::StartupModule
[2021.05.26-03.39.15:910][  0]VivoxCore: Loaded Library (../../../Insurgency/Plugins/VivoxCore/Source/ThirdParty/VivoxCoreLibrary/Windows/Release/x64/vivoxsdk.dll)
[2021.05.26-03.39.15:910][  0]LogEasyAntiCheatServer: Using path: (C:/Users/Matt/Downloads/steamcmd/steamapps/common/sandstorm_server/Insurgency/Binaries/ThirdParty/EasyAntiCheat/Server)
[2021.05.26-03.39.15:910][  0]LogEasyAntiCheatClient: Dedicated server, EAC client will not load
[2021.05.26-03.39.15:911][  0]LogEngine: Initializing Engine...
[2021.05.26-03.39.15:912][  0]LogStats: UGameplayTagsManager::InitializeManager -  0.001 s
[2021.05.26-03.39.15:929][  0]LogInit: Initializing FReadOnlyCVARCache
[2021.05.26-03.39.15:929][  0]LogNetVersion: Set ProjectVersion to 1.10.0. Version Checksum will be recalculated on next use.
[2021.05.26-03.39.15:929][  0]LogInit: Texture streaming: Disabled
[2021.05.26-03.39.15:987][  0]LogPakFile: New pak file ../../../Insurgency/Content/Paks/pakchunk10-WindowsServer.pak added to pak precacher.
[2021.05.26-03.39.16:774][  0]LogPakFile: Precache HighWater 16MB

[2021.05.26-03.39.16:774][  0]LogPakFile: Precache HighWater 32MB

[2021.05.26-03.39.16:775][  0]LogINSAssetManager: Display: Preloading 670 cosmetic assets
[2021.05.26-03.39.16:798][  0]LogStreaming: Error: Couldn't find file for package /Game/UI/Textures/Inventory/T_UI_Inventory_Cosmetic_Ox_HeadGear requested by async loading code. NameToLoad: /Game/UI/Textures/Inventory/T_UI_Inventory_Cosmetic_Ox_HeadGear
[2021.05.26-03.39.16:800][  0]LogStreaming: Error: This will hitch streaming because it ends up searching the disk instead of finding the file in the pak file.
[2021.05.26-03.39.16:800][  0]LogStreaming: Error: Found 0 dependent packages...
[2021.05.26-03.39.17:674][  0]LogPakFile: Precache HighWater 48MB

[2021.05.26-03.39.17:674][  0]LogAnimation: Warning: Additivie type (AnimSequence /Game/Animated/Weapons/Rifle/G36/Animations/AN_1P_G36_B_Reload_BoltRelease.AN_1P_G36_B_Reload_BoltRelease) does not match. Make sure you add same type of additive animation.
[2021.05.26-03.39.17:886][  0]LogGameStatsServer: Display: GameStatsServer INIT: No authentication provided, -GameStatsToken= required for statistics collection.
[2021.05.26-03.39.17:888][  0]LogOnline: Display: Printing active map cycle with 1 entries:
[2021.05.26-03.39.17:888][  0]LogOnline: Display: 	[0] Map: , Scenario: Scenario_Town_Checkpoint_Security, Mode: CheckpointHardcore, Lighting: , Options: None Specified
[2021.05.26-03.39.17:889][  0]LogOnline: OSS: Creating online subsystem instance for: NWI
[2021.05.26-03.39.17:890][  0]LogInit: Using OS detected language (en-US).
[2021.05.26-03.39.17:890][  0]LogInit: Using OS detected locale (en-US).
[2021.05.26-03.39.17:892][  0]LogInit: Valid culture detected: en in place of: (en-US).
[2021.05.26-03.39.17:901][  0]LogInit: Display: Game Engine Initialized.
[2021.05.26-03.39.17:902][  0]LogInit: Display: Starting Game.
[2021.05.26-03.39.17:903][  0]LogNet: Browse: /Game/Maps/OilField/Oilfield?Name=Player?Scenario=Scenario_Refinery_Checkpoint_Security?MaxPlayers=2?Mode=CheckpointHardcore
[2021.05.26-03.39.17:903][  0]LogLoad: UINSGameInstance::OnBeginLoadMap(/Game/Maps/OilField/Oilfield?Name=Player?Scenario=Scenario_Refinery_Checkpoint_Security?MaxPlayers=2?Mode=CheckpointHardcore)
[2021.05.26-03.39.17:903][  0]LogLoad: Warning: UINSGameInstance::OnPreLoadMap: Invalid NextURL, loading /Game/Maps/OilField/Oilfield
[2021.05.26-03.39.17:904][  0]LogStreaming: Error: Couldn't find file for package /NWI_Infected/ModData requested by async loading code. NameToLoad: /NWI_Infected/ModData
[2021.05.26-03.39.17:905][  0]LogStreaming: Error: Found 0 dependent packages...
[2021.05.26-03.39.17:908][  0]LogStreaming: Error: Couldn't find file for package /ExampleContent/ModData requested by async loading code. NameToLoad: /ExampleContent/ModData
[2021.05.26-03.39.17:909][  0]LogStreaming: Error: Found 0 dependent packages...
[2021.05.26-03.39.17:909][  0]LogStreaming: Error: Couldn't find file for package /ConsoleCertificationRequirements/ModData requested by async loading code. NameToLoad: /ConsoleCertificationRequirements/ModData
[2021.05.26-03.39.17:910][  0]LogStreaming: Error: Found 0 dependent packages...
[2021.05.26-03.39.17:910][  0]LogLoad: LoadMap: /Game/Maps/OilField/Oilfield?Name=Player?Scenario=Scenario_Refinery_Checkpoint_Security?MaxPlayers=2?Mode=CheckpointHardcore
[2021.05.26-03.39.17:910][  0]LogWorld: BeginTearingDown for /Temp/Untitled_26
[2021.05.26-03.39.17:911][  0]LogWorld: UWorld::CleanupWorld for Untitled, bSessionEnded=true, bCleanupResources=true
[2021.05.26-03.39.17:926][  0]LogUObjectHash: Compacting FUObjectHashTables data took   1.96ms
[2021.05.26-03.39.17:939][  0]LogPakFile: New pak file ../../../Insurgency/Content/Paks/pakchunk15-WindowsServer.pak added to pak precacher.
[2021.05.26-03.39.18:078][  0]LogAIModule: Creating AISystem for world Oilfield
[2021.05.26-03.39.18:078][  0]LogAISub: UAISubsystem::UAISubsystem EnvQueryManager (000001FD2F46AD80), frame # 0
[2021.05.26-03.39.18:079][  0]LogAISub: UAISubsystem::UAISubsystem AIPerceptionSystem (000001FD2F46AEC0), frame # 0
[2021.05.26-03.39.18:080][  0]LogLoad: Warning: Scenario 'Scenario_Refinery_Checkpoint_Security' is created for gamemode 'Class'/Script/Insurgency.INSCheckpointGameMode''
[2021.05.26-03.39.18:080][  0]LogLoad: Game class is 'INSCheckpointGameMode'
[2021.05.26-03.39.18:081][  0]LogNet: ReplicationDriverClass is null! Not using ReplicationDriver.
[2021.05.26-03.39.18:081][  0]LogNetCore: DDoS detection status: detection enabled: 0 analytics enabled: 0
[2021.05.26-03.39.18:082][  0]LogInit: WinSock: Socket queue. Rx: 131072 (config 131072) Tx: 131072 (config 131072)
[2021.05.26-03.39.18:082][  0]LogNet: Created socket for bind address: 0.0.0.0 on port 27102
[2021.05.26-03.39.18:083][  0]PacketHandlerLog: Loaded PacketHandler component: Engine.EngineHandlerComponentFactory (StatelessConnectHandlerComponent)
[2021.05.26-03.39.18:083][  0]LogNet: GameNetDriver IpNetDriver_2147482547 IpNetDriver listening on port 27102
[2021.05.26-03.39.18:083][  0]LogStreaming: Display: ULevelStreaming::RequestLevel(/Game/Maps/OilField/Oilfield_Polish_Merged) is flushing async loading
[2021.05.26-03.39.18:324][  0]LogStreaming: Display: ULevelStreaming::RequestLevel(/Game/Maps/OilField/Oilfield_Trims_merged) is flushing async loading
[2021.05.26-03.39.18:338][  0]LogStreaming: Display: ULevelStreaming::RequestLevel(/Game/Maps/OilField/Oilfield_New_Merged_05_06_2019) is flushing async loading
[2021.05.26-03.39.18:831][  0]LogPakFile: Precache HighWater 64MB

[2021.05.26-03.39.18:832][  0]LogStreaming: Display: ULevelStreaming::RequestLevel(/Game/Maps/OilField/Oilfield_Backdrop_Merged) is flushing async loading
[2021.05.26-03.39.18:847][  0]LogStreaming: Display: ULevelStreaming::RequestLevel(/Game/Maps/OilField/Oilfield_DirtMounds_Merged) is flushing async loading
[2021.05.26-03.39.18:852][  0]LogStreaming: Display: ULevelStreaming::RequestLevel(/Game/Maps/OilField/Oilfield_KitSelectionRoom_SEC) is flushing async loading
[2021.05.26-03.39.18:865][  0]LogStreaming: Display: ULevelStreaming::RequestLevel(/Game/Maps/OilField/Oilfield_KitSelectionRoom_INS) is flushing async loading
[2021.05.26-03.39.18:874][  0]LogStreaming: Display: ULevelStreaming::RequestLevel(/Game/Maps/OilField/Oilfield_Doors) is flushing async loading
[2021.05.26-03.39.18:884][  0]LogStreaming: Display: ULevelStreaming::RequestLevel(/Game/Maps/OilField/Oilfield_AI) is flushing async loading
[2021.05.26-03.39.18:890][  0]LogStreaming: Display: ULevelStreaming::RequestLevel(/Game/Maps/OilField/Oilfield_DynamicProps) is flushing async loading
[2021.05.26-03.39.18:945][  0]LogPakFile: New pak file ../../../Insurgency/Content/Paks/pakchunk15-WindowsServer_0_P.pak added to pak precacher.
[2021.05.26-03.39.18:985][  0]LogStreaming: Display: ULevelStreaming::RequestLevel(/Game/Maps/OilField/Oilfield_Particles) is flushing async loading
[2021.05.26-03.39.18:987][  0]LogStreaming: Display: ULevelStreaming::RequestLevel(/Game/Maps/OilField/Oilfield_Reflections) is flushing async loading
[2021.05.26-03.39.18:991][  0]LogStreaming: Display: ULevelStreaming::RequestLevel(/Game/Maps/OilField/Oilfield_Cables_Merged) is flushing async loading
[2021.05.26-03.39.18:996][  0]LogStreaming: Display: ULevelStreaming::RequestLevel(/Game/Maps/OilField/Oilfield_Decals) is flushing async loading
[2021.05.26-03.39.19:020][  0]LogStreaming: Display: ULevelStreaming::RequestLevel(/Game/Maps/OilField/Oilfield_BlockingVolumes) is flushing async loading
[2021.05.26-03.39.19:032][  0]LogStreaming: Display: ULevelStreaming::RequestLevel(/Game/Maps/OilField/Oilfield_PerformanceCheck) is flushing async loading
[2021.05.26-03.39.19:036][  0]LogStreaming: Display: ULevelStreaming::RequestLevel(/Game/Maps/OilField/Oilfield_Sound) is flushing async loading
[2021.05.26-03.39.19:047][  0]LogStreaming: Display: ULevelStreaming::RequestLevel(/Game/Maps/OilField/Oilfield_Landscape) is flushing async loading
[2021.05.26-03.39.19:139][  0]LogWorld: Bringing World /Game/Maps/OilField/Oilfield.Oilfield up for play (max tick rate 60) at 2021.05.25-23.39.19
[2021.05.26-03.39.19:189][  0]LogSession: ----- Register Server (SteamNWI) ----- 
[2021.05.26-03.39.19:189][  0]LogAI: Warning: AI difficulty set to 0.5
[2021.05.26-03.39.19:203][  0]LogWorld: Bringing up level for play took: 0.076219
[2021.05.26-03.39.19:204][  0]LogGameMode: Display: State: EnteringMap -> LoadingAssets
[2021.05.26-03.39.19:204][  0]LogGameState: Match State Changed from EnteringMap to LoadingAssets
[2021.05.26-03.39.19:204][  0]LogScenario: Display: Loading scenario 'Scenario_Refinery_Checkpoint_Security' (Specified)...
[2021.05.26-03.39.19:205][  0]LogINSAssetManager: Display: Loading scenario asset 'Scenario_Refinery_Checkpoint_Security' (path: /Game/Game/Scenarios/Coop/Oilfield/Scenario_Refinery_Checkpoint_Security.Scenario_Refinery_Checkpoint_Security)...
[2021.05.26-03.39.19:205][  0]LogScenario: Display: CheckLoadingComplete - Pending, scenario assets not loaded.
[2021.05.26-03.39.19:205][  0]LogGameMode: Display: High priority async loading ENABLED
[2021.05.26-03.39.19:206][  0]LogAudioCues: Error: Unable to load banks at this time, deferring load.
[2021.05.26-03.39.19:208][  0]LogEasyAntiCheatServer: Loading native plugin from: C:/Users/Matt/Downloads/steamcmd/steamapps/common/sandstorm_server/Insurgency/Binaries/ThirdParty/EasyAntiCheat/Server
[2021.05.26-03.39.19:214][  0]LogEasyAntiCheatServer: [23:39:19:209][Windows][EAC Server] [Info][SetLogCallback] Procedure: 00007FF7E8A7F270 LogLevel: Info.
[2021.05.26-03.39.19:215][  0]LogEasyAntiCheatServer: [23:39:19:209][Windows][EAC Server] [Info][Initialize] ServerName: 'GameSession' RegisterTimeout: 150.
[2021.05.26-03.39.19:215][  0]LogEasyAntiCheatServer: [23:39:19:214][Windows][EAC Server] [Info][Cerberus] [RegisterEvent] EventID: 1h EventName: 'game_round_start' Parameters: { map_name (string) }.
[2021.05.26-03.39.19:216][  0]LogEasyAntiCheatServer: [23:39:19:214][Windows][EAC Server] [Info][Cerberus] [RegisterEvent] EventID: 2h EventName: 'game_round_end' Parameters: { winning_team_id (uint32) }.
[2021.05.26-03.39.19:216][  0]LogEasyAntiCheatServer: [23:39:19:214][Windows][EAC Server] [Info][Cerberus] [RegisterEvent] EventID: 3h EventName: 'player_spawn' Parameters: { player (client), team_id (uint32), character_id (uint32) }.
[2021.05.26-03.39.19:216][  0]LogEasyAntiCheatServer: [23:39:19:214][Windows][EAC Server] [Info][Cerberus] [RegisterEvent] EventID: 4h EventName: 'player_despawn' Parameters: { player (client), player_death (uint32), player_killer (client) }.
[2021.05.26-03.39.19:217][  0]LogEasyAntiCheatServer: [23:39:19:214][Windows][EAC Server] [Info][Cerberus] [RegisterEvent] EventID: 5h EventName: 'player_revive' Parameters: { player_revived (client), player_reviving (client) }.
[2021.05.26-03.39.19:217][  0]LogEasyAntiCheatServer: [23:39:19:214][Windows][EAC Server] [Info][Cerberus] [RegisterEvent] EventID: 6h EventName: 'player_tick' Parameters: { player (client), player_position (vec3f), player_viewrotation (quat), player_health (uint32), player_tickflags (uint32) }.
[2021.05.26-03.39.19:218][  0]LogEasyAntiCheatServer: [23:39:19:214][Windows][EAC Server] [Info][Cerberus] [RegisterEvent] EventID: 7h EventName: 'player_useweapon' Parameters: { player (client), player_position (vec3f), player_viewrotation (quat), player_fov (uint32), weapon_id (uint32), melee_attack (uint32) }.
[2021.05.26-03.39.19:218][  0]LogEasyAntiCheatServer: [23:39:19:214][Windows][EAC Server] [Info][Cerberus] [RegisterEvent] EventID: 8h EventName: 'player_takedamage' Parameters: { player_victim (client), player_victim_position (vec3f), player_victim_viewrotation (quat), player_attacker (client), player_attacker_position (vec3f), player_attacker_viewrotation (quat), player_attacker_fov (uint32), weapon_id (uint32), hitbone_id (uint32), damage_taken (uint32), damage_flags (uint32) }.
[2021.05.26-03.39.19:219][  0]LogEasyAntiCheatServer: [23:39:19:214][Windows][EAC Server] [Info][Cerberus] [RegisterEvent] EventID: 9h EventName: 'player_downed' Parameters: { player_victim (client), player_attacker (client) }.
[2021.05.26-03.39.19:220][  0]LogEasyAntiCheatServer: [23:39:19:214][Windows][EAC Server] [Info][Cerberus] [RegisterEvent] EventID: Ah EventName: 'player_death' Parameters: { victim (client), victim_shots_fired (uint64), victim_shots_landed (uint64), attacker (client), attacker_shots_fired (uint64), attacker_shots_landed (uint64) }.
[2021.05.26-03.39.19:220][  0]LogEasyAntiCheatServer: [23:39:19:214][Windows][EAC Server] [Info][Cerberus] [RegisterEvent] EventID: Bh EventName: 'game_round_start_v2' Parameters: { map_name (string), mode_name (string), round_time_seconds (uint32), start_frame_number (uint64), start_delta_seconds (uint32) }.
[2021.05.26-03.39.19:221][  0]LogEasyAntiCheatServer: Native plugin initialized successfully.
[2021.05.26-03.39.19:221][  0]LogEasyAntiCheatServer: FEasyAntiCheatServer::SetAntiCheatEnforcement - Enabled
[2021.05.26-03.39.19:221][  0]LogEasyAntiCheatServer: [23:39:19:221][Windows][EAC Server] [Info][Cerberus] [RegisterEvent] EventID: 10000001h EventName: 'player_tick_ex' Parameters: { player (client), extended_flags (uint32) }.
[2021.05.26-03.39.19:222][  0]LogLoad: Took 1.311575 seconds to LoadMap(/Game/Maps/OilField/Oilfield)
[2021.05.26-03.39.19:222][  0]LogLoad: (Engine Initialization) Total time: 4.70 seconds
[2021.05.26-03.39.19:260][  0]LogMod: Warning: [NWI_Infected] Failed to load mod data for plugin (path: /NWI_Infected/ModData.ModData)
[2021.05.26-03.39.19:262][  0]LogMod: Warning: [ExampleContent] Failed to load mod data for plugin (path: /ExampleContent/ModData.ModData)
[2021.05.26-03.39.19:263][  0]LogMod: Warning: [ConsoleCertificationRequirements] Failed to load mod data for plugin (path: /ConsoleCertificationRequirements/ModData.ModData)
[2021.05.26-03.39.19:290][  2]LogINSAssetManager: Display: Loading scenario factions...
[2021.05.26-03.39.19:302][  3]LogPakFile: New pak file ../../../Insurgency/Content/Paks/pakchunk0-WindowsServer_0_P.pak added to pak precacher.
[2021.05.26-03.39.19:326][  4]LogINSAssetManager: Display: Loading 454 scenario assets...
[2021.05.26-03.39.19:337][  5]LogStreaming: Error: Couldn't find file for package /Game/Game/Actors/Weapons/Upgrades/Underbarrel/BP_UG_Foregrip_IRLaser_Rail requested by async loading code. NameToLoad: /Game/Game/Actors/Weapons/Upgrades/Underbarrel/BP_UG_Foregrip_IRLaser_Rail
[2021.05.26-03.39.19:339][  5]LogStreaming: Error: This will hitch streaming because it ends up searching the disk instead of finding the file in the pak file.
[2021.05.26-03.39.19:339][  5]LogStreaming: Error: Found 0 dependent packages...
[2021.05.26-03.39.19:340][  5]LogStreaming: Error: Couldn't find file for package /Game/Game/Actors/Weapons/Upgrades/Underbarrel/BP_UG_Foregrip_IRLaser requested by async loading code. NameToLoad: /Game/Game/Actors/Weapons/Upgrades/Underbarrel/BP_UG_Foregrip_IRLaser
[2021.05.26-03.39.19:341][  5]LogStreaming: Error: This will hitch streaming because it ends up searching the disk instead of finding the file in the pak file.
[2021.05.26-03.39.19:342][  5]LogStreaming: Error: Found 0 dependent packages...
[2021.05.26-03.39.19:342][  5]LogStreaming: Error: Couldn't find file for package /Game/Game/Actors/Weapons/Upgrades/Underbarrel/BP_UG_Foregrip_IRFlashlight_Rail requested by async loading code. NameToLoad: /Game/Game/Actors/Weapons/Upgrades/Underbarrel/BP_UG_Foregrip_IRFlashlight_Rail
[2021.05.26-03.39.19:343][  5]LogStreaming: Error: This will hitch streaming because it ends up searching the disk instead of finding the file in the pak file.
[2021.05.26-03.39.19:343][  5]LogStreaming: Error: Found 0 dependent packages...
[2021.05.26-03.39.19:344][  5]LogStreaming: Error: Couldn't find file for package /Game/Game/Actors/Weapons/Upgrades/Underbarrel/BP_UG_Foregrip_IRFlashlight requested by async loading code. NameToLoad: /Game/Game/Actors/Weapons/Upgrades/Underbarrel/BP_UG_Foregrip_IRFlashlight
[2021.05.26-03.39.19:345][  5]LogStreaming: Error: This will hitch streaming because it ends up searching the disk instead of finding the file in the pak file.
[2021.05.26-03.39.19:346][  5]LogStreaming: Error: Found 0 dependent packages...
[2021.05.26-03.39.19:346][  5]LogStreaming: Error: Couldn't find file for package /Game/Game/Actors/Weapons/Upgrades/Underbarrel/BP_UG_Foregrip_Flashlight_Rail requested by async loading code. NameToLoad: /Game/Game/Actors/Weapons/Upgrades/Underbarrel/BP_UG_Foregrip_Flashlight_Rail
[2021.05.26-03.39.19:347][  5]LogStreaming: Error: This will hitch streaming because it ends up searching the disk instead of finding the file in the pak file.
[2021.05.26-03.39.19:347][  5]LogStreaming: Error: Found 0 dependent packages...
[2021.05.26-03.39.19:348][  5]LogStreaming: Error: Couldn't find file for package /Game/Game/Actors/Weapons/Upgrades/Underbarrel/BP_UG_Foregrip_Flashlight requested by async loading code. NameToLoad: /Game/Game/Actors/Weapons/Upgrades/Underbarrel/BP_UG_Foregrip_Flashlight
[2021.05.26-03.39.19:348][  5]LogStreaming: Error: This will hitch streaming because it ends up searching the disk instead of finding the file in the pak file.
[2021.05.26-03.39.19:349][  5]LogStreaming: Error: Found 0 dependent packages...
[2021.05.26-03.39.19:365][  6]LogINSAssetManager: Display: Scenario loading complete.
[2021.05.26-03.39.19:365][  6]LogScenario: Display: Successfully loaded scenario 'Scenario_Refinery_Checkpoint_Security' and 454 referenced assets.
[2021.05.26-03.39.19:366][  6]LogWorldSettings: Loading lighting scenario 'Oilfield_GlobalDay'...
[2021.05.26-03.39.19:366][  6]LogStreaming: Display: ULevelStreaming::RequestLevel(/Game/Maps/OilField/Oilfield_GlobalDay) is flushing async loading
[2021.05.26-03.39.19:468][  6]LogScenario: Warning: Skipping sublevel 'Refinery_CheckpointHardcore_Security' as it is not linked to a child gamemode of 'INSCheckpointGameMode_2147482548'
[2021.05.26-03.39.19:470][  6]LogStreaming: Display: ULevelStreaming::RequestLevel(/Game/Maps/OilField/Refinery_Checkpoint_Security) is flushing async loading
[2021.05.26-03.39.19:494][  6]LogObjectives: Ownership of objective 'OCCheckpoint_A' changed from 255 to 1
[2021.05.26-03.39.19:495][  6]LogObjectives: Ownership of objective 'ODCheckpoint_B_3' changed from 255 to 1
[2021.05.26-03.39.19:495][  6]LogObjectives: Ownership of objective 'OCCheckpoint_C' changed from 255 to 1
[2021.05.26-03.39.19:496][  6]LogObjectives: Ownership of objective 'OCCheckpoint_D' changed from 255 to 1
[2021.05.26-03.39.19:497][  6]LogObjectives: Ownership of objective 'ODCheckpoint_E' changed from 255 to 1
[2021.05.26-03.39.19:497][  6]LogObjectives: Ownership of objective 'ODCheckpoint_F' changed from 255 to 1
[2021.05.26-03.39.19:497][  6]LogObjectives: Ownership of objective 'OCCheckpoint_G' changed from 255 to 1
[2021.05.26-03.39.19:498][  6]LogGameMode: Warning: Trying to enable spawn zone 'SZCheckpoint_A' but it has no player starts!
[2021.05.26-03.39.19:498][  6]LogGameMode: Warning: Trying to enable spawn zone 'SZCheckpointA_RA' but it has no player starts!
[2021.05.26-03.39.19:499][  6]LogGameMode: Warning: Trying to enable spawn zone 'SZCheckpoint_A1_Team2' but it has no player starts!
[2021.05.26-03.39.19:499][  6]LogGameMode: Warning: Trying to enable spawn zone 'SZCheckpoint_A2_Team2' but it has no player starts!
[2021.05.26-03.39.19:500][  6]LogGameMode: Warning: Trying to enable spawn zone 'SZCheckpoint_A3_Team2' but it has no player starts!
[2021.05.26-03.39.19:500][  6]LogGameMode: Display: Advancing spawns for faction 255 to obj 0: 0 zones enabled (0 player starts), 0 disabled
[2021.05.26-03.39.19:502][  6]LogTemp: Warning: Generated 108 spawn points for objective 'OCCheckpoint_A'
[2021.05.26-03.39.19:505][  6]LogGameMode: Warning: Checkpoint: Generated 97 spawn points for counter-attack spawn 'SZCheckpoint_A1_Team2'
[2021.05.26-03.39.19:514][  6]LogGameMode: Warning: Checkpoint: Generated 72 spawn points for counter-attack spawn 'SZCheckpoint_A2_Team2'
[2021.05.26-03.39.19:521][  6]LogGameMode: Warning: Checkpoint: Generated 71 spawn points for counter-attack spawn 'SZCheckpoint_A3_Team2'
[2021.05.26-03.39.19:526][  6]LogTemp: Warning: Generated 91 spawn points for objective 'ODCheckpoint_B_3'
[2021.05.26-03.39.19:533][  6]LogTemp: Warning: Generated 83 spawn points for objective 'OCCheckpoint_C'
[2021.05.26-03.39.19:552][  6]LogGameMode: Warning: Checkpoint: Generated 65 spawn points for counter-attack spawn 'SZCheckpoint_C1_Team2'
[2021.05.26-03.39.19:559][  6]LogGameMode: Warning: Checkpoint: Generated 84 spawn points for counter-attack spawn 'SZCheckpoint_C2_Team2'
[2021.05.26-03.39.19:566][  6]LogGameMode: Warning: Checkpoint: Generated 91 spawn points for counter-attack spawn 'SZCheckpoint_C3_Team2'
[2021.05.26-03.39.19:572][  6]LogTemp: Warning: Generated 89 spawn points for objective 'OCCheckpoint_D'
[2021.05.26-03.39.19:576][  6]LogGameMode: Warning: Checkpoint: Generated 95 spawn points for counter-attack spawn 'SZCheckpoint_D1_Team2'
[2021.05.26-03.39.19:580][  6]LogGameMode: Warning: Checkpoint: Generated 96 spawn points for counter-attack spawn 'SZCheckpoint_D2_Team2'
[2021.05.26-03.39.19:593][  6]LogGameMode: Warning: Checkpoint: Generated 59 spawn points for counter-attack spawn 'SZCheckpoint_D3_Team2'
[2021.05.26-03.39.19:598][  6]LogTemp: Warning: Generated 89 spawn points for objective 'ODCheckpoint_E'
[2021.05.26-03.39.19:607][  6]LogTemp: Warning: Generated 45 spawn points for objective 'ODCheckpoint_F'
[2021.05.26-03.39.19:608][  6]LogTemp: Warning: Generated 96 spawn points for objective 'OCCheckpoint_G'
[2021.05.26-03.39.19:614][  6]LogGameMode: Warning: Checkpoint: Generated 105 spawn points for counter-attack spawn 'SZCheckpoint_G1_Team2'
[2021.05.26-03.39.19:617][  6]LogGameMode: Warning: Checkpoint: Generated 90 spawn points for counter-attack spawn 'SZCheckpoint_G2_Team2'
[2021.05.26-03.39.19:623][  6]LogGameMode: Warning: Checkpoint: Generated 85 spawn points for counter-attack spawn 'SZCheckpoint_G3_Team2'
[2021.05.26-03.39.19:643][  6]LogSoundscape: Registering pending soundscape emitters/components.
[2021.05.26-03.39.19:644][  6]LogSoundscape: Registered pending soundscape emitters/components.
[2021.05.26-03.39.19:646][  6]LogGameMode: Display: Spawned team 0 of faction Security
[2021.05.26-03.39.19:647][  6]LogGameMode: Display: Spawned team 1 of faction Insurgents
[2021.05.26-03.39.19:647][  6]LogSpawning: Spawnzone 'SZCheckpoint_A' disabled for team 0
[2021.05.26-03.39.19:648][  6]LogSpawning: Spawnzone 'SZCheckpoint_B' disabled for team 0
[2021.05.26-03.39.19:648][  6]LogSpawning: Spawnzone 'SZCheckpoint_C' disabled for team 0
[2021.05.26-03.39.19:648][  6]LogSpawning: Spawnzone 'SZCheckpoint_D' disabled for team 0
[2021.05.26-03.39.19:649][  6]LogSpawning: Spawnzone 'SZCheckpoint_E' disabled for team 0
[2021.05.26-03.39.19:649][  6]LogSpawning: Spawnzone 'SZCheckpoint_F' disabled for team 0
[2021.05.26-03.39.19:649][  6]LogSpawning: Spawnzone 'SZCheckpoint_G' disabled for team 0
[2021.05.26-03.39.19:650][  6]LogSpawning: Spawnzone 'SZCheckpointA_RA' disabled for team 1
[2021.05.26-03.39.19:650][  6]LogSpawning: Spawnzone 'SZCheckpointB_RA' disabled for team 1
[2021.05.26-03.39.19:651][  6]LogSpawning: Spawnzone 'SZCheckpointC_RA' disabled for team 1
[2021.05.26-03.39.19:651][  6]LogSpawning: Spawnzone 'SZCheckpointD_RA' disabled for team 1
[2021.05.26-03.39.19:651][  6]LogSpawning: Spawnzone 'SZCheckpointE_RA' disabled for team 1
[2021.05.26-03.39.19:652][  6]LogSpawning: Spawnzone 'SZCheckpointF_RA' disabled for team 1
[2021.05.26-03.39.19:653][  6]LogSpawning: Spawnzone 'SZCheckpointG_RA' disabled for team 1
[2021.05.26-03.39.19:654][  6]LogSpawning: Spawnzone 'SZCheckpoint_A1_Team2' disabled for team 1
[2021.05.26-03.39.19:654][  6]LogSpawning: Spawnzone 'SZCheckpoint_A2_Team2' disabled for team 1
[2021.05.26-03.39.19:655][  6]LogSpawning: Spawnzone 'SZCheckpoint_A3_Team2' disabled for team 1
[2021.05.26-03.39.19:655][  6]LogSpawning: Spawnzone 'SZCheckpoint_C1_Team2' disabled for team 1
[2021.05.26-03.39.19:656][  6]LogSpawning: Spawnzone 'SZCheckpoint_C2_Team2' disabled for team 1
[2021.05.26-03.39.19:656][  6]LogSpawning: Spawnzone 'SZCheckpoint_C3_Team2' disabled for team 1
[2021.05.26-03.39.19:656][  6]LogSpawning: Spawnzone 'SZCheckpoint_D1_Team2' disabled for team 1
[2021.05.26-03.39.19:656][  6]LogSpawning: Spawnzone 'SZCheckpoint_D2_Team2' disabled for team 1
[2021.05.26-03.39.19:657][  6]LogSpawning: Spawnzone 'SZCheckpoint_D3_Team2' disabled for team 1
[2021.05.26-03.39.19:657][  6]LogSpawning: Spawnzone 'SZCheckpoint_G1_Team2' disabled for team 1
[2021.05.26-03.39.19:657][  6]LogSpawning: Spawnzone 'SZCheckpoint_G2_Team2' disabled for team 1
[2021.05.26-03.39.19:658][  6]LogSpawning: Spawnzone 'SZCheckpoint_G3_Team2' disabled for team 1
[2021.05.26-03.39.19:659][  6]LogGameMode: Error: Reinforcement system for invalid faction 255, ignoring
[2021.05.26-03.39.19:663][  6]LogGameMode: Display: Gamemode assets loaded, exiting LoadingAssets state, entering WaitingToStart
[2021.05.26-03.39.19:663][  6]LogGameMode: Display: State: LoadingAssets -> WaitingToStart
[2021.05.26-03.39.19:663][  6]LogGameState: Match State Changed from LoadingAssets to WaitingToStart
[2021.05.26-03.39.19:664][  6]LogSession: Display: AINSGameSession::HandleMatchIsWaitingToStart
[2021.05.26-03.39.19:664][  6]LogAI: Warning: AI difficulty set to 0.5
[2021.05.26-03.39.19:665][  6]LogGameState: Round reset. Authority:3
[2021.05.26-03.39.19:706][  6]LogObjectives: Ownership of objective 'OCCheckpoint_A' changed from 1 to 1
[2021.05.26-03.39.19:707][  6]LogObjectives: Ownership of objective 'ODCheckpoint_B_3' changed from 1 to 1
[2021.05.26-03.39.19:708][  6]LogObjectives: Ownership of objective 'OCCheckpoint_C' changed from 1 to 1
[2021.05.26-03.39.19:709][  6]LogObjectives: Ownership of objective 'OCCheckpoint_D' changed from 1 to 1
[2021.05.26-03.39.19:709][  6]LogObjectives: Ownership of objective 'ODCheckpoint_E' changed from 1 to 1
[2021.05.26-03.39.19:711][  6]LogObjectives: Ownership of objective 'ODCheckpoint_F' changed from 1 to 1
[2021.05.26-03.39.19:711][  6]LogObjectives: Ownership of objective 'OCCheckpoint_G' changed from 1 to 1
[2021.05.26-03.39.19:711][  6]LogSpawning: Spawnzone 'SZCheckpoint_A' enabled for team 0
[2021.05.26-03.39.19:712][  6]LogGameMode: Warning: Trying to enable spawn zone 'SZCheckpointA_RA' but it has no player starts!
[2021.05.26-03.39.19:713][  6]LogGameMode: Warning: Trying to enable spawn zone 'SZCheckpoint_A1_Team2' but it has no player starts!
[2021.05.26-03.39.19:714][  6]LogGameMode: Warning: Trying to enable spawn zone 'SZCheckpoint_A2_Team2' but it has no player starts!
[2021.05.26-03.39.19:714][  6]LogGameMode: Warning: Trying to enable spawn zone 'SZCheckpoint_A3_Team2' but it has no player starts!
[2021.05.26-03.39.19:716][  6]LogGameMode: Display: Advancing spawns for faction 255 to obj 0: 1 zones enabled (16 player starts), 0 disabled
[2021.05.26-03.40.45:492][ 77]LogCore: Engine exit requested (reason: ConsoleCtrl RequestExit)
[2021.05.26-03.40.45:492][ 77]LogCore: Warning: *** INTERRUPTED *** : SHUTTING DOWN
[2021.05.26-03.40.45:494][ 77]LogCore: Warning: *** INTERRUPTED *** : CTRL-C TO FORCE QUIT
[2021.05.26-03.40.45:495][ 77]LogCore: Engine exit requested (reason: EngineExit() was called; note: exit was already requested)
[2021.05.26-03.40.45:495][ 77]LogInit: Display: PreExit Game.
[2021.05.26-03.40.45:519][ 77]LogWorld: BeginTearingDown for /Game/Maps/OilField/Oilfield
[2021.05.26-03.40.45:519][ 77]LogNet: World NetDriver shutdown IpNetDriver_2147482547 [GameNetDriver]
[2021.05.26-03.40.45:520][ 77]LogNet: DestroyNamedNetDriver IpNetDriver_2147482547 [GameNetDriver]
[2021.05.26-03.40.45:522][ 77]LogExit: GameNetDriver IpNetDriver_2147482547 shut down
[2021.05.26-03.40.45:527][ 77]LogWorld: UWorld::CleanupWorld for Oilfield, bSessionEnded=true, bCleanupResources=true
[2021.05.26-03.40.45:586][ 77]LogWorld: UWorld::CleanupWorld for Oilfield_Polish_Merged, bSessionEnded=true, bCleanupResources=true
[2021.05.26-03.40.45:586][ 77]LogWorld: UWorld::CleanupWorld for Oilfield_Trims_merged, bSessionEnded=true, bCleanupResources=true
[2021.05.26-03.40.45:587][ 77]LogWorld: UWorld::CleanupWorld for Oilfield_New_Merged_05_06_2019, bSessionEnded=true, bCleanupResources=true
[2021.05.26-03.40.45:587][ 77]LogWorld: UWorld::CleanupWorld for Oilfield_Backdrop_Merged, bSessionEnded=true, bCleanupResources=true
[2021.05.26-03.40.45:588][ 77]LogWorld: UWorld::CleanupWorld for Oilfield_DirtMounds_Merged, bSessionEnded=true, bCleanupResources=true
[2021.05.26-03.40.45:588][ 77]LogWorld: UWorld::CleanupWorld for Oilfield_KitSelectionRoom_SEC, bSessionEnded=true, bCleanupResources=true
[2021.05.26-03.40.45:589][ 77]LogWorld: UWorld::CleanupWorld for Oilfield_KitSelectionRoom_INS, bSessionEnded=true, bCleanupResources=true
[2021.05.26-03.40.45:589][ 77]LogWorld: UWorld::CleanupWorld for Oilfield_Doors, bSessionEnded=true, bCleanupResources=true
[2021.05.26-03.40.45:590][ 77]LogWorld: UWorld::CleanupWorld for Oilfield_AI, bSessionEnded=true, bCleanupResources=true
[2021.05.26-03.40.45:590][ 77]LogWorld: UWorld::CleanupWorld for Oilfield_DynamicProps, bSessionEnded=true, bCleanupResources=true
[2021.05.26-03.40.45:591][ 77]LogWorld: UWorld::CleanupWorld for Oilfield_Particles, bSessionEnded=true, bCleanupResources=true
[2021.05.26-03.40.45:591][ 77]LogWorld: UWorld::CleanupWorld for Oilfield_Reflections, bSessionEnded=true, bCleanupResources=true
[2021.05.26-03.40.45:592][ 77]LogWorld: UWorld::CleanupWorld for Oilfield_Cables_Merged, bSessionEnded=true, bCleanupResources=true
[2021.05.26-03.40.45:592][ 77]LogWorld: UWorld::CleanupWorld for Oilfield_Decals, bSessionEnded=true, bCleanupResources=true
[2021.05.26-03.40.45:592][ 77]LogWorld: UWorld::CleanupWorld for Oilfield_BlockingVolumes, bSessionEnded=true, bCleanupResources=true
[2021.05.26-03.40.45:593][ 77]LogWorld: UWorld::CleanupWorld for Oilfield_PerformanceCheck, bSessionEnded=true, bCleanupResources=true
[2021.05.26-03.40.45:593][ 77]LogWorld: UWorld::CleanupWorld for Oilfield_Sound, bSessionEnded=true, bCleanupResources=true
[2021.05.26-03.40.45:594][ 77]LogWorld: UWorld::CleanupWorld for Oilfield_Landscape, bSessionEnded=true, bCleanupResources=true
[2021.05.26-03.40.45:594][ 77]LogWorld: UWorld::CleanupWorld for Oilfield_GlobalDay, bSessionEnded=true, bCleanupResources=true
[2021.05.26-03.40.45:594][ 77]LogWorld: UWorld::CleanupWorld for Refinery_Checkpoint_Security, bSessionEnded=true, bCleanupResources=true
[2021.05.26-03.40.45:596][ 77]LogExit: Preparing to exit.
[2021.05.26-03.40.45:648][ 77]LogDemo: Cleaned up 0 splitscreen connections with owner deletion
[2021.05.26-03.40.45:649][ 77]LogDemo: Cleaned up 0 splitscreen connections with owner deletion
[2021.05.26-03.40.45:650][ 77]LogExit: Game engine shut down
[2021.05.26-03.40.45:693][ 77]LogAISub: UAISubsystem::~UAISubsystem AISubsystem (000001FD16B807F0), frame # 5077
[2021.05.26-03.40.45:693][ 77]LogAISub: UAISubsystem::~UAISubsystem AIPerceptionSystem (000001FD16B80830), frame # 5077
[2021.05.26-03.40.45:694][ 77]LogAISub: UAISubsystem::~UAISubsystem EnvQueryManager (000001FD16B85500), frame # 5077
[2021.05.26-03.40.45:701][ 77]LogAISub: UAISubsystem::~UAISubsystem AIPerceptionSystem (000001FD2F46AEC0), frame # 5077
[2021.05.26-03.40.45:701][ 77]LogAISub: UAISubsystem::~UAISubsystem EnvQueryManager (000001FD2F46AD80), frame # 5077
[2021.05.26-03.40.45:796][ 77]LogExit: Object subsystem successfully closed.
[2021.05.26-03.40.45:803][ 77]LogModuleManager: Shutting down and abandoning module AIModule (248)
[2021.05.26-03.40.45:804][ 77]LogModuleManager: Shutting down and abandoning module NavigationSystem (247)
[2021.05.26-03.40.45:804][ 77]LogModuleManager: Shutting down and abandoning module CharacterAI (244)
[2021.05.26-03.40.45:805][ 77]LogModuleManager: Shutting down and abandoning module PlanarCut (242)
[2021.05.26-03.40.45:805][ 77]LogModuleManager: Shutting down and abandoning module MfMediaFactory (240)
[2021.05.26-03.40.45:806][ 77]LogModuleManager: Shutting down and abandoning module SessionServices (238)
[2021.05.26-03.40.45:806][ 77]LogModuleManager: Shutting down and abandoning module Analytics (236)
[2021.05.26-03.40.45:806][ 77]LogModuleManager: Shutting down and abandoning module AnalyticsET (234)
[2021.05.26-03.40.45:807][ 77]LogModuleManager: Shutting down and abandoning module MovieSceneTracks (232)
[2021.05.26-03.40.45:807][ 77]LogModuleManager: Shutting down and abandoning module MovieScene (230)
[2021.05.26-03.40.45:808][ 77]LogModuleManager: Shutting down and abandoning module StreamingPauseRendering (228)
[2021.05.26-03.40.45:808][ 77]LogModuleManager: Shutting down and abandoning module ImageWriteQueue (226)
[2021.05.26-03.40.45:809][ 77]LogModuleManager: Shutting down and abandoning module ImageWrapper (225)
[2021.05.26-03.40.45:809][ 77]LogModuleManager: Shutting down and abandoning module Synthesis (222)
[2021.05.26-03.40.45:809][ 77]LogModuleManager: Shutting down and abandoning module GooglePAD (220)
[2021.05.26-03.40.45:810][ 77]LogModuleManager: Shutting down and abandoning module AssetTags (218)
[2021.05.26-03.40.45:810][ 77]LogModuleManager: Shutting down and abandoning module MagicLeapSharedWorld (214)
[2021.05.26-03.40.45:810][ 77]LogModuleManager: Shutting down and abandoning module ChaosNiagara (212)
[2021.05.26-03.40.45:811][ 77]LogModuleManager: Shutting down and abandoning module ProceduralMeshComponent (210)
[2021.05.26-03.40.45:811][ 77]LogModuleManager: Shutting down and abandoning module GeometryCollectionTracks (208)
[2021.05.26-03.40.45:812][ 77]LogModuleManager: Shutting down and abandoning module EditableMesh (206)
[2021.05.26-03.40.45:812][ 77]LogModuleManager: Shutting down and abandoning module MeshSolverUtilities (204)
[2021.05.26-03.40.45:812][ 77]LogModuleManager: Shutting down and abandoning module MeshConversion (202)
[2021.05.26-03.40.45:813][ 77]LogModuleManager: Shutting down and abandoning module DynamicMesh (200)
[2021.05.26-03.40.45:813][ 77]LogModuleManager: Shutting down and abandoning module GeometryAlgorithms (198)
[2021.05.26-03.40.45:813][ 77]LogModuleManager: Shutting down and abandoning module GeometricObjects (196)
[2021.05.26-03.40.45:814][ 77]LogModuleManager: Shutting down and abandoning module ChaosCloth (194)
[2021.05.26-03.40.45:814][ 77]LogModuleManager: Shutting down and abandoning module AutomationUtils (192)
[2021.05.26-03.40.45:815][ 77]LogModuleManager: Shutting down and abandoning module RconSandstorm (190)
[2021.05.26-03.40.45:815][ 77]LogModuleManager: Shutting down and abandoning module Rcon (189)
[2021.05.26-03.40.45:815][ 77]LogModuleManager: Shutting down and abandoning module Holidays (186)
[2021.05.26-03.40.45:816][ 77]LogModuleManager: Shutting down and abandoning module CryptoUtilities (184)
[2021.05.26-03.40.45:816][ 77]LogModuleManager: Shutting down and abandoning module EasyAntiCheatCommon (182)
[2021.05.26-03.40.45:817][ 77]LogModuleManager: Shutting down and abandoning module EasyAntiCheatClient (180)
[2021.05.26-03.40.45:817][ 77]LogModuleManager: Shutting down and abandoning module EasyAntiCheatServer (178)
[2021.05.26-03.40.45:822][ 77]LogEasyAntiCheatServer: [23:40:45:817][Windows][EAC Server] [Info][Destroy] Called
[2021.05.26-03.40.45:822][ 77]LogModuleManager: Shutting down and abandoning module ConsoleCertificationRequirements (176)
[2021.05.26-03.40.45:822][ 77]LogModuleManager: Shutting down and abandoning module InsurgencyGameplayDebugger (174)
[2021.05.26-03.40.45:823][ 77]LogModuleManager: Shutting down and abandoning module SlackFeedback (172)
[2021.05.26-03.40.45:823][ 77]LogModuleManager: Shutting down and abandoning module GameStatsServer (170)
[2021.05.26-03.40.45:824][ 77]LogModuleManager: Shutting down and abandoning module NativizedAssets (168)
[2021.05.26-03.40.45:824][ 77]LogModuleManager: Shutting down and abandoning module VivoxCore (166)
[2021.05.26-03.40.45:824][ 77]VivoxCore: FVivoxCoreModule::ShutdownModule
[2021.05.26-03.40.45:825][ 77]LogModuleManager: Shutting down and abandoning module StatsCollector (164)
[2021.05.26-03.40.45:825][ 77]LogUObjectArray: Warning: Empty slot
[2021.05.26-03.40.45:827][ 77]LogModuleManager: Shutting down and abandoning module HttpExtensions (162)
[2021.05.26-03.40.45:827][ 77]LogModuleManager: Shutting down and abandoning module ModKit (160)
[2021.05.26-03.40.45:827][ 77]LogModuleManager: Shutting down and abandoning module WebSockets (157)
[2021.05.26-03.40.45:828][ 77]LogModuleManager: Shutting down and abandoning module PlayTimeLimit (154)
[2021.05.26-03.40.45:829][ 77]LogModuleManager: Shutting down and abandoning module Rejoin (152)
[2021.05.26-03.40.45:829][ 77]LogModuleManager: Shutting down and abandoning module Hotfix (150)
[2021.05.26-03.40.45:829][ 77]LogModuleManager: Shutting down and abandoning module Lobby (148)
[2021.05.26-03.40.45:830][ 77]LogModuleManager: Shutting down and abandoning module Party (146)
[2021.05.26-03.40.45:830][ 77]LogModuleManager: Shutting down and abandoning module Qos (144)
[2021.05.26-03.40.45:830][ 77]LogModuleManager: Shutting down and abandoning module TemplateSequence (142)
[2021.05.26-03.40.45:831][ 77]LogModuleManager: Shutting down and abandoning module InsurgencyServer (140)
[2021.05.26-03.40.45:831][ 77]LogModuleManager: Shutting down and abandoning module Insurgency (138)
[2021.05.26-03.40.45:831][ 77]LogModuleManager: Shutting down and abandoning module SoundFields (136)
[2021.05.26-03.40.45:832][ 77]LogModuleManager: Shutting down and abandoning module RuntimePhysXCooking (134)
[2021.05.26-03.40.45:832][ 77]LogModuleManager: Shutting down and abandoning module ActorSequence (132)
[2021.05.26-03.40.45:832][ 77]LogModuleManager: Shutting down and abandoning module UdpMessaging (130)
[2021.05.26-03.40.45:833][ 77]LogModuleManager: Shutting down and abandoning module MagicLeapARPin (128)
[2021.05.26-03.40.45:833][ 77]LogModuleManager: Shutting down and abandoning module FacialAnimation (126)
[2021.05.26-03.40.45:833][ 77]LogModuleManager: Shutting down and abandoning module AnimationSharing (124)
[2021.05.26-03.40.45:838][ 77]LogModuleManager: Shutting down and abandoning module LightPropagationVolumeRuntime (122)
[2021.05.26-03.40.45:839][ 77]LogModuleManager: Shutting down and abandoning module UMGExtensions (120)
[2021.05.26-03.40.45:839][ 77]LogModuleManager: Shutting down and abandoning module DiscordRpc (118)
[2021.05.26-03.40.45:840][ 77]LogModuleManager: Shutting down and abandoning module ControlRig (114)
[2021.05.26-03.40.45:840][ 77]LogModuleManager: Shutting down and abandoning module LevelSequence (113)
[2021.05.26-03.40.45:840][ 77]LogModuleManager: Shutting down and abandoning module TcpMessaging (110)
[2021.05.26-03.40.45:840][ 77]LogModuleManager: Shutting down and abandoning module AnimationBudgetAllocator (108)
[2021.05.26-03.40.45:841][ 77]LogModuleManager: Shutting down and abandoning module Gauntlet (106)
[2021.05.26-03.40.45:841][ 77]LogGauntlet: Display: Gauntlet Shutdown
[2021.05.26-03.40.45:841][ 77]LogModuleManager: Shutting down and abandoning module ReplicationGraph (104)
[2021.05.26-03.40.45:842][ 77]LogModuleManager: Shutting down and abandoning module NiagaraAnimNotifies (102)
[2021.05.26-03.40.45:842][ 77]LogModuleManager: Shutting down and abandoning module Niagara (100)
[2021.05.26-03.40.45:843][ 77]LogModuleManager: Shutting down and abandoning module SignalProcessing (99)
[2021.05.26-03.40.45:843][ 77]LogModuleManager: Shutting down and abandoning module NiagaraCore (96)
[2021.05.26-03.40.45:844][ 77]LogModuleManager: Shutting down and abandoning module SignificanceManager (94)
[2021.05.26-03.40.45:844][ 77]LogModuleManager: Shutting down and abandoning module AkAudio (92)
[2021.05.26-03.40.45:844][ 77]LogModuleManager: Shutting down and abandoning module WindowsMoviePlayer (90)
[2021.05.26-03.40.45:845][ 77]LogModuleManager: Shutting down and abandoning module InsurgencyLoadingScreen (88)
[2021.05.26-03.40.45:845][ 77]LogModuleManager: Shutting down and abandoning module NetworkReplayStreaming (86)
[2021.05.26-03.40.45:845][ 77]LogModuleManager: Shutting down and abandoning module PacketHandler (84)
[2021.05.26-03.40.45:846][ 77]LogModuleManager: Shutting down and abandoning module ClothingSystemRuntimeNv (82)
[2021.05.26-03.40.45:846][ 77]LogModuleManager: Shutting down and abandoning module MediaAssets (80)
[2021.05.26-03.40.45:846][ 77]LogModuleManager: Shutting down and abandoning module Messaging (78)
[2021.05.26-03.40.45:847][ 77]LogModuleManager: Shutting down and abandoning module Networking (76)
[2021.05.26-03.40.45:847][ 77]LogModuleManager: Shutting down and abandoning module Core (74)
[2021.05.26-03.40.45:848][ 77]LogModuleManager: Shutting down and abandoning module Media (72)
[2021.05.26-03.40.45:848][ 77]LogModuleManager: Shutting down and abandoning module NullDrv (68)
[2021.05.26-03.40.45:848][ 77]LogModuleManager: Shutting down and abandoning module PhysXCooking (66)
[2021.05.26-03.40.45:849][ 77]LogModuleManager: Shutting down and abandoning module ChaosSolvers (64)
[2021.05.26-03.40.45:849][ 77]LogModuleManager: Shutting down and abandoning module FieldSystemEngine (63)
[2021.05.26-03.40.45:850][ 77]LogModuleManager: Shutting down and abandoning module Chaos (60)
[2021.05.26-03.40.45:852][ 77]LogModuleManager: Shutting down and abandoning module VariantManagerContent (57)
[2021.05.26-03.40.45:852][ 77]LogModuleManager: Shutting down and abandoning module AISupportModule (55)
[2021.05.26-03.40.45:854][ 77]LogModuleManager: Shutting down and abandoning module NiagaraVertexFactories (51)
[2021.05.26-03.40.45:854][ 77]LogModuleManager: Shutting down and abandoning module NiagaraShader (49)
[2021.05.26-03.40.45:854][ 77]LogModuleManager: Shutting down and abandoning module NVIDIAGfeSDK (47)
[2021.05.26-03.40.45:855][ 77]LogModuleManager: Shutting down and abandoning module Ansel (45)
[2021.05.26-03.40.45:855][ 77]LogModuleManager: Shutting down and abandoning module OnlineSubsystem (41)
[2021.05.26-03.40.45:855][ 77]LogOnline: Display: STEAM (NWI): OnlineSubsystemSteam::Shutdown()
[2021.05.26-03.40.45:855][ 77]LogOnline: STEAM (NWI): AUTH: Revoking all tickets.
[2021.05.26-03.40.45:973][ 77]LogOnline: Display: FOnlineSubsystemNWI::Shutdown()
[2021.05.26-03.40.45:974][ 77]LogOnline: Display: STEAM (NWI): OnlineSubsystemSteam::Shutdown()
[2021.05.26-03.40.45:975][ 77]LogOnline: FOnlineSubsystemNWIModule::ShutdownModule
[2021.05.26-03.40.45:975][ 77]LogOnline: Display: FOnlineSubsystemNWI::Shutdown()
[2021.05.26-03.40.45:975][ 77]LogModuleManager: Shutting down and abandoning module SteamShared (37)
[2021.05.26-03.40.45:977][ 77]LogSteamShared: Freeing the Steam Loaded Modules...
[2021.05.26-03.40.45:979][ 77]LogModuleManager: Shutting down and abandoning module HTTP (34)
[2021.05.26-03.40.45:985][ 77]LogModuleManager: Shutting down and abandoning module SSL (33)
[2021.05.26-03.40.45:985][ 77]LogModuleManager: Shutting down and abandoning module PlatformCryptoOpenSSL (29)
[2021.05.26-03.40.45:985][ 77]LogModuleManager: Shutting down and abandoning module PlatformCryptoTypes (27)
[2021.05.26-03.40.45:986][ 77]LogModuleManager: Shutting down and abandoning module PlatformCrypto (25)
[2021.05.26-03.40.45:986][ 77]LogModuleManager: Shutting down and abandoning module PythonScriptPluginPreload (23)
[2021.05.26-03.40.45:986][ 77]LogModuleManager: Shutting down and abandoning module RenderCore (21)
[2021.05.26-03.40.45:987][ 77]LogModuleManager: Shutting down and abandoning module Landscape (19)
[2021.05.26-03.40.45:987][ 77]LogModuleManager: Shutting down and abandoning module OpenGLDrv (17)
[2021.05.26-03.40.45:987][ 77]LogModuleManager: Shutting down and abandoning module AnimGraphRuntime (14)
[2021.05.26-03.40.45:988][ 77]LogModuleManager: Shutting down and abandoning module Renderer (12)
[2021.05.26-03.40.45:988][ 77]LogModuleManager: Shutting down and abandoning module Engine (10)
[2021.05.26-03.40.45:989][ 77]LogModuleManager: Shutting down and abandoning module CoreUObject (8)
[2021.05.26-03.40.45:989][ 77]LogModuleManager: Shutting down and abandoning module SandboxFile (6)
[2021.05.26-03.40.45:989][ 77]LogModuleManager: Shutting down and abandoning module PakFile (4)
[2021.05.26-03.40.45:997][ 77]LogModuleManager: Shutting down and abandoning module RSA (3)
[2021.05.26-03.40.45:998][ 77]LogExit: Exiting.
[2021.05.26-03.40.46:014][ 77]Log file closed, 05/25/21 23:40:46
