Log file open, 05/25/21 23:29:56
LogPakFile: Display: Found Pak file ../../../Insurgency/Content/Paks/pakchunk21-WindowsServer_0_P.pak attempting to mount.
LogPakFile: Display: Mounting pak file ../../../Insurgency/Content/Paks/pakchunk21-WindowsServer_0_P.pak.
LogPakFile: Display: Found Pak file ../../../Insurgency/Content/Paks/pakchunk21-WindowsServer.pak attempting to mount.
LogPakFile: Display: Mounting pak file ../../../Insurgency/Content/Paks/pakchunk21-WindowsServer.pak.
LogPakFile: Display: Found Pak file ../../../Insurgency/Content/Paks/pakchunk20-WindowsServer_0_P.pak attempting to mount.
LogPakFile: Display: Mounting pak file ../../../Insurgency/Content/Paks/pakchunk20-WindowsServer_0_P.pak.
LogPakFile: Display: Found Pak file ../../../Insurgency/Content/Paks/pakchunk20-WindowsServer.pak attempting to mount.
LogPakFile: Display: Mounting pak file ../../../Insurgency/Content/Paks/pakchunk20-WindowsServer.pak.
LogPakFile: Display: Found Pak file ../../../Insurgency/Content/Paks/pakchunk19-WindowsServer_0_P.pak attempting to mount.
LogPakFile: Display: Mounting pak file ../../../Insurgency/Content/Paks/pakchunk19-WindowsServer_0_P.pak.
LogPakFile: Display: Found Pak file ../../../Insurgency/Content/Paks/pakchunk19-WindowsServer.pak attempting to mount.
LogPakFile: Display: Mounting pak file ../../../Insurgency/Content/Paks/pakchunk19-WindowsServer.pak.
LogPakFile: Display: Found Pak file ../../../Insurgency/Content/Paks/pakchunk18-WindowsServer_0_P.pak attempting to mount.
LogPakFile: Display: Mounting pak file ../../../Insurgency/Content/Paks/pakchunk18-WindowsServer_0_P.pak.
LogPakFile: Display: Found Pak file ../../../Insurgency/Content/Paks/pakchunk18-WindowsServer.pak attempting to mount.
LogPakFile: Display: Mounting pak file ../../../Insurgency/Content/Paks/pakchunk18-WindowsServer.pak.
LogPakFile: Display: Found Pak file ../../../Insurgency/Content/Paks/pakchunk17-WindowsServer_0_P.pak attempting to mount.
LogPakFile: Display: Mounting pak file ../../../Insurgency/Content/Paks/pakchunk17-WindowsServer_0_P.pak.
LogPakFile: Display: Found Pak file ../../../Insurgency/Content/Paks/pakchunk17-WindowsServer.pak attempting to mount.
LogPakFile: Display: Mounting pak file ../../../Insurgency/Content/Paks/pakchunk17-WindowsServer.pak.
LogPakFile: Display: Found Pak file ../../../Insurgency/Content/Paks/pakchunk16-WindowsServer_0_P.pak attempting to mount.
LogPakFile: Display: Mounting pak file ../../../Insurgency/Content/Paks/pakchunk16-WindowsServer_0_P.pak.
LogPakFile: Display: Found Pak file ../../../Insurgency/Content/Paks/pakchunk16-WindowsServer.pak attempting to mount.
LogPakFile: Display: Mounting pak file ../../../Insurgency/Content/Paks/pakchunk16-WindowsServer.pak.
LogPakFile: Display: Found Pak file ../../../Insurgency/Content/Paks/pakchunk15-WindowsServer_0_P.pak attempting to mount.
LogPakFile: Display: Mounting pak file ../../../Insurgency/Content/Paks/pakchunk15-WindowsServer_0_P.pak.
LogPakFile: Display: Found Pak file ../../../Insurgency/Content/Paks/pakchunk15-WindowsServer.pak attempting to mount.
LogPakFile: Display: Mounting pak file ../../../Insurgency/Content/Paks/pakchunk15-WindowsServer.pak.
LogPakFile: Display: Found Pak file ../../../Insurgency/Content/Paks/pakchunk14-WindowsServer_0_P.pak attempting to mount.
LogPakFile: Display: Mounting pak file ../../../Insurgency/Content/Paks/pakchunk14-WindowsServer_0_P.pak.
LogPakFile: Display: Found Pak file ../../../Insurgency/Content/Paks/pakchunk14-WindowsServer.pak attempting to mount.
LogPakFile: Display: Mounting pak file ../../../Insurgency/Content/Paks/pakchunk14-WindowsServer.pak.
LogPakFile: Display: Found Pak file ../../../Insurgency/Content/Paks/pakchunk13-WindowsServer_0_P.pak attempting to mount.
LogPakFile: Display: Mounting pak file ../../../Insurgency/Content/Paks/pakchunk13-WindowsServer_0_P.pak.
LogPakFile: Display: Found Pak file ../../../Insurgency/Content/Paks/pakchunk13-WindowsServer.pak attempting to mount.
LogPakFile: Display: Mounting pak file ../../../Insurgency/Content/Paks/pakchunk13-WindowsServer.pak.
LogPakFile: Display: Found Pak file ../../../Insurgency/Content/Paks/pakchunk12-WindowsServer_0_P.pak attempting to mount.
LogPakFile: Display: Mounting pak file ../../../Insurgency/Content/Paks/pakchunk12-WindowsServer_0_P.pak.
LogPakFile: Display: Found Pak file ../../../Insurgency/Content/Paks/pakchunk12-WindowsServer.pak attempting to mount.
LogPakFile: Display: Mounting pak file ../../../Insurgency/Content/Paks/pakchunk12-WindowsServer.pak.
LogPakFile: Display: Found Pak file ../../../Insurgency/Content/Paks/pakchunk11-WindowsServer_0_P.pak attempting to mount.
LogPakFile: Display: Mounting pak file ../../../Insurgency/Content/Paks/pakchunk11-WindowsServer_0_P.pak.
LogPakFile: Display: Found Pak file ../../../Insurgency/Content/Paks/pakchunk11-WindowsServer.pak attempting to mount.
LogPakFile: Display: Mounting pak file ../../../Insurgency/Content/Paks/pakchunk11-WindowsServer.pak.
LogPakFile: Display: Found Pak file ../../../Insurgency/Content/Paks/pakchunk10-WindowsServer_0_P.pak attempting to mount.
LogPakFile: Display: Mounting pak file ../../../Insurgency/Content/Paks/pakchunk10-WindowsServer_0_P.pak.
LogPakFile: Display: Found Pak file ../../../Insurgency/Content/Paks/pakchunk10-WindowsServer.pak attempting to mount.
LogPakFile: Display: Mounting pak file ../../../Insurgency/Content/Paks/pakchunk10-WindowsServer.pak.
LogPakFile: Display: Found Pak file ../../../Insurgency/Content/Paks/pakchunk0-WindowsServer_0_P.pak attempting to mount.
LogPakFile: Display: Mounting pak file ../../../Insurgency/Content/Paks/pakchunk0-WindowsServer_0_P.pak.
LogPakFile: Display: Found Pak file ../../../Insurgency/Content/Paks/pakchunk0-WindowsServer.pak attempting to mount.
LogPakFile: Display: Mounting pak file ../../../Insurgency/Content/Paks/pakchunk0-WindowsServer.pak.
LogPlatformFile: Not using cached read wrapper
LogTaskGraph: Started task graph with 4 named threads and 8 total threads with 1 sets of task threads.
LogModuleManager: Warning: ModuleManager: Module 'D3D11RHI' not found - its StaticallyLinkedModuleInitializers function is null.
LogICUInternationalization: ICU TimeZone Detection - Raw Offset: -5:00, Platform Override: ''
LogPluginManager: Mounting plugin Wwise
LogPluginManager: Mounting plugin MatineeToLevelSequence
LogPluginManager: Mounting plugin TemplateSequence
LogPluginManager: Mounting plugin LevelSequenceEditor
LogPluginManager: Mounting plugin OnlineSubsystemSteamNWI
LogPluginManager: Mounting plugin OnlineSubsystem
LogPluginManager: Mounting plugin OnlineSubsystemUtils
LogPluginManager: Mounting plugin SteamShared
LogPluginManager: Mounting plugin Ansel
LogPluginManager: Mounting plugin NVIDIAGfeSDK
LogPluginManager: Mounting plugin OnlineFramework
LogPluginManager: Mounting plugin MediaPlayerEditor
LogPluginManager: Mounting plugin WmfMedia
LogPluginManager: Mounting plugin OnlineSubsystemNWI
LogPluginManager: Mounting plugin SignificanceManager
LogPluginManager: Mounting plugin Niagara
LogPluginManager: Mounting plugin ReplicationGraph
LogPluginManager: Mounting plugin EditorScriptingUtilities
LogPluginManager: Mounting plugin Gauntlet
LogPluginManager: Mounting plugin BlueprintStats
LogPluginManager: Mounting plugin InsurgencyEditor
LogPluginManager: Mounting plugin PluginBrowser
LogPluginManager: Mounting plugin ModKit
LogPluginManager: Mounting plugin HttpExtensions
LogPluginManager: Mounting plugin ZipUtilities
LogPluginManager: Mounting plugin AnimationBudgetAllocator
LogPluginManager: Mounting plugin InsurgencyUnitTests
LogPluginManager: Mounting plugin DataValidation
LogPluginManager: Mounting plugin RenderDocPlugin
LogPluginManager: Mounting plugin TraceDataFilters
LogPluginManager: Mounting plugin TraceSourceFilters
LogPluginManager: Mounting plugin GameplayInsights
LogPluginManager: Mounting plugin TcpMessaging
LogPluginManager: Mounting plugin StatsCollector
LogPluginManager: Mounting plugin OnlineSubsystemEOS
LogPluginManager: Mounting plugin VivoxCore
LogPluginManager: Mounting plugin MfMedia
LogPluginManager: Mounting plugin PythonScriptPlugin
LogPluginManager: Mounting plugin ControlRig
LogPluginManager: Mounting plugin NativizedAssets
LogPluginManager: Mounting plugin PhysXVehicles
LogPluginManager: Mounting plugin GameStats
LogPluginManager: Mounting plugin SlackFeedback
LogPluginManager: Mounting plugin InsurgencyGameplayDebugger
LogPluginManager: Mounting plugin ConsoleCertificationRequirements
LogPluginManager: Mounting plugin DiscordRpc
LogPluginManager: Mounting plugin EasyAntiCheat
LogPluginManager: Mounting plugin CryptoUtilities
LogPluginManager: Mounting plugin Holidays
LogPluginManager: Mounting plugin UMGExtensions
LogPluginManager: Mounting plugin RconSandstorm
LogPluginManager: Mounting plugin Rcon
LogPluginManager: Mounting plugin AISupport
LogPluginManager: Mounting plugin LightPropagationVolume
LogPluginManager: Mounting plugin AnimationSharing
LogPluginManager: Mounting plugin AssetManagerEditor
LogPluginManager: Mounting plugin FacialAnimation
LogPluginManager: Mounting plugin GeometryMode
LogPluginManager: Mounting plugin VariantManagerContent
LogPluginManager: Mounting plugin AutomationUtils
LogPluginManager: Mounting plugin ScreenshotTools
LogPluginManager: Mounting plugin ChaosClothEditor
LogPluginManager: Mounting plugin ChaosCloth
LogPluginManager: Mounting plugin ChaosEditor
LogPluginManager: Mounting plugin PlanarCut
LogPluginManager: Mounting plugin GeometryProcessing
LogPluginManager: Mounting plugin EditableMesh
LogPluginManager: Mounting plugin GeometryCollectionPlugin
LogPluginManager: Mounting plugin ProceduralMeshComponent
LogPluginManager: Mounting plugin ChaosSolverPlugin
LogPluginManager: Mounting plugin ChaosNiagara
LogPluginManager: Mounting plugin CharacterAI
LogPluginManager: Mounting plugin PlatformCrypto
LogPluginManager: Mounting plugin MagicLeapPassableWorld
LogPluginManager: Mounting plugin MeshPainting
LogPluginManager: Mounting plugin UdpMessaging
LogPluginManager: Mounting plugin ActorSequence
LogPluginManager: Mounting plugin MovieRenderPipeline
LogPluginManager: Mounting plugin NetcodeUnitTest
LogPluginManager: Mounting plugin OnlineSubsystemNull
LogPluginManager: Mounting plugin AssetTags
LogPluginManager: Mounting plugin GooglePAD
LogPluginManager: Mounting plugin RuntimePhysXCooking
LogPluginManager: Mounting plugin SoundFields
LogPluginManager: Mounting plugin Synthesis
LogPluginManager: Mounting plugin WindowsMoviePlayer
LogPluginManager: Mounting plugin ExampleContent
LogPluginManager: Mounting plugin NWI_Infected
LogInit: Using libcurl 7.55.1-DEV
LogInit:  - built for x86_64-pc-win32
LogInit:  - supports SSL with OpenSSL/1.1.1
LogInit:  - supports HTTP deflate (compression) using libz 1.2.8
LogInit:  - other features:
LogInit:      CURL_VERSION_SSL
LogInit:      CURL_VERSION_LIBZ
LogInit:      CURL_VERSION_IPV6
LogInit:      CURL_VERSION_ASYNCHDNS
LogInit:      CURL_VERSION_LARGEFILE
LogInit:      CURL_VERSION_IDN
LogInit:  CurlRequestOptions (configurable via config and command line):
LogInit:  - bVerifyPeer = true  - Libcurl will verify peer certificate
LogInit:  - bUseHttpProxy = false  - Libcurl will NOT use HTTP proxy
LogInit:  - bDontReuseConnections = false  - Libcurl will reuse connections
LogInit:  - MaxHostConnections = 16  - Libcurl will limit the number of connections to a host
LogInit:  - LocalHostAddr = Default
LogInit:  - BufferSize = 65536
LogSteamShared: Display: Loading Steam SDK 1.47
LogSteamShared: Steam SDK Loaded!
LogOnline: OSS: Creating online subsystem instance for: SteamNWI
LogOnline: Display: STEAM (NWI): Steam: Starting SteamWorks. Client [0] Server [1]
LogOnline: STEAM (NWI): [AppId: 581320] Game Server API initialized 1
LogOnline: STEAM (NWI): Missing P2PCleanupTimeout key in OnlineSubsystemSteam of DefaultEngine.ini, using default
LogInit: WinSock: version 1.1 (2.2), MaxSocks=32767, MaxUdp=65467
LogOnline: STEAM (NWI): AUTH: Steam Auth Enabled
LogOnline: STEAM (NWI): Initializing voice subsystem.
LogOnline: OSS: TryLoadSubsystemAndSetDefault: Loaded subsystem for module [SteamNWI]
LogAnsel: Tried to load ../../../Engine/Plugins/Runtime/Nvidia/Ansel/Binaries/ThirdParty/AnselSDK64.dll : success=1
LogTemp: Using NVIDIAGfeSDKPlugin version 1.0.0
LogOnline: Error: OSS: FOnlineSubsystemEOS::DeferredInit() failed to find artifact settings object for artifact ()
LogInit: Build: ++sandstorm+release-1.10.0-CL-152892
LogInit: Engine Version: 4.25.4-152892+++sandstorm+release-1.10.0
LogInit: Compatible Engine Version: 4.25.4-152892+++sandstorm+release-1.10.0
LogInit: Net CL: 152892
LogInit: OS: Windows 10 (Release 2004) (), CPU: Intel(R) Core(TM) i7-8550U CPU @ 1.80GHz, GPU: Intel(R) UHD Graphics 620
LogInit: Compiled (64-bit): May 20 2021 00:59:20
LogInit: Compiled with Visual C++: 19.27.29112.00
LogInit: Build Configuration: Shipping
LogInit: Branch Name: ++sandstorm+release-1.10.0
LogInit: Command Line:  Scenario=Scenario_PowerPlant_Checkpoint_Security?MaxPlayers=2 -Port=27102 -QueryPort=27131 -log -hostname=GrumTest -motd
LogInit: Base Directory: C:/Users/Matt/Downloads/steamcmd/steamapps/common/sandstorm_server/Insurgency/Binaries/Win64/
LogInit: Allocator: binned2
LogInit: Installed Engine Build: 0
LogInit: Presizing for max 2097152 objects, including 130000 objects not considered by GC, pre-allocating 32000000 bytes for permanent pool.
LogConfig: Applying CVar settings from Section [/Script/Engine.StreamingSettings] File [../../../Insurgency/Saved/Config/WindowsServer/Engine.ini]
LogConfig: Setting CVar [[s.MinBulkDataSizeForAsyncLoading:131072]]
LogConfig: Setting CVar [[s.AsyncLoadingThreadEnabled:1]]
LogConfig: Setting CVar [[s.EventDrivenLoaderEnabled:1]]
LogConfig: Setting CVar [[s.WarnIfTimeLimitExceeded:0]]
LogConfig: Setting CVar [[s.TimeLimitExceededMultiplier:1.5]]
LogConfig: Setting CVar [[s.TimeLimitExceededMinTime:0.005]]
LogConfig: Setting CVar [[s.UseBackgroundLevelStreaming:1]]
LogConfig: Setting CVar [[s.PriorityAsyncLoadingExtraTime:15.0]]
LogConfig: Setting CVar [[s.LevelStreamingActorsUpdateTimeLimit:5.0]]
LogConfig: Setting CVar [[s.PriorityLevelStreamingActorsUpdateExtraTime:5.0]]
LogConfig: Setting CVar [[s.LevelStreamingComponentsRegistrationGranularity:10]]
LogConfig: Setting CVar [[s.UnregisterComponentsTimeLimit:1.0]]
LogConfig: Setting CVar [[s.LevelStreamingComponentsUnregistrationGranularity:5]]
LogConfig: Setting CVar [[s.FlushStreamingOnExit:1]]
LogStreaming: Display: Async Loading initialized: Event Driven Loader: true, Async Loading Thread: false, Async Post Load: false
LogInit: Object subsystem initialized
LogConfig: Setting CVar [[net.PingExcludeFrameTime:1]]
LogConfig: Setting CVar [[net.UseAdaptiveNetUpdateFrequency:0]]
LogConfig: Setting CVar [[demo.RecordHz:20]]
LogConfig: Setting CVar [[r.HZBOcclusion:0]]
LogConfig: Setting CVar [[r.RenderTargetPoolMin:450]]
LogConfig: Setting CVar [[r.EyeAdaptation.BlackHistogramBucketInfluence:1]]
LogConfig: Setting CVar [[net.AllowAsyncLoading:1]]
LogConfig: Setting CVar [[net.AllowEncryption:1]]
LogConfig: Setting CVar [[t.FPSChart.ExcludeIdleTime:1]]
LogConfig: Setting CVar [[r.setres:1280x720]]
LogConfig: Setting CVar [[fx.NiagaraAllowRuntimeScalabilityChanges:1]]
[2021.05.26-03.29.56:672][  0]LogConfig: Setting CVar [[net.PingExcludeFrameTime:1]]
[2021.05.26-03.29.56:679][  0]LogConfig: Setting CVar [[net.UseAdaptiveNetUpdateFrequency:0]]
[2021.05.26-03.29.56:681][  0]LogConfig: Setting CVar [[demo.RecordHz:20]]
[2021.05.26-03.29.56:681][  0]LogConfig: Setting CVar [[r.HZBOcclusion:0]]
[2021.05.26-03.29.56:681][  0]LogConfig: Setting CVar [[r.RenderTargetPoolMin:450]]
[2021.05.26-03.29.56:682][  0]LogConfig: Setting CVar [[r.EyeAdaptation.BlackHistogramBucketInfluence:1]]
[2021.05.26-03.29.56:683][  0]LogConfig: Setting CVar [[net.AllowAsyncLoading:1]]
[2021.05.26-03.29.56:683][  0]LogConfig: Setting CVar [[net.AllowEncryption:1]]
[2021.05.26-03.29.56:683][  0]LogConfig: Setting CVar [[t.FPSChart.ExcludeIdleTime:1]]
[2021.05.26-03.29.56:684][  0]LogConfig: Setting CVar [[r.setres:1280x720]]
[2021.05.26-03.29.56:685][  0]LogConfig: Setting CVar [[fx.NiagaraAllowRuntimeScalabilityChanges:1]]
[2021.05.26-03.29.56:685][  0]LogConfig: Applying CVar settings from Section [/Script/Engine.RendererSettings] File [../../../Insurgency/Saved/Config/WindowsServer/Engine.ini]
[2021.05.26-03.29.56:686][  0]LogConfig: Setting CVar [[r.GPUCrashDebugging:0]]
[2021.05.26-03.29.56:686][  0]LogConfig: Setting CVar [[r.MobileHDR:0]]
[2021.05.26-03.29.56:688][  0]LogConfig: Setting CVar [[r.MobileNumDynamicPointLights:4]]
[2021.05.26-03.29.56:692][  0]LogConfig: Setting CVar [[r.MobileDynamicPointLightsUseStaticBranch:1]]
[2021.05.26-03.29.56:696][  0]LogConfig: Setting CVar [[r.AllowOcclusionQueries:1]]
[2021.05.26-03.29.56:698][  0]LogConfig: Setting CVar [[r.MinScreenRadiusForLights:0.030000]]
[2021.05.26-03.29.56:698][  0]LogConfig: Setting CVar [[r.MinScreenRadiusForDepthPrepass:0.030000]]
[2021.05.26-03.29.56:699][  0]LogConfig: Setting CVar [[r.PrecomputedVisibilityWarning:0]]
[2021.05.26-03.29.56:699][  0]LogConfig: Setting CVar [[r.TextureStreaming:1]]
[2021.05.26-03.29.56:700][  0]LogConfig: Setting CVar [[Compat.UseDXT5NormalMaps:0]]
[2021.05.26-03.29.56:700][  0]LogConfig: Setting CVar [[r.AllowStaticLighting:1]]
[2021.05.26-03.29.56:701][  0]LogConfig: Setting CVar [[r.NormalMapsForStaticLighting:0]]
[2021.05.26-03.29.56:701][  0]LogConfig: Setting CVar [[r.GenerateMeshDistanceFields:0]]
[2021.05.26-03.29.56:702][  0]LogConfig: Setting CVar [[r.GenerateLandscapeGIData:1]]
[2021.05.26-03.29.56:702][  0]LogConfig: Setting CVar [[r.SeparateTranslucency:1]]
[2021.05.26-03.29.56:704][  0]LogConfig: Setting CVar [[r.TranslucentSortPolicy:0]]
[2021.05.26-03.29.56:706][  0]LogConfig: Setting CVar [[r.CustomDepth:3]]
[2021.05.26-03.29.56:707][  0]LogConfig: Setting CVar [[r.DefaultFeature.Bloom:1]]
[2021.05.26-03.29.56:708][  0]LogConfig: Setting CVar [[r.DefaultFeature.AmbientOcclusion:1]]
[2021.05.26-03.29.56:708][  0]LogConfig: Setting CVar [[r.DefaultFeature.AmbientOcclusionStaticFraction:1]]
[2021.05.26-03.29.56:709][  0]LogConfig: Setting CVar [[r.DefaultFeature.AutoExposure:1]]
[2021.05.26-03.29.56:710][  0]LogConfig: Setting CVar [[r.DefaultFeature.MotionBlur:0]]
[2021.05.26-03.29.56:711][  0]LogConfig: Setting CVar [[r.DefaultFeature.LensFlare:0]]
[2021.05.26-03.29.56:711][  0]LogConfig: Setting CVar [[r.DefaultFeature.AntiAliasing:2]]
[2021.05.26-03.29.56:712][  0]LogConfig: Setting CVar [[r.EarlyZPass:2]]
[2021.05.26-03.29.56:712][  0]LogConfig: Setting CVar [[r.DBuffer:1]]
[2021.05.26-03.29.56:713][  0]LogConfig: Setting CVar [[r.ClearSceneMethod:1]]
[2021.05.26-03.29.56:713][  0]LogConfig: Setting CVar [[r.BasePassOutputsVelocity:1]]
[2021.05.26-03.29.56:714][  0]LogConfig: Setting CVar [[r.WireframeCullThreshold:5.000000]]
[2021.05.26-03.29.56:714][  0]LogConfig: Setting CVar [[r.SupportLowQualityLightmaps:0]]
[2021.05.26-03.29.56:715][  0]LogConfig: Setting CVar [[r.Shadow.UnbuiltPreviewInGame:0]]
[2021.05.26-03.29.56:715][  0]LogConfig: Setting CVar [[r.EarlyZPassOnlyMaterialMasking:1]]
[2021.05.26-03.29.56:716][  0]LogConfig: Setting CVar [[r.DefaultFeature.LightUnits:0]]
[2021.05.26-03.29.56:716][  0]LogConfig: Setting CVar [[r.DefaultFeature.AutoExposure.Bias:0.000000]]
[2021.05.26-03.29.56:717][  0]LogConfig: Setting CVar [[r.DefaultFeature.AutoExposure.ExtendDefaultLuminanceRange:0]]
[2021.05.26-03.29.56:717][  0]LogConfig: Applying CVar settings from Section [/Script/Engine.RendererOverrideSettings] File [../../../Insurgency/Saved/Config/WindowsServer/Engine.ini]
[2021.05.26-03.29.56:717][  0]LogConfig: Applying CVar settings from Section [/Script/Engine.StreamingSettings] File [../../../Insurgency/Saved/Config/WindowsServer/Engine.ini]
[2021.05.26-03.29.56:718][  0]LogConfig: Setting CVar [[s.MinBulkDataSizeForAsyncLoading:131072]]
[2021.05.26-03.29.56:718][  0]LogConfig: Setting CVar [[s.AsyncLoadingThreadEnabled:1]]
[2021.05.26-03.29.56:720][  0]LogConfig: Setting CVar [[s.EventDrivenLoaderEnabled:1]]
[2021.05.26-03.29.56:729][  0]LogConfig: Setting CVar [[s.WarnIfTimeLimitExceeded:0]]
[2021.05.26-03.29.56:729][  0]LogConfig: Setting CVar [[s.TimeLimitExceededMultiplier:1.5]]
[2021.05.26-03.29.56:729][  0]LogConfig: Setting CVar [[s.TimeLimitExceededMinTime:0.005]]
[2021.05.26-03.29.56:729][  0]LogConfig: Setting CVar [[s.UseBackgroundLevelStreaming:1]]
[2021.05.26-03.29.56:731][  0]LogConfig: Setting CVar [[s.PriorityAsyncLoadingExtraTime:15.0]]
[2021.05.26-03.29.56:731][  0]LogConfig: Setting CVar [[s.LevelStreamingActorsUpdateTimeLimit:5.0]]
[2021.05.26-03.29.56:732][  0]LogConfig: Setting CVar [[s.PriorityLevelStreamingActorsUpdateExtraTime:5.0]]
[2021.05.26-03.29.56:732][  0]LogConfig: Setting CVar [[s.LevelStreamingComponentsRegistrationGranularity:10]]
[2021.05.26-03.29.56:733][  0]LogConfig: Setting CVar [[s.UnregisterComponentsTimeLimit:1.0]]
[2021.05.26-03.29.56:733][  0]LogConfig: Setting CVar [[s.LevelStreamingComponentsUnregistrationGranularity:5]]
[2021.05.26-03.29.56:733][  0]LogConfig: Setting CVar [[s.FlushStreamingOnExit:1]]
[2021.05.26-03.29.56:734][  0]LogConfig: Applying CVar settings from Section [/Script/Engine.GarbageCollectionSettings] File [../../../Insurgency/Saved/Config/WindowsServer/Engine.ini]
[2021.05.26-03.29.56:734][  0]LogConfig: Setting CVar [[gc.MaxObjectsNotConsideredByGC:130000]]
[2021.05.26-03.29.56:735][  0]LogConfig: Setting CVar [[gc.SizeOfPermanentObjectPool:32000000]]
[2021.05.26-03.29.56:735][  0]LogConfig: Setting CVar [[gc.FlushStreamingOnGC:0]]
[2021.05.26-03.29.56:735][  0]LogConfig: Setting CVar [[gc.NumRetriesBeforeForcingGC:10]]
[2021.05.26-03.29.56:738][  0]LogConfig: Setting CVar [[gc.AllowParallelGC:1]]
[2021.05.26-03.29.56:740][  0]LogConfig: Setting CVar [[gc.TimeBetweenPurgingPendingKillObjects:61.1]]
[2021.05.26-03.29.56:741][  0]LogConfig: Setting CVar [[gc.MaxObjectsInEditor:25165824]]
[2021.05.26-03.29.56:745][  0]LogConfig: Setting CVar [[gc.IncrementalBeginDestroyEnabled:1]]
[2021.05.26-03.29.56:745][  0]LogConfig: Setting CVar [[gc.CreateGCClusters:1]]
[2021.05.26-03.29.56:747][  0]LogConfig: Setting CVar [[gc.MinGCClusterSize:5]]
[2021.05.26-03.29.56:747][  0]LogConfig: Setting CVar [[gc.ActorClusteringEnabled:1]]
[2021.05.26-03.29.56:748][  0]LogConfig: Setting CVar [[gc.BlueprintClusteringEnabled:1]]
[2021.05.26-03.29.56:749][  0]LogConfig: Setting CVar [[gc.UseDisregardForGCOnDedicatedServers:0]]
[2021.05.26-03.29.56:749][  0]LogConfig: Applying CVar settings from Section [/Script/Engine.NetworkSettings] File [../../../Insurgency/Saved/Config/WindowsServer/Engine.ini]
[2021.05.26-03.29.56:750][  0]LogConfig: Applying CVar settings from Section [ViewDistanceQuality@3] File [../../../Insurgency/Saved/Config/WindowsServer/Scalability.ini]
[2021.05.26-03.29.56:759][  0]LogConfig: Setting CVar [[r.SkeletalMeshLODBias:0]]
[2021.05.26-03.29.56:760][  0]LogConfig: Setting CVar [[r.ViewDistanceScale:1.0]]
[2021.05.26-03.29.56:760][  0]LogConfig: Setting CVar [[r.SkeletalMeshLODRadiusScale:1]]
[2021.05.26-03.29.56:761][  0]LogConfig: Setting CVar [[r.LandscapeLODBias:0]]
[2021.05.26-03.29.56:761][  0]LogConfig: Setting CVar [[r.ViewDistanceScale.FieldOfViewAffectsHLOD:1]]
[2021.05.26-03.29.56:762][  0]LogConfig: Setting CVar [[r.ViewDistanceScale.FieldOfViewMinAngleScale:5]]
[2021.05.26-03.29.56:762][  0]LogConfig: Setting CVar [[r.ViewDistanceScale.FieldOfViewMinAngle:15]]
[2021.05.26-03.29.56:763][  0]LogConfig: Setting CVar [[r.ViewDistanceScale.FieldOfViewMaxAngleScale:1]]
[2021.05.26-03.29.56:764][  0]LogConfig: Setting CVar [[r.ViewDistanceScale.FieldOfViewMaxAngle:65]]
[2021.05.26-03.29.56:764][  0]LogConfig: Applying CVar settings from Section [AntiAliasingQuality@5] File [../../../Insurgency/Saved/Config/WindowsServer/Scalability.ini]
[2021.05.26-03.29.56:765][  0]LogConfig: Setting CVar [[r.PostProcessAAQuality:5]]
[2021.05.26-03.29.56:765][  0]LogConfig: Setting CVar [[r.SMAA.Temporal:0]]
[2021.05.26-03.29.56:766][  0]LogConfig: Applying CVar settings from Section [ShadowQuality@3] File [../../../Insurgency/Saved/Config/WindowsServer/Scalability.ini]
[2021.05.26-03.29.56:773][  0]LogConfig: Setting CVar [[r.LightFunctionQuality:1]]
[2021.05.26-03.29.56:774][  0]LogConfig: Setting CVar [[r.ShadowQuality:5]]
[2021.05.26-03.29.56:775][  0]LogConfig: Setting CVar [[r.Shadow.CSM.MaxCascades:2]]
[2021.05.26-03.29.56:775][  0]LogConfig: Setting CVar [[r.Shadow.MaxResolution:2048]]
[2021.05.26-03.29.56:776][  0]LogConfig: Setting CVar [[r.Shadow.MaxCSMResolution:2048]]
[2021.05.26-03.29.56:777][  0]LogConfig: Setting CVar [[r.Shadow.RadiusThreshold:0.01]]
[2021.05.26-03.29.56:777][  0]LogConfig: Setting CVar [[r.Shadow.DistanceScale:1.0]]
[2021.05.26-03.29.56:778][  0]LogConfig: Setting CVar [[r.Shadow.CSM.TransitionScale:1.0]]
[2021.05.26-03.29.56:778][  0]LogConfig: Setting CVar [[r.Shadow.PreShadowResolutionFactor:1.0]]
[2021.05.26-03.29.56:779][  0]LogConfig: Setting CVar [[r.DistanceFieldShadowing:0]]
[2021.05.26-03.29.56:779][  0]LogConfig: Setting CVar [[r.DistanceFieldAO:0]]
[2021.05.26-03.29.56:780][  0]LogConfig: Setting CVar [[r.AOQuality:2]]
[2021.05.26-03.29.56:780][  0]LogConfig: Setting CVar [[r.VolumetricFog:1]]
[2021.05.26-03.29.56:781][  0]LogConfig: Setting CVar [[r.VolumetricFog.GridPixelSize:8]]
[2021.05.26-03.29.56:781][  0]LogConfig: Setting CVar [[r.VolumetricFog.GridSizeZ:128]]
[2021.05.26-03.29.56:782][  0]LogConfig: Setting CVar [[r.VolumetricFog.HistoryMissSupersampleCount:4]]
[2021.05.26-03.29.56:786][  0]LogConfig: Setting CVar [[r.LightMaxDrawDistanceScale:1]]
[2021.05.26-03.29.56:787][  0]LogConfig: Setting CVar [[r.CapsuleShadows:1]]
[2021.05.26-03.29.56:788][  0]LogConfig: Setting CVar [[r.Shadow.ForceSingleSampleShadowingFromStationary:1]]
[2021.05.26-03.29.56:790][  0]LogConfig: Setting CVar [[r.CapsuleShadowsCharacter:1]]
[2021.05.26-03.29.56:791][  0]LogConfig: Setting CVar [[r.ContactShadows:1]]
[2021.05.26-03.29.56:792][  0]LogConfig: Applying CVar settings from Section [PostProcessQuality@3] File [../../../Insurgency/Saved/Config/WindowsServer/Scalability.ini]
[2021.05.26-03.29.56:793][  0]LogConfig: Setting CVar [[r.MotionBlurQuality:4]]
[2021.05.26-03.29.56:794][  0]LogConfig: Setting CVar [[r.AmbientOcclusionMipLevelFactor:0.4]]
[2021.05.26-03.29.56:794][  0]LogConfig: Setting CVar [[r.AmbientOcclusionMaxQuality:100]]
[2021.05.26-03.29.56:795][  0]LogConfig: Setting CVar [[r.AmbientOcclusionLevels:-1]]
[2021.05.26-03.29.56:795][  0]LogConfig: Setting CVar [[r.AmbientOcclusionRadiusScale:1.0]]
[2021.05.26-03.29.56:795][  0]LogConfig: Setting CVar [[r.DepthOfFieldQuality:2]]
[2021.05.26-03.29.56:796][  0]LogConfig: Setting CVar [[r.RenderTargetPoolMin:400]]
[2021.05.26-03.29.56:796][  0]LogConfig: Setting CVar [[r.LensFlareQuality:2]]
[2021.05.26-03.29.56:797][  0]LogConfig: Setting CVar [[r.SceneColorFringeQuality:1]]
[2021.05.26-03.29.56:797][  0]LogConfig: Setting CVar [[r.EyeAdaptationQuality:2]]
[2021.05.26-03.29.56:799][  0]LogConfig: Setting CVar [[r.BloomQuality:5]]
[2021.05.26-03.29.56:806][  0]LogConfig: Setting CVar [[r.FastBlurThreshold:100]]
[2021.05.26-03.29.56:807][  0]LogConfig: Setting CVar [[r.Upscale.Quality:3]]
[2021.05.26-03.29.56:808][  0]LogConfig: Setting CVar [[r.Tonemapper.GrainQuantization:1]]
[2021.05.26-03.29.56:808][  0]LogConfig: Setting CVar [[r.LightShaftQuality:1]]
[2021.05.26-03.29.56:809][  0]LogConfig: Setting CVar [[r.Filter.SizeScale:1]]
[2021.05.26-03.29.56:810][  0]LogConfig: Setting CVar [[r.Tonemapper.Quality:5]]
[2021.05.26-03.29.56:810][  0]LogConfig: Setting CVar [[r.DOF.Gather.AccumulatorQuality:1        ; higher gathering accumulator quality]]
[2021.05.26-03.29.56:811][  0]LogConfig: Setting CVar [[r.DOF.Gather.PostfilterMethod:1          ; Median3x3 postfilering method]]
[2021.05.26-03.29.56:811][  0]LogConfig: Setting CVar [[r.DOF.Gather.EnableBokehSettings:0       ; no bokeh simulation when gathering]]
[2021.05.26-03.29.56:812][  0]LogConfig: Setting CVar [[r.DOF.Gather.RingCount:4                 ; medium number of samples when gathering]]
[2021.05.26-03.29.56:812][  0]LogConfig: Setting CVar [[r.DOF.Scatter.ForegroundCompositing:1    ; additive foreground scattering]]
[2021.05.26-03.29.56:813][  0]LogConfig: Setting CVar [[r.DOF.Scatter.BackgroundCompositing:2    ; additive background scattering]]
[2021.05.26-03.29.56:813][  0]LogConfig: Setting CVar [[r.DOF.Scatter.EnableBokehSettings:1      ; bokeh simulation when scattering]]
[2021.05.26-03.29.56:814][  0]LogConfig: Setting CVar [[r.DOF.Scatter.MaxSpriteRatio:0.1         ; only a maximum of 10% of scattered bokeh]]
[2021.05.26-03.29.56:816][  0]LogConfig: Setting CVar [[r.DOF.Recombine.Quality:1                ; cheap slight out of focus]]
[2021.05.26-03.29.56:817][  0]LogConfig: Setting CVar [[r.DOF.Recombine.EnableBokehSettings:0    ; no bokeh simulation on slight out of focus]]
[2021.05.26-03.29.56:817][  0]LogConfig: Setting CVar [[r.DOF.TemporalAAQuality:1                ; more stable temporal accumulation]]
[2021.05.26-03.29.56:818][  0]LogConfig: Setting CVar [[r.DOF.Kernel.MaxForegroundRadius:0.025]]
[2021.05.26-03.29.56:819][  0]LogConfig: Setting CVar [[r.DOF.Kernel.MaxBackgroundRadius:0.025]]
[2021.05.26-03.29.56:819][  0]LogConfig: Applying CVar settings from Section [TextureQuality@3] File [../../../Insurgency/Saved/Config/WindowsServer/Scalability.ini]
[2021.05.26-03.29.56:820][  0]LogConfig: Setting CVar [[r.Streaming.MipBias:0]]
[2021.05.26-03.29.56:822][  0]LogConfig: Setting CVar [[r.Streaming.AmortizeCPUToGPUCopy:0]]
[2021.05.26-03.29.56:823][  0]LogConfig: Setting CVar [[r.Streaming.MaxNumTexturesToStreamPerFrame:0]]
[2021.05.26-03.29.56:824][  0]LogConfig: Setting CVar [[r.Streaming.Boost:1.0]]
[2021.05.26-03.29.56:825][  0]LogConfig: Setting CVar [[r.MaxAnisotropy:16]]
[2021.05.26-03.29.56:826][  0]LogConfig: Setting CVar [[r.VT.MaxAnisotropy:8]]
[2021.05.26-03.29.56:827][  0]LogConfig: Setting CVar [[r.Streaming.LimitPoolSizeToVRAM:1]]
[2021.05.26-03.29.56:828][  0]LogConfig: Setting CVar [[r.Streaming.PoolSize:1000]]
[2021.05.26-03.29.56:828][  0]LogConfig: Setting CVar [[r.Streaming.MaxEffectiveScreenSize:0]]
[2021.05.26-03.29.56:829][  0]LogConfig: Setting CVar [[r.SlavePlayerCamera:1]]
[2021.05.26-03.29.56:829][  0]LogConfig: Setting CVar [[r.SlavePlayerCameraSpectator:0]]
[2021.05.26-03.29.56:832][  0]LogConfig: Applying CVar settings from Section [EffectsQuality@3] File [../../../Insurgency/Saved/Config/WindowsServer/Scalability.ini]
[2021.05.26-03.29.56:836][  0]LogConfig: Setting CVar [[r.TranslucencyLightingVolumeDim:64]]
[2021.05.26-03.29.56:837][  0]LogConfig: Setting CVar [[r.RefractionQuality:2]]
[2021.05.26-03.29.56:839][  0]LogConfig: Setting CVar [[r.SSR.Quality:3]]
[2021.05.26-03.29.56:840][  0]LogConfig: Setting CVar [[r.SSR.HalfResSceneColor:0]]
[2021.05.26-03.29.56:841][  0]LogConfig: Setting CVar [[r.SceneColorFormat:4]]
[2021.05.26-03.29.56:841][  0]LogConfig: Setting CVar [[r.DetailMode:2]]
[2021.05.26-03.29.56:842][  0]LogConfig: Setting CVar [[r.TranslucencyVolumeBlur:1]]
[2021.05.26-03.29.56:843][  0]LogConfig: Setting CVar [[r.MaterialQualityLevel:1 ; High quality]]
[2021.05.26-03.29.56:843][  0]LogConfig: Setting CVar [[r.SSS.Scale:1]]
[2021.05.26-03.29.56:844][  0]LogConfig: Setting CVar [[r.SSS.SampleSet:2]]
[2021.05.26-03.29.56:846][  0]LogConfig: Setting CVar [[r.SSS.Quality:1]]
[2021.05.26-03.29.56:848][  0]LogConfig: Setting CVar [[r.SSS.HalfRes:0]]
[2021.05.26-03.29.56:848][  0]LogConfig: Setting CVar [[r.SSGI.Quality:3]]
[2021.05.26-03.29.56:849][  0]LogConfig: Setting CVar [[r.EmitterSpawnRateScale:1.0]]
[2021.05.26-03.29.56:850][  0]LogConfig: Setting CVar [[r.ParticleLightQuality:2]]
[2021.05.26-03.29.56:851][  0]LogConfig: Setting CVar [[r.SkyAtmosphere.AerialPerspectiveLUT.FastApplyOnOpaque:1 ; Always have FastSkyLUT 1 in this case to avoid wrong sky]]
[2021.05.26-03.29.56:851][  0]LogConfig: Setting CVar [[r.SkyAtmosphere.AerialPerspectiveLUT.SampleCountPerSlice:1]]
[2021.05.26-03.29.56:852][  0]LogConfig: Setting CVar [[r.SkyAtmosphere.AerialPerspectiveLUT.DepthResolution:16.0]]
[2021.05.26-03.29.56:852][  0]LogConfig: Setting CVar [[r.SkyAtmosphere.FastSkyLUT:1]]
[2021.05.26-03.29.56:853][  0]LogConfig: Setting CVar [[r.SkyAtmosphere.FastSkyLUT.SampleCountMin:4.0]]
[2021.05.26-03.29.56:854][  0]LogConfig: Setting CVar [[r.SkyAtmosphere.FastSkyLUT.SampleCountMax:32.0]]
[2021.05.26-03.29.56:855][  0]LogConfig: Setting CVar [[r.SkyAtmosphere.SampleCountMin:4.0]]
[2021.05.26-03.29.56:856][  0]LogConfig: Setting CVar [[r.SkyAtmosphere.SampleCountMax:32.0]]
[2021.05.26-03.29.56:857][  0]LogConfig: Setting CVar [[r.SkyAtmosphere.TransmittanceLUT.UseSmallFormat:0]]
[2021.05.26-03.29.56:858][  0]LogConfig: Setting CVar [[r.SkyAtmosphere.TransmittanceLUT.SampleCount:10.0]]
[2021.05.26-03.29.56:858][  0]LogConfig: Setting CVar [[r.SkyAtmosphere.MultiScatteringLUT.SampleCount:15.0]]
[2021.05.26-03.29.56:860][  0]LogConfig: Setting CVar [[fx.Niagara.QualityLevel:3]]
[2021.05.26-03.29.56:863][  0]LogConfig: Setting CVar [[r.RenderTargetViewportSize:1.0]]
[2021.05.26-03.29.56:863][  0]LogConfig: Setting CVar [[r.TessellationAdaptivePixelsPerTriangle:9999999]]
[2021.05.26-03.29.56:865][  0]LogConfig: Setting CVar [[r.SurfReac.Particles.PoolSize:80]]
[2021.05.26-03.29.56:865][  0]LogConfig: Setting CVar [[r.ScopeRenderMode:0]]
[2021.05.26-03.29.56:866][  0]LogConfig: Setting CVar [[r.SeparateTranslucencyScreenPercentage:100]]
[2021.05.26-03.29.56:867][  0]LogConfig: Setting CVar [[r.RagdollMaximum:8]]
[2021.05.26-03.29.56:867][  0]LogConfig: Setting CVar [[r.Dismemberment:1]]
[2021.05.26-03.29.56:868][  0]LogConfig: Applying CVar settings from Section [FoliageQuality@3] File [../../../Insurgency/Saved/Config/WindowsServer/Scalability.ini]
[2021.05.26-03.29.56:868][  0]LogConfig: Setting CVar [[foliage.DensityScale:1.0]]
[2021.05.26-03.29.56:869][  0]LogConfig: Setting CVar [[grass.DensityScale:1.0]]
[2021.05.26-03.29.56:870][  0]LogConfig: Setting CVar [[r.FoliageInteractionQuality:1]]
[2021.05.26-03.29.56:871][  0]LogConfig: Applying CVar settings from Section [ShadingQuality@3] File [../../../Insurgency/Saved/Config/WindowsServer/Scalability.ini]
[2021.05.26-03.29.56:872][  0]LogConfig: Setting CVar [[r.HairStrands.SkyLighting.SampleCount:16]]
[2021.05.26-03.29.56:874][  0]LogConfig: Setting CVar [[r.HairStrands.SkyLighting.JitterIntegration:0]]
[2021.05.26-03.29.56:874][  0]LogConfig: Setting CVar [[r.HairStrands.SkyAO.SampleCount:16]]
[2021.05.26-03.29.56:875][  0]LogConfig: Setting CVar [[r.HairStrands.DeepShadow.SuperSampling:0]]
[2021.05.26-03.29.56:876][  0]LogConfig: Setting CVar [[r.HairStrands.VisibilityPPLL:0]]
[2021.05.26-03.29.56:879][  0]LogConfig: Setting CVar [[r.HairStrands.RasterizationScale:0.5]]
[2021.05.26-03.29.56:879][  0]LogConfig: Setting CVar [[r.HairStrands.VelocityRasterizationScale:1]]
[2021.05.26-03.29.56:880][  0]LogModuleManager: Warning: ModuleManager: Module 'ExampleDeviceProfileSelector' not found - its StaticallyLinkedModuleInitializers function is null.
[2021.05.26-03.29.56:881][  0]LogInit: Applying CVar settings loaded from the selected device profile: [WindowsServer]
[2021.05.26-03.29.56:881][  0]LogHAL: Display: Platform has ~ 8 GB [8482799616 / 8589934592 / 8], which maps to Default [LargestMinGB=32, LargerMinGB=12, DefaultMinGB=8, SmallerMinGB=6, SmallestMinGB=0)
[2021.05.26-03.29.56:881][  0]LogInit: Going up to parent DeviceProfile [Windows]
[2021.05.26-03.29.56:882][  0]LogInit: Going up to parent DeviceProfile []
[2021.05.26-03.29.56:882][  0]LogConfig: Applying CVar settings from Section [ViewDistanceQuality@1] File [../../../Insurgency/Saved/Config/WindowsServer/Scalability.ini]
[2021.05.26-03.29.56:883][  0]LogConfig: Setting CVar [[r.SkeletalMeshLODBias:0]]
[2021.05.26-03.29.56:884][  0]LogConfig: Setting CVar [[r.ViewDistanceScale:1.0]]
[2021.05.26-03.29.56:884][  0]LogConfig: Setting CVar [[r.SkeletalMeshLODRadiusScale:0.75]]
[2021.05.26-03.29.56:885][  0]LogConfig: Setting CVar [[r.LandscapeLODBias:0]]
[2021.05.26-03.29.56:886][  0]LogConfig: Setting CVar [[r.ViewDistanceScale.FieldOfViewAffectsHLOD:0]]
[2021.05.26-03.29.56:887][  0]LogConfig: Applying CVar settings from Section [AntiAliasingQuality@1] File [../../../Insurgency/Saved/Config/WindowsServer/Scalability.ini]
[2021.05.26-03.29.56:888][  0]LogConfig: Setting CVar [[r.PostProcessAAQuality:1]]
[2021.05.26-03.29.56:889][  0]LogConfig: Setting CVar [[r.SMAA.Temporal:0]]
[2021.05.26-03.29.56:890][  0]LogConfig: Applying CVar settings from Section [ShadowQuality@1] File [../../../Insurgency/Saved/Config/WindowsServer/Scalability.ini]
[2021.05.26-03.29.56:894][  0]LogConfig: Setting CVar [[r.LightFunctionQuality:1]]
[2021.05.26-03.29.56:897][  0]LogConfig: Setting CVar [[r.ShadowQuality:3]]
[2021.05.26-03.29.56:897][  0]LogConfig: Setting CVar [[r.Shadow.CSM.MaxCascades:0]]
[2021.05.26-03.29.56:898][  0]LogConfig: Setting CVar [[r.Shadow.MaxResolution:512]]
[2021.05.26-03.29.56:898][  0]LogConfig: Setting CVar [[r.Shadow.MaxCSMResolution:512]]
[2021.05.26-03.29.56:899][  0]LogConfig: Setting CVar [[r.Shadow.RadiusThreshold:0.05]]
[2021.05.26-03.29.56:899][  0]LogConfig: Setting CVar [[r.Shadow.DistanceScale:0.7]]
[2021.05.26-03.29.56:900][  0]LogConfig: Setting CVar [[r.Shadow.CSM.TransitionScale:0.25]]
[2021.05.26-03.29.56:900][  0]LogConfig: Setting CVar [[r.Shadow.PreShadowResolutionFactor:0.5]]
[2021.05.26-03.29.56:901][  0]LogConfig: Setting CVar [[r.DistanceFieldShadowing:0]]
[2021.05.26-03.29.56:901][  0]LogConfig: Setting CVar [[r.DistanceFieldAO:0]]
[2021.05.26-03.29.56:902][  0]LogConfig: Setting CVar [[r.VolumetricFog:0]]
[2021.05.26-03.29.56:903][  0]LogConfig: Setting CVar [[r.LightMaxDrawDistanceScale:.5]]
[2021.05.26-03.29.56:905][  0]LogConfig: Setting CVar [[r.CapsuleShadows:0]]
[2021.05.26-03.29.56:906][  0]LogConfig: Setting CVar [[r.Shadow.ForceSingleSampleShadowingFromStationary:0]]
[2021.05.26-03.29.56:907][  0]LogConfig: Setting CVar [[r.CapsuleShadowsCharacter:0]]
[2021.05.26-03.29.56:910][  0]LogConfig: Setting CVar [[r.ContactShadows:0]]
[2021.05.26-03.29.56:910][  0]LogConfig: Applying CVar settings from Section [PostProcessQuality@1] File [../../../Insurgency/Saved/Config/WindowsServer/Scalability.ini]
[2021.05.26-03.29.56:912][  0]LogConfig: Setting CVar [[r.MotionBlurQuality:3]]
[2021.05.26-03.29.56:912][  0]LogConfig: Setting CVar [[r.AmbientOcclusionMipLevelFactor:1.0]]
[2021.05.26-03.29.56:912][  0]LogConfig: Setting CVar [[r.AmbientOcclusionMaxQuality:60]]
[2021.05.26-03.29.56:913][  0]LogConfig: Setting CVar [[r.AmbientOcclusionLevels:-1]]
[2021.05.26-03.29.56:913][  0]LogConfig: Setting CVar [[r.AmbientOcclusionRadiusScale:1.5]]
[2021.05.26-03.29.56:913][  0]LogConfig: Setting CVar [[r.DepthOfFieldQuality:1]]
[2021.05.26-03.29.56:914][  0]LogConfig: Setting CVar [[r.RenderTargetPoolMin:350]]
[2021.05.26-03.29.56:915][  0]LogConfig: Setting CVar [[r.LensFlareQuality:0]]
[2021.05.26-03.29.56:916][  0]LogConfig: Setting CVar [[r.SceneColorFringeQuality:0]]
[2021.05.26-03.29.56:916][  0]LogConfig: Setting CVar [[r.EyeAdaptationQuality:2]]
[2021.05.26-03.29.56:917][  0]LogConfig: Setting CVar [[r.BloomQuality:4]]
[2021.05.26-03.29.56:917][  0]LogConfig: Setting CVar [[r.FastBlurThreshold:2]]
[2021.05.26-03.29.56:917][  0]LogConfig: Setting CVar [[r.Upscale.Quality:2]]
[2021.05.26-03.29.56:917][  0]LogConfig: Setting CVar [[r.Tonemapper.GrainQuantization:0]]
[2021.05.26-03.29.56:919][  0]LogConfig: Setting CVar [[r.LightShaftQuality:0]]
[2021.05.26-03.29.56:920][  0]LogConfig: Setting CVar [[r.Filter.SizeScale:0.7]]
[2021.05.26-03.29.56:920][  0]LogConfig: Setting CVar [[r.Tonemapper.Quality:2]]
[2021.05.26-03.29.56:921][  0]LogConfig: Setting CVar [[r.DOF.Gather.AccumulatorQuality:0        ; lower gathering accumulator quality]]
[2021.05.26-03.29.56:921][  0]LogConfig: Setting CVar [[r.DOF.Gather.PostfilterMethod:2          ; Max3x3 postfilering method]]
[2021.05.26-03.29.56:922][  0]LogConfig: Setting CVar [[r.DOF.Gather.EnableBokehSettings:0       ; no bokeh simulation when gathering]]
[2021.05.26-03.29.56:922][  0]LogConfig: Setting CVar [[r.DOF.Gather.RingCount:3                 ; low number of samples when gathering]]
[2021.05.26-03.29.56:927][  0]LogConfig: Setting CVar [[r.DOF.Scatter.ForegroundCompositing:0    ; no foreground scattering]]
[2021.05.26-03.29.56:929][  0]LogConfig: Setting CVar [[r.DOF.Scatter.BackgroundCompositing:0    ; no foreground scattering]]
[2021.05.26-03.29.56:930][  0]LogConfig: Setting CVar [[r.DOF.Recombine.Quality:0                ; no slight out of focus]]
[2021.05.26-03.29.56:930][  0]LogConfig: Setting CVar [[r.DOF.TemporalAAQuality:0                ; faster temporal accumulation]]
[2021.05.26-03.29.56:930][  0]LogConfig: Setting CVar [[r.DOF.Kernel.MaxForegroundRadius:0.006   ; required because low gathering and no scattering and not looking great at 1080p]]
[2021.05.26-03.29.56:931][  0]LogConfig: Setting CVar [[r.DOF.Kernel.MaxBackgroundRadius:0.006   ; required because low gathering and no scattering and not looking great at 1080p]]
[2021.05.26-03.29.56:932][  0]LogConfig: Applying CVar settings from Section [TextureQuality@1] File [../../../Insurgency/Saved/Config/WindowsServer/Scalability.ini]
[2021.05.26-03.29.56:932][  0]LogConfig: Setting CVar [[r.Streaming.MipBias:2]]
[2021.05.26-03.29.56:933][  0]LogConfig: Setting CVar [[r.Streaming.AmortizeCPUToGPUCopy:0]]
[2021.05.26-03.29.56:933][  0]LogConfig: Setting CVar [[r.Streaming.MaxNumTexturesToStreamPerFrame:0]]
[2021.05.26-03.29.56:934][  0]LogConfig: Setting CVar [[r.Streaming.Boost:1.0]]
[2021.05.26-03.29.56:934][  0]LogConfig: Setting CVar [[r.MaxAnisotropy:4]]
[2021.05.26-03.29.56:935][  0]LogConfig: Setting CVar [[r.VT.MaxAnisotropy:4]]
[2021.05.26-03.29.56:936][  0]LogConfig: Setting CVar [[r.Streaming.LimitPoolSizeToVRAM:1]]
[2021.05.26-03.29.56:937][  0]LogConfig: Setting CVar [[r.Streaming.PoolSize:1000]]
[2021.05.26-03.29.56:937][  0]LogConfig: Setting CVar [[r.Streaming.MaxEffectiveScreenSize:0]]
[2021.05.26-03.29.56:939][  0]LogConfig: Setting CVar [[r.SlavePlayerCamera:1]]
[2021.05.26-03.29.56:942][  0]LogConfig: Setting CVar [[r.SlavePlayerCameraSpectator:0]]
[2021.05.26-03.29.56:943][  0]LogConfig: Applying CVar settings from Section [EffectsQuality@1] File [../../../Insurgency/Saved/Config/WindowsServer/Scalability.ini]
[2021.05.26-03.29.56:943][  0]LogConfig: Setting CVar [[r.TranslucencyLightingVolumeDim:32]]
[2021.05.26-03.29.56:944][  0]LogConfig: Setting CVar [[r.RefractionQuality:0]]
[2021.05.26-03.29.56:944][  0]LogConfig: Setting CVar [[r.SSR.Quality:0]]
[2021.05.26-03.29.56:945][  0]LogConfig: Setting CVar [[r.SSR.HalfResSceneColor:1]]
[2021.05.26-03.29.56:946][  0]LogConfig: Setting CVar [[r.SceneColorFormat:3]]
[2021.05.26-03.29.56:946][  0]LogConfig: Setting CVar [[r.DetailMode:1]]
[2021.05.26-03.29.56:946][  0]LogConfig: Setting CVar [[r.TranslucencyVolumeBlur:0]]
[2021.05.26-03.29.56:947][  0]LogConfig: Setting CVar [[r.MaterialQualityLevel:2 ; Medium quality]]
[2021.05.26-03.29.56:947][  0]LogConfig: Setting CVar [[r.SSS.Scale:0.75]]
[2021.05.26-03.29.56:948][  0]LogConfig: Setting CVar [[r.SSS.SampleSet:0]]
[2021.05.26-03.29.56:948][  0]LogConfig: Setting CVar [[r.SSS.Quality:0]]
[2021.05.26-03.29.56:949][  0]LogConfig: Setting CVar [[r.SSS.HalfRes:1]]
[2021.05.26-03.29.56:949][  0]LogConfig: Setting CVar [[r.SSGI.Quality:1]]
[2021.05.26-03.29.56:950][  0]LogConfig: Setting CVar [[r.EmitterSpawnRateScale:0.6]]
[2021.05.26-03.29.56:950][  0]LogConfig: Setting CVar [[r.ParticleLightQuality:0]]
[2021.05.26-03.29.56:951][  0]LogConfig: Setting CVar [[r.SkyAtmosphere.AerialPerspectiveLUT.FastApplyOnOpaque:1 ; Always have FastSkyLUT 1 in this case to avoid wrong sky]]
[2021.05.26-03.29.56:952][  0]LogConfig: Setting CVar [[r.SkyAtmosphere.AerialPerspectiveLUT.SampleCountPerSlice:1]]
[2021.05.26-03.29.56:952][  0]LogConfig: Setting CVar [[r.SkyAtmosphere.AerialPerspectiveLUT.DepthResolution:16.0]]
[2021.05.26-03.29.56:953][  0]LogConfig: Setting CVar [[r.SkyAtmosphere.FastSkyLUT:1]]
[2021.05.26-03.29.56:953][  0]LogConfig: Setting CVar [[r.SkyAtmosphere.FastSkyLUT.SampleCountMin:4.0]]
[2021.05.26-03.29.56:954][  0]LogConfig: Setting CVar [[r.SkyAtmosphere.FastSkyLUT.SampleCountMax:32.0]]
[2021.05.26-03.29.56:957][  0]LogConfig: Setting CVar [[r.SkyAtmosphere.SampleCountMin:4.0]]
[2021.05.26-03.29.56:958][  0]LogConfig: Setting CVar [[r.SkyAtmosphere.SampleCountMax:32.0]]
[2021.05.26-03.29.56:959][  0]LogConfig: Setting CVar [[r.SkyAtmosphere.TransmittanceLUT.UseSmallFormat:0]]
[2021.05.26-03.29.56:959][  0]LogConfig: Setting CVar [[r.SkyAtmosphere.TransmittanceLUT.SampleCount:10.0]]
[2021.05.26-03.29.56:960][  0]LogConfig: Setting CVar [[r.SkyAtmosphere.MultiScatteringLUT.SampleCount:15.0]]
[2021.05.26-03.29.56:960][  0]LogConfig: Setting CVar [[fx.Niagara.QualityLevel:1]]
[2021.05.26-03.29.56:961][  0]LogConfig: Setting CVar [[r.RenderTargetViewportSize:1.0]]
[2021.05.26-03.29.56:962][  0]LogConfig: Setting CVar [[r.TessellationAdaptivePixelsPerTriangle:9999999]]
[2021.05.26-03.29.56:962][  0]LogConfig: Setting CVar [[r.SurfReac.Particles.PoolSize:40]]
[2021.05.26-03.29.56:963][  0]LogConfig: Setting CVar [[r.ScopeRenderMode:0]]
[2021.05.26-03.29.56:963][  0]LogConfig: Setting CVar [[r.SeparateTranslucencyScreenPercentage:100]]
[2021.05.26-03.29.56:964][  0]LogConfig: Setting CVar [[r.RagdollMaximum:8]]
[2021.05.26-03.29.56:964][  0]LogConfig: Setting CVar [[r.Dismemberment:1]]
[2021.05.26-03.29.56:965][  0]LogConfig: Applying CVar settings from Section [FoliageQuality@3] File [../../../Insurgency/Saved/Config/WindowsServer/Scalability.ini]
[2021.05.26-03.29.56:965][  0]LogConfig: Setting CVar [[foliage.DensityScale:1.0]]
[2021.05.26-03.29.56:965][  0]LogConfig: Setting CVar [[grass.DensityScale:1.0]]
[2021.05.26-03.29.56:966][  0]LogConfig: Setting CVar [[r.FoliageInteractionQuality:1]]
[2021.05.26-03.29.56:967][  0]LogConfig: Applying CVar settings from Section [ShadingQuality@3] File [../../../Insurgency/Saved/Config/WindowsServer/Scalability.ini]
[2021.05.26-03.29.56:967][  0]LogConfig: Setting CVar [[r.HairStrands.SkyLighting.SampleCount:16]]
[2021.05.26-03.29.56:968][  0]LogConfig: Setting CVar [[r.HairStrands.SkyLighting.JitterIntegration:0]]
[2021.05.26-03.29.56:969][  0]LogConfig: Setting CVar [[r.HairStrands.SkyAO.SampleCount:16]]
[2021.05.26-03.29.56:969][  0]LogConfig: Setting CVar [[r.HairStrands.DeepShadow.SuperSampling:0]]
[2021.05.26-03.29.56:971][  0]LogConfig: Setting CVar [[r.HairStrands.VisibilityPPLL:0]]
[2021.05.26-03.29.56:974][  0]LogConfig: Setting CVar [[r.HairStrands.RasterizationScale:0.5]]
[2021.05.26-03.29.56:974][  0]LogConfig: Setting CVar [[r.HairStrands.VelocityRasterizationScale:1]]
[2021.05.26-03.29.56:975][  0]LogConfig: Applying CVar settings from Section [ConsoleVariables] File [../../../Insurgency/Saved/Config/WindowsServer/Engine.ini]
[2021.05.26-03.29.56:975][  0]LogInit: Computer: DESKTOP-BJCMOMH
[2021.05.26-03.29.56:977][  0]LogInit: User: Matt
[2021.05.26-03.29.56:977][  0]LogInit: CPU Page size=4096, Cores=4
[2021.05.26-03.29.56:978][  0]LogInit: High frequency timer resolution =10.000000 MHz
[2021.05.26-03.29.56:978][  0]LogMemory: Memory total: Physical=7.9GB (8GB approx)
[2021.05.26-03.29.56:979][  0]LogMemory: Platform Memory Stats for WindowsServer
[2021.05.26-03.29.56:979][  0]LogMemory: Process Physical Memory: 101.71 MB used, 101.71 MB peak
[2021.05.26-03.29.56:980][  0]LogMemory: Process Virtual Memory: 132.38 MB used, 132.38 MB peak
[2021.05.26-03.29.56:980][  0]LogMemory: Physical Memory: 5902.03 MB used,  2187.80 MB free, 8089.83 MB total
[2021.05.26-03.29.56:981][  0]LogMemory: Virtual Memory: 4778.70 MB used,  134212952.00 MB free, 134217728.00 MB total
[2021.05.26-03.29.56:988][  0]LogWindows: WindowsPlatformFeatures disabled or dedicated server build
[2021.05.26-03.29.57:008][  0]LogInit: Physics initialised using underlying interface: PhysX
[2021.05.26-03.29.57:010][  0]LogInit: Using OS detected language (en-US).
[2021.05.26-03.29.57:010][  0]LogInit: Using OS detected locale (en-US).
[2021.05.26-03.29.57:013][  0]LogTextLocalizationManager: No specific localization for 'en-US' exists, so the 'en' localization will be used.
[2021.05.26-03.29.57:025][  0]LogInit: Setting process to per monitor DPI aware
[2021.05.26-03.29.57:030][  0]LogInit: Using OS detected language (en-US).
[2021.05.26-03.29.57:030][  0]LogInit: Using OS detected locale (en-US).
[2021.05.26-03.29.57:031][  0]LogTextLocalizationManager: No specific localization for 'en-US' exists, so the 'en' localization will be used.
[2021.05.26-03.29.57:039][  0]LogTextLocalizationManager: Compacting localization data took   0.60ms
[2021.05.26-03.29.57:246][  0]LogAssetRegistry: FAssetRegistry took 0.2067 seconds to start up
[2021.05.26-03.29.57:325][  0]LogStreaming: Display: Flushing async loaders.
[2021.05.26-03.29.57:325][  0]LogPakFile: New pak file ../../../Insurgency/Content/Paks/pakchunk0-WindowsServer.pak added to pak precacher.
[2021.05.26-03.29.57:330][  0]LogCollisionProfile: Warning: Profile (BlockAll) - Custom Channel Name = 'ClientsideDestructible' hasn't been found
[2021.05.26-03.29.57:331][  0]LogCollisionProfile: Warning: Profile (OverlapOnlyPawn) - Custom Channel Name = 'GameTraceChannel8' hasn't been found
[2021.05.26-03.29.57:332][  0]LogCollisionProfile: Warning: Profile (OverlapOnlyPawn) - Custom Channel Name = 'GameTraceChannel9' hasn't been found
[2021.05.26-03.29.57:333][  0]LogCollisionProfile: Warning: Profile (OverlapOnlyPawn) - Custom Channel Name = 'GameTraceChannel10' hasn't been found
[2021.05.26-03.29.57:335][  0]LogCollisionProfile: Warning: Profile (Pawn) - Custom Channel Name = 'None' hasn't been found
[2021.05.26-03.29.57:339][  0]LogCollisionProfile: Warning: Profile (Destructible) - Custom Channel Name = 'ClientsideDestructible' hasn't been found
[2021.05.26-03.29.57:341][  0]LogModuleManager: Warning: ModuleManager: Module 'ExampleDeviceProfileSelector' not found - its StaticallyLinkedModuleInitializers function is null.
[2021.05.26-03.29.57:354][  0]LogNetVersion: Insurgency 1.0.0, NetCL: 152892, EngineNetVer: 14, GameNetVer: 0 (Checksum: 107317553)
[2021.05.26-03.29.57:373][  0]LogStreaming: Error: Couldn't find file for package /StatsCollector/BP_DebugStatCollectorMenu requested by async loading code. NameToLoad: /StatsCollector/BP_DebugStatCollectorMenu
[2021.05.26-03.29.57:374][  0]LogStreaming: Error: Found 0 dependent packages...
[2021.05.26-03.29.57:375][  0]LogStreaming: Error: Couldn't find file for package /StatsCollector/FPSCounter requested by async loading code. NameToLoad: /StatsCollector/FPSCounter
[2021.05.26-03.29.57:376][  0]LogStreaming: Error: Found 0 dependent packages...
[2021.05.26-03.29.57:378][  0]LogGameStatsServer: Display: GameStatsServer INIT: No authentication provided, -GameStatsToken= required for statistics collection.
[2021.05.26-03.29.57:441][  0]LogStreaming: Error: Couldn't find file for package /Game/UI/Widgets/WelcomeScreen/BP_WelcomeScreen requested by async loading code. NameToLoad: /Game/UI/Widgets/WelcomeScreen/BP_WelcomeScreen
[2021.05.26-03.29.57:443][  0]LogStreaming: Error: Found 0 dependent packages...
[2021.05.26-03.29.57:463][  0]LogStreaming: Error: Couldn't find file for package /Game/UI/Fonts/Oswald requested by async loading code. NameToLoad: /Game/UI/Fonts/Oswald
[2021.05.26-03.29.57:464][  0]LogStreaming: Error: Found 0 dependent packages...
[2021.05.26-03.29.57:465][  0]LogStreaming: Error: Couldn't find file for package /Game/UI/Fonts/SourceSansPro requested by async loading code. NameToLoad: /Game/UI/Fonts/SourceSansPro
[2021.05.26-03.29.57:466][  0]LogStreaming: Error: Found 0 dependent packages...
[2021.05.26-03.29.57:506][  0]LogAISub: UAISubsystem::UAISubsystem AISubsystem (000001F8025007F0), frame # 0
[2021.05.26-03.29.57:506][  0]LogAISub: UAISubsystem::UAISubsystem AIPerceptionSystem (000001F802500830), frame # 0
[2021.05.26-03.29.57:511][  0]LogAISub: UAISubsystem::UAISubsystem EnvQueryManager (000001F802505500), frame # 0
[2021.05.26-03.29.57:521][  0]LogUObjectArray: 22036 objects as part of root set at end of initial load.
[2021.05.26-03.29.57:522][  0]LogUObjectAllocator: 5331200 out of 32000000 bytes used by permanent object pool.
[2021.05.26-03.29.57:522][  0]LogUObjectArray: CloseDisregardForGC: 22036/0 objects in disregard for GC pool
[2021.05.26-03.29.57:538][  0]LogGauntlet: Display: Gauntlet Initialized
[2021.05.26-03.29.57:540][  0]LogOnline: FOnlineSubsystemNWIModule::StartupModule
[2021.05.26-03.29.57:549][  0]VivoxCore: FVivoxCoreModule::StartupModule
[2021.05.26-03.29.57:553][  0]VivoxCore: Loaded Library (../../../Insurgency/Plugins/VivoxCore/Source/ThirdParty/VivoxCoreLibrary/Windows/Release/x64/vivoxsdk.dll)
[2021.05.26-03.29.57:553][  0]LogEasyAntiCheatServer: Using path: (C:/Users/Matt/Downloads/steamcmd/steamapps/common/sandstorm_server/Insurgency/Binaries/ThirdParty/EasyAntiCheat/Server)
[2021.05.26-03.29.57:554][  0]LogEasyAntiCheatClient: Dedicated server, EAC client will not load
[2021.05.26-03.29.57:555][  0]LogEngine: Initializing Engine...
[2021.05.26-03.29.57:556][  0]LogStats: UGameplayTagsManager::InitializeManager -  0.001 s
[2021.05.26-03.29.57:574][  0]LogInit: Initializing FReadOnlyCVARCache
[2021.05.26-03.29.57:574][  0]LogNetVersion: Set ProjectVersion to 1.10.0. Version Checksum will be recalculated on next use.
[2021.05.26-03.29.57:574][  0]LogInit: Texture streaming: Disabled
[2021.05.26-03.29.57:639][  0]LogPakFile: New pak file ../../../Insurgency/Content/Paks/pakchunk10-WindowsServer.pak added to pak precacher.
[2021.05.26-03.29.58:513][  0]LogPakFile: Precache HighWater 16MB

[2021.05.26-03.29.58:514][  0]LogPakFile: Precache HighWater 32MB

[2021.05.26-03.29.58:515][  0]LogINSAssetManager: Display: Preloading 670 cosmetic assets
[2021.05.26-03.29.58:544][  0]LogStreaming: Error: Couldn't find file for package /Game/UI/Textures/Inventory/T_UI_Inventory_Cosmetic_Ox_HeadGear requested by async loading code. NameToLoad: /Game/UI/Textures/Inventory/T_UI_Inventory_Cosmetic_Ox_HeadGear
[2021.05.26-03.29.58:545][  0]LogStreaming: Error: This will hitch streaming because it ends up searching the disk instead of finding the file in the pak file.
[2021.05.26-03.29.58:546][  0]LogStreaming: Error: Found 0 dependent packages...
[2021.05.26-03.29.59:570][  0]LogPakFile: Precache HighWater 48MB

[2021.05.26-03.29.59:570][  0]LogAnimation: Warning: Additivie type (AnimSequence /Game/Animated/Weapons/Rifle/G36/Animations/AN_1P_G36_B_Reload_BoltRelease.AN_1P_G36_B_Reload_BoltRelease) does not match. Make sure you add same type of additive animation.
[2021.05.26-03.29.59:815][  0]LogGameStatsServer: Display: GameStatsServer INIT: No authentication provided, -GameStatsToken= required for statistics collection.
[2021.05.26-03.29.59:817][  0]LogOnline: Display: Printing active map cycle with 1 entries:
[2021.05.26-03.29.59:817][  0]LogOnline: Display: 	[0] Map: , Scenario: Scenario_Town_Checkpoint_Security, Mode: CheckpointHardcore, Lighting: , Options: None Specified
[2021.05.26-03.29.59:819][  0]LogOnline: OSS: Creating online subsystem instance for: NWI
[2021.05.26-03.29.59:821][  0]LogInit: Using OS detected language (en-US).
[2021.05.26-03.29.59:821][  0]LogInit: Using OS detected locale (en-US).
[2021.05.26-03.29.59:821][  0]LogInit: Valid culture detected: en in place of: (en-US).
[2021.05.26-03.29.59:832][  0]LogInit: Display: Game Engine Initialized.
[2021.05.26-03.29.59:834][  0]LogInit: Display: Starting Game.
[2021.05.26-03.30.02:641][  0]LogPackageName: SearchForPackageOnDisk took   2.806s, but failed to resolve Scenario=Scenario_PowerPlant_Checkpoint_Security.umap.
[2021.05.26-03.30.02:642][  0]LogLoad: Error: Failed to enter /Game/Maps/Farmhouse/Farmhouse: . Please check the log for errors.
[2021.05.26-03.30.02:645][  0]LogNet: Browse: /Game/Maps/Farmhouse/Farmhouse?Name=Player
[2021.05.26-03.30.02:645][  0]LogLoad: UINSGameInstance::OnBeginLoadMap(/Game/Maps/Farmhouse/Farmhouse?Name=Player)
[2021.05.26-03.30.02:646][  0]LogLoad: Warning: UINSGameInstance::OnPreLoadMap: Invalid NextURL, loading /Game/Maps/Farmhouse/Farmhouse
[2021.05.26-03.30.02:648][  0]LogStreaming: Error: Couldn't find file for package /NWI_Infected/ModData requested by async loading code. NameToLoad: /NWI_Infected/ModData
[2021.05.26-03.30.02:649][  0]LogStreaming: Error: Found 0 dependent packages...
[2021.05.26-03.30.02:649][  0]LogStreaming: Error: Couldn't find file for package /ExampleContent/ModData requested by async loading code. NameToLoad: /ExampleContent/ModData
[2021.05.26-03.30.02:650][  0]LogStreaming: Error: Found 0 dependent packages...
[2021.05.26-03.30.02:651][  0]LogStreaming: Error: Couldn't find file for package /ConsoleCertificationRequirements/ModData requested by async loading code. NameToLoad: /ConsoleCertificationRequirements/ModData
[2021.05.26-03.30.02:652][  0]LogStreaming: Error: Found 0 dependent packages...
[2021.05.26-03.30.02:653][  0]LogLoad: LoadMap: /Game/Maps/Farmhouse/Farmhouse?Name=Player
[2021.05.26-03.30.02:653][  0]LogWorld: BeginTearingDown for /Temp/Untitled_26
[2021.05.26-03.30.02:654][  0]LogWorld: UWorld::CleanupWorld for Untitled, bSessionEnded=true, bCleanupResources=true
[2021.05.26-03.30.02:670][  0]LogUObjectHash: Compacting FUObjectHashTables data took   2.39ms
[2021.05.26-03.30.02:684][  0]LogPakFile: New pak file ../../../Insurgency/Content/Paks/pakchunk11-WindowsServer.pak added to pak precacher.
[2021.05.26-03.30.03:008][  0]LogAIModule: Creating AISystem for world Farmhouse
[2021.05.26-03.30.03:008][  0]LogAISub: UAISubsystem::UAISubsystem EnvQueryManager (000001F8191E4FC0), frame # 0
[2021.05.26-03.30.03:010][  0]LogAISub: UAISubsystem::UAISubsystem AIPerceptionSystem (000001F8191E4C00), frame # 0
[2021.05.26-03.30.03:010][  0]LogLoad: Game class is 'INSCheckpointGameMode'
[2021.05.26-03.30.03:012][  0]LogNet: ReplicationDriverClass is null! Not using ReplicationDriver.
[2021.05.26-03.30.03:012][  0]LogNetCore: DDoS detection status: detection enabled: 0 analytics enabled: 0
[2021.05.26-03.30.03:013][  0]LogInit: WinSock: Socket queue. Rx: 131072 (config 131072) Tx: 131072 (config 131072)
[2021.05.26-03.30.03:013][  0]LogNet: Created socket for bind address: 0.0.0.0 on port 27102
[2021.05.26-03.30.03:014][  0]PacketHandlerLog: Loaded PacketHandler component: Engine.EngineHandlerComponentFactory (StatelessConnectHandlerComponent)
[2021.05.26-03.30.03:014][  0]LogNet: GameNetDriver IpNetDriver_2147482547 IpNetDriver listening on port 27102
[2021.05.26-03.30.03:015][  0]LogStreaming: Display: ULevelStreaming::RequestLevel(/Game/Maps/Farmhouse/Farmhouse_Structures_Merged_New) is flushing async loading
[2021.05.26-03.30.03:575][  0]LogPakFile: Precache HighWater 64MB

[2021.05.26-03.30.03:575][  0]LogPakFile: Precache HighWater 80MB

[2021.05.26-03.30.03:576][  0]LogStreaming: Display: ULevelStreaming::RequestLevel(/Game/Maps/Farmhouse/Farmhouse_Doors) is flushing async loading
[2021.05.26-03.30.03:590][  0]LogStreaming: Display: ULevelStreaming::RequestLevel(/Game/Maps/Farmhouse/Farmhouse_AI) is flushing async loading
[2021.05.26-03.30.03:599][  0]LogStreaming: Display: ULevelStreaming::RequestLevel(/Game/Maps/Farmhouse/Farmhouse_Backdrop) is flushing async loading
[2021.05.26-03.30.03:622][  0]LogStreaming: Display: ULevelStreaming::RequestLevel(/Game/Maps/Farmhouse/Farmhouse_KitSelectionroom_ins) is flushing async loading
[2021.05.26-03.30.03:638][  0]LogStreaming: Display: ULevelStreaming::RequestLevel(/Game/Maps/Farmhouse/Farmhouse_DynamicProps) is flushing async loading
[2021.05.26-03.30.03:638][  0]LogPakFile: New pak file ../../../Insurgency/Content/Paks/pakchunk11-WindowsServer_0_P.pak added to pak precacher.
[2021.05.26-03.30.03:858][  0]LogStreaming: Display: ULevelStreaming::RequestLevel(/Game/Maps/Farmhouse/Farmhouse_BlockingVolumes) is flushing async loading
[2021.05.26-03.30.03:867][  0]LogStreaming: Display: ULevelStreaming::RequestLevel(/Game/Maps/Farmhouse/Farmhouse_Sound) is flushing async loading
[2021.05.26-03.30.03:880][  0]LogStreaming: Display: ULevelStreaming::RequestLevel(/Game/Maps/Farmhouse/Farmhouse_Particles) is flushing async loading
[2021.05.26-03.30.03:889][  0]LogStreaming: Display: ULevelStreaming::RequestLevel(/Game/Maps/Farmhouse/Farmhouse_Decals) is flushing async loading
[2021.05.26-03.30.03:926][  0]LogStreaming: Display: ULevelStreaming::RequestLevel(/Game/Maps/Farmhouse/Farmhouse_Props_Unmerged) is flushing async loading
[2021.05.26-03.30.04:176][  0]LogStreaming: Display: ULevelStreaming::RequestLevel(/Game/Maps/Farmhouse/Farmhouse_Rocks_Merged) is flushing async loading
[2021.05.26-03.30.04:194][  0]LogStreaming: Display: ULevelStreaming::RequestLevel(/Game/Maps/Farmhouse/Farmhouse_Reflections) is flushing async loading
[2021.05.26-03.30.04:197][  0]LogStreaming: Display: ULevelStreaming::RequestLevel(/Game/Maps/Farmhouse/Farmhouse_DirtMounds_Merged) is flushing async loading
[2021.05.26-03.30.04:201][  0]LogStreaming: Display: ULevelStreaming::RequestLevel(/Game/Maps/Farmhouse/Farmhouse_KitSelectionroom_sec) is flushing async loading
[2021.05.26-03.30.04:203][  0]LogStreaming: Display: ULevelStreaming::RequestLevel(/Game/Maps/Farmhouse/Farmhouse_Cables_Merged) is flushing async loading
[2021.05.26-03.30.04:214][  0]LogStreaming: Display: ULevelStreaming::RequestLevel(/Game/Maps/Farmhouse/Farmhouse_Landscape) is flushing async loading
[2021.05.26-03.30.04:435][  0]LogWorld: Bringing World /Game/Maps/Farmhouse/Farmhouse.Farmhouse up for play (max tick rate 60) at 2021.05.25-23.30.04
[2021.05.26-03.30.04:489][  0]LogSession: ----- Register Server (SteamNWI) ----- 
[2021.05.26-03.30.04:490][  0]LogAI: Warning: AI difficulty set to 0.5
[2021.05.26-03.30.04:504][  0]LogWorld: Bringing up level for play took: 0.078654
[2021.05.26-03.30.04:504][  0]LogGameMode: Display: State: EnteringMap -> LoadingAssets
[2021.05.26-03.30.04:505][  0]LogGameState: Match State Changed from EnteringMap to LoadingAssets
[2021.05.26-03.30.04:505][  0]LogScenario: Display: Loading scenario 'Scenario_Farmhouse_Checkpoint_Security' (Map Default)...
[2021.05.26-03.30.04:506][  0]LogINSAssetManager: Display: Loading scenario asset 'Scenario_Farmhouse_Checkpoint_Security' (path: /Game/Game/Scenarios/Coop/Farmhouse/Scenario_Farmhouse_Checkpoint_Security.Scenario_Farmhouse_Checkpoint_Security)...
[2021.05.26-03.30.04:508][  0]LogScenario: Display: CheckLoadingComplete - Pending, scenario assets not loaded.
[2021.05.26-03.30.04:508][  0]LogGameMode: Display: High priority async loading ENABLED
[2021.05.26-03.30.04:509][  0]LogAudioCues: Error: Unable to load banks at this time, deferring load.
[2021.05.26-03.30.04:511][  0]LogEasyAntiCheatServer: Loading native plugin from: C:/Users/Matt/Downloads/steamcmd/steamapps/common/sandstorm_server/Insurgency/Binaries/ThirdParty/EasyAntiCheat/Server
[2021.05.26-03.30.04:518][  0]LogEasyAntiCheatServer: [23:30:04:514][Windows][EAC Server] [Info][SetLogCallback] Procedure: 00007FF7E8A7F270 LogLevel: Info.
[2021.05.26-03.30.04:518][  0]LogEasyAntiCheatServer: [23:30:04:514][Windows][EAC Server] [Info][Initialize] ServerName: 'GameSession' RegisterTimeout: 150.
[2021.05.26-03.30.04:519][  0]LogEasyAntiCheatServer: [23:30:04:518][Windows][EAC Server] [Info][Cerberus] [RegisterEvent] EventID: 1h EventName: 'game_round_start' Parameters: { map_name (string) }.
[2021.05.26-03.30.04:519][  0]LogEasyAntiCheatServer: [23:30:04:518][Windows][EAC Server] [Info][Cerberus] [RegisterEvent] EventID: 2h EventName: 'game_round_end' Parameters: { winning_team_id (uint32) }.
[2021.05.26-03.30.04:520][  0]LogEasyAntiCheatServer: [23:30:04:518][Windows][EAC Server] [Info][Cerberus] [RegisterEvent] EventID: 3h EventName: 'player_spawn' Parameters: { player (client), team_id (uint32), character_id (uint32) }.
[2021.05.26-03.30.04:521][  0]LogEasyAntiCheatServer: [23:30:04:518][Windows][EAC Server] [Info][Cerberus] [RegisterEvent] EventID: 4h EventName: 'player_despawn' Parameters: { player (client), player_death (uint32), player_killer (client) }.
[2021.05.26-03.30.04:521][  0]LogEasyAntiCheatServer: [23:30:04:518][Windows][EAC Server] [Info][Cerberus] [RegisterEvent] EventID: 5h EventName: 'player_revive' Parameters: { player_revived (client), player_reviving (client) }.
[2021.05.26-03.30.04:522][  0]LogEasyAntiCheatServer: [23:30:04:518][Windows][EAC Server] [Info][Cerberus] [RegisterEvent] EventID: 6h EventName: 'player_tick' Parameters: { player (client), player_position (vec3f), player_viewrotation (quat), player_health (uint32), player_tickflags (uint32) }.
[2021.05.26-03.30.04:525][  0]LogEasyAntiCheatServer: [23:30:04:518][Windows][EAC Server] [Info][Cerberus] [RegisterEvent] EventID: 7h EventName: 'player_useweapon' Parameters: { player (client), player_position (vec3f), player_viewrotation (quat), player_fov (uint32), weapon_id (uint32), melee_attack (uint32) }.
[2021.05.26-03.30.04:525][  0]LogEasyAntiCheatServer: [23:30:04:518][Windows][EAC Server] [Info][Cerberus] [RegisterEvent] EventID: 8h EventName: 'player_takedamage' Parameters: { player_victim (client), player_victim_position (vec3f), player_victim_viewrotation (quat), player_attacker (client), player_attacker_position (vec3f), player_attacker_viewrotation (quat), player_attacker_fov (uint32), weapon_id (uint32), hitbone_id (uint32), damage_taken (uint32), damage_flags (uint32) }.
[2021.05.26-03.30.04:527][  0]LogEasyAntiCheatServer: [23:30:04:518][Windows][EAC Server] [Info][Cerberus] [RegisterEvent] EventID: 9h EventName: 'player_downed' Parameters: { player_victim (client), player_attacker (client) }.
[2021.05.26-03.30.04:528][  0]LogEasyAntiCheatServer: Native plugin initialized successfully.
[2021.05.26-03.30.04:529][  0]LogEasyAntiCheatServer: [23:30:04:518][Windows][EAC Server] [Info][Cerberus] [RegisterEvent] EventID: Ah EventName: 'player_death' Parameters: { victim (client), victim_shots_fired (uint64), victim_shots_landed (uint64), attacker (client), attacker_shots_fired (uint64), attacker_shots_landed (uint64) }.
[2021.05.26-03.30.04:530][  0]LogEasyAntiCheatServer: [23:30:04:518][Windows][EAC Server] [Info][Cerberus] [RegisterEvent] EventID: Bh EventName: 'game_round_start_v2' Parameters: { map_name (string), mode_name (string), round_time_seconds (uint32), start_frame_number (uint64), start_delta_seconds (uint32) }.
[2021.05.26-03.30.04:530][  0]LogEasyAntiCheatServer: FEasyAntiCheatServer::SetAntiCheatEnforcement - Enabled
[2021.05.26-03.30.04:531][  0]LogLoad: Took 1.878834 seconds to LoadMap(/Game/Maps/Farmhouse/Farmhouse)
[2021.05.26-03.30.04:532][  0]LogEasyAntiCheatServer: [23:30:04:531][Windows][EAC Server] [Info][Cerberus] [RegisterEvent] EventID: 10000001h EventName: 'player_tick_ex' Parameters: { player (client), extended_flags (uint32) }.
[2021.05.26-03.30.04:532][  0]LogLoad: (Engine Initialization) Total time: 8.71 seconds
[2021.05.26-03.30.04:570][  0]LogMod: Warning: [NWI_Infected] Failed to load mod data for plugin (path: /NWI_Infected/ModData.ModData)
[2021.05.26-03.30.04:573][  0]LogMod: Warning: [ExampleContent] Failed to load mod data for plugin (path: /ExampleContent/ModData.ModData)
[2021.05.26-03.30.04:575][  0]LogMod: Warning: [ConsoleCertificationRequirements] Failed to load mod data for plugin (path: /ConsoleCertificationRequirements/ModData.ModData)
[2021.05.26-03.30.04:607][  2]LogINSAssetManager: Display: Loading scenario factions...
[2021.05.26-03.30.04:620][  3]LogPakFile: New pak file ../../../Insurgency/Content/Paks/pakchunk0-WindowsServer_0_P.pak added to pak precacher.
[2021.05.26-03.30.04:644][  4]LogINSAssetManager: Display: Loading 454 scenario assets...
[2021.05.26-03.30.04:655][  5]LogStreaming: Error: Couldn't find file for package /Game/Game/Actors/Weapons/Upgrades/Underbarrel/BP_UG_Foregrip_IRLaser_Rail requested by async loading code. NameToLoad: /Game/Game/Actors/Weapons/Upgrades/Underbarrel/BP_UG_Foregrip_IRLaser_Rail
[2021.05.26-03.30.04:655][  5]LogStreaming: Error: This will hitch streaming because it ends up searching the disk instead of finding the file in the pak file.
[2021.05.26-03.30.04:657][  5]LogStreaming: Error: Found 0 dependent packages...
[2021.05.26-03.30.04:658][  5]LogStreaming: Error: Couldn't find file for package /Game/Game/Actors/Weapons/Upgrades/Underbarrel/BP_UG_Foregrip_IRLaser requested by async loading code. NameToLoad: /Game/Game/Actors/Weapons/Upgrades/Underbarrel/BP_UG_Foregrip_IRLaser
[2021.05.26-03.30.04:663][  5]LogStreaming: Error: This will hitch streaming because it ends up searching the disk instead of finding the file in the pak file.
[2021.05.26-03.30.04:664][  5]LogStreaming: Error: Found 0 dependent packages...
[2021.05.26-03.30.04:665][  5]LogStreaming: Error: Couldn't find file for package /Game/Game/Actors/Weapons/Upgrades/Underbarrel/BP_UG_Foregrip_IRFlashlight_Rail requested by async loading code. NameToLoad: /Game/Game/Actors/Weapons/Upgrades/Underbarrel/BP_UG_Foregrip_IRFlashlight_Rail
[2021.05.26-03.30.04:666][  5]LogStreaming: Error: This will hitch streaming because it ends up searching the disk instead of finding the file in the pak file.
[2021.05.26-03.30.04:667][  5]LogStreaming: Error: Found 0 dependent packages...
[2021.05.26-03.30.04:668][  5]LogStreaming: Error: Couldn't find file for package /Game/Game/Actors/Weapons/Upgrades/Underbarrel/BP_UG_Foregrip_IRFlashlight requested by async loading code. NameToLoad: /Game/Game/Actors/Weapons/Upgrades/Underbarrel/BP_UG_Foregrip_IRFlashlight
[2021.05.26-03.30.04:670][  5]LogStreaming: Error: This will hitch streaming because it ends up searching the disk instead of finding the file in the pak file.
[2021.05.26-03.30.04:671][  5]LogStreaming: Error: Found 0 dependent packages...
[2021.05.26-03.30.04:671][  5]LogStreaming: Error: Couldn't find file for package /Game/Game/Actors/Weapons/Upgrades/Underbarrel/BP_UG_Foregrip_Flashlight_Rail requested by async loading code. NameToLoad: /Game/Game/Actors/Weapons/Upgrades/Underbarrel/BP_UG_Foregrip_Flashlight_Rail
[2021.05.26-03.30.04:672][  5]LogStreaming: Error: This will hitch streaming because it ends up searching the disk instead of finding the file in the pak file.
[2021.05.26-03.30.04:673][  5]LogStreaming: Error: Found 0 dependent packages...
[2021.05.26-03.30.04:674][  5]LogStreaming: Error: Couldn't find file for package /Game/Game/Actors/Weapons/Upgrades/Underbarrel/BP_UG_Foregrip_Flashlight requested by async loading code. NameToLoad: /Game/Game/Actors/Weapons/Upgrades/Underbarrel/BP_UG_Foregrip_Flashlight
[2021.05.26-03.30.04:675][  5]LogStreaming: Error: This will hitch streaming because it ends up searching the disk instead of finding the file in the pak file.
[2021.05.26-03.30.04:676][  5]LogStreaming: Error: Found 0 dependent packages...
[2021.05.26-03.30.04:696][  6]LogINSAssetManager: Display: Scenario loading complete.
[2021.05.26-03.30.04:696][  6]LogScenario: Display: Successfully loaded scenario 'Scenario_Farmhouse_Checkpoint_Security' and 454 referenced assets.
[2021.05.26-03.30.04:698][  6]LogWorldSettings: Loading lighting scenario 'Farmhouse_GlobalDay'...
[2021.05.26-03.30.04:698][  6]LogStreaming: Display: ULevelStreaming::RequestLevel(/Game/Maps/Farmhouse/Farmhouse_GlobalDay) is flushing async loading
[2021.05.26-03.30.04:780][  6]LogScenario: Warning: Skipping sublevel 'Farmhouse_CheckpointHardcore_Security' as it is not linked to a child gamemode of 'INSCheckpointGameMode_2147482548'
[2021.05.26-03.30.04:781][  6]LogStreaming: Display: ULevelStreaming::RequestLevel(/Game/Maps/Farmhouse/Farmhouse_Checkpoint_Security) is flushing async loading
[2021.05.26-03.30.04:815][  6]LogObjectives: Ownership of objective 'OCCheckpoint_A' changed from 255 to 1
[2021.05.26-03.30.04:816][  6]LogObjectives: Ownership of objective 'ODCheckpoint_B' changed from 255 to 1
[2021.05.26-03.30.04:816][  6]LogObjectives: Ownership of objective 'OCCheckpoint_C' changed from 255 to 1
[2021.05.26-03.30.04:817][  6]LogObjectives: Ownership of objective 'OCCheckpoint_D' changed from 255 to 1
[2021.05.26-03.30.04:817][  6]LogObjectives: Ownership of objective 'OCCheckpoint_E' changed from 255 to 1
[2021.05.26-03.30.04:818][  6]LogObjectives: Ownership of objective 'OCCheckpoint_F' changed from 255 to 1
[2021.05.26-03.30.04:818][  6]LogGameMode: Warning: Trying to enable spawn zone 'SZCheckpoint_A' but it has no player starts!
[2021.05.26-03.30.04:820][  6]LogGameMode: Warning: Trying to enable spawn zone 'SZCheckpointA_RA' but it has no player starts!
[2021.05.26-03.30.04:821][  6]LogGameMode: Warning: Trying to enable spawn zone 'SZCheckpointA1_Team2' but it has no player starts!
[2021.05.26-03.30.04:822][  6]LogGameMode: Warning: Trying to enable spawn zone 'SZCheckpointA2_Team2' but it has no player starts!
[2021.05.26-03.30.04:823][  6]LogGameMode: Warning: Trying to enable spawn zone 'SZCheckpointA3_Team2' but it has no player starts!
[2021.05.26-03.30.04:823][  6]LogGameMode: Display: Advancing spawns for faction 255 to obj 0: 0 zones enabled (0 player starts), 0 disabled
[2021.05.26-03.30.04:827][  6]LogTemp: Warning: Generated 105 spawn points for objective 'OCCheckpoint_A'
[2021.05.26-03.30.04:830][  6]LogGameMode: Warning: Checkpoint: Generated 92 spawn points for counter-attack spawn 'SZCheckpointA1_Team2'
[2021.05.26-03.30.04:837][  6]LogGameMode: Warning: Checkpoint: Generated 101 spawn points for counter-attack spawn 'SZCheckpointA2_Team2'
[2021.05.26-03.30.04:852][  6]LogGameMode: Warning: Checkpoint: Generated 73 spawn points for counter-attack spawn 'SZCheckpointA3_Team2'
[2021.05.26-03.30.04:855][  6]LogTemp: Warning: Generated 42 spawn points for objective 'ODCheckpoint_B'
[2021.05.26-03.30.04:858][  6]LogTemp: Warning: Generated 73 spawn points for objective 'OCCheckpoint_C'
[2021.05.26-03.30.04:862][  6]LogGameMode: Warning: Checkpoint: Generated 109 spawn points for counter-attack spawn 'SZCheckpointC1_Team2'
[2021.05.26-03.30.04:864][  6]LogGameMode: Warning: Checkpoint: Generated 55 spawn points for counter-attack spawn 'SZCheckpointC2_Team2'
[2021.05.26-03.30.04:866][  6]LogGameMode: Warning: Checkpoint: Generated 95 spawn points for counter-attack spawn 'SZCheckpointC3_Team2'
[2021.05.26-03.30.04:870][  6]LogTemp: Warning: Generated 92 spawn points for objective 'OCCheckpoint_D'
[2021.05.26-03.30.04:873][  6]LogGameMode: Warning: Checkpoint: Generated 87 spawn points for counter-attack spawn 'SZCheckpointD1_Team2'
[2021.05.26-03.30.04:876][  6]LogGameMode: Warning: Checkpoint: Generated 84 spawn points for counter-attack spawn 'SZCheckpointD2_Team2'
[2021.05.26-03.30.04:879][  6]LogGameMode: Warning: Checkpoint: Generated 114 spawn points for counter-attack spawn 'SZCheckpointD3_Team2'
[2021.05.26-03.30.04:881][  6]LogTemp: Warning: Generated 76 spawn points for objective 'OCCheckpoint_E'
[2021.05.26-03.30.04:884][  6]LogGameMode: Warning: Checkpoint: Generated 115 spawn points for counter-attack spawn 'SZCheckpointE1_Team2'
[2021.05.26-03.30.04:886][  6]LogGameMode: Warning: Checkpoint: Generated 113 spawn points for counter-attack spawn 'SZCheckpointE2_Team2'
[2021.05.26-03.30.04:889][  6]LogGameMode: Warning: Checkpoint: Generated 101 spawn points for counter-attack spawn 'SZCheckpointE3_Team2'
[2021.05.26-03.30.04:894][  6]LogTemp: Warning: Generated 97 spawn points for objective 'OCCheckpoint_F'
[2021.05.26-03.30.04:908][  6]LogGameMode: Warning: Checkpoint: Generated 85 spawn points for counter-attack spawn 'SZCheckpointF1_Team2'
[2021.05.26-03.30.04:914][  6]LogGameMode: Warning: Checkpoint: Generated 116 spawn points for counter-attack spawn 'SZCheckpointF2_Team2'
[2021.05.26-03.30.04:917][  6]LogGameMode: Warning: Checkpoint: Generated 116 spawn points for counter-attack spawn 'SZCheckpointF3_Team2'
[2021.05.26-03.30.04:938][  6]LogSoundscape: Registering pending soundscape emitters/components.
[2021.05.26-03.30.04:939][  6]LogSoundscape: Registered pending soundscape emitters/components.
[2021.05.26-03.30.04:940][  6]LogGameMode: Display: Spawned team 0 of faction Security
[2021.05.26-03.30.04:940][  6]LogGameMode: Display: Spawned team 1 of faction Insurgents
[2021.05.26-03.30.04:940][  6]LogSpawning: Spawnzone 'SZCheckpoint_A' disabled for team 0
[2021.05.26-03.30.04:941][  6]LogSpawning: Spawnzone 'SZCheckpoint_B' disabled for team 0
[2021.05.26-03.30.04:941][  6]LogSpawning: Spawnzone 'SZCheckpoint_C' disabled for team 0
[2021.05.26-03.30.04:943][  6]LogSpawning: Spawnzone 'SZCheckpoint_D' disabled for team 0
[2021.05.26-03.30.04:943][  6]LogSpawning: Spawnzone 'SZCheckpoint_E' disabled for team 0
[2021.05.26-03.30.04:944][  6]LogSpawning: Spawnzone 'SZCheckpoint_F' disabled for team 0
[2021.05.26-03.30.04:945][  6]LogSpawning: Spawnzone 'SZCheckpointA_RA' disabled for team 1
[2021.05.26-03.30.04:948][  6]LogSpawning: Spawnzone 'SZCheckpointB_RA' disabled for team 1
[2021.05.26-03.30.04:948][  6]LogSpawning: Spawnzone 'SZCheckpointC_RA' disabled for team 1
[2021.05.26-03.30.04:949][  6]LogSpawning: Spawnzone 'SZCheckpointD_RA' disabled for team 1
[2021.05.26-03.30.04:949][  6]LogSpawning: Spawnzone 'SZCheckpointE_RA' disabled for team 1
[2021.05.26-03.30.04:950][  6]LogSpawning: Spawnzone 'SZCheckpointF_RA' disabled for team 1
[2021.05.26-03.30.04:950][  6]LogSpawning: Spawnzone 'SZCheckpointA1_Team2' disabled for team 1
[2021.05.26-03.30.04:951][  6]LogSpawning: Spawnzone 'SZCheckpointA2_Team2' disabled for team 1
[2021.05.26-03.30.04:951][  6]LogSpawning: Spawnzone 'SZCheckpointA3_Team2' disabled for team 1
[2021.05.26-03.30.04:952][  6]LogSpawning: Spawnzone 'SZCheckpointC1_Team2' disabled for team 1
[2021.05.26-03.30.04:952][  6]LogSpawning: Spawnzone 'SZCheckpointC2_Team2' disabled for team 1
[2021.05.26-03.30.04:953][  6]LogSpawning: Spawnzone 'SZCheckpointC3_Team2' disabled for team 1
[2021.05.26-03.30.04:953][  6]LogSpawning: Spawnzone 'SZCheckpointD1_Team2' disabled for team 1
[2021.05.26-03.30.04:954][  6]LogSpawning: Spawnzone 'SZCheckpointD2_Team2' disabled for team 1
[2021.05.26-03.30.04:954][  6]LogSpawning: Spawnzone 'SZCheckpointD3_Team2' disabled for team 1
[2021.05.26-03.30.04:955][  6]LogSpawning: Spawnzone 'SZCheckpointE1_Team2' disabled for team 1
[2021.05.26-03.30.04:955][  6]LogSpawning: Spawnzone 'SZCheckpointE2_Team2' disabled for team 1
[2021.05.26-03.30.04:956][  6]LogSpawning: Spawnzone 'SZCheckpointE3_Team2' disabled for team 1
[2021.05.26-03.30.04:956][  6]LogSpawning: Spawnzone 'SZCheckpointF1_Team2' disabled for team 1
[2021.05.26-03.30.04:957][  6]LogSpawning: Spawnzone 'SZCheckpointF2_Team2' disabled for team 1
[2021.05.26-03.30.04:957][  6]LogSpawning: Spawnzone 'SZCheckpointF3_Team2' disabled for team 1
[2021.05.26-03.30.04:958][  6]LogGameMode: Error: Reinforcement system for invalid faction 255, ignoring
[2021.05.26-03.30.04:964][  6]LogGameMode: Display: Gamemode assets loaded, exiting LoadingAssets state, entering WaitingToStart
[2021.05.26-03.30.04:965][  6]LogGameMode: Display: State: LoadingAssets -> WaitingToStart
[2021.05.26-03.30.04:965][  6]LogGameState: Match State Changed from LoadingAssets to WaitingToStart
[2021.05.26-03.30.04:966][  6]LogSession: Display: AINSGameSession::HandleMatchIsWaitingToStart
[2021.05.26-03.30.04:966][  6]LogAI: Warning: AI difficulty set to 0.5
[2021.05.26-03.30.04:967][  6]LogGameState: Round reset. Authority:3
[2021.05.26-03.30.05:016][  6]LogObjectives: Ownership of objective 'OCCheckpoint_A' changed from 1 to 1
[2021.05.26-03.30.05:016][  6]LogObjectives: Ownership of objective 'ODCheckpoint_B' changed from 1 to 1
[2021.05.26-03.30.05:017][  6]LogObjectives: Ownership of objective 'OCCheckpoint_C' changed from 1 to 1
[2021.05.26-03.30.05:018][  6]LogObjectives: Ownership of objective 'OCCheckpoint_D' changed from 1 to 1
[2021.05.26-03.30.05:018][  6]LogObjectives: Ownership of objective 'OCCheckpoint_E' changed from 1 to 1
[2021.05.26-03.30.05:019][  6]LogObjectives: Ownership of objective 'OCCheckpoint_F' changed from 1 to 1
[2021.05.26-03.30.05:021][  6]LogSpawning: Spawnzone 'SZCheckpoint_A' enabled for team 0
[2021.05.26-03.30.05:021][  6]LogGameMode: Warning: Trying to enable spawn zone 'SZCheckpointA_RA' but it has no player starts!
[2021.05.26-03.30.05:022][  6]LogGameMode: Warning: Trying to enable spawn zone 'SZCheckpointA1_Team2' but it has no player starts!
[2021.05.26-03.30.05:025][  6]LogGameMode: Warning: Trying to enable spawn zone 'SZCheckpointA2_Team2' but it has no player starts!
[2021.05.26-03.30.05:026][  6]LogGameMode: Warning: Trying to enable spawn zone 'SZCheckpointA3_Team2' but it has no player starts!
[2021.05.26-03.30.05:026][  6]LogGameMode: Display: Advancing spawns for faction 255 to obj 0: 1 zones enabled (16 player starts), 0 disabled
